,,,,,,,"CLIENT-PC",,,,,1003,4,,,,,,,,,,,,,,,,,,,Classic,,,Application,,,,"The Software Protection service has completed licensing status check.
Application Id=55c92734-d682-4d71-983e-d6ec3f16059f
Licensing Status=
1: 040fa323-92b1-4baf-97a2-5b67feaefddb, 1, 0 [(0 [0xC004F014, 0, 0], [(?)(?)(?)(?)(?)(?)(?)(?)])(1 )(2 )(3 )]
2: 0724cb7d-3437-4cb7-93cb-830375d0079d, 1, 0 [(0 [0xC004F014, 0, 0], [(?)(?)(?)(?)(?)(?)(?)(?)])(1 )(2 )(3 )]
3: 0ad2ac98-7bb9-4201-8d92-312299201369, 1, 0 [(0 [0xC004F014, 0, 0], [(?)(?)(?)(?)(?)(?)(?)(?)])(1 )(2 )(3 )]
4: 1a9a717a-cf13-4ba5-83c3-0fe25fa868d5, 1, 0 [(0 [0xC004F014, 0, 0], [(?)(?)(?)(?)(?)(?)(?)(?)])(1 )(2 )(3 )]
5: 221a02da-e2a1-4b75-864c-0a4410a33fdf, 1, 0 [(0 [0xC004F014, 0, 0], [(?)(?)(?)(?)(?)(?)(?)(?)])(1 )(2 )(3 )]
6: 291ece0e-9c38-40ca-a9e1-32cc7ec19507, 1, 0 [(0 [0xC004F014, 0, 0], [(?)(?)(?)(?)(?)(?)(?)(?)])(1 )(2 )(3 )]
7: 2936d1d2-913a-4542-b54e-ce5a602a2a38, 1, 0 [(0 [0xC004F014, 0, 0], [(?)(?)(?)(?)(?)(?)(?)(?)])(1 )(2 )(3 )]
8: 2c293c26-a45a-4a2a-a350-c69a67097529, 1, 0 [(0 [0xC004F014, 0, 0], [(?)(?)(?)(?)(?)(?)(?)(?)])(1 )(2 )(3 )]
9: 2de67392-b7a7-462a-b1ca-108dd189f588, 1, 0 [(0 [0xC004F014, 0, 0], [(?)(?)(?)(?)(?)(?)(?)(?)])(1 )(2 )(3 )]
10: 2ffd8952-423e-4903-b993-72a1aa44cf82, 1, 0 [(0 [0xC004F014, 0, 0], [(?)(?)(?)(?)(?)(?)(?)(?)])(1 )(2 )(3 )]
11: 30a42c86-b7a0-4a34-8c90-ff177cb2acb7, 1, 0 [(0 [0xC004F014, 0, 0], [(?)(?)(?)(?)(?)(?)(?)(?)])(1 )(2 )(3 )]
12: 345a5db0-d94f-4e3b-a0c0-7c42f7bc3ebf, 1, 0 [(0 [0xC004F014, 0, 0], [(?)(?)(?)(?)(?)(?)(?)(?)])(1 )(2 )(3 )]
13: 3502365a-f88a-4ba4-822a-5769d3073b65, 1, 0 [(0 [0xC004F014, 0, 0], [(?)(?)(?)(?)(?)(?)(?)(?)])(1 )(2 )(3 )]
14: 377333b1-8b5d-48d6-9679-1225c872d37c, 1, 0 [(0 [0xC004F014, 0, 0], [(?)(?)(?)(?)(?)(?)(?)(?)])(1 )(2 )(3 )]
15: 3df374ef-d444-4494-a5a1-4b0d9fd0e203, 1, 0 [(0 [0xC004F014, 0, 0], [(?)(?)(?)(?)(?)(?)(?)(?)])(1 )(2 )(3 )]
16: 3f1afc82-f8ac-4f6c-8005-1d233e606eee, 1, 0 [(0 [0xC004F014, 0, 0], [(?)(?)(?)(?)(?)(?)(?)(?)])(1 )(2 )(3 )]
17: 49cd895b-53b2-4dc4-a5f7-b18aa019ad37, 1, 0 [(0 [0xC004F014, 0, 0], [(?)(?)(?)(?)(?)(?)(?)(?)])(1 )(2 )(3 )]
18: 4de7cb65-cdf1-4de9-8ae8-e3cce27b9f2c, 1, 0 [(0 [0xC004F014, 0, 0], [(?)(?)(?)(?)(?)(?)(?)(?)])(1 )(2 )(3 )]
19: 4f3da0d2-271d-4508-ae81-626b60809a38, 1, 0 [(0 [0xC004F014, 0, 0], [(?)(?)(?)(?)(?)(?)(?)(?)])(1 )(2 )(3 )]
20: 60b3ec1b-9545-4921-821f-311b129dd6f6, 1, 0 [(0 [0xC004F014, 0, 0], [(?)(?)(?)(?)(?)(?)(?)(?)])(1 )(2 )(3 )]
21: 613d217f-7f13-4268-9907-1662339531cd, 1, 0 [(0 [0xC004F014, 0, 0], [(?)(?)(?)(?)(?)(?)(?)(?)])(1 )(2 )(3 )]
22: 62f0c100-9c53-4e02-b886-a3528ddfe7f6, 1, 0 [(0 [0xC004F014, 0, 0], [(?)(?)(?)(?)(?)(?)(?)(?)])(1 )(2 )(3 )]
23: 6365275e-368d-46ca-a0ef-fc0404119333, 1, 0 [(0 [0xC004F014, 0, 0], [(?)(?)(?)(?)(?)(?)(?)(?)])(1 )(2 )(3 )]
24: 721f9237-9341-4453-a661-09e8baa6cca5, 1, 0 [(0 [0xC004F014, 0, 0], [(?)(?)(?)(?)(?)(?)(?)(?)])(1 )(2 )(3 )]
25: 73111121-5638-40f6-bc11-f1d7b0d64300, 1, 0 [(0 [0xC004F014, 0, 0], [(?)(?)(?)(?)(?)(?)(?)(?)])(1 )(2 )(3 )]
26: 7a802526-4c94-4bd1-ba14-835a1aca2120, 1, 0 [(0 [0xC004F014, 0, 0], [(?)(?)(?)(?)(?)(?)(?)(?)])(1 )(2 )(3 )]
27: 7cb546c0-c7d5-44d8-9a5c-69ecdd782b69, 1, 0 [(0 [0xC004F014, 0, 0], [(?)(?)(?)(?)(?)(?)(?)(?)])(1 )(2 )(3 )]
28: 82bbc092-bc50-4e16-8e18-b74fc486aec3, 1, 0 [(0 [0xC004F014, 0, 0], [(?)(?)(?)(?)(?)(?)(?)(?)])(1 )(2 )(3 )]
29: 8ab9bdd1-1f67-4997-82d9-8878520837d9, 1, 0 [(0 [0xC004F014, 0, 0], [(?)(?)(?)(?)(?)(?)(?)(?)])(1 )(2 )(3 )]
30: 8b351c9c-f398-4515-9900-09df49427262, 1, 0 [(0 [0xC004F014, 0, 0], [(?)(?)(?)(?)(?)(?)(?)(?)])(1 )(2 )(3 )]
31: 90da7373-1c51-430b-bf26-c97e9c5cdc31, 1, 0 [(0 [0xC004F014, 0, 0], [(?)(?)(?)(?)(?)(?)(?)(?)])(1 )(2 )(3 )]
32: 95dca82f-385d-4d39-b85b-5c73fa285d6f, 1, 0 [(0 [0xC004F014, 0, 0], [(?)(?)(?)(?)(?)(?)(?)(?)])(1 )(2 )(3 )]
33: a48938aa-62fa-4966-9d44-9f04da3f72f2, 1, 0 [(0 [0xC004F014, 0, 0], [(?)(?)(?)(?)(?)(?)(?)(?)])(1 )(2 )(3 )]
34: b0773a15-df3a-4312-9ad2-83d69648e356, 1, 0 [(0 [0xC004F014, 0, 0], [(?)(?)(?)(?)(?)(?)(?)(?)])(1 )(2 )(3 )]
35: b4bfe195-541e-4e64-ad23-6177f19e395e, 1, 0 [(0 [0xC004F014, 0, 0], [(?)(?)(?)(?)(?)(?)(?)(?)])(1 )(2 )(3 )]
36: b68e61d2-68ca-4757-be45-0cc2f3e68eee, 1, 0 [(0 [0xC004F014, 0, 0], [(?)(?)(?)(?)(?)(?)(?)(?)])(1 )(2 )(3 )]
37: bd3762d7-270d-4760-8fb3-d829ca45278a, 1, 0 [(0 [0xC004F014, 0, 0], [(?)(?)(?)(?)(?)(?)(?)(?)])(1 )(2 )(3 )]
38: c86d5194-4840-4dae-9c1c-0301003a5ab0, 1, 0 [(0 [0xC004F014, 0, 0], [(?)(?)(?)(?)(?)(?)(?)(?)])(1 )(2 )(3 )]
39: d552befb-48cc-4327-8f39-47d2d94f987c, 1, 0 [(0 [0xC004F014, 0, 0], [(?)(?)(?)(?)(?)(?)(?)(?)])(1 )(2 )(3 )]
40: d6eadb3b-5ca8-4a6b-986e-35b550756111, 1, 0 [(0 [0xC004F014, 0, 0], [(?)(?)(?)(?)(?)(?)(?)(?)])(1 )(2 )(3 )]
41: df96023b-dcd9-4be2-afa0-c6c871159ebe, 1, 0 [(0 [0xC004F014, 0, 0], [(?)(?)(?)(?)(?)(?)(?)(?)])(1 )(2 )(3 )]
42: e0c42288-980c-4788-a014-c080d2e1926e, 1, 0 [(0 [0xC004F014, 0, 0], [(?)(?)(?)(?)(?)(?)(?)(?)])(1 )(2 )(3 )]
43: e4db50ea-bda1-4566-b047-0ca50abc6f07, 1, 0 [(0 [0xC004F014, 0, 0], [(?)(?)(?)(?)(?)(?)(?)(?)])(1 )(2 )(3 )]
44: e558417a-5123-4f6f-91e7-385c1c7ca9d4, 1, 1 [(0 )(1 )(2 [0xC004E003, 0, 0], [( 1 0xC004F034)( 1 0xC004F034)(?)(?)(?)(?)(?)(?)])(3 [0x00000000, 0, 0], [( 6 0xC004F009 0 0)( 1 0x00000000)( 6 0xC004F009 0 0)(?)(?)(?)( 10 0x00000000 msft:rm/algorithm/flags/1.0)( 11 0x00000000 0xC004F034)])]
45: e7a950a2-e548-4f10-bf16-02ec848e0643, 1, 0 [(0 [0xC004F014, 0, 0], [(?)(?)(?)(?)(?)(?)(?)(?)])(1 )(2 )(3 )]
46: eb6d346f-1c60-4643-b960-40ec31596c45, 1, 0 [(0 [0xC004F014, 0, 0], [(?)(?)(?)(?)(?)(?)(?)(?)])(1 )(2 )(3 )]
47: ec868e65-fadf-4759-b23e-93fe37f2cc29, 1, 0 [(0 [0xC004F014, 0, 0], [(?)(?)(?)(?)(?)(?)(?)(?)])(1 )(2 )(3 )]
48: ef51e000-2659-4f25-8345-3de70a9cf4c4, 1, 0 [(0 [0xC004F014, 0, 0], [(?)(?)(?)(?)(?)(?)(?)(?)])(1 )(2 )(3 )]
49: f7af7d09-40e4-419c-a49b-eae366689ebd, 1, 0 [(0 [0xC004F014, 0, 0], [(?)(?)(?)(?)(?)(?)(?)(?)])(1 )(2 )(3 )]
50: fa755fe6-6739-40b9-8d84-6d0ea3b6d1ab, 1, 0 [(0 [0xC004F014, 0, 0], [(?)(?)(?)(?)(?)(?)(?)(?)])(1 )(2 )(3 )]
51: fe74f55b-0338-41d6-b267-4a201abe7285, 1, 0 [(0 [0xC004F014, 0, 0], [(?)(?)(?)(?)(?)(?)(?)(?)])(1 )(2 )(3 )]",,,,,,,,,,None,,,,,,,,,,,,,,,,,,,3111,,,,,,,,,,,,,,,,"Microsoft-Windows-Security-SPP",,,,None,,,Information,,,"09/21/2023 11:14:59 PM
LogName=Application
EventCode=1003
EventType=4
ComputerName=CLIENT-PC
SourceName=Microsoft-Windows-Security-SPP
Type=Information
RecordNumber=3111
Keywords=Classic
TaskCategory=None
OpCode=None
Message=The Software Protection service has completed licensing status check.
Application Id=55c92734-d682-4d71-983e-d6ec3f16059f
Licensing Status=
1: 040fa323-92b1-4baf-97a2-5b67feaefddb, 1, 0 [(0 [0xC004F014, 0, 0], [(?)(?)(?)(?)(?)(?)(?)(?)])(1 )(2 )(3 )]
2: 0724cb7d-3437-4cb7-93cb-830375d0079d, 1, 0 [(0 [0xC004F014, 0, 0], [(?)(?)(?)(?)(?)(?)(?)(?)])(1 )(2 )(3 )]
3: 0ad2ac98-7bb9-4201-8d92-312299201369, 1, 0 [(0 [0xC004F014, 0, 0], [(?)(?)(?)(?)(?)(?)(?)(?)])(1 )(2 )(3 )]
4: 1a9a717a-cf13-4ba5-83c3-0fe25fa868d5, 1, 0 [(0 [0xC004F014, 0, 0], [(?)(?)(?)(?)(?)(?)(?)(?)])(1 )(2 )(3 )]
5: 221a02da-e2a1-4b75-864c-0a4410a33fdf, 1, 0 [(0 [0xC004F014, 0, 0], [(?)(?)(?)(?)(?)(?)(?)(?)])(1 )(2 )(3 )]
6: 291ece0e-9c38-40ca-a9e1-32cc7ec19507, 1, 0 [(0 [0xC004F014, 0, 0], [(?)(?)(?)(?)(?)(?)(?)(?)])(1 )(2 )(3 )]
7: 2936d1d2-913a-4542-b54e-ce5a602a2a38, 1, 0 [(0 [0xC004F014, 0, 0], [(?)(?)(?)(?)(?)(?)(?)(?)])(1 )(2 )(3 )]
8: 2c293c26-a45a-4a2a-a350-c69a67097529, 1, 0 [(0 [0xC004F014, 0, 0], [(?)(?)(?)(?)(?)(?)(?)(?)])(1 )(2 )(3 )]
9: 2de67392-b7a7-462a-b1ca-108dd189f588, 1, 0 [(0 [0xC004F014, 0, 0], [(?)(?)(?)(?)(?)(?)(?)(?)])(1 )(2 )(3 )]
10: 2ffd8952-423e-4903-b993-72a1aa44cf82, 1, 0 [(0 [0xC004F014, 0, 0], [(?)(?)(?)(?)(?)(?)(?)(?)])(1 )(2 )(3 )]
11: 30a42c86-b7a0-4a34-8c90-ff177cb2acb7, 1, 0 [(0 [0xC004F014, 0, 0], [(?)(?)(?)(?)(?)(?)(?)(?)])(1 )(2 )(3 )]
12: 345a5db0-d94f-4e3b-a0c0-7c42f7bc3ebf, 1, 0 [(0 [0xC004F014, 0, 0], [(?)(?)(?)(?)(?)(?)(?)(?)])(1 )(2 )(3 )]
13: 3502365a-f88a-4ba4-822a-5769d3073b65, 1, 0 [(0 [0xC004F014, 0, 0], [(?)(?)(?)(?)(?)(?)(?)(?)])(1 )(2 )(3 )]
14: 377333b1-8b5d-48d6-9679-1225c872d37c, 1, 0 [(0 [0xC004F014, 0, 0], [(?)(?)(?)(?)(?)(?)(?)(?)])(1 )(2 )(3 )]
15: 3df374ef-d444-4494-a5a1-4b0d9fd0e203, 1, 0 [(0 [0xC004F014, 0, 0], [(?)(?)(?)(?)(?)(?)(?)(?)])(1 )(2 )(3 )]
16: 3f1afc82-f8ac-4f6c-8005-1d233e606eee, 1, 0 [(0 [0xC004F014, 0, 0], [(?)(?)(?)(?)(?)(?)(?)(?)])(1 )(2 )(3 )]
17: 49cd895b-53b2-4dc4-a5f7-b18aa019ad37, 1, 0 [(0 [0xC004F014, 0, 0], [(?)(?)(?)(?)(?)(?)(?)(?)])(1 )(2 )(3 )]
18: 4de7cb65-cdf1-4de9-8ae8-e3cce27b9f2c, 1, 0 [(0 [0xC004F014, 0, 0], [(?)(?)(?)(?)(?)(?)(?)(?)])(1 )(2 )(3 )]
19: 4f3da0d2-271d-4508-ae81-626b60809a38, 1, 0 [(0 [0xC004F014, 0, 0], [(?)(?)(?)(?)(?)(?)(?)(?)])(1 )(2 )(3 )]
20: 60b3ec1b-9545-4921-821f-311b129dd6f6, 1, 0 [(0 [0xC004F014, 0, 0], [(?)(?)(?)(?)(?)(?)(?)(?)])(1 )(2 )(3 )]
21: 613d217f-7f13-4268-9907-1662339531cd, 1, 0 [(0 [0xC004F014, 0, 0], [(?)(?)(?)(?)(?)(?)(?)(?)])(1 )(2 )(3 )]
22: 62f0c100-9c53-4e02-b886-a3528ddfe7f6, 1, 0 [(0 [0xC004F014, 0, 0], [(?)(?)(?)(?)(?)(?)(?)(?)])(1 )(2 )(3 )]
23: 6365275e-368d-46ca-a0ef-fc0404119333, 1, 0 [(0 [0xC004F014, 0, 0], [(?)(?)(?)(?)(?)(?)(?)(?)])(1 )(2 )(3 )]
24: 721f9237-9341-4453-a661-09e8baa6cca5, 1, 0 [(0 [0xC004F014, 0, 0], [(?)(?)(?)(?)(?)(?)(?)(?)])(1 )(2 )(3 )]
25: 73111121-5638-40f6-bc11-f1d7b0d64300, 1, 0 [(0 [0xC004F014, 0, 0], [(?)(?)(?)(?)(?)(?)(?)(?)])(1 )(2 )(3 )]
26: 7a802526-4c94-4bd1-ba14-835a1aca2120, 1, 0 [(0 [0xC004F014, 0, 0], [(?)(?)(?)(?)(?)(?)(?)(?)])(1 )(2 )(3 )]
27: 7cb546c0-c7d5-44d8-9a5c-69ecdd782b69, 1, 0 [(0 [0xC004F014, 0, 0], [(?)(?)(?)(?)(?)(?)(?)(?)])(1 )(2 )(3 )]
28: 82bbc092-bc50-4e16-8e18-b74fc486aec3, 1, 0 [(0 [0xC004F014, 0, 0], [(?)(?)(?)(?)(?)(?)(?)(?)])(1 )(2 )(3 )]
29: 8ab9bdd1-1f67-4997-82d9-8878520837d9, 1, 0 [(0 [0xC004F014, 0, 0], [(?)(?)(?)(?)(?)(?)(?)(?)])(1 )(2 )(3 )]
30: 8b351c9c-f398-4515-9900-09df49427262, 1, 0 [(0 [0xC004F014, 0, 0], [(?)(?)(?)(?)(?)(?)(?)(?)])(1 )(2 )(3 )]
31: 90da7373-1c51-430b-bf26-c97e9c5cdc31, 1, 0 [(0 [0xC004F014, 0, 0], [(?)(?)(?)(?)(?)(?)(?)(?)])(1 )(2 )(3 )]
32: 95dca82f-385d-4d39-b85b-5c73fa285d6f, 1, 0 [(0 [0xC004F014, 0, 0], [(?)(?)(?)(?)(?)(?)(?)(?)])(1 )(2 )(3 )]
33: a48938aa-62fa-4966-9d44-9f04da3f72f2, 1, 0 [(0 [0xC004F014, 0, 0], [(?)(?)(?)(?)(?)(?)(?)(?)])(1 )(2 )(3 )]
34: b0773a15-df3a-4312-9ad2-83d69648e356, 1, 0 [(0 [0xC004F014, 0, 0], [(?)(?)(?)(?)(?)(?)(?)(?)])(1 )(2 )(3 )]
35: b4bfe195-541e-4e64-ad23-6177f19e395e, 1, 0 [(0 [0xC004F014, 0, 0], [(?)(?)(?)(?)(?)(?)(?)(?)])(1 )(2 )(3 )]
36: b68e61d2-68ca-4757-be45-0cc2f3e68eee, 1, 0 [(0 [0xC004F014, 0, 0], [(?)(?)(?)(?)(?)(?)(?)(?)])(1 )(2 )(3 )]
37: bd3762d7-270d-4760-8fb3-d829ca45278a, 1, 0 [(0 [0xC004F014, 0, 0], [(?)(?)(?)(?)(?)(?)(?)(?)])(1 )(2 )(3 )]
38: c86d5194-4840-4dae-9c1c-0301003a5ab0, 1, 0 [(0 [0xC004F014, 0, 0], [(?)(?)(?)(?)(?)(?)(?)(?)])(1 )(2 )(3 )]
39: d552befb-48cc-4327-8f39-47d2d94f987c, 1, 0 [(0 [0xC004F014, 0, 0], [(?)(?)(?)(?)(?)(?)(?)(?)])(1 )(2 )(3 )]
40: d6eadb3b-5ca8-4a6b-986e-35b550756111, 1, 0 [(0 [0xC004F014, 0, 0], [(?)(?)(?)(?)(?)(?)(?)(?)])(1 )(2 )(3 )]
41: df96023b-dcd9-4be2-afa0-c6c871159ebe, 1, 0 [(0 [0xC004F014, 0, 0], [(?)(?)(?)(?)(?)(?)(?)(?)])(1 )(2 )(3 )]
42: e0c42288-980c-4788-a014-c080d2e1926e, 1, 0 [(0 [0xC004F014, 0, 0], [(?)(?)(?)(?)(?)(?)(?)(?)])(1 )(2 )(3 )]
43: e4db50ea-bda1-4566-b047-0ca50abc6f07, 1, 0 [(0 [0xC004F014, 0, 0], [(?)(?)(?)(?)(?)(?)(?)(?)])(1 )(2 )(3 )]
44: e558417a-5123-4f6f-91e7-385c1c7ca9d4, 1, 1 [(0 )(1 )(2 [0xC004E003, 0, 0], [( 1 0xC004F034)( 1 0xC004F034)(?)(?)(?)(?)(?)(?)])(3 [0x00000000, 0, 0], [( 6 0xC004F009 0 0)( 1 0x00000000)( 6 0xC004F009 0 0)(?)(?)(?)( 10 0x00000000 msft:rm/algorithm/flags/1.0)( 11 0x00000000 0xC004F034)])]
45: e7a950a2-e548-4f10-bf16-02ec848e0643, 1, 0 [(0 [0xC004F014, 0, 0], [(?)(?)(?)(?)(?)(?)(?)(?)])(1 )(2 )(3 )]
46: eb6d346f-1c60-4643-b960-40ec31596c45, 1, 0 [(0 [0xC004F014, 0, 0], [(?)(?)(?)(?)(?)(?)(?)(?)])(1 )(2 )(3 )]
47: ec868e65-fadf-4759-b23e-93fe37f2cc29, 1, 0 [(0 [0xC004F014, 0, 0], [(?)(?)(?)(?)(?)(?)(?)(?)])(1 )(2 )(3 )]
48: ef51e000-2659-4f25-8345-3de70a9cf4c4, 1, 0 [(0 [0xC004F014, 0, 0], [(?)(?)(?)(?)(?)(?)(?)(?)])(1 )(2 )(3 )]
49: f7af7d09-40e4-419c-a49b-eae366689ebd, 1, 0 [(0 [0xC004F014, 0, 0], [(?)(?)(?)(?)(?)(?)(?)(?)])(1 )(2 )(3 )]
50: fa755fe6-6739-40b9-8d84-6d0ea3b6d1ab, 1, 0 [(0 [0xC004F014, 0, 0], [(?)(?)(?)(?)(?)(?)(?)(?)])(1 )(2 )(3 )]
51: fe74f55b-0338-41d6-b267-4a201abe7285, 1, 0 [(0 [0xC004F014, 0, 0], [(?)(?)(?)(?)(?)(?)(?)(?)])(1 )(2 )(3 )]","2023-09-21T23:14:59.000+03:00",,,,,,,,,,,,,,,,,,,,,,,,,,,,,,,,,,,,,,,,,,,,,,,,,,,,,,,,,,,,,,,,,,,,,,,,,,,,,,,,,,,,,,,,,,,,,,,,,,,,,,,,,,,,,,,,,,,,,,,,,,,,,,,,"CLIENT-PC",,,main,,,,65,,,,"//_::_====-=---======________.\r_=----\r_=:_----,_,_",,"WinEventLog:Application","WinEventLog:Application",SIEM,,,,,,,,
,,,,,,,"CLIENT-PC",,,,,1066,4,,,,,,,,,,,,,,,,,,,Classic,,,Application,,,,"Initialization status for service objects.
C:\Windows\system32\sppwinob.dll, msft:spp/windowsfunctionality/agent/7.0, 0x00000000, 0x00000000
C:\Windows\system32\sppobjs.dll, msft:rm/algorithm/inherited/1.0, 0x00000000, 0x00000000
C:\Windows\system32\sppobjs.dll, msft:rm/algorithm/phone/1.0, 0x00000000, 0x00000000
C:\Windows\system32\sppobjs.dll, msft:rm/algorithm/pkey/detect, 0x00000000, 0x00000000
C:\Windows\system32\sppobjs.dll, msft:spp/ActionScheduler/1.0, 0x00000000, 0x00000000
C:\Windows\system32\sppobjs.dll, msft:spp/TaskScheduler/1.0, 0x00000000, 0x00000000
C:\Windows\system32\sppobjs.dll, msft:spp/statecollector/pkey, 0x00000000, 0x00000000
C:\Windows\system32\sppobjs.dll, msft:spp/volume/services/kms/1.0, 0x00000000, 0x00000000
C:\Windows\system32\sppobjs.dll, msft:spp/volume/services/kms/activationinfo/1.0, 0x00000000, 0x00000000",,,,,,,,,,None,,,,,,,,,,,,,,,,,,,3110,,,,,,,,,,,,,,,,"Microsoft-Windows-Security-SPP",,,,None,,,Information,,,"09/21/2023 11:14:58 PM
LogName=Application
EventCode=1066
EventType=4
ComputerName=CLIENT-PC
SourceName=Microsoft-Windows-Security-SPP
Type=Information
RecordNumber=3110
Keywords=Classic
TaskCategory=None
OpCode=None
Message=Initialization status for service objects.
C:\Windows\system32\sppwinob.dll, msft:spp/windowsfunctionality/agent/7.0, 0x00000000, 0x00000000
C:\Windows\system32\sppobjs.dll, msft:rm/algorithm/inherited/1.0, 0x00000000, 0x00000000
C:\Windows\system32\sppobjs.dll, msft:rm/algorithm/phone/1.0, 0x00000000, 0x00000000
C:\Windows\system32\sppobjs.dll, msft:rm/algorithm/pkey/detect, 0x00000000, 0x00000000
C:\Windows\system32\sppobjs.dll, msft:spp/ActionScheduler/1.0, 0x00000000, 0x00000000
C:\Windows\system32\sppobjs.dll, msft:spp/TaskScheduler/1.0, 0x00000000, 0x00000000
C:\Windows\system32\sppobjs.dll, msft:spp/statecollector/pkey, 0x00000000, 0x00000000
C:\Windows\system32\sppobjs.dll, msft:spp/volume/services/kms/1.0, 0x00000000, 0x00000000
C:\Windows\system32\sppobjs.dll, msft:spp/volume/services/kms/activationinfo/1.0, 0x00000000, 0x00000000","2023-09-21T23:14:58.000+03:00",,,,,,,,,,,,,,,,,,,,,,,,,,,,,,,,,,,,,,,,,,,,,,,,,,,,,,,,,,,,,,,,,,,,,,,,,,,,,,,,,,,,,,,,,,,,,,,,,,,,,,,,,,,,,,,,,,,,,,,,,,,,,,,,"CLIENT-PC",,,main,,,,21,,,,"//_::_====-=---======____.\r:\\\.,_:///.,_,_:\\\.,_",,"WinEventLog:Application","WinEventLog:Application",SIEM,,,,,,,,
,,,,,,,"CLIENT-PC",,,,,16394,4,,,,,,,,,,,,,,,,,,,Classic,,,Application,,,,"Offline downlevel migration succeeded.",,,,,,,,,,None,,,,,,,,,,,,,,,,,,,3109,,,,,,,,,,,,,,,,"Microsoft-Windows-Security-SPP",,,,None,,,Information,,,"09/21/2023 11:14:57 PM
LogName=Application
EventCode=16394
EventType=4
ComputerName=CLIENT-PC
SourceName=Microsoft-Windows-Security-SPP
Type=Information
RecordNumber=3109
Keywords=Classic
TaskCategory=None
OpCode=None
Message=Offline downlevel migration succeeded.","2023-09-21T23:14:57.000+03:00",,,,,,,,,,,,,,,,,,,,,,,,,,,,,,,,,,,,,,,,,,,,,,,,,,,,,,,,,,,,,,,,,,,,,,,,,,,,,,,,,,,,,,,,,,,,,,,,,,,,,,,,,,,,,,,,,,,,,,,,,,,,,,,,"CLIENT-PC",,,main,,,,12,,,,"//_::_====-=---======___.",,"WinEventLog:Application","WinEventLog:Application",SIEM,,,,,,,,
,,,,,,,"CLIENT-PC",,,,,900,4,,,,,,,,,,,,,,,,,,,Classic,,,Application,,,,"The Software Protection service is starting.
Parameters:TriggerStarted:6",,,,,,,,,,None,,,,,,,,,,,,,,,,,,,3108,,,,,,,,,,,,,,,,"Microsoft-Windows-Security-SPP",,,,None,,,Information,,,"09/21/2023 11:14:54 PM
LogName=Application
EventCode=900
EventType=4
ComputerName=CLIENT-PC
SourceName=Microsoft-Windows-Security-SPP
Type=Information
RecordNumber=3108
Keywords=Classic
TaskCategory=None
OpCode=None
Message=The Software Protection service is starting.
Parameters:TriggerStarted:6","2023-09-21T23:14:54.000+03:00",,,,,,,,,,,,,,,,,,,,,,,,,,,,,,,,,,,,,,,,,,,,,,,,,,,,,,,,,,,,,,,,,,,,,,,,,,,,,,,,,,,,,,,,,,,,,,,,,,,,,,,,,,,,,,,,,,,,,,,,,,,,,,,,"CLIENT-PC",,,main,,,,13,,,,"//_::_====-=---======_____.\r::",,"WinEventLog:Application","WinEventLog:Application",SIEM,,,,,,,,
,,,,,,,"CLIENT-PC",,,,,5617,4,,,,,,,,,,,,,,,,,,,None,,,Application,,,,"Windows Management Instrumentation Service subsystems initialized successfully",,,,,,,,,,Info,,,,,,,,,,,,,,,,,,,3107,,,,,,,,,,,,,,"S-1-5-18",0,"Microsoft-Windows-WMI",,,,None,,,Information,"NOT_TRANSLATED",,"09/21/2023 11:14:43 PM
LogName=Application
EventCode=5617
EventType=4
ComputerName=CLIENT-PC
User=NOT_TRANSLATED
Sid=S-1-5-18
SidType=0
SourceName=Microsoft-Windows-WMI
Type=Information
RecordNumber=3107
Keywords=None
TaskCategory=None
OpCode=Info
Message=Windows Management Instrumentation Service subsystems initialized successfully","2023-09-21T23:14:43.000+03:00",,,,,,,,,,,,,,,,,,,,,,,,,,,,,,,,,,,,,,,,,,,,,,,,,,,,,,,,,,,,,,,,,,,,,,,,,,,,,,,,,,,,,,,,,,,,,,,,,,,,,,,,,,,,,,,,,,,,,,,,,,,,,,,,"CLIENT-PC",,,main,,,,15,,,,"//_::_====-==---==--======______",,"WinEventLog:Application","WinEventLog:Application",SIEM,,,,,,,,
,,,,,,,"CLIENT-PC",,,,,7040,4,,,,,,,,,,,,,,,,,,,Classic,,,System,,,,"The start type of the Windows Modules Installer service was changed from auto start to demand start.",,,,,,,,,,"The operation completed successfully.",,,,,,,,,,,,,,,,,,,2163,,,,,,,,,,,,,,"S-1-5-18",0,"Microsoft-Windows-Service Control Manager",,,,None,,,Information,"NOT_TRANSLATED",,"09/21/2023 11:14:42 PM
LogName=System
EventCode=7040
EventType=4
ComputerName=CLIENT-PC
User=NOT_TRANSLATED
Sid=S-1-5-18
SidType=0
SourceName=Microsoft-Windows-Service Control Manager
Type=Information
RecordNumber=2163
Keywords=Classic
TaskCategory=None
OpCode=The operation completed successfully.
Message=The start type of the Windows Modules Installer service was changed from auto start to demand start.","2023-09-21T23:14:42.000+03:00",,,,,,,,,,,,,,,,,,,,,,,,,,,,,,,,,,,,,,,,,,,,,,,,,,,,,,,,,,,,,,,,,,,,,,,,,,,,,,,,,,,,,,,,,,,,,,,,,,,,,,,,,,,,,,,,,,,,,,,,,,,,,,,,"CLIENT-PC",,,main,,,,15,,,,"//_::_====-==---==--__=====___.=________________.",,"WinEventLog:System","WinEventLog:System",SIEM,,,,,,,,
,,,,,,,"CLIENT-PC",,,,,7026,4,,,,,,,,,,,,,,,,,,,Classic,,,System,,,,"The following boot-start or system-start driver(s) did not load: 
dam",,,,,,,,,,"The operation completed successfully.",,,,,,,,,,,,,,,,,,,2162,,,,,,,,,,,,,,,,"Microsoft-Windows-Service Control Manager",,,,None,,,Information,,,"09/21/2023 11:14:42 PM
LogName=System
EventCode=7026
EventType=4
ComputerName=CLIENT-PC
SourceName=Microsoft-Windows-Service Control Manager
Type=Information
RecordNumber=2162
Keywords=Classic
TaskCategory=None
OpCode=The operation completed successfully.
Message=The following boot-start or system-start driver(s) did not load: 
dam","2023-09-21T23:14:42.000+03:00",,,,,,,,,,,,,,,,,,,,,,,,,,,,,,,,,,,,,,,,,,,,,,,,,,,,,,,,,,,,,,,,,,,,,,,,,,,,,,,,,,,,,,,,,,,,,,,,,,,,,,,,,,,,,,,,,,,,,,,,,,,,,,,,"CLIENT-PC",,,main,,,,13,,,,"//_::_====-=--__=====___.=__-__-_()___:_\r",,"WinEventLog:System","WinEventLog:System",SIEM,,,,,,,,
,,,,,,,"CLIENT-PC",,,,,5611,4,,,,,,,,,,,,,,,,,,,None,,,Application,,,,"The Windows Management Instrumentation service has detected an inconsistent system shutdown.",,,,,,,,,,Info,,,,,,,,,,,,,,,,,,,3106,,,,,,,,,,,,,,"S-1-5-18",0,"Microsoft-Windows-WMI",,,,None,,,Information,"NOT_TRANSLATED",,"09/21/2023 11:14:42 PM
LogName=Application
EventCode=5611
EventType=4
ComputerName=CLIENT-PC
User=NOT_TRANSLATED
Sid=S-1-5-18
SidType=0
SourceName=Microsoft-Windows-WMI
Type=Information
RecordNumber=3106
Keywords=None
TaskCategory=None
OpCode=Info
Message=The Windows Management Instrumentation service has detected an inconsistent system shutdown.","2023-09-21T23:14:42.000+03:00",,,,,,,,,,,,,,,,,,,,,,,,,,,,,,,,,,,,,,,,,,,,,,,,,,,,,,,,,,,,,,,,,,,,,,,,,,,,,,,,,,,,,,,,,,,,,,,,,,,,,,,,,,,,,,,,,,,,,,,,,,,,,,,,"CLIENT-PC",,,main,,,,15,,,,"//_::_====-==---==--======__________.",,"WinEventLog:Application","WinEventLog:Application",SIEM,,,,,,,,
,,,,,,,"CLIENT-PC",,,,,5615,4,,,,,,,,,,,,,,,,,,,None,,,Application,,,,"Windows Management Instrumentation Service started sucessfully",,,,,,,,,,Info,,,,,,,,,,,,,,,,,,,3105,,,,,,,,,,,,,,"S-1-5-18",0,"Microsoft-Windows-WMI",,,,None,,,Information,"NOT_TRANSLATED",,"09/21/2023 11:14:40 PM
LogName=Application
EventCode=5615
EventType=4
ComputerName=CLIENT-PC
User=NOT_TRANSLATED
Sid=S-1-5-18
SidType=0
SourceName=Microsoft-Windows-WMI
Type=Information
RecordNumber=3105
Keywords=None
TaskCategory=None
OpCode=Info
Message=Windows Management Instrumentation Service started sucessfully","2023-09-21T23:14:40.000+03:00",,,,,,,,,,,,,,,,,,,,,,,,,,,,,,,,,,,,,,,,,,,,,,,,,,,,,,,,,,,,,,,,,,,,,,,,,,,,,,,,,,,,,,,,,,,,,,,,,,,,,,,,,,,,,,,,,,,,,,,,,,,,,,,,"CLIENT-PC",,,main,,,,15,,,,"//_::_====-==---==--======_____",,"WinEventLog:Application","WinEventLog:Application",SIEM,,,,,,,,
,,,,,,,"CLIENT-PC",,,,,51046,4,,,,,,,,,,,,,,,,,,,None,,,System,,,,"DHCPv6 client service is started",,,,,,,,,,ServiceStart,,,,,,,,,,,,,,,,,,,2161,,,,,,,,,,,,,,"S-1-5-19",0,"Microsoft-Windows-DHCPv6-Client",,,,"Service State Event",,,Information,"NOT_TRANSLATED",,"09/21/2023 11:14:37 PM
LogName=System
EventCode=51046
EventType=4
ComputerName=CLIENT-PC
User=NOT_TRANSLATED
Sid=S-1-5-19
SidType=0
SourceName=Microsoft-Windows-DHCPv6-Client
Type=Information
RecordNumber=2161
Keywords=None
TaskCategory=Service State Event
OpCode=ServiceStart
Message=DHCPv6 client service is started","2023-09-21T23:14:37.000+03:00",,,,,,,,,,,,,,,,,,,,,,,,,,,,,,,,,,,,,,,,,,,,,,,,,,,,,,,,,,,,,,,,,,,,,,,,,,,,,,,,,,,,,,,,,,,,,,,,,,,,,,,,,,,,,,,,,,,,,,,,,,,,,,,,"CLIENT-PC",,,main,,,,15,,,,"//_::_====-==---==---====__==____",,"WinEventLog:System","WinEventLog:System",SIEM,,,,,,,,
,,,,,,,"CLIENT-PC",,,,,50103,4,,,,,,,,,,,,,,,,,,,None,,,System,,,,"DHCPv4 client registered for shutdown notification",,,,,,,,,,ServiceShutdown,,,,,,,,,,,,,,,,,,,2160,,,,,,,,,,,,,,"S-1-5-19",0,"Microsoft-Windows-Dhcp-Client",,,,"Service State Event",,,Information,"NOT_TRANSLATED",,"09/21/2023 11:14:37 PM
LogName=System
EventCode=50103
EventType=4
ComputerName=CLIENT-PC
User=NOT_TRANSLATED
Sid=S-1-5-19
SidType=0
SourceName=Microsoft-Windows-Dhcp-Client
Type=Information
RecordNumber=2160
Keywords=None
TaskCategory=Service State Event
OpCode=ServiceShutdown
Message=DHCPv4 client registered for shutdown notification","2023-09-21T23:14:37.000+03:00",,,,,,,,,,,,,,,,,,,,,,,,,,,,,,,,,,,,,,,,,,,,,,,,,,,,,,,,,,,,,,,,,,,,,,,,,,,,,,,,,,,,,,,,,,,,,,,,,,,,,,,,,,,,,,,,,,,,,,,,,,,,,,,,"CLIENT-PC",,,main,,,,15,,,,"//_::_====-==---==---====__==_____",,"WinEventLog:System","WinEventLog:System",SIEM,,,,,,,,
,,,,,,,"CLIENT-PC",,,,,50036,4,,,,,,,,,,,,,,,,,,,None,,,System,,,,"DHCPv4 client service is started",,,,,,,,,,ServiceStart,,,,,,,,,,,,,,,,,,,2159,,,,,,,,,,,,,,"S-1-5-19",0,"Microsoft-Windows-Dhcp-Client",,,,"Service State Event",,,Information,"NOT_TRANSLATED",,"09/21/2023 11:14:37 PM
LogName=System
EventCode=50036
EventType=4
ComputerName=CLIENT-PC
User=NOT_TRANSLATED
Sid=S-1-5-19
SidType=0
SourceName=Microsoft-Windows-Dhcp-Client
Type=Information
RecordNumber=2159
Keywords=None
TaskCategory=Service State Event
OpCode=ServiceStart
Message=DHCPv4 client service is started","2023-09-21T23:14:37.000+03:00",,,,,,,,,,,,,,,,,,,,,,,,,,,,,,,,,,,,,,,,,,,,,,,,,,,,,,,,,,,,,,,,,,,,,,,,,,,,,,,,,,,,,,,,,,,,,,,,,,,,,,,,,,,,,,,,,,,,,,,,,,,,,,,,"CLIENT-PC",,,main,,,,15,,,,"//_::_====-==---==---====__==____",,"WinEventLog:System","WinEventLog:System",SIEM,,,,,,,,
,,,,,,,"CLIENT-PC",,,,,6,4,,,,,,,,,,,,,,,,,,,None,,,System,,,,"File System Filter 'bindflt' (10.0, 2005-08-08T23:17:00.000000000Z) has successfully loaded and registered with Filter Manager.",,,,,,,,,,Info,,,,,,,,,,,,,,,,,,,2158,,,,,,,,,,,,,,"S-1-5-18",0,"Microsoft-Windows-FilterManager",,,,None,,,Information,"NOT_TRANSLATED",,"09/21/2023 11:14:37 PM
LogName=System
EventCode=6
EventType=4
ComputerName=CLIENT-PC
User=NOT_TRANSLATED
Sid=S-1-5-18
SidType=0
SourceName=Microsoft-Windows-FilterManager
Type=Information
RecordNumber=2158
Keywords=None
TaskCategory=None
OpCode=Info
Message=File System Filter 'bindflt' (10.0, 2005-08-08T23:17:00.000000000Z) has successfully loaded and registered with Filter Manager.","2023-09-21T23:14:37.000+03:00",,,,,,,,,,,,,,,,,,,,,,,,,,,,,,,,,,,,,,,,,,,,,,,,,,,,,,,,,,,,,,,,,,,,,,,,,,,,,,,,,,,,,,,,,,,,,,,,,,,,,,,,,,,,,,,,,,,,,,,,,,,,,,,,"CLIENT-PC",,,main,,,,15,,,,"//_::_====-==---==--======___''_(.,_--::.)________",,"WinEventLog:System","WinEventLog:System",SIEM,,,,,,,,
,,,,,,,"CLIENT-PC",,,,,6,4,,,,,,,,,,,,,,,,,,,None,,,System,,,,"File System Filter 'storqosflt' (10.0, 2007-04-09T21:08:30.000000000Z) has successfully loaded and registered with Filter Manager.",,,,,,,,,,Info,,,,,,,,,,,,,,,,,,,2157,,,,,,,,,,,,,,"S-1-5-18",0,"Microsoft-Windows-FilterManager",,,,None,,,Information,"NOT_TRANSLATED",,"09/21/2023 11:14:37 PM
LogName=System
EventCode=6
EventType=4
ComputerName=CLIENT-PC
User=NOT_TRANSLATED
Sid=S-1-5-18
SidType=0
SourceName=Microsoft-Windows-FilterManager
Type=Information
RecordNumber=2157
Keywords=None
TaskCategory=None
OpCode=Info
Message=File System Filter 'storqosflt' (10.0, 2007-04-09T21:08:30.000000000Z) has successfully loaded and registered with Filter Manager.","2023-09-21T23:14:37.000+03:00",,,,,,,,,,,,,,,,,,,,,,,,,,,,,,,,,,,,,,,,,,,,,,,,,,,,,,,,,,,,,,,,,,,,,,,,,,,,,,,,,,,,,,,,,,,,,,,,,,,,,,,,,,,,,,,,,,,,,,,,,,,,,,,,"CLIENT-PC",,,main,,,,15,,,,"//_::_====-==---==--======___''_(.,_--::.)________",,"WinEventLog:System","WinEventLog:System",SIEM,,,,,,,,
,,,,,,,"CLIENT-PC",,,,,6,4,,,,,,,,,,,,,,,,,,,None,,,System,,,,"File System Filter 'CldFlt' (10.0, 2063-04-13T08:46:34.000000000Z) has successfully loaded and registered with Filter Manager.",,,,,,,,,,Info,,,,,,,,,,,,,,,,,,,2156,,,,,,,,,,,,,,"S-1-5-18",0,"Microsoft-Windows-FilterManager",,,,None,,,Information,"NOT_TRANSLATED",,"09/21/2023 11:14:37 PM
LogName=System
EventCode=6
EventType=4
ComputerName=CLIENT-PC
User=NOT_TRANSLATED
Sid=S-1-5-18
SidType=0
SourceName=Microsoft-Windows-FilterManager
Type=Information
RecordNumber=2156
Keywords=None
TaskCategory=None
OpCode=Info
Message=File System Filter 'CldFlt' (10.0, 2063-04-13T08:46:34.000000000Z) has successfully loaded and registered with Filter Manager.","2023-09-21T23:14:37.000+03:00",,,,,,,,,,,,,,,,,,,,,,,,,,,,,,,,,,,,,,,,,,,,,,,,,,,,,,,,,,,,,,,,,,,,,,,,,,,,,,,,,,,,,,,,,,,,,,,,,,,,,,,,,,,,,,,,,,,,,,,,,,,,,,,,"CLIENT-PC",,,main,,,,15,,,,"//_::_====-==---==--======___''_(.,_--::.)________",,"WinEventLog:System","WinEventLog:System",SIEM,,,,,,,,
,,,,,,,"CLIENT-PC",,,,,1,4,,,,,,,,,,,,,,,,,,,None,,,System,,,,"File System Filter 'CldFlt' (Version 10.0, 2063-04-13T08:46:34.000000000Z) unloaded successfully.",,,,,,,,,,Info,,,,,,,,,,,,,,,,,,,2155,,,,,,,,,,,,,,"S-1-5-18",0,"Microsoft-Windows-FilterManager",,,,None,,,Information,"NOT_TRANSLATED",,"09/21/2023 11:14:37 PM
LogName=System
EventCode=1
EventType=4
ComputerName=CLIENT-PC
User=NOT_TRANSLATED
Sid=S-1-5-18
SidType=0
SourceName=Microsoft-Windows-FilterManager
Type=Information
RecordNumber=2155
Keywords=None
TaskCategory=None
OpCode=Info
Message=File System Filter 'CldFlt' (Version 10.0, 2063-04-13T08:46:34.000000000Z) unloaded successfully.","2023-09-21T23:14:37.000+03:00",,,,,,,,,,,,,,,,,,,,,,,,,,,,,,,,,,,,,,,,,,,,,,,,,,,,,,,,,,,,,,,,,,,,,,,,,,,,,,,,,,,,,,,,,,,,,,,,,,,,,,,,,,,,,,,,,,,,,,,,,,,,,,,,"CLIENT-PC",,,main,,,,15,,,,"//_::_====-==---==--======___''_(_.,_--::.)__.",,"WinEventLog:System","WinEventLog:System",SIEM,,,,,,,,
,,,,,,,"CLIENT-PC",,,,,6,4,,,,,,,,,,,,,,,,,,,None,,,System,,,,"File System Filter 'CldFlt' (10.0, 2063-04-13T08:46:34.000000000Z) has successfully loaded and registered with Filter Manager.",,,,,,,,,,Info,,,,,,,,,,,,,,,,,,,2154,,,,,,,,,,,,,,"S-1-5-18",0,"Microsoft-Windows-FilterManager",,,,None,,,Information,"NOT_TRANSLATED",,"09/21/2023 11:14:37 PM
LogName=System
EventCode=6
EventType=4
ComputerName=CLIENT-PC
User=NOT_TRANSLATED
Sid=S-1-5-18
SidType=0
SourceName=Microsoft-Windows-FilterManager
Type=Information
RecordNumber=2154
Keywords=None
TaskCategory=None
OpCode=Info
Message=File System Filter 'CldFlt' (10.0, 2063-04-13T08:46:34.000000000Z) has successfully loaded and registered with Filter Manager.","2023-09-21T23:14:37.000+03:00",,,,,,,,,,,,,,,,,,,,,,,,,,,,,,,,,,,,,,,,,,,,,,,,,,,,,,,,,,,,,,,,,,,,,,,,,,,,,,,,,,,,,,,,,,,,,,,,,,,,,,,,,,,,,,,,,,,,,,,,,,,,,,,,"CLIENT-PC",,,main,,,,15,,,,"//_::_====-==---==--======___''_(.,_--::.)________",,"WinEventLog:System","WinEventLog:System",SIEM,,,,,,,,
,,,,,,,"CLIENT-PC",,,,,6,4,,,,,,,,,,,,,,,,,,,None,,,System,,,,"File System Filter 'wcifs' (10.0, 2102-01-13T08:06:12.000000000Z) has successfully loaded and registered with Filter Manager.",,,,,,,,,,Info,,,,,,,,,,,,,,,,,,,2153,,,,,,,,,,,,,,"S-1-5-18",0,"Microsoft-Windows-FilterManager",,,,None,,,Information,"NOT_TRANSLATED",,"09/21/2023 11:14:37 PM
LogName=System
EventCode=6
EventType=4
ComputerName=CLIENT-PC
User=NOT_TRANSLATED
Sid=S-1-5-18
SidType=0
SourceName=Microsoft-Windows-FilterManager
Type=Information
RecordNumber=2153
Keywords=None
TaskCategory=None
OpCode=Info
Message=File System Filter 'wcifs' (10.0, 2102-01-13T08:06:12.000000000Z) has successfully loaded and registered with Filter Manager.","2023-09-21T23:14:37.000+03:00",,,,,,,,,,,,,,,,,,,,,,,,,,,,,,,,,,,,,,,,,,,,,,,,,,,,,,,,,,,,,,,,,,,,,,,,,,,,,,,,,,,,,,,,,,,,,,,,,,,,,,,,,,,,,,,,,,,,,,,,,,,,,,,,"CLIENT-PC",,,main,,,,15,,,,"//_::_====-==---==--======___''_(.,_--::.)________",,"WinEventLog:System","WinEventLog:System",SIEM,,,,,,,,
,,,,,,,"CLIENT-PC",,,,,6,4,,,,,,,,,,,,,,,,,,,None,,,System,,,,"File System Filter 'luafv' (10.0, 1986-08-13T23:58:59.000000000Z) has successfully loaded and registered with Filter Manager.",,,,,,,,,,Info,,,,,,,,,,,,,,,,,,,2152,,,,,,,,,,,,,,"S-1-5-18",0,"Microsoft-Windows-FilterManager",,,,None,,,Information,"NOT_TRANSLATED",,"09/21/2023 11:14:37 PM
LogName=System
EventCode=6
EventType=4
ComputerName=CLIENT-PC
User=NOT_TRANSLATED
Sid=S-1-5-18
SidType=0
SourceName=Microsoft-Windows-FilterManager
Type=Information
RecordNumber=2152
Keywords=None
TaskCategory=None
OpCode=Info
Message=File System Filter 'luafv' (10.0, 1986-08-13T23:58:59.000000000Z) has successfully loaded and registered with Filter Manager.","2023-09-21T23:14:37.000+03:00",,,,,,,,,,,,,,,,,,,,,,,,,,,,,,,,,,,,,,,,,,,,,,,,,,,,,,,,,,,,,,,,,,,,,,,,,,,,,,,,,,,,,,,,,,,,,,,,,,,,,,,,,,,,,,,,,,,,,,,,,,,,,,,,"CLIENT-PC",,,main,,,,15,,,,"//_::_====-==---==--======___''_(.,_--::.)________",,"WinEventLog:System","WinEventLog:System",SIEM,,,,,,,,
,,,,,,,"CLIENT-PC",,,,,6013,4,,,,,,,,,,,,,,,,,,,Classic,,,System,,,,"The system uptime is 17 seconds.",,,,,,,,,,None,,,,,,,,,,,,,,,,,,,2126,,,,,,,,,,,,,,,,EventLog,,,,None,,,Information,,,"09/21/2023 11:14:37 PM
LogName=System
EventCode=6013
EventType=4
ComputerName=CLIENT-PC
SourceName=EventLog
Type=Information
RecordNumber=2126
Keywords=Classic
TaskCategory=None
OpCode=None
Message=The system uptime is 17 seconds.","2023-09-21T23:14:37.000+03:00",,,,,,,,,,,,,,,,,,,,,,,,,,,,,,,,,,,,,,,,,,,,,,,,,,,,,,,,,,,,,,,,,,,,,,,,,,,,,,,,,,,,,,,,,,,,,,,,,,,,,,,,,,,,,,,,,,,,,,,,,,,,,,,,"CLIENT-PC",,,main,,,,12,,,,"//_::_====-=======_____.",,"WinEventLog:System","WinEventLog:System",SIEM,,,,,,,,
,,,,,,,"CLIENT-PC",,,,,6005,4,,,,,,,,,,,,,,,,,,,Classic,,,System,,,,"The Event log service was started.",,,,,,,,,,None,,,,,,,,,,,,,,,,,,,2125,,,,,,,,,,,,,,,,EventLog,,,,None,,,Information,,,"09/21/2023 11:14:37 PM
LogName=System
EventCode=6005
EventType=4
ComputerName=CLIENT-PC
SourceName=EventLog
Type=Information
RecordNumber=2125
Keywords=Classic
TaskCategory=None
OpCode=None
Message=The Event log service was started.","2023-09-21T23:14:37.000+03:00",,,,,,,,,,,,,,,,,,,,,,,,,,,,,,,,,,,,,,,,,,,,,,,,,,,,,,,,,,,,,,,,,,,,,,,,,,,,,,,,,,,,,,,,,,,,,,,,,,,,,,,,,,,,,,,,,,,,,,,,,,,,,,,,"CLIENT-PC",,,main,,,,12,,,,"//_::_====-=======_____.",,"WinEventLog:System","WinEventLog:System",SIEM,,,,,,,,
,,,,,,,"CLIENT-PC",,,,,6009,4,,,,,,,,,,,,,,,,,,,Classic,,,System,,,,"Microsoft (R) Windows (R) 10.00. 19045  Multiprocessor Free.",,,,,,,,,,None,,,,,,,,,,,,,,,,,,,2124,,,,,,,,,,,,,,,,EventLog,,,,None,,,Information,,,"09/21/2023 11:14:37 PM
LogName=System
EventCode=6009
EventType=4
ComputerName=CLIENT-PC
SourceName=EventLog
Type=Information
RecordNumber=2124
Keywords=Classic
TaskCategory=None
OpCode=None
Message=Microsoft (R) Windows (R) 10.00. 19045  Multiprocessor Free.","2023-09-21T23:14:37.000+03:00",,,,,,,,,,,,,,,,,,,,,,,,,,,,,,,,,,,,,,,,,,,,,,,,,,,,,,,,,,,,,,,,,,,,,,,,,,,,,,,,,,,,,,,,,,,,,,,,,,,,,,,,,,,,,,,,,,,,,,,,,,,,,,,,"CLIENT-PC",,,main,,,,12,,,,"//_::_====-=======_()__()_..____.",,"WinEventLog:System","WinEventLog:System",SIEM,,,,,,,,
,,,,,,,"CLIENT-PC",,,,,6008,2,,,,,,,,,,,,,,,,,,,Classic,,,System,,,,"The previous system shutdown at 2:02:03 AM on 9/19/2023 was unexpected.",,,,,,,,,,None,,,,,,,,,,,,,,,,,,,2123,,,,,,,,,,,,,,,,EventLog,,,,None,,,Error,,,"09/21/2023 11:14:37 PM
LogName=System
EventCode=6008
EventType=2
ComputerName=CLIENT-PC
SourceName=EventLog
Type=Error
RecordNumber=2123
Keywords=Classic
TaskCategory=None
OpCode=None
Message=The previous system shutdown at 2:02:03 AM on 9/19/2023 was unexpected.","2023-09-21T23:14:37.000+03:00",,,,,,,,,,,,,,,,,,,,,,,,,,,,,,,,,,,,,,,,,,,,,,,,,,,,,,,,,,,,,,,,,,,,,,,,,,,,,,,,,,,,,,,,,,,,,,,,,,,,,,,,,,,,,,,,,,,,,,,,,,,,,,,,"CLIENT-PC",,,main,,,,12,,,,"//_::_====-=======_____::___//__.",,"WinEventLog:System","WinEventLog:System",SIEM,,,,,,,,
,,,,,,,"CLIENT-PC",,,,,1531,4,,,,,,,,,,,,,,,,,,,None,,,Application,,,,"The User Profile Service has started successfully.",,,,,,,,,,Info,,,,,,,,,,,,,,,,,,,3104,,,,,,,,,,,,,,"S-1-5-18",0,"Microsoft-Windows-User Profile Service",,,,None,,,Information,"NOT_TRANSLATED",,"09/21/2023 11:14:37 PM
LogName=Application
EventCode=1531
EventType=4
ComputerName=CLIENT-PC
User=NOT_TRANSLATED
Sid=S-1-5-18
SidType=0
SourceName=Microsoft-Windows-User Profile Service
Type=Information
RecordNumber=3104
Keywords=None
TaskCategory=None
OpCode=Info
Message=The User Profile Service has started successfully.","2023-09-21T23:14:37.000+03:00",,,,,,,,,,,,,,,,,,,,,,,,,,,,,,,,,,,,,,,,,,,,,,,,,,,,,,,,,,,,,,,,,,,,,,,,,,,,,,,,,,,,,,,,,,,,,,,,,,,,,,,,,,,,,,,,,,,,,,,,,,,,,,,,"CLIENT-PC",,,main,,,,15,,,,"//_::_====-==---==--__======______.",,"WinEventLog:Application","WinEventLog:Application",SIEM,,,,,,,,
,,,,,,,"CLIENT-PC",,,,,1101,2,,,,,,,,,,,,,,,,,,,"Audit Success",,,Security,,,,"Audit events have been dropped by the transport.  0",,,,,,,,,,Info,,,,,,,,,,,,,,,,,,,307318,,,,,,,,,,,,,,,,"Microsoft-Windows-Eventlog",,,,"Event processing",,,Error,,,"09/21/2023 11:14:37 PM
LogName=Security
EventCode=1101
EventType=2
ComputerName=CLIENT-PC
SourceName=Microsoft-Windows-Eventlog
Type=Error
RecordNumber=307318
Keywords=Audit Success
TaskCategory=Event processing
OpCode=Info
Message=Audit events have been dropped by the transport.  0","2023-09-21T23:14:37.000+03:00",,,,,,,,,,,,,,,,,,,,,,,,,,,,,,,,,,,,,,,,,,,,,,,,,,,,,,,,,,,,,,,,,,,,,,,,,,,,,,,,,,,,,,,,,,,,,,,,,,,,,,,,,,,,,,,,,,,,,,,,,,,,,,,,"CLIENT-PC",,,main,,,,12,,,,"//_::_====-=--===_=_==_______.__",,"WinEventLog:Security","WinEventLog:Security",SIEM,,,,,,,,
,,,,,,,"CLIENT-PC",,,,,16983,4,,,,,,,,,,,,,,,,,,,None,,,System,,,,"The security account manager is now logging periodic summary events for remote clients that call legacy password change or set RPC methods.

For more information please see https://go.microsoft.com/fwlink/?linkid=2150956.",,,,,,,,,,Info,,,,,,,,,,,,,,,,,,,2151,,,,,,,,,,,,,,"S-1-5-18",0,"Microsoft-Windows-Directory-Services-SAM",,,,None,,,Information,"NOT_TRANSLATED",,"09/21/2023 11:14:36 PM
LogName=System
EventCode=16983
EventType=4
ComputerName=CLIENT-PC
User=NOT_TRANSLATED
Sid=S-1-5-18
SidType=0
SourceName=Microsoft-Windows-Directory-Services-SAM
Type=Information
RecordNumber=2151
Keywords=None
TaskCategory=None
OpCode=Info
Message=The security account manager is now logging periodic summary events for remote clients that call legacy password change or set RPC methods.

For more information please see https://go.microsoft.com/fwlink/?linkid=2150956.","2023-09-21T23:14:36.000+03:00",,,,,,,,,,,,,,,,,,,,,,,,,,,,,,,,,,,,,,,,,,,,,,,,,,,,,,,,,,,,,,,,,,,,,,,,,,,,,,,,,,,,,,,,,,,,,,,,,,,,,,,,,,,,,,,,,,,,,,,,,,,,,,,,"CLIENT-PC",,,main,,,,17,,,,"//_::_====-==---==----======_____________________.",,"WinEventLog:System","WinEventLog:System",SIEM,,,,,,,,
,,,,,,,"CLIENT-PC",,,,,16977,4,,,,,,,,,,,,,,,,,,,None,,,System,,,,"The domain is configured with the following minimum password length-related settings.

MinimumPasswordLength: 0

RelaxMinimumPasswordLengthLimits: 0

MinimumPasswordLengthAudit: -1

For more information see https://go.microsoft.com/fwlink/?LinkId=2097191.",0,"-1",,,,,,,,Info,,,,,,,,,,,,,,,,,,,2150,0,,,,,,,,,,,,,"S-1-5-18",0,"Microsoft-Windows-Directory-Services-SAM",,,,None,,,Information,"NOT_TRANSLATED",,"09/21/2023 11:14:36 PM
LogName=System
EventCode=16977
EventType=4
ComputerName=CLIENT-PC
User=NOT_TRANSLATED
Sid=S-1-5-18
SidType=0
SourceName=Microsoft-Windows-Directory-Services-SAM
Type=Information
RecordNumber=2150
Keywords=None
TaskCategory=None
OpCode=Info
Message=The domain is configured with the following minimum password length-related settings.

MinimumPasswordLength: 0

RelaxMinimumPasswordLengthLimits: 0

MinimumPasswordLengthAudit: -1

For more information see https://go.microsoft.com/fwlink/?LinkId=2097191.","2023-09-21T23:14:36.000+03:00",,,,,,,,,,,,,,,,,,,,,,,,,,,,,,,,,,,,,,,,,,,,,,,,,,,,,,,,,,,,,,,,,,,,,,,,,,,,,,,,,,,,,,,,,,,,,,,,,,,,,,,,,,,,,,,,,,,,,,,,,,,,,,,,"CLIENT-PC",,,main,,,,23,,,,"//_::_====-==---==----======_________-_.\r\r:_\r\r:_\r\r",,"WinEventLog:System","WinEventLog:System",SIEM,,,,,,,,
,,,,,,,"CLIENT-PC",,,,,16962,4,,,,,,,,,,,,,,,,,,,None,,,System,,,,"Remote calls to the SAM database are being restricted using the default security descriptor: O:SYG:SYD:(A;;RC;;;BA).
For more information please see http://go.microsoft.com/fwlink/?LinkId=787651.",,,,,,,,,,Info,,,,,,,,,,,,,,,,,,,2149,,,,,,,,,,,,,,"S-1-5-18",0,"Microsoft-Windows-Directory-Services-SAM",,,,None,,,Information,"NOT_TRANSLATED",,"09/21/2023 11:14:36 PM
LogName=System
EventCode=16962
EventType=4
ComputerName=CLIENT-PC
User=NOT_TRANSLATED
Sid=S-1-5-18
SidType=0
SourceName=Microsoft-Windows-Directory-Services-SAM
Type=Information
RecordNumber=2149
Keywords=None
TaskCategory=None
OpCode=Info
Message=Remote calls to the SAM database are being restricted using the default security descriptor: O:SYG:SYD:(A;;RC;;;BA).
For more information please see http://go.microsoft.com/fwlink/?LinkId=787651.","2023-09-21T23:14:36.000+03:00",,,,,,,,,,,,,,,,,,,,,,,,,,,,,,,,,,,,,,,,,,,,,,,,,,,,,,,,,,,,,,,,,,,,,,,,,,,,,,,,,,,,,,,,,,,,,,,,,,,,,,,,,,,,,,,,,,,,,,,,,,,,,,,,"CLIENT-PC",,,main,,,,16,,,,"//_::_====-==---==----======_____________:_:::(;;;",,"WinEventLog:System","WinEventLog:System",SIEM,,,,,,,,
,,,,,,,"CLIENT-PC",,,,,14,4,,,,,,,,,,,,,,,,,,,None,,,System,,,,"Credential Guard configuration: 0x0, 0",,,,,,,,,,Info,,,,,,,,,,,,,,,,,,,2148,,,,,,,,,,,,,,"S-1-5-18",0,"Microsoft-Windows-Wininit",,,,None,,,Information,"NOT_TRANSLATED",,"09/21/2023 11:14:36 PM
LogName=System
EventCode=14
EventType=4
ComputerName=CLIENT-PC
User=NOT_TRANSLATED
Sid=S-1-5-18
SidType=0
SourceName=Microsoft-Windows-Wininit
Type=Information
RecordNumber=2148
Keywords=None
TaskCategory=None
OpCode=Info
Message=Credential Guard configuration: 0x0, 0","2023-09-21T23:14:36.000+03:00",,,,,,,,,,,,,,,,,,,,,,,,,,,,,,,,,,,,,,,,,,,,,,,,,,,,,,,,,,,,,,,,,,,,,,,,,,,,,,,,,,,,,,,,,,,,,,,,,,,,,,,,,,,,,,,,,,,,,,,,,,,,,,,,"CLIENT-PC",,,main,,,,15,,,,"//_::_====-==---==--======__:_,_",,"WinEventLog:System","WinEventLog:System",SIEM,,,,,,,,
"-
-","-
-",,,,,,"CLIENT-PC",,0x1fc,"C:\Windows\System32\wininit.exe",,4688,0,,,,,,,,,,,,,,,,,,,"Audit Success",,,Security,"0x3E7
0x0","S-1-16-16384",,"A new process has been created.

Creator Subject:
	Security ID:		S-1-5-18
	Account Name:		-
	Account Domain:		-
	Logon ID:		0x3E7

Target Subject:
	Security ID:		S-1-0-0
	Account Name:		-
	Account Domain:		-
	Logon ID:		0x0

Process Information:
	New Process ID:		0x29c
	New Process Name:	C:\Windows\System32\lsass.exe
	Token Elevation Type:	%%1936
	Mandatory Label:		S-1-16-16384
	Creator Process ID:	0x1fc
	Creator Process Name:	C:\Windows\System32\wininit.exe
	Process Command Line:	

Token Elevation Type indicates the type of token that was assigned to the new process in accordance with User Account Control policy.

Type 1 is a full token with no privileges removed or groups disabled.  A full token is only used if User Account Control is disabled or if the user is the built-in Administrator account or a service account.

Type 2 is an elevated token with no privileges removed or groups disabled.  An elevated token is used when User Account Control is enabled and the user chooses to start the program using Run as administrator.  An elevated token is also used when an application is configured to always require administrative privilege or to always require maximum privilege, and the user is a member of the Administrators group.

Type 3 is a limited token with administrative privileges removed and administrative groups disabled.  The limited token is used when User Account Control is enabled, the application does not require administrative privilege, and the user does not choose to start the program using Run as administrator.",,,,,0x29c,"C:\Windows\System32\lsass.exe",,,,Info,,,,,,,,,,,,,,,,,,,307331,,,,,,"S-1-5-18
S-1-0-0",,,,,,,,,,"Microsoft Windows security auditing.",,,,"Process Creation",,"%%1936",Information,,,"09/21/2023 11:14:36 PM
LogName=Security
EventCode=4688
EventType=0
ComputerName=CLIENT-PC
SourceName=Microsoft Windows security auditing.
Type=Information
RecordNumber=307331
Keywords=Audit Success
TaskCategory=Process Creation
OpCode=Info
Message=A new process has been created.

Creator Subject:
	Security ID:		S-1-5-18
	Account Name:		-
	Account Domain:		-
	Logon ID:		0x3E7

Target Subject:
	Security ID:		S-1-0-0
	Account Name:		-
	Account Domain:		-
	Logon ID:		0x0

Process Information:
	New Process ID:		0x29c
	New Process Name:	C:\Windows\System32\lsass.exe
	Token Elevation Type:	%%1936
	Mandatory Label:		S-1-16-16384
	Creator Process ID:	0x1fc
	Creator Process Name:	C:\Windows\System32\wininit.exe
	Process Command Line:	

Token Elevation Type indicates the type of token that was assigned to the new process in accordance with User Account Control policy.

Type 1 is a full token with no privileges removed or groups disabled.  A full token is only used if User Account Control is disabled or if the user is the built-in Administrator account or a service account.

Type 2 is an elevated token with no privileges removed or groups disabled.  An elevated token is used when User Account Control is enabled and the user chooses to start the program using Run as administrator.  An elevated token is also used when an application is configured to always require administrative privilege or to always require maximum privilege, and the user is a member of the Administrators group.

Type 3 is a limited token with administrative privileges removed and administrative groups disabled.  The limited token is used when User Account Control is enabled, the application does not require administrative privilege, and the user does not choose to start the program using Run as administrator.","2023-09-21T23:14:36.000+03:00",,,,,,,,,,,,,,,,,,,,,,,,,,,,,,,,,,,,,,,,,,,,,,,,,,,,,,,,,,,,,,,,,,,,,,,,,,,,,,,,,,,,,,,,,,,,,,,,,,,,,,,,,,,,,,,,,,,,,,,,,,,,,,,,"CLIENT-PC",,,main,,,,41,,,,"//_::_====-=___.===_=_==_____.\r\r_:\rt_:tt---\rt_:tt-",,"WinEventLog:Security","WinEventLog:Security",SIEM,,,,,,,,
"-
-","-
-",,,,,,"CLIENT-PC",,0x1fc,"C:\Windows\System32\wininit.exe",,4688,0,,,,,,,,,,,,,,,,,,,"Audit Success",,,Security,"0x3E7
0x0","S-1-16-16384",,"A new process has been created.

Creator Subject:
	Security ID:		S-1-5-18
	Account Name:		-
	Account Domain:		-
	Logon ID:		0x3E7

Target Subject:
	Security ID:		S-1-0-0
	Account Name:		-
	Account Domain:		-
	Logon ID:		0x0

Process Information:
	New Process ID:		0x28c
	New Process Name:	C:\Windows\System32\services.exe
	Token Elevation Type:	%%1936
	Mandatory Label:		S-1-16-16384
	Creator Process ID:	0x1fc
	Creator Process Name:	C:\Windows\System32\wininit.exe
	Process Command Line:	

Token Elevation Type indicates the type of token that was assigned to the new process in accordance with User Account Control policy.

Type 1 is a full token with no privileges removed or groups disabled.  A full token is only used if User Account Control is disabled or if the user is the built-in Administrator account or a service account.

Type 2 is an elevated token with no privileges removed or groups disabled.  An elevated token is used when User Account Control is enabled and the user chooses to start the program using Run as administrator.  An elevated token is also used when an application is configured to always require administrative privilege or to always require maximum privilege, and the user is a member of the Administrators group.

Type 3 is a limited token with administrative privileges removed and administrative groups disabled.  The limited token is used when User Account Control is enabled, the application does not require administrative privilege, and the user does not choose to start the program using Run as administrator.",,,,,0x28c,"C:\Windows\System32\services.exe",,,,Info,,,,,,,,,,,,,,,,,,,307330,,,,,,"S-1-5-18
S-1-0-0",,,,,,,,,,"Microsoft Windows security auditing.",,,,"Process Creation",,"%%1936",Information,,,"09/21/2023 11:14:36 PM
