"Account_Domain","Account_Name","Additional_Data","Advanced_Options","Analysis_symbol","Cab_Guid","Cab_Id",ComputerName,"Configuration_Access_Policy","Creator_Process_ID","Creator_Process_Name","Disable_Integrity_Checks",EventCode,EventType,"Event_Name","Exception_code","Fault_offset","Faulting_application_path","Faulting_application_start_time","Faulting_module_name","Faulting_module_path","Faulting_package_full_name","Faulting_package_relative_application_ID","Faulting_process_id","Flight_Signing","Hashed_bucket","HyperVisor_Debugging","HyperVisor_Launch_Type","HyperVisor_Load_Options","Idle_state_type","Internal_Timing_Sequence","Kernel_Debugging",Keywords,"Leap_seconds_enabled","Load_Options",LogName,"Logon_ID","Mandatory_Label","Maximum_performance_percentage",Message,MinimumPasswordLength,MinimumPasswordLengthAudit,"Minimum_performance_percentage","Minimum_throttle_percentage","New_Process_ID","New_Process_Name","New_leap_second_count","Nominal_Frequency__MHz_","Old_leap_second_count",OpCode,P1,P10,P2,P3,P4,P5,P6,P7,P8,P9,"Performance_state_type","Process_Command_Line","Process_ID","Process_Name","Processing_Stats",Reason,"Reason_Code","Rechecking_for_solution",RecordNumber,RelaxMinimumPasswordLengthLimits,"Report_Id","Report_Status",Response,"Saved_Cache","Security_ID","Service_Account","Service_File_Name","Service_Name","Service_Start_Type","Service_Type","Shutdown_Reason","Shutdown_Type",Sid,SidType,SourceName,"System_Event_Logging","Target_Process_ID","Target_Process_Name",TaskCategory,"Test_Signing","Token_Elevation_Type",Type,User,"VSM_Launch_Type","_raw","_time",alert,"alert_time",app,category,"date_hour","date_mday","date_minute","date_month","date_second","date_wday","date_year","date_zone","display_fields",earliest,eventSearch,eventtype,"field_list{}","fields{}.Account_Domain","fields{}.Account_Name","fields{}.Additional_Data","fields{}.Advanced_Options","fields{}.Analysis_symbol","fields{}.Cab_Guid","fields{}.Cab_Id","fields{}.ComputerName","fields{}.Configuration_Access_Policy","fields{}.Creator_Process_ID","fields{}.Creator_Process_Name","fields{}.Disable_Integrity_Checks","fields{}.EventCode","fields{}.EventType","fields{}.Event_Name","fields{}.Exception_code","fields{}.Fault_offset","fields{}.Faulting_application_path","fields{}.Faulting_application_start_time","fields{}.Faulting_module_name","fields{}.Faulting_module_path","fields{}.Faulting_package_full_name","fields{}.Faulting_package_relative_application_ID","fields{}.Faulting_process_id","fields{}.Flight_Signing","fields{}.Hashed_bucket","fields{}.HyperVisor_Debugging","fields{}.HyperVisor_Launch_Type","fields{}.HyperVisor_Load_Options","fields{}.Idle_state_type","fields{}.Internal_Timing_Sequence","fields{}.Kernel_Debugging","fields{}.Keywords","fields{}.Leap_seconds_enabled","fields{}.Load_Options","fields{}.LogName","fields{}.Logon_ID","fields{}.Mandatory_Label","fields{}.Maximum_performance_percentage","fields{}.Message","fields{}.MinimumPasswordLength","fields{}.MinimumPasswordLengthAudit","fields{}.Minimum_performance_percentage","fields{}.Minimum_throttle_percentage","fields{}.New_Process_ID","fields{}.New_Process_Name","fields{}.New_leap_second_count","fields{}.Nominal_Frequency__MHz_","fields{}.Old_leap_second_count","fields{}.OpCode","fields{}.P1","fields{}.P10","fields{}.P2","fields{}.P3","fields{}.P4","fields{}.P5","fields{}.P6","fields{}.P7","fields{}.P8","fields{}.P9","fields{}.Performance_state_type","fields{}.Process_Command_Line","fields{}.Process_ID","fields{}.Process_Name","fields{}.Reason","fields{}.Reason_Code","fields{}.Rechecking_for_solution","fields{}.RecordNumber","fields{}.RelaxMinimumPasswordLengthLimits","fields{}.Report_Id","fields{}.Report_Status","fields{}.Response","fields{}.Saved_Cache","fields{}.Security_ID","fields{}.Service_Account","fields{}.Service_File_Name","fields{}.Service_Name","fields{}.Service_Start_Type","fields{}.Service_Type","fields{}.Shutdown_Reason","fields{}.Shutdown_Type","fields{}.Sid","fields{}.SidType","fields{}.SourceName","fields{}.System_Event_Logging","fields{}.Target_Process_ID","fields{}.Target_Process_Name","fields{}.TaskCategory","fields{}.Test_Signing","fields{}.Token_Elevation_Type","fields{}.Type","fields{}.User","fields{}.VSM_Launch_Type","fields{}._confstr","fields{}._eventtype_color","fields{}._indextime","fields{}._pre_msg","fields{}._raw","fields{}._serial","fields{}._si","fields{}._sourcetype","fields{}._time","fields{}.eventtype","fields{}.host","fields{}.index","fields{}.linecount","fields{}.punct","fields{}.source","fields{}.sourcetype","fields{}.splunk_server",host,impact,"incident_id",index,"job_id",label,latest,linecount,name,owner,priority,punct,"result_id",source,sourcetype,"splunk_server","splunk_server_group",subcategory,tags,timeendpos,timestartpos,title,ttl,urgency
,,,,,,,"CLIENT-PC",,,,,16384,4,,,,,,,,,,,,,,,,,,,Classic,,,Application,,,,"Successfully scheduled Software Protection service for re-start at 2023-09-22T21:08:15Z. Reason: RulesEngine.",,,,,,,,,,None,,,,,,,,,,,,,,,,,,,3267,,,,,,,,,,,,,,,,"Microsoft-Windows-Security-SPP",,,,None,,,Information,,,"09/22/2023 12:10:15 AM
LogName=Application
EventCode=16384
EventType=4
ComputerName=CLIENT-PC
SourceName=Microsoft-Windows-Security-SPP
Type=Information
RecordNumber=3267
Keywords=Classic
TaskCategory=None
OpCode=None
Message=Successfully scheduled Software Protection service for re-start at 2023-09-22T21:08:15Z. Reason: RulesEngine.","2023-09-22T00:10:15.000+03:00",,,,,,,,,,,,,,,,,,,,,,,,,,,,,,,,,,,,,,,,,,,,,,,,,,,,,,,,,,,,,,,,,,,,,,,,,,,,,,,,,,,,,,,,,,,,,,,,,,,,,,,,,,,,,,,,,,,,,,,,,,,,,,,,"CLIENT-PC",,,main,,,,12,,,,"//_::_====-=---======______-__--::._:_.",,"WinEventLog:Application","WinEventLog:Application",SIEM,,,,,,,,
,,,,,,,"CLIENT-PC",,,,,16,4,,,,,,,,,,,,,,,,,,,None,,,System,,,,"The access history in hive \??\C:\Users\Communication_LTD\AppData\Local\Packages\Microsoft.ZuneMusic_8wekyb3d8bbwe\Settings\settings.dat was cleared updating 1 keys and creating 1 modified pages.",,,,,,,,,,Info,,,,,,,,,,,,,,,,,,,2279,,,,,,,,,,,,,,"S-1-5-21-1948427861-2696874323-1688284928-1000",0,"Microsoft-Windows-Kernel-General",,,,None,,,Information,"NOT_TRANSLATED",,"09/22/2023 12:10:01 AM
LogName=System
EventCode=16
EventType=4
ComputerName=CLIENT-PC
User=NOT_TRANSLATED
Sid=S-1-5-21-1948427861-2696874323-1688284928-1000
SidType=0
SourceName=Microsoft-Windows-Kernel-General
Type=Information
RecordNumber=2279
Keywords=None
TaskCategory=None
OpCode=Info
Message=The access history in hive \??\C:\Users\Communication_LTD\AppData\Local\Packages\Microsoft.ZuneMusic_8wekyb3d8bbwe\Settings\settings.dat was cleared updating 1 keys and creating 1 modified pages.","2023-09-22T00:10:01.000+03:00",,,,,,,,,,,,,,,,,,,,,,,,,,,,,,,,,,,,,,,,,,,,,,,,,,,,,,,,,,,,,,,,,,,,,,,,,,,,,,,,,,,,,,,,,,,,,,,,,,,,,,,,,,,,,,,,,,,,,,,,,,,,,,,,"CLIENT-PC",,,main,,,,15,,,,"//_::_====-==-------==---======_____\??\:\\\\\\.\\",,"WinEventLog:System","WinEventLog:System",SIEM,,,,,,,,
,,,,,,,"CLIENT-PC",,,,,15,4,,,,,,,,,,,,,,,,,,,Classic,,,Application,,,,"Updated Windows Defender status successfully to SECURITY_PRODUCT_STATE_ON.",,,,,,,,,,Info,,,,,,,,,,,,,,,,,,,3266,,,,,,,,,,,,,,,,SecurityCenter,,,,None,,,Information,,,"09/22/2023 12:09:45 AM
LogName=Application
EventCode=15
EventType=4
ComputerName=CLIENT-PC
SourceName=SecurityCenter
Type=Information
RecordNumber=3266
Keywords=Classic
TaskCategory=None
OpCode=Info
Message=Updated Windows Defender status successfully to SECURITY_PRODUCT_STATE_ON.","2023-09-22T00:09:45.000+03:00",,,,,,,,,,,,,,,,,,,,,,,,,,,,,,,,,,,,,,,,,,,,,,,,,,,,,,,,,,,,,,,,,,,,,,,,,,,,,,,,,,,,,,,,,,,,,,,,,,,,,,,,,,,,,,,,,,,,,,,,,,,,,,,,"CLIENT-PC",,,main,,,,12,,,,"//_::_====-=======______.",,"WinEventLog:Application","WinEventLog:Application",SIEM,,,,,,,,
,,,,,,,"CLIENT-PC",,,,,16,4,,,,,,,,,,,,,,,,,,,None,,,System,,,,"The access history in hive \??\C:\Users\Communication_LTD\AppData\Local\Packages\Microsoft.Windows.CloudExperienceHost_cw5n1h2txyewy\Settings\settings.dat was cleared updating 3 keys and creating 1 modified pages.",,,,,,,,,,Info,,,,,,,,,,,,,,,,,,,2278,,,,,,,,,,,,,,"S-1-5-21-1948427861-2696874323-1688284928-1000",0,"Microsoft-Windows-Kernel-General",,,,None,,,Information,"NOT_TRANSLATED",,"09/22/2023 12:09:23 AM
LogName=System
EventCode=16
EventType=4
ComputerName=CLIENT-PC
User=NOT_TRANSLATED
Sid=S-1-5-21-1948427861-2696874323-1688284928-1000
SidType=0
SourceName=Microsoft-Windows-Kernel-General
Type=Information
RecordNumber=2278
Keywords=None
TaskCategory=None
OpCode=Info
Message=The access history in hive \??\C:\Users\Communication_LTD\AppData\Local\Packages\Microsoft.Windows.CloudExperienceHost_cw5n1h2txyewy\Settings\settings.dat was cleared updating 3 keys and creating 1 modified pages.","2023-09-22T00:09:23.000+03:00",,,,,,,,,,,,,,,,,,,,,,,,,,,,,,,,,,,,,,,,,,,,,,,,,,,,,,,,,,,,,,,,,,,,,,,,,,,,,,,,,,,,,,,,,,,,,,,,,,,,,,,,,,,,,,,,,,,,,,,,,,,,,,,,"CLIENT-PC",,,main,,,,15,,,,"//_::_====-==-------==---======_____\??\:\\\\\\..\",,"WinEventLog:System","WinEventLog:System",SIEM,,,,,,,,
,,,,,,,"CLIENT-PC",,,,,8198,2,,,,,,,,,,,,,,,,,,,Classic,,,Application,,,,"License Activation (slui.exe) failed with the following error code:
hr=0xC004C008
Command-line arguments:
RuleId=31e71c49-8da7-4a2f-ad92-45d98a1c79ba;Action=AutoActivate;AppId=55c92734-d682-4d71-983e-d6ec3f16059f;SkuId=e558417a-5123-4f6f-91e7-385c1c7ca9d4;NotificationInterval=1440;Trigger=UserLogon;SessionId=1",,,,,,,,,,None,,,,,,,,,,,,,,,,,,,3265,,,,,,,,,,,,,,,,"Microsoft-Windows-Security-SPP",,,,None,,,Error,,,"09/22/2023 12:09:20 AM
LogName=Application
EventCode=8198
EventType=2
ComputerName=CLIENT-PC
SourceName=Microsoft-Windows-Security-SPP
Type=Error
RecordNumber=3265
Keywords=Classic
TaskCategory=None
OpCode=None
Message=License Activation (slui.exe) failed with the following error code:
hr=0xC004C008
Command-line arguments:
RuleId=31e71c49-8da7-4a2f-ad92-45d98a1c79ba;Action=AutoActivate;AppId=55c92734-d682-4d71-983e-d6ec3f16059f;SkuId=e558417a-5123-4f6f-91e7-385c1c7ca9d4;NotificationInterval=1440;Trigger=UserLogon;SessionId=1","2023-09-22T00:09:20.000+03:00",,,,,,,,,,,,,,,,,,,,,,,,,,,,,,,,,,,,,,,,,,,,,,,,,,,,,,,,,,,,,,,,,,,,,,,,,,,,,,,,,,,,,,,,,,,,,,,,,,,,,,,,,,,,,,,,,,,,,,,,,,,,,,,,"CLIENT-PC",,,main,,,,15,,,,"//_::_====-=---======__(.)______:\r=\r-_:\r=----;=;=-",,"WinEventLog:Application","WinEventLog:Application",SIEM,,,,,,,,
,,,,,,,"CLIENT-PC",,,,,1003,4,,,,,,,,,,,,,,,,,,,Classic,,,Application,,,,"The Software Protection service has completed licensing status check.
Application Id=55c92734-d682-4d71-983e-d6ec3f16059f
Licensing Status=
1: 040fa323-92b1-4baf-97a2-5b67feaefddb, 1, 0 [(0 [0xC004F014, 0, 0], [(?)(?)(?)(?)(?)(?)(?)(?)])(1 )(2 )(3 )]
2: 0724cb7d-3437-4cb7-93cb-830375d0079d, 1, 0 [(0 [0xC004F014, 0, 0], [(?)(?)(?)(?)(?)(?)(?)(?)])(1 )(2 )(3 )]
3: 0ad2ac98-7bb9-4201-8d92-312299201369, 1, 0 [(0 [0xC004F014, 0, 0], [(?)(?)(?)(?)(?)(?)(?)(?)])(1 )(2 )(3 )]
4: 1a9a717a-cf13-4ba5-83c3-0fe25fa868d5, 1, 0 [(0 [0xC004F014, 0, 0], [(?)(?)(?)(?)(?)(?)(?)(?)])(1 )(2 )(3 )]
5: 221a02da-e2a1-4b75-864c-0a4410a33fdf, 1, 0 [(0 [0xC004F014, 0, 0], [(?)(?)(?)(?)(?)(?)(?)(?)])(1 )(2 )(3 )]
6: 291ece0e-9c38-40ca-a9e1-32cc7ec19507, 1, 0 [(0 [0xC004F014, 0, 0], [(?)(?)(?)(?)(?)(?)(?)(?)])(1 )(2 )(3 )]
7: 2936d1d2-913a-4542-b54e-ce5a602a2a38, 1, 0 [(0 [0xC004F014, 0, 0], [(?)(?)(?)(?)(?)(?)(?)(?)])(1 )(2 )(3 )]
8: 2c293c26-a45a-4a2a-a350-c69a67097529, 1, 0 [(0 [0xC004F014, 0, 0], [(?)(?)(?)(?)(?)(?)(?)(?)])(1 )(2 )(3 )]
9: 2de67392-b7a7-462a-b1ca-108dd189f588, 1, 0 [(0 [0xC004F014, 0, 0], [(?)(?)(?)(?)(?)(?)(?)(?)])(1 )(2 )(3 )]
10: 2ffd8952-423e-4903-b993-72a1aa44cf82, 1, 0 [(0 [0xC004F014, 0, 0], [(?)(?)(?)(?)(?)(?)(?)(?)])(1 )(2 )(3 )]
11: 30a42c86-b7a0-4a34-8c90-ff177cb2acb7, 1, 0 [(0 [0xC004F014, 0, 0], [(?)(?)(?)(?)(?)(?)(?)(?)])(1 )(2 )(3 )]
12: 345a5db0-d94f-4e3b-a0c0-7c42f7bc3ebf, 1, 0 [(0 [0xC004F014, 0, 0], [(?)(?)(?)(?)(?)(?)(?)(?)])(1 )(2 )(3 )]
13: 3502365a-f88a-4ba4-822a-5769d3073b65, 1, 0 [(0 [0xC004F014, 0, 0], [(?)(?)(?)(?)(?)(?)(?)(?)])(1 )(2 )(3 )]
14: 377333b1-8b5d-48d6-9679-1225c872d37c, 1, 0 [(0 [0xC004F014, 0, 0], [(?)(?)(?)(?)(?)(?)(?)(?)])(1 )(2 )(3 )]
15: 3df374ef-d444-4494-a5a1-4b0d9fd0e203, 1, 0 [(0 [0xC004F014, 0, 0], [(?)(?)(?)(?)(?)(?)(?)(?)])(1 )(2 )(3 )]
16: 3f1afc82-f8ac-4f6c-8005-1d233e606eee, 1, 0 [(0 [0xC004F014, 0, 0], [(?)(?)(?)(?)(?)(?)(?)(?)])(1 )(2 )(3 )]
17: 49cd895b-53b2-4dc4-a5f7-b18aa019ad37, 1, 0 [(0 [0xC004F014, 0, 0], [(?)(?)(?)(?)(?)(?)(?)(?)])(1 )(2 )(3 )]
18: 4de7cb65-cdf1-4de9-8ae8-e3cce27b9f2c, 1, 0 [(0 [0xC004F014, 0, 0], [(?)(?)(?)(?)(?)(?)(?)(?)])(1 )(2 )(3 )]
19: 4f3da0d2-271d-4508-ae81-626b60809a38, 1, 0 [(0 [0xC004F014, 0, 0], [(?)(?)(?)(?)(?)(?)(?)(?)])(1 )(2 )(3 )]
20: 60b3ec1b-9545-4921-821f-311b129dd6f6, 1, 0 [(0 [0xC004F014, 0, 0], [(?)(?)(?)(?)(?)(?)(?)(?)])(1 )(2 )(3 )]
21: 613d217f-7f13-4268-9907-1662339531cd, 1, 0 [(0 [0xC004F014, 0, 0], [(?)(?)(?)(?)(?)(?)(?)(?)])(1 )(2 )(3 )]
22: 62f0c100-9c53-4e02-b886-a3528ddfe7f6, 1, 0 [(0 [0xC004F014, 0, 0], [(?)(?)(?)(?)(?)(?)(?)(?)])(1 )(2 )(3 )]
23: 6365275e-368d-46ca-a0ef-fc0404119333, 1, 0 [(0 [0xC004F014, 0, 0], [(?)(?)(?)(?)(?)(?)(?)(?)])(1 )(2 )(3 )]
24: 721f9237-9341-4453-a661-09e8baa6cca5, 1, 0 [(0 [0xC004F014, 0, 0], [(?)(?)(?)(?)(?)(?)(?)(?)])(1 )(2 )(3 )]
25: 73111121-5638-40f6-bc11-f1d7b0d64300, 1, 0 [(0 [0xC004F014, 0, 0], [(?)(?)(?)(?)(?)(?)(?)(?)])(1 )(2 )(3 )]
26: 7a802526-4c94-4bd1-ba14-835a1aca2120, 1, 0 [(0 [0xC004F014, 0, 0], [(?)(?)(?)(?)(?)(?)(?)(?)])(1 )(2 )(3 )]
27: 7cb546c0-c7d5-44d8-9a5c-69ecdd782b69, 1, 0 [(0 [0xC004F014, 0, 0], [(?)(?)(?)(?)(?)(?)(?)(?)])(1 )(2 )(3 )]
28: 82bbc092-bc50-4e16-8e18-b74fc486aec3, 1, 0 [(0 [0xC004F014, 0, 0], [(?)(?)(?)(?)(?)(?)(?)(?)])(1 )(2 )(3 )]
29: 8ab9bdd1-1f67-4997-82d9-8878520837d9, 1, 0 [(0 [0xC004F014, 0, 0], [(?)(?)(?)(?)(?)(?)(?)(?)])(1 )(2 )(3 )]
30: 8b351c9c-f398-4515-9900-09df49427262, 1, 0 [(0 [0xC004F014, 0, 0], [(?)(?)(?)(?)(?)(?)(?)(?)])(1 )(2 )(3 )]
31: 90da7373-1c51-430b-bf26-c97e9c5cdc31, 1, 0 [(0 [0xC004F014, 0, 0], [(?)(?)(?)(?)(?)(?)(?)(?)])(1 )(2 )(3 )]
32: 95dca82f-385d-4d39-b85b-5c73fa285d6f, 1, 0 [(0 [0xC004F014, 0, 0], [(?)(?)(?)(?)(?)(?)(?)(?)])(1 )(2 )(3 )]
33: a48938aa-62fa-4966-9d44-9f04da3f72f2, 1, 0 [(0 [0xC004F014, 0, 0], [(?)(?)(?)(?)(?)(?)(?)(?)])(1 )(2 )(3 )]
34: b0773a15-df3a-4312-9ad2-83d69648e356, 1, 0 [(0 [0xC004F014, 0, 0], [(?)(?)(?)(?)(?)(?)(?)(?)])(1 )(2 )(3 )]
35: b4bfe195-541e-4e64-ad23-6177f19e395e, 1, 0 [(0 [0xC004F014, 0, 0], [(?)(?)(?)(?)(?)(?)(?)(?)])(1 )(2 )(3 )]
36: b68e61d2-68ca-4757-be45-0cc2f3e68eee, 1, 0 [(0 [0xC004F014, 0, 0], [(?)(?)(?)(?)(?)(?)(?)(?)])(1 )(2 )(3 )]
37: bd3762d7-270d-4760-8fb3-d829ca45278a, 1, 0 [(0 [0xC004F014, 0, 0], [(?)(?)(?)(?)(?)(?)(?)(?)])(1 )(2 )(3 )]
38: c86d5194-4840-4dae-9c1c-0301003a5ab0, 1, 0 [(0 [0xC004F014, 0, 0], [(?)(?)(?)(?)(?)(?)(?)(?)])(1 )(2 )(3 )]
39: d552befb-48cc-4327-8f39-47d2d94f987c, 1, 0 [(0 [0xC004F014, 0, 0], [(?)(?)(?)(?)(?)(?)(?)(?)])(1 )(2 )(3 )]
40: d6eadb3b-5ca8-4a6b-986e-35b550756111, 1, 0 [(0 [0xC004F014, 0, 0], [(?)(?)(?)(?)(?)(?)(?)(?)])(1 )(2 )(3 )]
41: df96023b-dcd9-4be2-afa0-c6c871159ebe, 1, 0 [(0 [0xC004F014, 0, 0], [(?)(?)(?)(?)(?)(?)(?)(?)])(1 )(2 )(3 )]
42: e0c42288-980c-4788-a014-c080d2e1926e, 1, 0 [(0 [0xC004F014, 0, 0], [(?)(?)(?)(?)(?)(?)(?)(?)])(1 )(2 )(3 )]
43: e4db50ea-bda1-4566-b047-0ca50abc6f07, 1, 0 [(0 [0xC004F014, 0, 0], [(?)(?)(?)(?)(?)(?)(?)(?)])(1 )(2 )(3 )]
44: e558417a-5123-4f6f-91e7-385c1c7ca9d4, 1, 1 [(0 )(1 )(2 [0xC004E003, 0, 0], [( 1 0xC004F034)( 1 0xC004F034)(?)(?)(?)(?)(?)(?)])(3 [0x00000000, 0, 0], [( 6 0xC004F009 0 0)( 1 0x00000000)( 6 0xC004F009 0 0)(?)(?)(?)( 10 0x00000000 msft:rm/algorithm/flags/1.0)( 11 0x00000000 0xC004F034)])]
45: e7a950a2-e548-4f10-bf16-02ec848e0643, 1, 0 [(0 [0xC004F014, 0, 0], [(?)(?)(?)(?)(?)(?)(?)(?)])(1 )(2 )(3 )]
46: eb6d346f-1c60-4643-b960-40ec31596c45, 1, 0 [(0 [0xC004F014, 0, 0], [(?)(?)(?)(?)(?)(?)(?)(?)])(1 )(2 )(3 )]
47: ec868e65-fadf-4759-b23e-93fe37f2cc29, 1, 0 [(0 [0xC004F014, 0, 0], [(?)(?)(?)(?)(?)(?)(?)(?)])(1 )(2 )(3 )]
48: ef51e000-2659-4f25-8345-3de70a9cf4c4, 1, 0 [(0 [0xC004F014, 0, 0], [(?)(?)(?)(?)(?)(?)(?)(?)])(1 )(2 )(3 )]
49: f7af7d09-40e4-419c-a49b-eae366689ebd, 1, 0 [(0 [0xC004F014, 0, 0], [(?)(?)(?)(?)(?)(?)(?)(?)])(1 )(2 )(3 )]
50: fa755fe6-6739-40b9-8d84-6d0ea3b6d1ab, 1, 0 [(0 [0xC004F014, 0, 0], [(?)(?)(?)(?)(?)(?)(?)(?)])(1 )(2 )(3 )]
51: fe74f55b-0338-41d6-b267-4a201abe7285, 1, 0 [(0 [0xC004F014, 0, 0], [(?)(?)(?)(?)(?)(?)(?)(?)])(1 )(2 )(3 )]",,,,,,,,,,None,,,,,,,,,,,,,,,,,,,3264,,,,,,,,,,,,,,,,"Microsoft-Windows-Security-SPP",,,,None,,,Information,,,"09/22/2023 12:09:20 AM
LogName=Application
EventCode=1003
EventType=4
ComputerName=CLIENT-PC
SourceName=Microsoft-Windows-Security-SPP
Type=Information
RecordNumber=3264
Keywords=Classic
TaskCategory=None
OpCode=None
Message=The Software Protection service has completed licensing status check.
Application Id=55c92734-d682-4d71-983e-d6ec3f16059f
Licensing Status=
1: 040fa323-92b1-4baf-97a2-5b67feaefddb, 1, 0 [(0 [0xC004F014, 0, 0], [(?)(?)(?)(?)(?)(?)(?)(?)])(1 )(2 )(3 )]
2: 0724cb7d-3437-4cb7-93cb-830375d0079d, 1, 0 [(0 [0xC004F014, 0, 0], [(?)(?)(?)(?)(?)(?)(?)(?)])(1 )(2 )(3 )]
3: 0ad2ac98-7bb9-4201-8d92-312299201369, 1, 0 [(0 [0xC004F014, 0, 0], [(?)(?)(?)(?)(?)(?)(?)(?)])(1 )(2 )(3 )]
4: 1a9a717a-cf13-4ba5-83c3-0fe25fa868d5, 1, 0 [(0 [0xC004F014, 0, 0], [(?)(?)(?)(?)(?)(?)(?)(?)])(1 )(2 )(3 )]
5: 221a02da-e2a1-4b75-864c-0a4410a33fdf, 1, 0 [(0 [0xC004F014, 0, 0], [(?)(?)(?)(?)(?)(?)(?)(?)])(1 )(2 )(3 )]
6: 291ece0e-9c38-40ca-a9e1-32cc7ec19507, 1, 0 [(0 [0xC004F014, 0, 0], [(?)(?)(?)(?)(?)(?)(?)(?)])(1 )(2 )(3 )]
7: 2936d1d2-913a-4542-b54e-ce5a602a2a38, 1, 0 [(0 [0xC004F014, 0, 0], [(?)(?)(?)(?)(?)(?)(?)(?)])(1 )(2 )(3 )]
8: 2c293c26-a45a-4a2a-a350-c69a67097529, 1, 0 [(0 [0xC004F014, 0, 0], [(?)(?)(?)(?)(?)(?)(?)(?)])(1 )(2 )(3 )]
9: 2de67392-b7a7-462a-b1ca-108dd189f588, 1, 0 [(0 [0xC004F014, 0, 0], [(?)(?)(?)(?)(?)(?)(?)(?)])(1 )(2 )(3 )]
10: 2ffd8952-423e-4903-b993-72a1aa44cf82, 1, 0 [(0 [0xC004F014, 0, 0], [(?)(?)(?)(?)(?)(?)(?)(?)])(1 )(2 )(3 )]
11: 30a42c86-b7a0-4a34-8c90-ff177cb2acb7, 1, 0 [(0 [0xC004F014, 0, 0], [(?)(?)(?)(?)(?)(?)(?)(?)])(1 )(2 )(3 )]
12: 345a5db0-d94f-4e3b-a0c0-7c42f7bc3ebf, 1, 0 [(0 [0xC004F014, 0, 0], [(?)(?)(?)(?)(?)(?)(?)(?)])(1 )(2 )(3 )]
13: 3502365a-f88a-4ba4-822a-5769d3073b65, 1, 0 [(0 [0xC004F014, 0, 0], [(?)(?)(?)(?)(?)(?)(?)(?)])(1 )(2 )(3 )]
14: 377333b1-8b5d-48d6-9679-1225c872d37c, 1, 0 [(0 [0xC004F014, 0, 0], [(?)(?)(?)(?)(?)(?)(?)(?)])(1 )(2 )(3 )]
15: 3df374ef-d444-4494-a5a1-4b0d9fd0e203, 1, 0 [(0 [0xC004F014, 0, 0], [(?)(?)(?)(?)(?)(?)(?)(?)])(1 )(2 )(3 )]
16: 3f1afc82-f8ac-4f6c-8005-1d233e606eee, 1, 0 [(0 [0xC004F014, 0, 0], [(?)(?)(?)(?)(?)(?)(?)(?)])(1 )(2 )(3 )]
17: 49cd895b-53b2-4dc4-a5f7-b18aa019ad37, 1, 0 [(0 [0xC004F014, 0, 0], [(?)(?)(?)(?)(?)(?)(?)(?)])(1 )(2 )(3 )]
18: 4de7cb65-cdf1-4de9-8ae8-e3cce27b9f2c, 1, 0 [(0 [0xC004F014, 0, 0], [(?)(?)(?)(?)(?)(?)(?)(?)])(1 )(2 )(3 )]
19: 4f3da0d2-271d-4508-ae81-626b60809a38, 1, 0 [(0 [0xC004F014, 0, 0], [(?)(?)(?)(?)(?)(?)(?)(?)])(1 )(2 )(3 )]
20: 60b3ec1b-9545-4921-821f-311b129dd6f6, 1, 0 [(0 [0xC004F014, 0, 0], [(?)(?)(?)(?)(?)(?)(?)(?)])(1 )(2 )(3 )]
21: 613d217f-7f13-4268-9907-1662339531cd, 1, 0 [(0 [0xC004F014, 0, 0], [(?)(?)(?)(?)(?)(?)(?)(?)])(1 )(2 )(3 )]
22: 62f0c100-9c53-4e02-b886-a3528ddfe7f6, 1, 0 [(0 [0xC004F014, 0, 0], [(?)(?)(?)(?)(?)(?)(?)(?)])(1 )(2 )(3 )]
23: 6365275e-368d-46ca-a0ef-fc0404119333, 1, 0 [(0 [0xC004F014, 0, 0], [(?)(?)(?)(?)(?)(?)(?)(?)])(1 )(2 )(3 )]
24: 721f9237-9341-4453-a661-09e8baa6cca5, 1, 0 [(0 [0xC004F014, 0, 0], [(?)(?)(?)(?)(?)(?)(?)(?)])(1 )(2 )(3 )]
25: 73111121-5638-40f6-bc11-f1d7b0d64300, 1, 0 [(0 [0xC004F014, 0, 0], [(?)(?)(?)(?)(?)(?)(?)(?)])(1 )(2 )(3 )]
26: 7a802526-4c94-4bd1-ba14-835a1aca2120, 1, 0 [(0 [0xC004F014, 0, 0], [(?)(?)(?)(?)(?)(?)(?)(?)])(1 )(2 )(3 )]
27: 7cb546c0-c7d5-44d8-9a5c-69ecdd782b69, 1, 0 [(0 [0xC004F014, 0, 0], [(?)(?)(?)(?)(?)(?)(?)(?)])(1 )(2 )(3 )]
28: 82bbc092-bc50-4e16-8e18-b74fc486aec3, 1, 0 [(0 [0xC004F014, 0, 0], [(?)(?)(?)(?)(?)(?)(?)(?)])(1 )(2 )(3 )]
29: 8ab9bdd1-1f67-4997-82d9-8878520837d9, 1, 0 [(0 [0xC004F014, 0, 0], [(?)(?)(?)(?)(?)(?)(?)(?)])(1 )(2 )(3 )]
30: 8b351c9c-f398-4515-9900-09df49427262, 1, 0 [(0 [0xC004F014, 0, 0], [(?)(?)(?)(?)(?)(?)(?)(?)])(1 )(2 )(3 )]
31: 90da7373-1c51-430b-bf26-c97e9c5cdc31, 1, 0 [(0 [0xC004F014, 0, 0], [(?)(?)(?)(?)(?)(?)(?)(?)])(1 )(2 )(3 )]
32: 95dca82f-385d-4d39-b85b-5c73fa285d6f, 1, 0 [(0 [0xC004F014, 0, 0], [(?)(?)(?)(?)(?)(?)(?)(?)])(1 )(2 )(3 )]
33: a48938aa-62fa-4966-9d44-9f04da3f72f2, 1, 0 [(0 [0xC004F014, 0, 0], [(?)(?)(?)(?)(?)(?)(?)(?)])(1 )(2 )(3 )]
34: b0773a15-df3a-4312-9ad2-83d69648e356, 1, 0 [(0 [0xC004F014, 0, 0], [(?)(?)(?)(?)(?)(?)(?)(?)])(1 )(2 )(3 )]
35: b4bfe195-541e-4e64-ad23-6177f19e395e, 1, 0 [(0 [0xC004F014, 0, 0], [(?)(?)(?)(?)(?)(?)(?)(?)])(1 )(2 )(3 )]
36: b68e61d2-68ca-4757-be45-0cc2f3e68eee, 1, 0 [(0 [0xC004F014, 0, 0], [(?)(?)(?)(?)(?)(?)(?)(?)])(1 )(2 )(3 )]
37: bd3762d7-270d-4760-8fb3-d829ca45278a, 1, 0 [(0 [0xC004F014, 0, 0], [(?)(?)(?)(?)(?)(?)(?)(?)])(1 )(2 )(3 )]
38: c86d5194-4840-4dae-9c1c-0301003a5ab0, 1, 0 [(0 [0xC004F014, 0, 0], [(?)(?)(?)(?)(?)(?)(?)(?)])(1 )(2 )(3 )]
39: d552befb-48cc-4327-8f39-47d2d94f987c, 1, 0 [(0 [0xC004F014, 0, 0], [(?)(?)(?)(?)(?)(?)(?)(?)])(1 )(2 )(3 )]
40: d6eadb3b-5ca8-4a6b-986e-35b550756111, 1, 0 [(0 [0xC004F014, 0, 0], [(?)(?)(?)(?)(?)(?)(?)(?)])(1 )(2 )(3 )]
41: df96023b-dcd9-4be2-afa0-c6c871159ebe, 1, 0 [(0 [0xC004F014, 0, 0], [(?)(?)(?)(?)(?)(?)(?)(?)])(1 )(2 )(3 )]
42: e0c42288-980c-4788-a014-c080d2e1926e, 1, 0 [(0 [0xC004F014, 0, 0], [(?)(?)(?)(?)(?)(?)(?)(?)])(1 )(2 )(3 )]
43: e4db50ea-bda1-4566-b047-0ca50abc6f07, 1, 0 [(0 [0xC004F014, 0, 0], [(?)(?)(?)(?)(?)(?)(?)(?)])(1 )(2 )(3 )]
44: e558417a-5123-4f6f-91e7-385c1c7ca9d4, 1, 1 [(0 )(1 )(2 [0xC004E003, 0, 0], [( 1 0xC004F034)( 1 0xC004F034)(?)(?)(?)(?)(?)(?)])(3 [0x00000000, 0, 0], [( 6 0xC004F009 0 0)( 1 0x00000000)( 6 0xC004F009 0 0)(?)(?)(?)( 10 0x00000000 msft:rm/algorithm/flags/1.0)( 11 0x00000000 0xC004F034)])]
45: e7a950a2-e548-4f10-bf16-02ec848e0643, 1, 0 [(0 [0xC004F014, 0, 0], [(?)(?)(?)(?)(?)(?)(?)(?)])(1 )(2 )(3 )]
46: eb6d346f-1c60-4643-b960-40ec31596c45, 1, 0 [(0 [0xC004F014, 0, 0], [(?)(?)(?)(?)(?)(?)(?)(?)])(1 )(2 )(3 )]
47: ec868e65-fadf-4759-b23e-93fe37f2cc29, 1, 0 [(0 [0xC004F014, 0, 0], [(?)(?)(?)(?)(?)(?)(?)(?)])(1 )(2 )(3 )]
48: ef51e000-2659-4f25-8345-3de70a9cf4c4, 1, 0 [(0 [0xC004F014, 0, 0], [(?)(?)(?)(?)(?)(?)(?)(?)])(1 )(2 )(3 )]
49: f7af7d09-40e4-419c-a49b-eae366689ebd, 1, 0 [(0 [0xC004F014, 0, 0], [(?)(?)(?)(?)(?)(?)(?)(?)])(1 )(2 )(3 )]
50: fa755fe6-6739-40b9-8d84-6d0ea3b6d1ab, 1, 0 [(0 [0xC004F014, 0, 0], [(?)(?)(?)(?)(?)(?)(?)(?)])(1 )(2 )(3 )]
51: fe74f55b-0338-41d6-b267-4a201abe7285, 1, 0 [(0 [0xC004F014, 0, 0], [(?)(?)(?)(?)(?)(?)(?)(?)])(1 )(2 )(3 )]","2023-09-22T00:09:20.000+03:00",,,,,,,,,,,,,,,,,,,,,,,,,,,,,,,,,,,,,,,,,,,,,,,,,,,,,,,,,,,,,,,,,,,,,,,,,,,,,,,,,,,,,,,,,,,,,,,,,,,,,,,,,,,,,,,,,,,,,,,,,,,,,,,,"CLIENT-PC",,,main,,,,65,,,,"//_::_====-=---======________.\r_=----\r_=:_----,_,_",,"WinEventLog:Application","WinEventLog:Application",SIEM,,,,,,,,
,,,,,,,"CLIENT-PC",,,,,1003,4,,,,,,,,,,,,,,,,,,,Classic,,,Application,,,,"The Software Protection service has completed licensing status check.
Application Id=55c92734-d682-4d71-983e-d6ec3f16059f
Licensing Status=
1: 040fa323-92b1-4baf-97a2-5b67feaefddb, 1, 0 [(0 [0xC004F014, 0, 0], [(?)(?)(?)(?)(?)(?)(?)(?)])(1 )(2 )(3 )]
2: 0724cb7d-3437-4cb7-93cb-830375d0079d, 1, 0 [(0 [0xC004F014, 0, 0], [(?)(?)(?)(?)(?)(?)(?)(?)])(1 )(2 )(3 )]
3: 0ad2ac98-7bb9-4201-8d92-312299201369, 1, 0 [(0 [0xC004F014, 0, 0], [(?)(?)(?)(?)(?)(?)(?)(?)])(1 )(2 )(3 )]
4: 1a9a717a-cf13-4ba5-83c3-0fe25fa868d5, 1, 0 [(0 [0xC004F014, 0, 0], [(?)(?)(?)(?)(?)(?)(?)(?)])(1 )(2 )(3 )]
5: 221a02da-e2a1-4b75-864c-0a4410a33fdf, 1, 0 [(0 [0xC004F014, 0, 0], [(?)(?)(?)(?)(?)(?)(?)(?)])(1 )(2 )(3 )]
6: 291ece0e-9c38-40ca-a9e1-32cc7ec19507, 1, 0 [(0 [0xC004F014, 0, 0], [(?)(?)(?)(?)(?)(?)(?)(?)])(1 )(2 )(3 )]
7: 2936d1d2-913a-4542-b54e-ce5a602a2a38, 1, 0 [(0 [0xC004F014, 0, 0], [(?)(?)(?)(?)(?)(?)(?)(?)])(1 )(2 )(3 )]
8: 2c293c26-a45a-4a2a-a350-c69a67097529, 1, 0 [(0 [0xC004F014, 0, 0], [(?)(?)(?)(?)(?)(?)(?)(?)])(1 )(2 )(3 )]
9: 2de67392-b7a7-462a-b1ca-108dd189f588, 1, 0 [(0 [0xC004F014, 0, 0], [(?)(?)(?)(?)(?)(?)(?)(?)])(1 )(2 )(3 )]
10: 2ffd8952-423e-4903-b993-72a1aa44cf82, 1, 0 [(0 [0xC004F014, 0, 0], [(?)(?)(?)(?)(?)(?)(?)(?)])(1 )(2 )(3 )]
11: 30a42c86-b7a0-4a34-8c90-ff177cb2acb7, 1, 0 [(0 [0xC004F014, 0, 0], [(?)(?)(?)(?)(?)(?)(?)(?)])(1 )(2 )(3 )]
12: 345a5db0-d94f-4e3b-a0c0-7c42f7bc3ebf, 1, 0 [(0 [0xC004F014, 0, 0], [(?)(?)(?)(?)(?)(?)(?)(?)])(1 )(2 )(3 )]
13: 3502365a-f88a-4ba4-822a-5769d3073b65, 1, 0 [(0 [0xC004F014, 0, 0], [(?)(?)(?)(?)(?)(?)(?)(?)])(1 )(2 )(3 )]
14: 377333b1-8b5d-48d6-9679-1225c872d37c, 1, 0 [(0 [0xC004F014, 0, 0], [(?)(?)(?)(?)(?)(?)(?)(?)])(1 )(2 )(3 )]
15: 3df374ef-d444-4494-a5a1-4b0d9fd0e203, 1, 0 [(0 [0xC004F014, 0, 0], [(?)(?)(?)(?)(?)(?)(?)(?)])(1 )(2 )(3 )]
16: 3f1afc82-f8ac-4f6c-8005-1d233e606eee, 1, 0 [(0 [0xC004F014, 0, 0], [(?)(?)(?)(?)(?)(?)(?)(?)])(1 )(2 )(3 )]
17: 49cd895b-53b2-4dc4-a5f7-b18aa019ad37, 1, 0 [(0 [0xC004F014, 0, 0], [(?)(?)(?)(?)(?)(?)(?)(?)])(1 )(2 )(3 )]
18: 4de7cb65-cdf1-4de9-8ae8-e3cce27b9f2c, 1, 0 [(0 [0xC004F014, 0, 0], [(?)(?)(?)(?)(?)(?)(?)(?)])(1 )(2 )(3 )]
19: 4f3da0d2-271d-4508-ae81-626b60809a38, 1, 0 [(0 [0xC004F014, 0, 0], [(?)(?)(?)(?)(?)(?)(?)(?)])(1 )(2 )(3 )]
20: 60b3ec1b-9545-4921-821f-311b129dd6f6, 1, 0 [(0 [0xC004F014, 0, 0], [(?)(?)(?)(?)(?)(?)(?)(?)])(1 )(2 )(3 )]
21: 613d217f-7f13-4268-9907-1662339531cd, 1, 0 [(0 [0xC004F014, 0, 0], [(?)(?)(?)(?)(?)(?)(?)(?)])(1 )(2 )(3 )]
22: 62f0c100-9c53-4e02-b886-a3528ddfe7f6, 1, 0 [(0 [0xC004F014, 0, 0], [(?)(?)(?)(?)(?)(?)(?)(?)])(1 )(2 )(3 )]
23: 6365275e-368d-46ca-a0ef-fc0404119333, 1, 0 [(0 [0xC004F014, 0, 0], [(?)(?)(?)(?)(?)(?)(?)(?)])(1 )(2 )(3 )]
24: 721f9237-9341-4453-a661-09e8baa6cca5, 1, 0 [(0 [0xC004F014, 0, 0], [(?)(?)(?)(?)(?)(?)(?)(?)])(1 )(2 )(3 )]
25: 73111121-5638-40f6-bc11-f1d7b0d64300, 1, 0 [(0 [0xC004F014, 0, 0], [(?)(?)(?)(?)(?)(?)(?)(?)])(1 )(2 )(3 )]
26: 7a802526-4c94-4bd1-ba14-835a1aca2120, 1, 0 [(0 [0xC004F014, 0, 0], [(?)(?)(?)(?)(?)(?)(?)(?)])(1 )(2 )(3 )]
27: 7cb546c0-c7d5-44d8-9a5c-69ecdd782b69, 1, 0 [(0 [0xC004F014, 0, 0], [(?)(?)(?)(?)(?)(?)(?)(?)])(1 )(2 )(3 )]
28: 82bbc092-bc50-4e16-8e18-b74fc486aec3, 1, 0 [(0 [0xC004F014, 0, 0], [(?)(?)(?)(?)(?)(?)(?)(?)])(1 )(2 )(3 )]
29: 8ab9bdd1-1f67-4997-82d9-8878520837d9, 1, 0 [(0 [0xC004F014, 0, 0], [(?)(?)(?)(?)(?)(?)(?)(?)])(1 )(2 )(3 )]
30: 8b351c9c-f398-4515-9900-09df49427262, 1, 0 [(0 [0xC004F014, 0, 0], [(?)(?)(?)(?)(?)(?)(?)(?)])(1 )(2 )(3 )]
31: 90da7373-1c51-430b-bf26-c97e9c5cdc31, 1, 0 [(0 [0xC004F014, 0, 0], [(?)(?)(?)(?)(?)(?)(?)(?)])(1 )(2 )(3 )]
32: 95dca82f-385d-4d39-b85b-5c73fa285d6f, 1, 0 [(0 [0xC004F014, 0, 0], [(?)(?)(?)(?)(?)(?)(?)(?)])(1 )(2 )(3 )]
33: a48938aa-62fa-4966-9d44-9f04da3f72f2, 1, 0 [(0 [0xC004F014, 0, 0], [(?)(?)(?)(?)(?)(?)(?)(?)])(1 )(2 )(3 )]
34: b0773a15-df3a-4312-9ad2-83d69648e356, 1, 0 [(0 [0xC004F014, 0, 0], [(?)(?)(?)(?)(?)(?)(?)(?)])(1 )(2 )(3 )]
35: b4bfe195-541e-4e64-ad23-6177f19e395e, 1, 0 [(0 [0xC004F014, 0, 0], [(?)(?)(?)(?)(?)(?)(?)(?)])(1 )(2 )(3 )]
36: b68e61d2-68ca-4757-be45-0cc2f3e68eee, 1, 0 [(0 [0xC004F014, 0, 0], [(?)(?)(?)(?)(?)(?)(?)(?)])(1 )(2 )(3 )]
37: bd3762d7-270d-4760-8fb3-d829ca45278a, 1, 0 [(0 [0xC004F014, 0, 0], [(?)(?)(?)(?)(?)(?)(?)(?)])(1 )(2 )(3 )]
38: c86d5194-4840-4dae-9c1c-0301003a5ab0, 1, 0 [(0 [0xC004F014, 0, 0], [(?)(?)(?)(?)(?)(?)(?)(?)])(1 )(2 )(3 )]
39: d552befb-48cc-4327-8f39-47d2d94f987c, 1, 0 [(0 [0xC004F014, 0, 0], [(?)(?)(?)(?)(?)(?)(?)(?)])(1 )(2 )(3 )]
40: d6eadb3b-5ca8-4a6b-986e-35b550756111, 1, 0 [(0 [0xC004F014, 0, 0], [(?)(?)(?)(?)(?)(?)(?)(?)])(1 )(2 )(3 )]
41: df96023b-dcd9-4be2-afa0-c6c871159ebe, 1, 0 [(0 [0xC004F014, 0, 0], [(?)(?)(?)(?)(?)(?)(?)(?)])(1 )(2 )(3 )]
42: e0c42288-980c-4788-a014-c080d2e1926e, 1, 0 [(0 [0xC004F014, 0, 0], [(?)(?)(?)(?)(?)(?)(?)(?)])(1 )(2 )(3 )]
43: e4db50ea-bda1-4566-b047-0ca50abc6f07, 1, 0 [(0 [0xC004F014, 0, 0], [(?)(?)(?)(?)(?)(?)(?)(?)])(1 )(2 )(3 )]
44: e558417a-5123-4f6f-91e7-385c1c7ca9d4, 1, 1 [(0 )(1 )(2 [0xC004E003, 0, 0], [( 1 0xC004F034)( 1 0xC004F034)(?)(?)(?)(?)(?)(?)])(3 [0x00000000, 0, 0], [( 6 0xC004F009 0 0)( 1 0x00000000)( 6 0xC004F009 0 0)(?)(?)(?)( 10 0x00000000 msft:rm/algorithm/flags/1.0)( 11 0x00000000 0xC004F034)])]
45: e7a950a2-e548-4f10-bf16-02ec848e0643, 1, 0 [(0 [0xC004F014, 0, 0], [(?)(?)(?)(?)(?)(?)(?)(?)])(1 )(2 )(3 )]
46: eb6d346f-1c60-4643-b960-40ec31596c45, 1, 0 [(0 [0xC004F014, 0, 0], [(?)(?)(?)(?)(?)(?)(?)(?)])(1 )(2 )(3 )]
47: ec868e65-fadf-4759-b23e-93fe37f2cc29, 1, 0 [(0 [0xC004F014, 0, 0], [(?)(?)(?)(?)(?)(?)(?)(?)])(1 )(2 )(3 )]
48: ef51e000-2659-4f25-8345-3de70a9cf4c4, 1, 0 [(0 [0xC004F014, 0, 0], [(?)(?)(?)(?)(?)(?)(?)(?)])(1 )(2 )(3 )]
49: f7af7d09-40e4-419c-a49b-eae366689ebd, 1, 0 [(0 [0xC004F014, 0, 0], [(?)(?)(?)(?)(?)(?)(?)(?)])(1 )(2 )(3 )]
50: fa755fe6-6739-40b9-8d84-6d0ea3b6d1ab, 1, 0 [(0 [0xC004F014, 0, 0], [(?)(?)(?)(?)(?)(?)(?)(?)])(1 )(2 )(3 )]
51: fe74f55b-0338-41d6-b267-4a201abe7285, 1, 0 [(0 [0xC004F014, 0, 0], [(?)(?)(?)(?)(?)(?)(?)(?)])(1 )(2 )(3 )]",,,,,,,,,,None,,,,,,,,,,,,,,,,,,,3263,,,,,,,,,,,,,,,,"Microsoft-Windows-Security-SPP",,,,None,,,Information,,,"09/22/2023 12:09:20 AM
LogName=Application
EventCode=1003
EventType=4
ComputerName=CLIENT-PC
SourceName=Microsoft-Windows-Security-SPP
Type=Information
RecordNumber=3263
Keywords=Classic
TaskCategory=None
OpCode=None
Message=The Software Protection service has completed licensing status check.
Application Id=55c92734-d682-4d71-983e-d6ec3f16059f
Licensing Status=
1: 040fa323-92b1-4baf-97a2-5b67feaefddb, 1, 0 [(0 [0xC004F014, 0, 0], [(?)(?)(?)(?)(?)(?)(?)(?)])(1 )(2 )(3 )]
2: 0724cb7d-3437-4cb7-93cb-830375d0079d, 1, 0 [(0 [0xC004F014, 0, 0], [(?)(?)(?)(?)(?)(?)(?)(?)])(1 )(2 )(3 )]
3: 0ad2ac98-7bb9-4201-8d92-312299201369, 1, 0 [(0 [0xC004F014, 0, 0], [(?)(?)(?)(?)(?)(?)(?)(?)])(1 )(2 )(3 )]
4: 1a9a717a-cf13-4ba5-83c3-0fe25fa868d5, 1, 0 [(0 [0xC004F014, 0, 0], [(?)(?)(?)(?)(?)(?)(?)(?)])(1 )(2 )(3 )]
5: 221a02da-e2a1-4b75-864c-0a4410a33fdf, 1, 0 [(0 [0xC004F014, 0, 0], [(?)(?)(?)(?)(?)(?)(?)(?)])(1 )(2 )(3 )]
6: 291ece0e-9c38-40ca-a9e1-32cc7ec19507, 1, 0 [(0 [0xC004F014, 0, 0], [(?)(?)(?)(?)(?)(?)(?)(?)])(1 )(2 )(3 )]
7: 2936d1d2-913a-4542-b54e-ce5a602a2a38, 1, 0 [(0 [0xC004F014, 0, 0], [(?)(?)(?)(?)(?)(?)(?)(?)])(1 )(2 )(3 )]
8: 2c293c26-a45a-4a2a-a350-c69a67097529, 1, 0 [(0 [0xC004F014, 0, 0], [(?)(?)(?)(?)(?)(?)(?)(?)])(1 )(2 )(3 )]
9: 2de67392-b7a7-462a-b1ca-108dd189f588, 1, 0 [(0 [0xC004F014, 0, 0], [(?)(?)(?)(?)(?)(?)(?)(?)])(1 )(2 )(3 )]
10: 2ffd8952-423e-4903-b993-72a1aa44cf82, 1, 0 [(0 [0xC004F014, 0, 0], [(?)(?)(?)(?)(?)(?)(?)(?)])(1 )(2 )(3 )]
11: 30a42c86-b7a0-4a34-8c90-ff177cb2acb7, 1, 0 [(0 [0xC004F014, 0, 0], [(?)(?)(?)(?)(?)(?)(?)(?)])(1 )(2 )(3 )]
12: 345a5db0-d94f-4e3b-a0c0-7c42f7bc3ebf, 1, 0 [(0 [0xC004F014, 0, 0], [(?)(?)(?)(?)(?)(?)(?)(?)])(1 )(2 )(3 )]
13: 3502365a-f88a-4ba4-822a-5769d3073b65, 1, 0 [(0 [0xC004F014, 0, 0], [(?)(?)(?)(?)(?)(?)(?)(?)])(1 )(2 )(3 )]
14: 377333b1-8b5d-48d6-9679-1225c872d37c, 1, 0 [(0 [0xC004F014, 0, 0], [(?)(?)(?)(?)(?)(?)(?)(?)])(1 )(2 )(3 )]
15: 3df374ef-d444-4494-a5a1-4b0d9fd0e203, 1, 0 [(0 [0xC004F014, 0, 0], [(?)(?)(?)(?)(?)(?)(?)(?)])(1 )(2 )(3 )]
16: 3f1afc82-f8ac-4f6c-8005-1d233e606eee, 1, 0 [(0 [0xC004F014, 0, 0], [(?)(?)(?)(?)(?)(?)(?)(?)])(1 )(2 )(3 )]
17: 49cd895b-53b2-4dc4-a5f7-b18aa019ad37, 1, 0 [(0 [0xC004F014, 0, 0], [(?)(?)(?)(?)(?)(?)(?)(?)])(1 )(2 )(3 )]
18: 4de7cb65-cdf1-4de9-8ae8-e3cce27b9f2c, 1, 0 [(0 [0xC004F014, 0, 0], [(?)(?)(?)(?)(?)(?)(?)(?)])(1 )(2 )(3 )]
19: 4f3da0d2-271d-4508-ae81-626b60809a38, 1, 0 [(0 [0xC004F014, 0, 0], [(?)(?)(?)(?)(?)(?)(?)(?)])(1 )(2 )(3 )]
20: 60b3ec1b-9545-4921-821f-311b129dd6f6, 1, 0 [(0 [0xC004F014, 0, 0], [(?)(?)(?)(?)(?)(?)(?)(?)])(1 )(2 )(3 )]
21: 613d217f-7f13-4268-9907-1662339531cd, 1, 0 [(0 [0xC004F014, 0, 0], [(?)(?)(?)(?)(?)(?)(?)(?)])(1 )(2 )(3 )]
22: 62f0c100-9c53-4e02-b886-a3528ddfe7f6, 1, 0 [(0 [0xC004F014, 0, 0], [(?)(?)(?)(?)(?)(?)(?)(?)])(1 )(2 )(3 )]
23: 6365275e-368d-46ca-a0ef-fc0404119333, 1, 0 [(0 [0xC004F014, 0, 0], [(?)(?)(?)(?)(?)(?)(?)(?)])(1 )(2 )(3 )]
24: 721f9237-9341-4453-a661-09e8baa6cca5, 1, 0 [(0 [0xC004F014, 0, 0], [(?)(?)(?)(?)(?)(?)(?)(?)])(1 )(2 )(3 )]
25: 73111121-5638-40f6-bc11-f1d7b0d64300, 1, 0 [(0 [0xC004F014, 0, 0], [(?)(?)(?)(?)(?)(?)(?)(?)])(1 )(2 )(3 )]
26: 7a802526-4c94-4bd1-ba14-835a1aca2120, 1, 0 [(0 [0xC004F014, 0, 0], [(?)(?)(?)(?)(?)(?)(?)(?)])(1 )(2 )(3 )]
27: 7cb546c0-c7d5-44d8-9a5c-69ecdd782b69, 1, 0 [(0 [0xC004F014, 0, 0], [(?)(?)(?)(?)(?)(?)(?)(?)])(1 )(2 )(3 )]
28: 82bbc092-bc50-4e16-8e18-b74fc486aec3, 1, 0 [(0 [0xC004F014, 0, 0], [(?)(?)(?)(?)(?)(?)(?)(?)])(1 )(2 )(3 )]
29: 8ab9bdd1-1f67-4997-82d9-8878520837d9, 1, 0 [(0 [0xC004F014, 0, 0], [(?)(?)(?)(?)(?)(?)(?)(?)])(1 )(2 )(3 )]
30: 8b351c9c-f398-4515-9900-09df49427262, 1, 0 [(0 [0xC004F014, 0, 0], [(?)(?)(?)(?)(?)(?)(?)(?)])(1 )(2 )(3 )]
31: 90da7373-1c51-430b-bf26-c97e9c5cdc31, 1, 0 [(0 [0xC004F014, 0, 0], [(?)(?)(?)(?)(?)(?)(?)(?)])(1 )(2 )(3 )]
32: 95dca82f-385d-4d39-b85b-5c73fa285d6f, 1, 0 [(0 [0xC004F014, 0, 0], [(?)(?)(?)(?)(?)(?)(?)(?)])(1 )(2 )(3 )]
33: a48938aa-62fa-4966-9d44-9f04da3f72f2, 1, 0 [(0 [0xC004F014, 0, 0], [(?)(?)(?)(?)(?)(?)(?)(?)])(1 )(2 )(3 )]
34: b0773a15-df3a-4312-9ad2-83d69648e356, 1, 0 [(0 [0xC004F014, 0, 0], [(?)(?)(?)(?)(?)(?)(?)(?)])(1 )(2 )(3 )]
35: b4bfe195-541e-4e64-ad23-6177f19e395e, 1, 0 [(0 [0xC004F014, 0, 0], [(?)(?)(?)(?)(?)(?)(?)(?)])(1 )(2 )(3 )]
36: b68e61d2-68ca-4757-be45-0cc2f3e68eee, 1, 0 [(0 [0xC004F014, 0, 0], [(?)(?)(?)(?)(?)(?)(?)(?)])(1 )(2 )(3 )]
37: bd3762d7-270d-4760-8fb3-d829ca45278a, 1, 0 [(0 [0xC004F014, 0, 0], [(?)(?)(?)(?)(?)(?)(?)(?)])(1 )(2 )(3 )]
38: c86d5194-4840-4dae-9c1c-0301003a5ab0, 1, 0 [(0 [0xC004F014, 0, 0], [(?)(?)(?)(?)(?)(?)(?)(?)])(1 )(2 )(3 )]
39: d552befb-48cc-4327-8f39-47d2d94f987c, 1, 0 [(0 [0xC004F014, 0, 0], [(?)(?)(?)(?)(?)(?)(?)(?)])(1 )(2 )(3 )]
40: d6eadb3b-5ca8-4a6b-986e-35b550756111, 1, 0 [(0 [0xC004F014, 0, 0], [(?)(?)(?)(?)(?)(?)(?)(?)])(1 )(2 )(3 )]
41: df96023b-dcd9-4be2-afa0-c6c871159ebe, 1, 0 [(0 [0xC004F014, 0, 0], [(?)(?)(?)(?)(?)(?)(?)(?)])(1 )(2 )(3 )]
42: e0c42288-980c-4788-a014-c080d2e1926e, 1, 0 [(0 [0xC004F014, 0, 0], [(?)(?)(?)(?)(?)(?)(?)(?)])(1 )(2 )(3 )]
43: e4db50ea-bda1-4566-b047-0ca50abc6f07, 1, 0 [(0 [0xC004F014, 0, 0], [(?)(?)(?)(?)(?)(?)(?)(?)])(1 )(2 )(3 )]
44: e558417a-5123-4f6f-91e7-385c1c7ca9d4, 1, 1 [(0 )(1 )(2 [0xC004E003, 0, 0], [( 1 0xC004F034)( 1 0xC004F034)(?)(?)(?)(?)(?)(?)])(3 [0x00000000, 0, 0], [( 6 0xC004F009 0 0)( 1 0x00000000)( 6 0xC004F009 0 0)(?)(?)(?)( 10 0x00000000 msft:rm/algorithm/flags/1.0)( 11 0x00000000 0xC004F034)])]
45: e7a950a2-e548-4f10-bf16-02ec848e0643, 1, 0 [(0 [0xC004F014, 0, 0], [(?)(?)(?)(?)(?)(?)(?)(?)])(1 )(2 )(3 )]
46: eb6d346f-1c60-4643-b960-40ec31596c45, 1, 0 [(0 [0xC004F014, 0, 0], [(?)(?)(?)(?)(?)(?)(?)(?)])(1 )(2 )(3 )]
47: ec868e65-fadf-4759-b23e-93fe37f2cc29, 1, 0 [(0 [0xC004F014, 0, 0], [(?)(?)(?)(?)(?)(?)(?)(?)])(1 )(2 )(3 )]
48: ef51e000-2659-4f25-8345-3de70a9cf4c4, 1, 0 [(0 [0xC004F014, 0, 0], [(?)(?)(?)(?)(?)(?)(?)(?)])(1 )(2 )(3 )]
49: f7af7d09-40e4-419c-a49b-eae366689ebd, 1, 0 [(0 [0xC004F014, 0, 0], [(?)(?)(?)(?)(?)(?)(?)(?)])(1 )(2 )(3 )]
50: fa755fe6-6739-40b9-8d84-6d0ea3b6d1ab, 1, 0 [(0 [0xC004F014, 0, 0], [(?)(?)(?)(?)(?)(?)(?)(?)])(1 )(2 )(3 )]
51: fe74f55b-0338-41d6-b267-4a201abe7285, 1, 0 [(0 [0xC004F014, 0, 0], [(?)(?)(?)(?)(?)(?)(?)(?)])(1 )(2 )(3 )]","2023-09-22T00:09:20.000+03:00",,,,,,,,,,,,,,,,,,,,,,,,,,,,,,,,,,,,,,,,,,,,,,,,,,,,,,,,,,,,,,,,,,,,,,,,,,,,,,,,,,,,,,,,,,,,,,,,,,,,,,,,,,,,,,,,,,,,,,,,,,,,,,,,"CLIENT-PC",,,main,,,,65,,,,"//_::_====-=---======________.\r_=----\r_=:_----,_,_",,"WinEventLog:Application","WinEventLog:Application",SIEM,,,,,,,,
,,,,,,,"CLIENT-PC",,,,,1014,2,,,,,,,,,,,,,,,,,,,Classic,,,Application,,,,"Acquisition of End User License failed. hr=0xC004C008
Sku Id=e558417a-5123-4f6f-91e7-385c1c7ca9d4",,,,,,,,,,None,,,,,,,,,,,,,,,,,,,3262,,,,,,,,,,,,,,,,"Microsoft-Windows-Security-SPP",,,,None,,,Error,,,"09/22/2023 12:09:19 AM
LogName=Application
EventCode=1014
EventType=2
ComputerName=CLIENT-PC
SourceName=Microsoft-Windows-Security-SPP
Type=Error
RecordNumber=3262
Keywords=Classic
TaskCategory=None
OpCode=None
Message=Acquisition of End User License failed. hr=0xC004C008
Sku Id=e558417a-5123-4f6f-91e7-385c1c7ca9d4","2023-09-22T00:09:19.000+03:00",,,,,,,,,,,,,,,,,,,,,,,,,,,,,,,,,,,,,,,,,,,,,,,,,,,,,,,,,,,,,,,,,,,,,,,,,,,,,,,,,,,,,,,,,,,,,,,,,,,,,,,,,,,,,,,,,,,,,,,,,,,,,,,,"CLIENT-PC",,,main,,,,13,,,,"//_::_====-=---======_____._=\r_=----",,"WinEventLog:Application","WinEventLog:Application",SIEM,,,,,,,,
,,,,,,,"CLIENT-PC",,,,,8200,2,,,,,,,,,,,,,,,,,,,Classic,,,Application,,,,"License acquisition failure details. 
hr=0xC004C008",,,,,,,,,,None,,,,,,,,,,,,,,,,,,,3261,,,,,,,,,,,,,,,,"Microsoft-Windows-Security-SPP",,,,None,,,Error,,,"09/22/2023 12:09:19 AM
LogName=Application
EventCode=8200
EventType=2
ComputerName=CLIENT-PC
SourceName=Microsoft-Windows-Security-SPP
Type=Error
RecordNumber=3261
Keywords=Classic
TaskCategory=None
OpCode=None
Message=License acquisition failure details. 
hr=0xC004C008","2023-09-22T00:09:19.000+03:00",,,,,,,,,,,,,,,,,,,,,,,,,,,,,,,,,,,,,,,,,,,,,,,,,,,,,,,,,,,,,,,,,,,,,,,,,,,,,,,,,,,,,,,,,,,,,,,,,,,,,,,,,,,,,,,,,,,,,,,,,,,,,,,,"CLIENT-PC",,,main,,,,13,,,,"//_::_====-=---======___._\r=",,"WinEventLog:Application","WinEventLog:Application",SIEM,,,,,,,,
,,,,,,,"CLIENT-PC",,,,,16394,4,,,,,,,,,,,,,,,,,,,Classic,,,Application,,,,"Offline downlevel migration succeeded.",,,,,,,,,,None,,,,,,,,,,,,,,,,,,,3260,,,,,,,,,,,,,,,,"Microsoft-Windows-Security-SPP",,,,None,,,Information,,,"09/22/2023 12:09:13 AM
LogName=Application
EventCode=16394
EventType=4
ComputerName=CLIENT-PC
SourceName=Microsoft-Windows-Security-SPP
Type=Information
RecordNumber=3260
Keywords=Classic
TaskCategory=None
OpCode=None
Message=Offline downlevel migration succeeded.","2023-09-22T00:09:13.000+03:00",,,,,,,,,,,,,,,,,,,,,,,,,,,,,,,,,,,,,,,,,,,,,,,,,,,,,,,,,,,,,,,,,,,,,,,,,,,,,,,,,,,,,,,,,,,,,,,,,,,,,,,,,,,,,,,,,,,,,,,,,,,,,,,,"CLIENT-PC",,,main,,,,12,,,,"//_::_====-=---======___.",,"WinEventLog:Application","WinEventLog:Application",SIEM,,,,,,,,
,,,,,,,"CLIENT-PC",,,,,6000,4,,,,,,,,,,,,,,,,,,,Classic,,,Application,,,,"The winlogon notification subscriber <SessionEnv> was unavailable to handle a notification event.",,,,,,,,,,None,,,,,,,,,,,,,,,,,,,3259,,,,,,,,,,,,,,,,"Microsoft-Windows-Winlogon",,,,None,,,Information,,,"09/22/2023 12:09:07 AM
LogName=Application
EventCode=6000
EventType=4
ComputerName=CLIENT-PC
SourceName=Microsoft-Windows-Winlogon
Type=Information
RecordNumber=3259
Keywords=Classic
TaskCategory=None
OpCode=None
Message=The winlogon notification subscriber <SessionEnv> was unavailable to handle a notification event.","2023-09-22T00:09:07.000+03:00",,,,,,,,,,,,,,,,,,,,,,,,,,,,,,,,,,,,,,,,,,,,,,,,,,,,,,,,,,,,,,,,,,,,,,,,,,,,,,,,,,,,,,,,,,,,,,,,,,,,,,,,,,,,,,,,,,,,,,,,,,,,,,,,"CLIENT-PC",,,main,,,,12,,,,"//_::_====-=--======____<>_______.",,"WinEventLog:Application","WinEventLog:Application",SIEM,,,,,,,,
,,,,,,,"CLIENT-PC",,,,,7001,4,,,,,,,,,,,,,,,,,,,None,,,System,,,,"User Logon Notification for Customer Experience Improvement Program",,,,,,,,,,Info,,,,,,,,,,,,,,,,,,,2277,,,,,,,,,,,,,,"S-1-5-18",0,"Microsoft-Windows-Winlogon",,,,1101,,,Information,"NOT_TRANSLATED",,"09/22/2023 12:09:06 AM
LogName=System
EventCode=7001
EventType=4
ComputerName=CLIENT-PC
User=NOT_TRANSLATED
Sid=S-1-5-18
SidType=0
SourceName=Microsoft-Windows-Winlogon
Type=Information
RecordNumber=2277
Keywords=None
TaskCategory=1101
OpCode=Info
Message=User Logon Notification for Customer Experience Improvement Program","2023-09-22T00:09:06.000+03:00",,,,,,,,,,,,,,,,,,,,,,,,,,,,,,,,,,,,,,,,,,,,,,,,,,,,,,,,,,,,,,,,,,,,,,,,,,,,,,,,,,,,,,,,,,,,,,,,,,,,,,,,,,,,,,,,,,,,,,,,,,,,,,,,"CLIENT-PC",,,main,,,,15,,,,"//_::_====-==---==--======_______",,"WinEventLog:System","WinEventLog:System",SIEM,,,,,,,,
,,,,,,,"CLIENT-PC",,,,,6003,4,,,,,,,,,,,,,,,,,,,Classic,,,Application,,,,"The winlogon notification subscriber <SessionEnv> was unavailable to handle a critical notification event.",,,,,,,,,,None,,,,,,,,,,,,,,,,,,,3258,,,,,,,,,,,,,,,,"Microsoft-Windows-Winlogon",,,,None,,,Information,,,"09/22/2023 12:09:06 AM
LogName=Application
EventCode=6003
EventType=4
ComputerName=CLIENT-PC
SourceName=Microsoft-Windows-Winlogon
Type=Information
RecordNumber=3258
Keywords=Classic
TaskCategory=None
OpCode=None
Message=The winlogon notification subscriber <SessionEnv> was unavailable to handle a critical notification event.","2023-09-22T00:09:06.000+03:00",,,,,,,,,,,,,,,,,,,,,,,,,,,,,,,,,,,,,,,,,,,,,,,,,,,,,,,,,,,,,,,,,,,,,,,,,,,,,,,,,,,,,,,,,,,,,,,,,,,,,,,,,,,,,,,,,,,,,,,,,,,,,,,,"CLIENT-PC",,,main,,,,12,,,,"//_::_====-=--======____<>________.",,"WinEventLog:Application","WinEventLog:Application",SIEM,,,,,,,,
,,,,,,,"CLIENT-PC",,,,,16,4,,,,,,,,,,,,,,,,,,,None,,,System,,,,"The access history in hive \??\C:\ProgramData\Microsoft\Windows\AppRepository\Packages\Microsoft.Windows.Photos_2023.11090.12017.0_x64__8wekyb3d8bbwe\ActivationStore.dat was cleared updating 0 keys and creating 0 modified pages.",,,,,,,,,,Info,,,,,,,,,,,,,,,,,,,2276,,,,,,,,,,,,,,"S-1-5-18",0,"Microsoft-Windows-Kernel-General",,,,None,,,Information,"NOT_TRANSLATED",,"09/22/2023 12:08:13 AM
LogName=System
EventCode=16
EventType=4
ComputerName=CLIENT-PC
User=NOT_TRANSLATED
Sid=S-1-5-18
SidType=0
SourceName=Microsoft-Windows-Kernel-General
Type=Information
RecordNumber=2276
Keywords=None
TaskCategory=None
OpCode=Info
Message=The access history in hive \??\C:\ProgramData\Microsoft\Windows\AppRepository\Packages\Microsoft.Windows.Photos_2023.11090.12017.0_x64__8wekyb3d8bbwe\ActivationStore.dat was cleared updating 0 keys and creating 0 modified pages.","2023-09-22T00:08:13.000+03:00",,,,,,,,,,,,,,,,,,,,,,,,,,,,,,,,,,,,,,,,,,,,,,,,,,,,,,,,,,,,,,,,,,,,,,,,,,,,,,,,,,,,,,,,,,,,,,,,,,,,,,,,,,,,,,,,,,,,,,,,,,,,,,,,"CLIENT-PC",,,main,,,,15,,,,"//_::_====-==---==---======_____\??\:\\\\\\.....\.",,"WinEventLog:System","WinEventLog:System",SIEM,,,,,,,,
,,,,,,,"CLIENT-PC",,,,,16,4,,,,,,,,,,,,,,,,,,,None,,,System,,,,"The access history in hive \??\C:\ProgramData\Microsoft\Windows\AppRepository\Packages\microsoft.windowscommunicationsapps_16005.14326.21580.0_x64__8wekyb3d8bbwe\ActivationStore.dat was cleared updating 0 keys and creating 0 modified pages.",,,,,,,,,,Info,,,,,,,,,,,,,,,,,,,2275,,,,,,,,,,,,,,"S-1-5-18",0,"Microsoft-Windows-Kernel-General",,,,None,,,Information,"NOT_TRANSLATED",,"09/22/2023 12:08:08 AM
LogName=System
EventCode=16
EventType=4
ComputerName=CLIENT-PC
User=NOT_TRANSLATED
Sid=S-1-5-18
SidType=0
SourceName=Microsoft-Windows-Kernel-General
Type=Information
RecordNumber=2275
Keywords=None
TaskCategory=None
OpCode=Info
Message=The access history in hive \??\C:\ProgramData\Microsoft\Windows\AppRepository\Packages\microsoft.windowscommunicationsapps_16005.14326.21580.0_x64__8wekyb3d8bbwe\ActivationStore.dat was cleared updating 0 keys and creating 0 modified pages.","2023-09-22T00:08:08.000+03:00",,,,,,,,,,,,,,,,,,,,,,,,,,,,,,,,,,,,,,,,,,,,,,,,,,,,,,,,,,,,,,,,,,,,,,,,,,,,,,,,,,,,,,,,,,,,,,,,,,,,,,,,,,,,,,,,,,,,,,,,,,,,,,,,"CLIENT-PC",,,main,,,,15,,,,"//_::_====-==---==---======_____\??\:\\\\\\....\._",,"WinEventLog:System","WinEventLog:System",SIEM,,,,,,,,
,,,,,,,"CLIENT-PC",,,,,16384,4,,,,,,,,,,,,,,,,,,,Classic,,,Application,,,,"Successfully scheduled Software Protection service for re-start at 2023-09-22T20:16:07Z. Reason: RulesEngine.",,,,,,,,,,None,,,,,,,,,,,,,,,,,,,3257,,,,,,,,,,,,,,,,"Microsoft-Windows-Security-SPP",,,,None,,,Information,,,"09/22/2023 12:08:07 AM
LogName=Application
EventCode=16384
EventType=4
ComputerName=CLIENT-PC
SourceName=Microsoft-Windows-Security-SPP
Type=Information
RecordNumber=3257
Keywords=Classic
TaskCategory=None
OpCode=None
Message=Successfully scheduled Software Protection service for re-start at 2023-09-22T20:16:07Z. Reason: RulesEngine.","2023-09-22T00:08:07.000+03:00",,,,,,,,,,,,,,,,,,,,,,,,,,,,,,,,,,,,,,,,,,,,,,,,,,,,,,,,,,,,,,,,,,,,,,,,,,,,,,,,,,,,,,,,,,,,,,,,,,,,,,,,,,,,,,,,,,,,,,,,,,,,,,,,"CLIENT-PC",,,main,,,,12,,,,"//_::_====-=---======______-__--::._:_.",,"WinEventLog:Application","WinEventLog:Application",SIEM,,,,,,,,
,,,,,,,"CLIENT-PC",,,,,16,4,,,,,,,,,,,,,,,,,,,None,,,System,,,,"The access history in hive \??\C:\ProgramData\Microsoft\Windows\AppRepository\Packages\Microsoft.ZuneMusic_11.2308.3.0_x64__8wekyb3d8bbwe\ActivationStore.dat was cleared updating 0 keys and creating 0 modified pages.",,,,,,,,,,Info,,,,,,,,,,,,,,,,,,,2274,,,,,,,,,,,,,,"S-1-5-18",0,"Microsoft-Windows-Kernel-General",,,,None,,,Information,"NOT_TRANSLATED",,"09/22/2023 12:08:02 AM
LogName=System
EventCode=16
EventType=4
ComputerName=CLIENT-PC
User=NOT_TRANSLATED
Sid=S-1-5-18
SidType=0
SourceName=Microsoft-Windows-Kernel-General
Type=Information
RecordNumber=2274
Keywords=None
TaskCategory=None
OpCode=Info
Message=The access history in hive \??\C:\ProgramData\Microsoft\Windows\AppRepository\Packages\Microsoft.ZuneMusic_11.2308.3.0_x64__8wekyb3d8bbwe\ActivationStore.dat was cleared updating 0 keys and creating 0 modified pages.","2023-09-22T00:08:02.000+03:00",,,,,,,,,,,,,,,,,,,,,,,,,,,,,,,,,,,,,,,,,,,,,,,,,,,,,,,,,,,,,,,,,,,,,,,,,,,,,,,,,,,,,,,,,,,,,,,,,,,,,,,,,,,,,,,,,,,,,,,,,,,,,,,,"CLIENT-PC",,,main,,,,15,,,,"//_::_====-==---==---======_____\??\:\\\\\\....\._",,"WinEventLog:System","WinEventLog:System",SIEM,,,,,,,,
,,,,,,,"CLIENT-PC",,,,,44,4,,,,,,,,,,,,,,,,,,,"Download, Started",,,System,,,,"Windows Update started downloading an update.",,,,,,,,,,Download,,,,,,,,,,,,,,,,,,,2273,,,,,,,,,,,,,,"S-1-5-18",0,"Microsoft-Windows-WindowsUpdateClient",,,,"Windows Update Agent",,,Information,"NOT_TRANSLATED",,"09/22/2023 12:07:59 AM
LogName=System
EventCode=44
EventType=4
ComputerName=CLIENT-PC
User=NOT_TRANSLATED
Sid=S-1-5-18
SidType=0
SourceName=Microsoft-Windows-WindowsUpdateClient
Type=Information
RecordNumber=2273
Keywords=Download, Started
TaskCategory=Windows Update Agent
OpCode=Download
Message=Windows Update started downloading an update.","2023-09-22T00:07:59.000+03:00",,,,,,,,,,,,,,,,,,,,,,,,,,,,,,,,,,,,,,,,,,,,,,,,,,,,,,,,,,,,,,,,,,,,,,,,,,,,,,,,,,,,,,,,,,,,,,,,,,,,,,,,,,,,,,,,,,,,,,,,,,,,,,,,"CLIENT-PC",,,main,,,,15,,,,"//_::_====-==---==--===,_=__==_____.",,"WinEventLog:System","WinEventLog:System",SIEM,,,,,,,,
,,,,,,,"CLIENT-PC",,,,,16,4,,,,,,,,,,,,,,,,,,,None,,,System,,,,"The access history in hive \??\C:\ProgramData\Microsoft\Windows\AppRepository\Packages\Microsoft.Services.Store.Engagement_10.0.23012.0_x64__8wekyb3d8bbwe\ActivationStore.dat was cleared updating 0 keys and creating 0 modified pages.",,,,,,,,,,Info,,,,,,,,,,,,,,,,,,,2272,,,,,,,,,,,,,,"S-1-5-18",0,"Microsoft-Windows-Kernel-General",,,,None,,,Information,"NOT_TRANSLATED",,"09/22/2023 12:07:56 AM
LogName=System
EventCode=16
EventType=4
ComputerName=CLIENT-PC
User=NOT_TRANSLATED
Sid=S-1-5-18
SidType=0
SourceName=Microsoft-Windows-Kernel-General
Type=Information
RecordNumber=2272
Keywords=None
TaskCategory=None
OpCode=Info
Message=The access history in hive \??\C:\ProgramData\Microsoft\Windows\AppRepository\Packages\Microsoft.Services.Store.Engagement_10.0.23012.0_x64__8wekyb3d8bbwe\ActivationStore.dat was cleared updating 0 keys and creating 0 modified pages.","2023-09-22T00:07:56.000+03:00",,,,,,,,,,,,,,,,,,,,,,,,,,,,,,,,,,,,,,,,,,,,,,,,,,,,,,,,,,,,,,,,,,,,,,,,,,,,,,,,,,,,,,,,,,,,,,,,,,,,,,,,,,,,,,,,,,,,,,,,,,,,,,,,"CLIENT-PC",,,main,,,,15,,,,"//_::_====-==---==---======_____\??\:\\\\\\......\",,"WinEventLog:System","WinEventLog:System",SIEM,,,,,,,,
,,,,,,,"CLIENT-PC",,,,,16,4,,,,,,,,,,,,,,,,,,,None,,,System,,,,"The access history in hive \??\C:\ProgramData\Microsoft\Windows\AppRepository\Packages\Microsoft.Services.Store.Engagement_10.0.23012.0_x86__8wekyb3d8bbwe\ActivationStore.dat was cleared updating 0 keys and creating 0 modified pages.",,,,,,,,,,Info,,,,,,,,,,,,,,,,,,,2271,,,,,,,,,,,,,,"S-1-5-18",0,"Microsoft-Windows-Kernel-General",,,,None,,,Information,"NOT_TRANSLATED",,"09/22/2023 12:07:54 AM
LogName=System
EventCode=16
EventType=4
ComputerName=CLIENT-PC
User=NOT_TRANSLATED
Sid=S-1-5-18
SidType=0
SourceName=Microsoft-Windows-Kernel-General
Type=Information
RecordNumber=2271
Keywords=None
TaskCategory=None
OpCode=Info
Message=The access history in hive \??\C:\ProgramData\Microsoft\Windows\AppRepository\Packages\Microsoft.Services.Store.Engagement_10.0.23012.0_x86__8wekyb3d8bbwe\ActivationStore.dat was cleared updating 0 keys and creating 0 modified pages.","2023-09-22T00:07:54.000+03:00",,,,,,,,,,,,,,,,,,,,,,,,,,,,,,,,,,,,,,,,,,,,,,,,,,,,,,,,,,,,,,,,,,,,,,,,,,,,,,,,,,,,,,,,,,,,,,,,,,,,,,,,,,,,,,,,,,,,,,,,,,,,,,,,"CLIENT-PC",,,main,,,,15,,,,"//_::_====-==---==---======_____\??\:\\\\\\......\",,"WinEventLog:System","WinEventLog:System",SIEM,,,,,,,,
,,,,,,,"CLIENT-PC",,,,,44,4,,,,,,,,,,,,,,,,,,,"Download, Started",,,System,,,,"Windows Update started downloading an update.",,,,,,,,,,Download,,,,,,,,,,,,,,,,,,,2270,,,,,,,,,,,,,,"S-1-5-18",0,"Microsoft-Windows-WindowsUpdateClient",,,,"Windows Update Agent",,,Information,"NOT_TRANSLATED",,"09/22/2023 12:07:52 AM
LogName=System
EventCode=44
EventType=4
ComputerName=CLIENT-PC
User=NOT_TRANSLATED
Sid=S-1-5-18
SidType=0
SourceName=Microsoft-Windows-WindowsUpdateClient
Type=Information
RecordNumber=2270
Keywords=Download, Started
TaskCategory=Windows Update Agent
OpCode=Download
Message=Windows Update started downloading an update.","2023-09-22T00:07:52.000+03:00",,,,,,,,,,,,,,,,,,,,,,,,,,,,,,,,,,,,,,,,,,,,,,,,,,,,,,,,,,,,,,,,,,,,,,,,,,,,,,,,,,,,,,,,,,,,,,,,,,,,,,,,,,,,,,,,,,,,,,,,,,,,,,,,"CLIENT-PC",,,main,,,,15,,,,"//_::_====-==---==--===,_=__==_____.",,"WinEventLog:System","WinEventLog:System",SIEM,,,,,,,,
