,,,,,,,"CLIENT-PC",,,,,44,4,,,,,,,,,,,,,,,,,,,"Download, Started",,,System,,,,"Windows Update started downloading an update.",,,,,,,,,,Download,,,,,,,,,,,,,,,,,,,2269,,,,,,,,,,,,,,"S-1-5-18",0,"Microsoft-Windows-WindowsUpdateClient",,,,"Windows Update Agent",,,Information,"NOT_TRANSLATED",,"09/22/2023 12:07:52 AM
LogName=System
EventCode=44
EventType=4
ComputerName=CLIENT-PC
User=NOT_TRANSLATED
Sid=S-1-5-18
SidType=0
SourceName=Microsoft-Windows-WindowsUpdateClient
Type=Information
RecordNumber=2269
Keywords=Download, Started
TaskCategory=Windows Update Agent
OpCode=Download
Message=Windows Update started downloading an update.","2023-09-22T00:07:52.000+03:00",,,,,,,,,,,,,,,,,,,,,,,,,,,,,,,,,,,,,,,,,,,,,,,,,,,,,,,,,,,,,,,,,,,,,,,,,,,,,,,,,,,,,,,,,,,,,,,,,,,,,,,,,,,,,,,,,,,,,,,,,,,,,,,,"CLIENT-PC",,,main,,,,15,,,,"//_::_====-==---==--===,_=__==_____.",,"WinEventLog:System","WinEventLog:System",SIEM,,,,,,,,
,,,,,,,"CLIENT-PC",,,,,44,4,,,,,,,,,,,,,,,,,,,"Download, Started",,,System,,,,"Windows Update started downloading an update.",,,,,,,,,,Download,,,,,,,,,,,,,,,,,,,2268,,,,,,,,,,,,,,"S-1-5-18",0,"Microsoft-Windows-WindowsUpdateClient",,,,"Windows Update Agent",,,Information,"NOT_TRANSLATED",,"09/22/2023 12:07:52 AM
LogName=System
EventCode=44
EventType=4
ComputerName=CLIENT-PC
User=NOT_TRANSLATED
Sid=S-1-5-18
SidType=0
SourceName=Microsoft-Windows-WindowsUpdateClient
Type=Information
RecordNumber=2268
Keywords=Download, Started
TaskCategory=Windows Update Agent
OpCode=Download
Message=Windows Update started downloading an update.","2023-09-22T00:07:52.000+03:00",,,,,,,,,,,,,,,,,,,,,,,,,,,,,,,,,,,,,,,,,,,,,,,,,,,,,,,,,,,,,,,,,,,,,,,,,,,,,,,,,,,,,,,,,,,,,,,,,,,,,,,,,,,,,,,,,,,,,,,,,,,,,,,,"CLIENT-PC",,,main,,,,15,,,,"//_::_====-==---==--===,_=__==_____.",,"WinEventLog:System","WinEventLog:System",SIEM,,,,,,,,
,,,,,,,"CLIENT-PC",,,,,7040,4,,,,,,,,,,,,,,,,,,,Classic,,,System,,,,"The start type of the Background Intelligent Transfer Service service was changed from auto start to demand start.",,,,,,,,,,"The operation completed successfully.",,,,,,,,,,,,,,,,,,,2267,,,,,,,,,,,,,,"S-1-5-18",0,"Microsoft-Windows-Service Control Manager",,,,None,,,Information,"NOT_TRANSLATED",,"09/22/2023 12:07:36 AM
LogName=System
EventCode=7040
EventType=4
ComputerName=CLIENT-PC
User=NOT_TRANSLATED
Sid=S-1-5-18
SidType=0
SourceName=Microsoft-Windows-Service Control Manager
Type=Information
RecordNumber=2267
Keywords=Classic
TaskCategory=None
OpCode=The operation completed successfully.
Message=The start type of the Background Intelligent Transfer Service service was changed from auto start to demand start.","2023-09-22T00:07:36.000+03:00",,,,,,,,,,,,,,,,,,,,,,,,,,,,,,,,,,,,,,,,,,,,,,,,,,,,,,,,,,,,,,,,,,,,,,,,,,,,,,,,,,,,,,,,,,,,,,,,,,,,,,,,,,,,,,,,,,,,,,,,,,,,,,,,"CLIENT-PC",,,main,,,,15,,,,"//_::_====-==---==--__=====___.=_________________.",,"WinEventLog:System","WinEventLog:System",SIEM,,,,,,,,
,,,,,,,"CLIENT-PC",,,,,16394,4,,,,,,,,,,,,,,,,,,,Classic,,,Application,,,,"Offline downlevel migration succeeded.",,,,,,,,,,None,,,,,,,,,,,,,,,,,,,3256,,,,,,,,,,,,,,,,"Microsoft-Windows-Security-SPP",,,,None,,,Information,,,"09/22/2023 12:07:30 AM
LogName=Application
EventCode=16394
EventType=4
ComputerName=CLIENT-PC
SourceName=Microsoft-Windows-Security-SPP
Type=Information
RecordNumber=3256
Keywords=Classic
TaskCategory=None
OpCode=None
Message=Offline downlevel migration succeeded.","2023-09-22T00:07:30.000+03:00",,,,,,,,,,,,,,,,,,,,,,,,,,,,,,,,,,,,,,,,,,,,,,,,,,,,,,,,,,,,,,,,,,,,,,,,,,,,,,,,,,,,,,,,,,,,,,,,,,,,,,,,,,,,,,,,,,,,,,,,,,,,,,,,"CLIENT-PC",,,main,,,,12,,,,"//_::_====-=---======___.",,"WinEventLog:Application","WinEventLog:Application",SIEM,,,,,,,,
,,,,,,,"CLIENT-PC",,,,,0,4,,,,,,,,,,,,,,,,,,,Classic,,,Application,,,,"The operation completed successfully.",,,,,,,,,,Info,,,,,,,,,,,,,,,,,,,3255,,,,,,,,,,,,,,,,gupdate,,,,None,,,Information,,,"09/22/2023 12:06:13 AM
LogName=Application
EventCode=0
EventType=4
ComputerName=CLIENT-PC
SourceName=gupdate
Type=Information
RecordNumber=3255
Keywords=Classic
TaskCategory=None
OpCode=Info
Message=The operation completed successfully.","2023-09-22T00:06:13.000+03:00",,,,,,,,,,,,,,,,,,,,,,,,,,,,,,,,,,,,,,,,,,,,,,,,,,,,,,,,,,,,,,,,,,,,,,,,,,,,,,,,,,,,,,,,,,,,,,,,,,,,,,,,,,,,,,,,,,,,,,,,,,,,,,,,"CLIENT-PC",,,main,,,,12,,,,"//_::_====-=======___.",,"WinEventLog:Application","WinEventLog:Application",SIEM,,,,,,,,
,,,,,,,"CLIENT-PC",,,,,16384,4,,,,,,,,,,,,,,,,,,,Classic,,,Application,,,,"Successfully scheduled Software Protection service for re-start at 2023-09-22T20:16:58Z. Reason: RulesEngine.",,,,,,,,,,None,,,,,,,,,,,,,,,,,,,3254,,,,,,,,,,,,,,,,"Microsoft-Windows-Security-SPP",,,,None,,,Information,,,"09/22/2023 12:05:58 AM
LogName=Application
EventCode=16384
EventType=4
ComputerName=CLIENT-PC
SourceName=Microsoft-Windows-Security-SPP
Type=Information
RecordNumber=3254
Keywords=Classic
TaskCategory=None
OpCode=None
Message=Successfully scheduled Software Protection service for re-start at 2023-09-22T20:16:58Z. Reason: RulesEngine.","2023-09-22T00:05:58.000+03:00",,,,,,,,,,,,,,,,,,,,,,,,,,,,,,,,,,,,,,,,,,,,,,,,,,,,,,,,,,,,,,,,,,,,,,,,,,,,,,,,,,,,,,,,,,,,,,,,,,,,,,,,,,,,,,,,,,,,,,,,,,,,,,,,"CLIENT-PC",,,main,,,,12,,,,"//_::_====-=---======______-__--::._:_.",,"WinEventLog:Application","WinEventLog:Application",SIEM,,,,,,,,
,,,,,,,"CLIENT-PC",,,,,1003,4,,,,,,,,,,,,,,,,,,,Classic,,,Application,,,,"The Windows Search Service started.",,,,,,,,,,"NOTE:  This dummy error message is necessary to force MC to output        the above defines inside the FACILITY_WINDOWS guard instead        of leaving it empty.",,,,,,,,,,,,,,,,,,,3253,,,,,,,,,,,,,,,,"Microsoft-Windows-Search",,,,"Search service",,,Information,,,"09/22/2023 12:05:34 AM
LogName=Application
EventCode=1003
EventType=4
ComputerName=CLIENT-PC
SourceName=Microsoft-Windows-Search
Type=Information
RecordNumber=3253
Keywords=Classic
TaskCategory=Search service
OpCode=NOTE:  This dummy error message is necessary to force MC to output        the above defines inside the FACILITY_WINDOWS guard instead        of leaving it empty.
Message=The Windows Search Service started.","2023-09-22T00:05:34.000+03:00",,,,,,,,,,,,,,,,,,,,,,,,,,,,,,,,,,,,,,,,,,,,,,,,,,,,,,,,,,,,,,,,,,,,,,,,,,,,,,,,,,,,,,,,,,,,,,,,,,,,,,,,,,,,,,,,,,,,,,,,,,,,,,,,"CLIENT-PC",,,main,,,,12,,,,"//_::_====-=--====_=:_____________________________",,"WinEventLog:Application","WinEventLog:Application",SIEM,,,,,,,,
,,,,,,,"CLIENT-PC",,,,,15,4,,,,,,,,,,,,,,,,,,,Classic,,,Application,,,,"Updated Windows Defender status successfully to SECURITY_PRODUCT_STATE_ON.",,,,,,,,,,Info,,,,,,,,,,,,,,,,,,,3252,,,,,,,,,,,,,,,,SecurityCenter,,,,None,,,Information,,,"09/22/2023 12:05:34 AM
LogName=Application
EventCode=15
EventType=4
ComputerName=CLIENT-PC
SourceName=SecurityCenter
Type=Information
RecordNumber=3252
Keywords=Classic
TaskCategory=None
OpCode=Info
Message=Updated Windows Defender status successfully to SECURITY_PRODUCT_STATE_ON.","2023-09-22T00:05:34.000+03:00",,,,,,,,,,,,,,,,,,,,,,,,,,,,,,,,,,,,,,,,,,,,,,,,,,,,,,,,,,,,,,,,,,,,,,,,,,,,,,,,,,,,,,,,,,,,,,,,,,,,,,,,,,,,,,,,,,,,,,,,,,,,,,,,"CLIENT-PC",,,main,,,,12,,,,"//_::_====-=======______.",,"WinEventLog:Application","WinEventLog:Application",SIEM,,,,,,,,
,,"lgposAttach = 00000024:001D:0268,",,,,,"CLIENT-PC",,,,,326,4,,,,,,,,,,,,,,,,,,,Classic,,,Application,,,,"SearchIndexer (2244,D,50) Windows: The database engine attached a database (1, C:\ProgramData\Microsoft\Search\Data\Applications\Windows\Windows.edb). (Time=0 seconds) 
 
Saved Cache: 0 0 
Additional Data: lgposAttach = 00000024:001D:0268,
dbv = 1568.110.240 
 
Internal Timing Sequence: 
[1] 0.000007 +J(0) +M(C:0K, Fs:1, WS:4K # 0K, PF:0K # 0K, P:0K)
[2] 0.004000 -0.000002 (1) WT +J(0) +M(C:0K, Fs:24, WS:32K # 0K, PF:32K # 0K, P:32K)
[3] 0.008058 -0.000763 (5) WT +J(CM:0, PgRf:0, Rd:0/0, Dy:0/0, Lg:3480/2) +M(C:0K, Fs:36, WS:108K # 0K, PF:140K # 0K, P:140K)
[4] 0.000179 +J(0) +M(C:0K, Fs:1, WS:4K # 0K, PF:0K # 0K, P:0K)
[5] -
[6] -
[7] -
[8] 0.002490 -0.001841 (2) CM +J(CM:2, PgRf:2, Rd:14/2, Dy:0/0, Lg:54/1) +M(C:0K, Fs:50, WS:196K # 0K, PF:664K # 0K, P:664K)
[9] 0.014136 -0.000814 (5) CM -0.012906 (1) WT +J(CM:5, PgRf:23, Rd:0/5, Dy:0/0, Lg:0/0) +M(C:0K, Fs:68, WS:272K # 0K, PF:256K # 128K, P:256K)
[10] 0.001346 -0.000427 (1) CM +J(CM:1, PgRf:40, Rd:0/1, Dy:0/0, Lg:0/0) +M(C:0K, Fs:10, WS:40K # 0K, PF:96K # 96K, P:96K)
[11] 0.000019 +J(CM:0, PgRf:1, Rd:0/0, Dy:0/0, Lg:0/0) +M(C:0K, Fs:3, WS:12K # 0K, PF:0K # 0K, P:0K)
[12] 0.000048 +J(CM:0, PgRf:42, Rd:0/0, Dy:0/0, Lg:0/0) +M(C:0K, Fs:3, WS:12K # 0K, PF:0K # 0K, P:0K)
[13] 0.0 +J(0)
[14] 0.0 +J(0)
[15] 0.000005 +J(CM:0, PgRf:1, Rd:0/0, Dy:0/0, Lg:0/0).",,,,,,,,,,Info,,,,,,,,,,,,,,,,,,,3251,,,,,"0 0",,,,,,,,,,,ESENT,,,,General,,,Information,,,"09/22/2023 12:05:32 AM
LogName=Application
EventCode=326
EventType=4
ComputerName=CLIENT-PC
SourceName=ESENT
Type=Information
RecordNumber=3251
Keywords=Classic
TaskCategory=General
OpCode=Info
Message=SearchIndexer (2244,D,50) Windows: The database engine attached a database (1, C:\ProgramData\Microsoft\Search\Data\Applications\Windows\Windows.edb). (Time=0 seconds) 
 
Saved Cache: 0 0 
Additional Data: lgposAttach = 00000024:001D:0268,
dbv = 1568.110.240 
 
Internal Timing Sequence: 
[1] 0.000007 +J(0) +M(C:0K, Fs:1, WS:4K # 0K, PF:0K # 0K, P:0K)
[2] 0.004000 -0.000002 (1) WT +J(0) +M(C:0K, Fs:24, WS:32K # 0K, PF:32K # 0K, P:32K)
[3] 0.008058 -0.000763 (5) WT +J(CM:0, PgRf:0, Rd:0/0, Dy:0/0, Lg:3480/2) +M(C:0K, Fs:36, WS:108K # 0K, PF:140K # 0K, P:140K)
[4] 0.000179 +J(0) +M(C:0K, Fs:1, WS:4K # 0K, PF:0K # 0K, P:0K)
[5] -
[6] -
[7] -
[8] 0.002490 -0.001841 (2) CM +J(CM:2, PgRf:2, Rd:14/2, Dy:0/0, Lg:54/1) +M(C:0K, Fs:50, WS:196K # 0K, PF:664K # 0K, P:664K)
[9] 0.014136 -0.000814 (5) CM -0.012906 (1) WT +J(CM:5, PgRf:23, Rd:0/5, Dy:0/0, Lg:0/0) +M(C:0K, Fs:68, WS:272K # 0K, PF:256K # 128K, P:256K)
[10] 0.001346 -0.000427 (1) CM +J(CM:1, PgRf:40, Rd:0/1, Dy:0/0, Lg:0/0) +M(C:0K, Fs:10, WS:40K # 0K, PF:96K # 96K, P:96K)
[11] 0.000019 +J(CM:0, PgRf:1, Rd:0/0, Dy:0/0, Lg:0/0) +M(C:0K, Fs:3, WS:12K # 0K, PF:0K # 0K, P:0K)
[12] 0.000048 +J(CM:0, PgRf:42, Rd:0/0, Dy:0/0, Lg:0/0) +M(C:0K, Fs:3, WS:12K # 0K, PF:0K # 0K, P:0K)
[13] 0.0 +J(0)
[14] 0.0 +J(0)
[15] 0.000005 +J(CM:0, PgRf:1, Rd:0/0, Dy:0/0, Lg:0/0).","2023-09-22T00:05:32.000+03:00",,,,,,,,,,,,,,,,,,,,,,,,,,,,,,,,,,,,,,,,,,,,,,,,,,,,,,,,,,,,,,,,,,,,,,,,,,,,,,,,,,,,,,,,,,,,,,,,,,,,,,,,,,,,,,,,,,,,,,,,,,,,,,,,"CLIENT-PC",,,main,,,,33,,,,"//_::_====-=======_(,,)_:_______(,_:\\\\\\\.)._(=_",,"WinEventLog:Application","WinEventLog:Application",SIEM,,,,,,,,
,,,,,,,"CLIENT-PC",,,,,105,4,,,,,,,,,,,,,,,,,,,Classic,,,Application,,,,"SearchIndexer (2244,D,0) Windows: The database engine started a new instance (0). (Time=0 seconds) 
 
Additional Data:
  
 
Internal Timing Sequence: 
[1] 0.004791 +J(0) +M(C:0K, Fs:225, WS:880K # 880K, PF:4976K # 4976K, P:4976K)
[2] 0.001076 +J(0) +M(C:0K, Fs:110, WS:440K # 440K, PF:364K # 364K, P:364K)
[3] 0.001965 +J(0) +M(C:0K, Fs:11, WS:40K # 40K, PF:68K # 68K, P:68K)
[4] 0.000178 +J(0) +M(C:0K, Fs:26, WS:104K # 104K, PF:356K # 356K, P:356K)
[5] 0.001170 +J(0) +M(C:0K, Fs:11, WS:44K # 44K, PF:24K # 32K, P:24K)
[6] 0.053866 +J(0) +M(C:0K, Fs:25, WS:100K # 100K, PF:12K # 4K, P:12K)
[7] 0.005941 -0.000004 (2) WT +J(0) +M(C:0K, Fs:270, WS:1076K # 1076K, PF:1028K # 1028K, P:1028K)
[8] -
[9] -
[10] -
[11] -
[12] -
[13] 0.007622 -0.000001 (1) WT +J(CM:0, PgRf:0, Rd:0/0, Dy:0/0, Lg:616/1) +M(C:0K, Fs:9, WS:-996K # 28K, PF:-1020K # 12K, P:-1020K)
[14] 0.000018 +J(0)
[15] 0.000077 +J(0) +M(C:0K, Fs:65, WS:260K # 0K, PF:64K # 0K, P:64K)
[16] 0.000232 +J(0) +M(C:0K, Fs:2, WS:0K # 0K, PF:0K # 0K, P:0K).",,,,,,,,,,Info,,,,,,,,,,,,,,,,,,,3250,,,,,,,,,,,,,,,,ESENT,,,,General,,,Information,,,"09/22/2023 12:05:32 AM
LogName=Application
EventCode=105
EventType=4
ComputerName=CLIENT-PC
SourceName=ESENT
Type=Information
RecordNumber=3250
Keywords=Classic
TaskCategory=General
OpCode=Info
Message=SearchIndexer (2244,D,0) Windows: The database engine started a new instance (0). (Time=0 seconds) 
 
Additional Data:
  
 
Internal Timing Sequence: 
[1] 0.004791 +J(0) +M(C:0K, Fs:225, WS:880K # 880K, PF:4976K # 4976K, P:4976K)
[2] 0.001076 +J(0) +M(C:0K, Fs:110, WS:440K # 440K, PF:364K # 364K, P:364K)
[3] 0.001965 +J(0) +M(C:0K, Fs:11, WS:40K # 40K, PF:68K # 68K, P:68K)
[4] 0.000178 +J(0) +M(C:0K, Fs:26, WS:104K # 104K, PF:356K # 356K, P:356K)
[5] 0.001170 +J(0) +M(C:0K, Fs:11, WS:44K # 44K, PF:24K # 32K, P:24K)
[6] 0.053866 +J(0) +M(C:0K, Fs:25, WS:100K # 100K, PF:12K # 4K, P:12K)
[7] 0.005941 -0.000004 (2) WT +J(0) +M(C:0K, Fs:270, WS:1076K # 1076K, PF:1028K # 1028K, P:1028K)
[8] -
[9] -
[10] -
[11] -
[12] -
[13] 0.007622 -0.000001 (1) WT +J(CM:0, PgRf:0, Rd:0/0, Dy:0/0, Lg:616/1) +M(C:0K, Fs:9, WS:-996K # 28K, PF:-1020K # 12K, P:-1020K)
[14] 0.000018 +J(0)
[15] 0.000077 +J(0) +M(C:0K, Fs:65, WS:260K # 0K, PF:64K # 0K, P:64K)
[16] 0.000232 +J(0) +M(C:0K, Fs:2, WS:0K # 0K, PF:0K # 0K, P:0K).","2023-09-22T00:05:32.000+03:00",,,,,,,,,,,,,,,,,,,,,,,,,,,,,,,,,,,,,,,,,,,,,,,,,,,,,,,,,,,,,,,,,,,,,,,,,,,,,,,,,,,,,,,,,,,,,,,,,,,,,,,,,,,,,,,,,,,,,,,,,,,,,,,,"CLIENT-PC",,,main,,,,33,,,,"//_::_====-=======_(,,)_:________()._(=_)_\r_\r_:\r__",,"WinEventLog:Application","WinEventLog:Application",SIEM,,,,,,,,
,,,,,,,"CLIENT-PC",,,,,102,4,,,,,,,,,,,,,,,,,,,Classic,,,Application,,,,"SearchIndexer (2244,P,98) Windows: The database engine (10.00.19045.0000) is starting a new instance (0).",,,,,,,,,,Info,,,,,,,,,,,,,,,,,,,3249,,,,,,,,,,,,,,,,ESENT,,,,General,,,Information,,,"09/22/2023 12:05:32 AM
LogName=Application
EventCode=102
EventType=4
ComputerName=CLIENT-PC
SourceName=ESENT
Type=Information
RecordNumber=3249
Keywords=Classic
TaskCategory=General
OpCode=Info
Message=SearchIndexer (2244,P,98) Windows: The database engine (10.00.19045.0000) is starting a new instance (0).","2023-09-22T00:05:32.000+03:00",,,,,,,,,,,,,,,,,,,,,,,,,,,,,,,,,,,,,,,,,,,,,,,,,,,,,,,,,,,,,,,,,,,,,,,,,,,,,,,,,,,,,,,,,,,,,,,,,,,,,,,,,,,,,,,,,,,,,,,,,,,,,,,,"CLIENT-PC",,,main,,,,12,,,,"//_::_====-=======_(,,)_:____(...)______().",,"WinEventLog:Application","WinEventLog:Application",SIEM,,,,,,,,
,,,,,,,"CLIENT-PC",,,,,1,4,,,,,,,,,,,,,,,,,,,Classic,,,Application,,,,"The Windows Security Center Service has started.",,,,,,,,,,Info,,,,,,,,,,,,,,,,,,,3248,,,,,,,,,,,,,,,,SecurityCenter,,,,None,,,Information,,,"09/22/2023 12:05:32 AM
LogName=Application
EventCode=1
EventType=4
ComputerName=CLIENT-PC
SourceName=SecurityCenter
Type=Information
RecordNumber=3248
Keywords=Classic
TaskCategory=None
OpCode=Info
Message=The Windows Security Center Service has started.","2023-09-22T00:05:32.000+03:00",,,,,,,,,,,,,,,,,,,,,,,,,,,,,,,,,,,,,,,,,,,,,,,,,,,,,,,,,,,,,,,,,,,,,,,,,,,,,,,,,,,,,,,,,,,,,,,,,,,,,,,,,,,,,,,,,,,,,,,,,,,,,,,,"CLIENT-PC",,,main,,,,12,,,,"//_::_====-=======______.",,"WinEventLog:Application","WinEventLog:Application",SIEM,,,,,,,,
,,,,,,,"CLIENT-PC",,,,,10016,3,,,,,,,,,,,,,,,,,,,Classic,,,System,,,,"The application-specific permission settings do not grant Local Launch permission for the COM Server application with CLSID 
Windows.SecurityCenter.WscDataProtection
 and APPID 
Unavailable
 to the user NT AUTHORITY\SYSTEM SID (S-1-5-18) from address LocalHost (Using LRPC) running in the application container Unavailable SID (Unavailable). This security permission can be modified using the Component Services administrative tool.",,,,,,,,,,Info,,,,,,,,,,,,,,,,,,,2266,,,,,,,,,,,,,,"S-1-5-18",0,"Microsoft-Windows-DistributedCOM",,,,None,,,Warning,"NOT_TRANSLATED",,"09/22/2023 12:05:31 AM
LogName=System
EventCode=10016
EventType=3
ComputerName=CLIENT-PC
User=NOT_TRANSLATED
Sid=S-1-5-18
SidType=0
SourceName=Microsoft-Windows-DistributedCOM
Type=Warning
RecordNumber=2266
Keywords=Classic
TaskCategory=None
OpCode=Info
Message=The application-specific permission settings do not grant Local Launch permission for the COM Server application with CLSID 
Windows.SecurityCenter.WscDataProtection
 and APPID 
Unavailable
 to the user NT AUTHORITY\SYSTEM SID (S-1-5-18) from address LocalHost (Using LRPC) running in the application container Unavailable SID (Unavailable). This security permission can be modified using the Component Services administrative tool.","2023-09-22T00:05:31.000+03:00",,,,,,,,,,,,,,,,,,,,,,,,,,,,,,,,,,,,,,,,,,,,,,,,,,,,,,,,,,,,,,,,,,,,,,,,,,,,,,,,,,,,,,,,,,,,,,,,,,,,,,,,,,,,,,,,,,,,,,,,,,,,,,,,"CLIENT-PC",,,main,,,,19,,,,"//_::_====-==---==--======_-________________\r..\r__",,"WinEventLog:System","WinEventLog:System",SIEM,,,,,,,,
,,,,,,,"CLIENT-PC",,,,,16394,4,,,,,,,,,,,,,,,,,,,Classic,,,Application,,,,"Offline downlevel migration succeeded.",,,,,,,,,,None,,,,,,,,,,,,,,,,,,,3247,,,,,,,,,,,,,,,,"Microsoft-Windows-Security-SPP",,,,None,,,Information,,,"09/22/2023 12:05:31 AM
LogName=Application
EventCode=16394
EventType=4
ComputerName=CLIENT-PC
SourceName=Microsoft-Windows-Security-SPP
Type=Information
RecordNumber=3247
Keywords=Classic
TaskCategory=None
OpCode=None
Message=Offline downlevel migration succeeded.","2023-09-22T00:05:31.000+03:00",,,,,,,,,,,,,,,,,,,,,,,,,,,,,,,,,,,,,,,,,,,,,,,,,,,,,,,,,,,,,,,,,,,,,,,,,,,,,,,,,,,,,,,,,,,,,,,,,,,,,,,,,,,,,,,,,,,,,,,,,,,,,,,,"CLIENT-PC",,,main,,,,12,,,,"//_::_====-=---======___.",,"WinEventLog:Application","WinEventLog:Application",SIEM,,,,,,,,
,,,,,,,"CLIENT-PC",,,,,900,4,,,,,,,,,,,,,,,,,,,Classic,,,Application,,,,"The Software Protection service is starting.
Parameters:<explicit>",,,,,,,,,,None,,,,,,,,,,,,,,,,,,,3246,,,,,,,,,,,,,,,,"Microsoft-Windows-Security-SPP",,,,None,,,Information,,,"09/22/2023 12:05:31 AM
LogName=Application
EventCode=900
EventType=4
ComputerName=CLIENT-PC
SourceName=Microsoft-Windows-Security-SPP
Type=Information
RecordNumber=3246
Keywords=Classic
TaskCategory=None
OpCode=None
Message=The Software Protection service is starting.
Parameters:<explicit>","2023-09-22T00:05:31.000+03:00",,,,,,,,,,,,,,,,,,,,,,,,,,,,,,,,,,,,,,,,,,,,,,,,,,,,,,,,,,,,,,,,,,,,,,,,,,,,,,,,,,,,,,,,,,,,,,,,,,,,,,,,,,,,,,,,,,,,,,,,,,,,,,,,"CLIENT-PC",,,main,,,,13,,,,"//_::_====-=---======_____.\r:<>",,"WinEventLog:Application","WinEventLog:Application",SIEM,,,,,,,,
,,,,,,,"CLIENT-PC",,,,,0,4,,,,,,,,,,,,,,,,,,,Classic,,,Application,,,,"The operation completed successfully.",,,,,,,,,,Info,,,,,,,,,,,,,,,,,,,3245,,,,,,,,,,,,,,,,gupdate,,,,None,,,Information,,,"09/22/2023 12:05:30 AM
LogName=Application
EventCode=0
EventType=4
ComputerName=CLIENT-PC
SourceName=gupdate
Type=Information
RecordNumber=3245
Keywords=Classic
TaskCategory=None
OpCode=Info
Message=The operation completed successfully.","2023-09-22T00:05:30.000+03:00",,,,,,,,,,,,,,,,,,,,,,,,,,,,,,,,,,,,,,,,,,,,,,,,,,,,,,,,,,,,,,,,,,,,,,,,,,,,,,,,,,,,,,,,,,,,,,,,,,,,,,,,,,,,,,,,,,,,,,,,,,,,,,,,"CLIENT-PC",,,main,,,,12,,,,"//_::_====-=======___.",,"WinEventLog:Application","WinEventLog:Application",SIEM,,,,,,,,
,,,,,,,"CLIENT-PC",,,,,0,4,,,,,,,,,,,,,,,,,,,Classic,,,Application,,,,"Service stopped.",,,,,,,,,,Info,,,,,,,,,,,,,,,,,,,3244,,,,,,,,,,,,,,,,edgeupdate,,,,None,,,Information,,,"09/22/2023 12:05:29 AM
LogName=Application
EventCode=0
EventType=4
ComputerName=CLIENT-PC
SourceName=edgeupdate
Type=Information
RecordNumber=3244
Keywords=Classic
TaskCategory=None
OpCode=Info
Message=Service stopped.","2023-09-22T00:05:29.000+03:00",,,,,,,,,,,,,,,,,,,,,,,,,,,,,,,,,,,,,,,,,,,,,,,,,,,,,,,,,,,,,,,,,,,,,,,,,,,,,,,,,,,,,,,,,,,,,,,,,,,,,,,,,,,,,,,,,,,,,,,,,,,,,,,,"CLIENT-PC",,,main,,,,12,,,,"//_::_====-=======_.",,"WinEventLog:Application","WinEventLog:Application",SIEM,,,,,,,,
,,,,,,,"CLIENT-PC",,,,,903,0,,,,,,,,,,,,,,,,,,,Classic,,,Application,,,,"The Software Protection service has stopped.",,,,,,,,,,None,,,,,,,,,,,,,,,,,,,3243,,,,,,,,,,,,,,,,"Microsoft-Windows-Security-SPP",,,,None,,,Information,,,"09/22/2023 12:05:24 AM
LogName=Application
EventCode=903
EventType=0
ComputerName=CLIENT-PC
SourceName=Microsoft-Windows-Security-SPP
Type=Information
RecordNumber=3243
Keywords=Classic
TaskCategory=None
OpCode=None
Message=The Software Protection service has stopped.","2023-09-22T00:05:24.000+03:00",,,,,,,,,,,,,,,,,,,,,,,,,,,,,,,,,,,,,,,,,,,,,,,,,,,,,,,,,,,,,,,,,,,,,,,,,,,,,,,,,,,,,,,,,,,,,,,,,,,,,,,,,,,,,,,,,,,,,,,,,,,,,,,,"CLIENT-PC",,,main,,,,12,,,,"//_::_====-=---======_____.",,"WinEventLog:Application","WinEventLog:Application",SIEM,,,,,,,,
,,,,,,,"CLIENT-PC",,,,,16384,4,,,,,,,,,,,,,,,,,,,Classic,,,Application,,,,"Successfully scheduled Software Protection service for re-start at 2023-09-22T20:16:24Z. Reason: RulesEngine.",,,,,,,,,,None,,,,,,,,,,,,,,,,,,,3242,,,,,,,,,,,,,,,,"Microsoft-Windows-Security-SPP",,,,None,,,Information,,,"09/22/2023 12:05:24 AM
LogName=Application
EventCode=16384
EventType=4
ComputerName=CLIENT-PC
SourceName=Microsoft-Windows-Security-SPP
Type=Information
RecordNumber=3242
Keywords=Classic
TaskCategory=None
OpCode=None
Message=Successfully scheduled Software Protection service for re-start at 2023-09-22T20:16:24Z. Reason: RulesEngine.","2023-09-22T00:05:24.000+03:00",,,,,,,,,,,,,,,,,,,,,,,,,,,,,,,,,,,,,,,,,,,,,,,,,,,,,,,,,,,,,,,,,,,,,,,,,,,,,,,,,,,,,,,,,,,,,,,,,,,,,,,,,,,,,,,,,,,,,,,,,,,,,,,,"CLIENT-PC",,,main,,,,12,,,,"//_::_====-=---======______-__--::._:_.",,"WinEventLog:Application","WinEventLog:Application",SIEM,,,,,,,,
,,,,,,,"CLIENT-PC",,,,,19,4,,,,,,,,,,,,,,,,,,,"Installation, Success",,,System,,,,"Installation Successful: Windows successfully installed the following update: 2023-09 Cumulative Update for Windows 10 Version 22H2 for x64-based Systems (KB5030211)",,,,,,,,,,Installation,,,,,,,,,,,,,,,,,,,2265,,,,,,,,,,,,,,"S-1-5-18",0,"Microsoft-Windows-WindowsUpdateClient",,,,"Windows Update Agent",,,Information,"NOT_TRANSLATED",,"09/22/2023 12:05:23 AM
LogName=System
EventCode=19
EventType=4
ComputerName=CLIENT-PC
User=NOT_TRANSLATED
Sid=S-1-5-18
SidType=0
SourceName=Microsoft-Windows-WindowsUpdateClient
Type=Information
RecordNumber=2265
Keywords=Installation, Success
TaskCategory=Windows Update Agent
OpCode=Installation
Message=Installation Successful: Windows successfully installed the following update: 2023-09 Cumulative Update for Windows 10 Version 22H2 for x64-based Systems (KB5030211)","2023-09-22T00:05:23.000+03:00",,,,,,,,,,,,,,,,,,,,,,,,,,,,,,,,,,,,,,,,,,,,,,,,,,,,,,,,,,,,,,,,,,,,,,,,,,,,,,,,,,,,,,,,,,,,,,,,,,,,,,,,,,,,,,,,,,,,,,,,,,,,,,,,"CLIENT-PC",,,main,,,,15,,,,"//_::_====-==---==--===,_=__==_:______:_-_________",,"WinEventLog:System","WinEventLog:System",SIEM,,,,,,,,
,,,,,,,"CLIENT-PC",,,,,7040,4,,,,,,,,,,,,,,,,,,,Classic,,,System,,,,"The start type of the Windows Modules Installer service was changed from auto start to demand start.",,,,,,,,,,"The operation completed successfully.",,,,,,,,,,,,,,,,,,,2264,,,,,,,,,,,,,,"S-1-5-18",0,"Microsoft-Windows-Service Control Manager",,,,None,,,Information,"NOT_TRANSLATED",,"09/22/2023 12:05:12 AM
LogName=System
EventCode=7040
EventType=4
ComputerName=CLIENT-PC
User=NOT_TRANSLATED
Sid=S-1-5-18
SidType=0
SourceName=Microsoft-Windows-Service Control Manager
Type=Information
RecordNumber=2264
Keywords=Classic
TaskCategory=None
OpCode=The operation completed successfully.
Message=The start type of the Windows Modules Installer service was changed from auto start to demand start.","2023-09-22T00:05:12.000+03:00",,,,,,,,,,,,,,,,,,,,,,,,,,,,,,,,,,,,,,,,,,,,,,,,,,,,,,,,,,,,,,,,,,,,,,,,,,,,,,,,,,,,,,,,,,,,,,,,,,,,,,,,,,,,,,,,,,,,,,,,,,,,,,,,"CLIENT-PC",,,main,,,,15,,,,"//_::_====-==---==--__=====___.=________________.",,"WinEventLog:System","WinEventLog:System",SIEM,,,,,,,,
,,,,,,,"CLIENT-PC",,,,,2,0,,,,,,,,,,,,,,,,,,,None,,,Setup,,,,"Package KB5030211 was successfully changed to the Installed state.",,,,,,,,,,Info,,,,,,,,,,,,,,,,,,,27,,,,,,,,,,,,,,"S-1-5-18",0,"Microsoft-Windows-Servicing",,,,1,,,Information,"NOT_TRANSLATED",,"09/22/2023 12:05:02 AM
LogName=Setup
EventCode=2
EventType=0
ComputerName=CLIENT-PC
User=NOT_TRANSLATED
Sid=S-1-5-18
SidType=0
SourceName=Microsoft-Windows-Servicing
Type=Information
RecordNumber=27
Keywords=None
TaskCategory=1
OpCode=Info
Message=Package KB5030211 was successfully changed to the Installed state.","2023-09-22T00:05:02.000+03:00",,,,,,,,,,,,,,,,,,,,,,,,,,,,,,,,,,,,,,,,,,,,,,,,,,,,,,,,,,,,,,,,,,,,,,,,,,,,,,,,,,,,,,,,,,,,,,,,,,,,,,,,,,,,,,,,,,,,,,,,,,,,,,,,"CLIENT-PC",,,main,,,,15,,,,"//_::_====-==---==--======________.",,"WinEventLog:Setup","WinEventLog:Setup",SIEM,,,,,,,,
,,,,,,,"CLIENT-PC",,,,,16,4,,,,,,,,,,,,,,,,,,,None,,,System,,,,"The access history in hive \??\C:\ProgramData\Microsoft\Windows\AppRepository\Packages\MicrosoftWindows.Client.CBS_1000.19044.1000.0_x64__cw5n1h2txyewy\ActivationStore.dat was cleared updating 0 keys and creating 0 modified pages.",,,,,,,,,,Info,,,,,,,,,,,,,,,,,,,2263,,,,,,,,,,,,,,"S-1-5-18",0,"Microsoft-Windows-Kernel-General",,,,None,,,Information,"NOT_TRANSLATED",,"09/22/2023 12:04:49 AM
LogName=System
EventCode=16
EventType=4
ComputerName=CLIENT-PC
User=NOT_TRANSLATED
Sid=S-1-5-18
SidType=0
SourceName=Microsoft-Windows-Kernel-General
Type=Information
RecordNumber=2263
Keywords=None
TaskCategory=None
OpCode=Info
Message=The access history in hive \??\C:\ProgramData\Microsoft\Windows\AppRepository\Packages\MicrosoftWindows.Client.CBS_1000.19044.1000.0_x64__cw5n1h2txyewy\ActivationStore.dat was cleared updating 0 keys and creating 0 modified pages.","2023-09-22T00:04:49.000+03:00",,,,,,,,,,,,,,,,,,,,,,,,,,,,,,,,,,,,,,,,,,,,,,,,,,,,,,,,,,,,,,,,,,,,,,,,,,,,,,,,,,,,,,,,,,,,,,,,,,,,,,,,,,,,,,,,,,,,,,,,,,,,,,,,"CLIENT-PC",,,main,,,,15,,,,"//_::_====-==---==---======_____\??\:\\\\\\.....\.",,"WinEventLog:System","WinEventLog:System",SIEM,,,,,,,,
,,,,,,,"CLIENT-PC",,,,,8230,4,,,,,,,,,,,,,,,,,,,Classic,,,Application,,,,"The rules engine successfully re-evaluated the schedule.
Kernel policies:
Security-SPP-Action-StateData (REG_SZ) =AppId=55c92734-d682-4d71-983e-d6ec3f16059f;LastConsumptionReason=0xc004f034;LastNotificationId=NeverActivated;LicenseState=SL_LICENSING_STATUS_NOTIFICATION;PartialProductKey=W44BY;ProductKeyType=Retail;SkuId=e558417a-5123-4f6f-91e7-385c1c7ca9d4;ruleId=31e71c49-8da7-4a2f-ad92-45d98a1c79ba;uxDifferentiator=RETAIL",,,,,,,,,,None,,,,,,,,,,,,,,,,,,,3241,,,,,,,,,,,,,,,,"Microsoft-Windows-Security-SPP",,,,None,,,Information,,,"09/22/2023 12:04:48 AM
LogName=Application
EventCode=8230
EventType=4
ComputerName=CLIENT-PC
SourceName=Microsoft-Windows-Security-SPP
Type=Information
RecordNumber=3241
Keywords=Classic
TaskCategory=None
OpCode=None
Message=The rules engine successfully re-evaluated the schedule.
Kernel policies:
Security-SPP-Action-StateData (REG_SZ) =AppId=55c92734-d682-4d71-983e-d6ec3f16059f;LastConsumptionReason=0xc004f034;LastNotificationId=NeverActivated;LicenseState=SL_LICENSING_STATUS_NOTIFICATION;PartialProductKey=W44BY;ProductKeyType=Retail;SkuId=e558417a-5123-4f6f-91e7-385c1c7ca9d4;ruleId=31e71c49-8da7-4a2f-ad92-45d98a1c79ba;uxDifferentiator=RETAIL","2023-09-22T00:04:48.000+03:00",,,,,,,,,,,,,,,,,,,,,,,,,,,,,,,,,,,,,,,,,,,,,,,,,,,,,,,,,,,,,,,,,,,,,,,,,,,,,,,,,,,,,,,,,,,,,,,,,,,,,,,,,,,,,,,,,,,,,,,,,,,,,,,,"CLIENT-PC",,,main,,,,14,,,,"//_::_====-=---======____-__.\r_:\r---_()_==----;=;=",,"WinEventLog:Application","WinEventLog:Application",SIEM,,,,,,,,
,,,,,,,"CLIENT-PC",,,,,16,4,,,,,,,,,,,,,,,,,,,None,,,System,,,,"The access history in hive \??\C:\ProgramData\Microsoft\Windows\AppRepository\Packages\Microsoft.Windows.CloudExperienceHost_10.0.19041.3393_neutral_neutral_cw5n1h2txyewy\ActivationStore.dat was cleared updating 0 keys and creating 0 modified pages.",,,,,,,,,,Info,,,,,,,,,,,,,,,,,,,2262,,,,,,,,,,,,,,"S-1-5-18",0,"Microsoft-Windows-Kernel-General",,,,None,,,Information,"NOT_TRANSLATED",,"09/22/2023 12:04:46 AM
LogName=System
EventCode=16
EventType=4
ComputerName=CLIENT-PC
User=NOT_TRANSLATED
Sid=S-1-5-18
SidType=0
SourceName=Microsoft-Windows-Kernel-General
Type=Information
RecordNumber=2262
Keywords=None
TaskCategory=None
OpCode=Info
Message=The access history in hive \??\C:\ProgramData\Microsoft\Windows\AppRepository\Packages\Microsoft.Windows.CloudExperienceHost_10.0.19041.3393_neutral_neutral_cw5n1h2txyewy\ActivationStore.dat was cleared updating 0 keys and creating 0 modified pages.","2023-09-22T00:04:46.000+03:00",,,,,,,,,,,,,,,,,,,,,,,,,,,,,,,,,,,,,,,,,,,,,,,,,,,,,,,,,,,,,,,,,,,,,,,,,,,,,,,,,,,,,,,,,,,,,,,,,,,,,,,,,,,,,,,,,,,,,,,,,,,,,,,,"CLIENT-PC",,,main,,,,15,,,,"//_::_====-==---==---======_____\??\:\\\\\\.....\.",,"WinEventLog:System","WinEventLog:System",SIEM,,,,,,,,
,,,,,,,"CLIENT-PC",,,,,902,0,,,,,,,,,,,,,,,,,,,Classic,,,Application,,,,"The Software Protection service has started.
10.0.19041.3448",,,,,,,,,,None,,,,,,,,,,,,,,,,,,,3240,,,,,,,,,,,,,,,,"Microsoft-Windows-Security-SPP",,,,None,,,Information,,,"09/22/2023 12:04:42 AM
LogName=Application
EventCode=902
EventType=0
ComputerName=CLIENT-PC
SourceName=Microsoft-Windows-Security-SPP
Type=Information
RecordNumber=3240
Keywords=Classic
TaskCategory=None
OpCode=None
Message=The Software Protection service has started.
10.0.19041.3448","2023-09-22T00:04:42.000+03:00",,,,,,,,,,,,,,,,,,,,,,,,,,,,,,,,,,,,,,,,,,,,,,,,,,,,,,,,,,,,,,,,,,,,,,,,,,,,,,,,,,,,,,,,,,,,,,,,,,,,,,,,,,,,,,,,,,,,,,,,,,,,,,,,"CLIENT-PC",,,main,,,,13,,,,"//_::_====-=---======_____.\r...",,"WinEventLog:Application","WinEventLog:Application",SIEM,,,,,,,,
,,,,,,,"CLIENT-PC",,,,,1003,4,,,,,,,,,,,,,,,,,,,Classic,,,Application,,,,"The Software Protection service has completed licensing status check.
Application Id=55c92734-d682-4d71-983e-d6ec3f16059f
Licensing Status=
1: 040fa323-92b1-4baf-97a2-5b67feaefddb, 1, 0 [(0 [0xC004F014, 0, 0], [(?)(?)(?)(?)(?)(?)(?)(?)])(1 )(2 )(3 )]
2: 0724cb7d-3437-4cb7-93cb-830375d0079d, 1, 0 [(0 [0xC004F014, 0, 0], [(?)(?)(?)(?)(?)(?)(?)(?)])(1 )(2 )(3 )]
3: 0ad2ac98-7bb9-4201-8d92-312299201369, 1, 0 [(0 [0xC004F014, 0, 0], [(?)(?)(?)(?)(?)(?)(?)(?)])(1 )(2 )(3 )]
4: 1a9a717a-cf13-4ba5-83c3-0fe25fa868d5, 1, 0 [(0 [0xC004F014, 0, 0], [(?)(?)(?)(?)(?)(?)(?)(?)])(1 )(2 )(3 )]
5: 221a02da-e2a1-4b75-864c-0a4410a33fdf, 1, 0 [(0 [0xC004F014, 0, 0], [(?)(?)(?)(?)(?)(?)(?)(?)])(1 )(2 )(3 )]
6: 291ece0e-9c38-40ca-a9e1-32cc7ec19507, 1, 0 [(0 [0xC004F014, 0, 0], [(?)(?)(?)(?)(?)(?)(?)(?)])(1 )(2 )(3 )]
7: 2936d1d2-913a-4542-b54e-ce5a602a2a38, 1, 0 [(0 [0xC004F014, 0, 0], [(?)(?)(?)(?)(?)(?)(?)(?)])(1 )(2 )(3 )]
8: 2c293c26-a45a-4a2a-a350-c69a67097529, 1, 0 [(0 [0xC004F014, 0, 0], [(?)(?)(?)(?)(?)(?)(?)(?)])(1 )(2 )(3 )]
9: 2de67392-b7a7-462a-b1ca-108dd189f588, 1, 0 [(0 [0xC004F014, 0, 0], [(?)(?)(?)(?)(?)(?)(?)(?)])(1 )(2 )(3 )]
10: 2ffd8952-423e-4903-b993-72a1aa44cf82, 1, 0 [(0 [0xC004F014, 0, 0], [(?)(?)(?)(?)(?)(?)(?)(?)])(1 )(2 )(3 )]
11: 30a42c86-b7a0-4a34-8c90-ff177cb2acb7, 1, 0 [(0 [0xC004F014, 0, 0], [(?)(?)(?)(?)(?)(?)(?)(?)])(1 )(2 )(3 )]
12: 345a5db0-d94f-4e3b-a0c0-7c42f7bc3ebf, 1, 0 [(0 [0xC004F014, 0, 0], [(?)(?)(?)(?)(?)(?)(?)(?)])(1 )(2 )(3 )]
13: 3502365a-f88a-4ba4-822a-5769d3073b65, 1, 0 [(0 [0xC004F014, 0, 0], [(?)(?)(?)(?)(?)(?)(?)(?)])(1 )(2 )(3 )]
14: 377333b1-8b5d-48d6-9679-1225c872d37c, 1, 0 [(0 [0xC004F014, 0, 0], [(?)(?)(?)(?)(?)(?)(?)(?)])(1 )(2 )(3 )]
15: 3df374ef-d444-4494-a5a1-4b0d9fd0e203, 1, 0 [(0 [0xC004F014, 0, 0], [(?)(?)(?)(?)(?)(?)(?)(?)])(1 )(2 )(3 )]
16: 3f1afc82-f8ac-4f6c-8005-1d233e606eee, 1, 0 [(0 [0xC004F014, 0, 0], [(?)(?)(?)(?)(?)(?)(?)(?)])(1 )(2 )(3 )]
17: 49cd895b-53b2-4dc4-a5f7-b18aa019ad37, 1, 0 [(0 [0xC004F014, 0, 0], [(?)(?)(?)(?)(?)(?)(?)(?)])(1 )(2 )(3 )]
18: 4de7cb65-cdf1-4de9-8ae8-e3cce27b9f2c, 1, 0 [(0 [0xC004F014, 0, 0], [(?)(?)(?)(?)(?)(?)(?)(?)])(1 )(2 )(3 )]
19: 4f3da0d2-271d-4508-ae81-626b60809a38, 1, 0 [(0 [0xC004F014, 0, 0], [(?)(?)(?)(?)(?)(?)(?)(?)])(1 )(2 )(3 )]
20: 60b3ec1b-9545-4921-821f-311b129dd6f6, 1, 0 [(0 [0xC004F014, 0, 0], [(?)(?)(?)(?)(?)(?)(?)(?)])(1 )(2 )(3 )]
21: 613d217f-7f13-4268-9907-1662339531cd, 1, 0 [(0 [0xC004F014, 0, 0], [(?)(?)(?)(?)(?)(?)(?)(?)])(1 )(2 )(3 )]
22: 62f0c100-9c53-4e02-b886-a3528ddfe7f6, 1, 0 [(0 [0xC004F014, 0, 0], [(?)(?)(?)(?)(?)(?)(?)(?)])(1 )(2 )(3 )]
23: 6365275e-368d-46ca-a0ef-fc0404119333, 1, 0 [(0 [0xC004F014, 0, 0], [(?)(?)(?)(?)(?)(?)(?)(?)])(1 )(2 )(3 )]
24: 721f9237-9341-4453-a661-09e8baa6cca5, 1, 0 [(0 [0xC004F014, 0, 0], [(?)(?)(?)(?)(?)(?)(?)(?)])(1 )(2 )(3 )]
25: 73111121-5638-40f6-bc11-f1d7b0d64300, 1, 0 [(0 [0xC004F014, 0, 0], [(?)(?)(?)(?)(?)(?)(?)(?)])(1 )(2 )(3 )]
26: 7a802526-4c94-4bd1-ba14-835a1aca2120, 1, 0 [(0 [0xC004F014, 0, 0], [(?)(?)(?)(?)(?)(?)(?)(?)])(1 )(2 )(3 )]
27: 7cb546c0-c7d5-44d8-9a5c-69ecdd782b69, 1, 0 [(0 [0xC004F014, 0, 0], [(?)(?)(?)(?)(?)(?)(?)(?)])(1 )(2 )(3 )]
28: 82bbc092-bc50-4e16-8e18-b74fc486aec3, 1, 0 [(0 [0xC004F014, 0, 0], [(?)(?)(?)(?)(?)(?)(?)(?)])(1 )(2 )(3 )]
29: 8ab9bdd1-1f67-4997-82d9-8878520837d9, 1, 0 [(0 [0xC004F014, 0, 0], [(?)(?)(?)(?)(?)(?)(?)(?)])(1 )(2 )(3 )]
30: 8b351c9c-f398-4515-9900-09df49427262, 1, 0 [(0 [0xC004F014, 0, 0], [(?)(?)(?)(?)(?)(?)(?)(?)])(1 )(2 )(3 )]
31: 90da7373-1c51-430b-bf26-c97e9c5cdc31, 1, 0 [(0 [0xC004F014, 0, 0], [(?)(?)(?)(?)(?)(?)(?)(?)])(1 )(2 )(3 )]
32: 95dca82f-385d-4d39-b85b-5c73fa285d6f, 1, 0 [(0 [0xC004F014, 0, 0], [(?)(?)(?)(?)(?)(?)(?)(?)])(1 )(2 )(3 )]
33: a48938aa-62fa-4966-9d44-9f04da3f72f2, 1, 0 [(0 [0xC004F014, 0, 0], [(?)(?)(?)(?)(?)(?)(?)(?)])(1 )(2 )(3 )]
34: b0773a15-df3a-4312-9ad2-83d69648e356, 1, 0 [(0 [0xC004F014, 0, 0], [(?)(?)(?)(?)(?)(?)(?)(?)])(1 )(2 )(3 )]
35: b4bfe195-541e-4e64-ad23-6177f19e395e, 1, 0 [(0 [0xC004F014, 0, 0], [(?)(?)(?)(?)(?)(?)(?)(?)])(1 )(2 )(3 )]
36: b68e61d2-68ca-4757-be45-0cc2f3e68eee, 1, 0 [(0 [0xC004F014, 0, 0], [(?)(?)(?)(?)(?)(?)(?)(?)])(1 )(2 )(3 )]
37: bd3762d7-270d-4760-8fb3-d829ca45278a, 1, 0 [(0 [0xC004F014, 0, 0], [(?)(?)(?)(?)(?)(?)(?)(?)])(1 )(2 )(3 )]
38: c86d5194-4840-4dae-9c1c-0301003a5ab0, 1, 0 [(0 [0xC004F014, 0, 0], [(?)(?)(?)(?)(?)(?)(?)(?)])(1 )(2 )(3 )]
39: d552befb-48cc-4327-8f39-47d2d94f987c, 1, 0 [(0 [0xC004F014, 0, 0], [(?)(?)(?)(?)(?)(?)(?)(?)])(1 )(2 )(3 )]
40: d6eadb3b-5ca8-4a6b-986e-35b550756111, 1, 0 [(0 [0xC004F014, 0, 0], [(?)(?)(?)(?)(?)(?)(?)(?)])(1 )(2 )(3 )]
41: df96023b-dcd9-4be2-afa0-c6c871159ebe, 1, 0 [(0 [0xC004F014, 0, 0], [(?)(?)(?)(?)(?)(?)(?)(?)])(1 )(2 )(3 )]
42: e0c42288-980c-4788-a014-c080d2e1926e, 1, 0 [(0 [0xC004F014, 0, 0], [(?)(?)(?)(?)(?)(?)(?)(?)])(1 )(2 )(3 )]
43: e4db50ea-bda1-4566-b047-0ca50abc6f07, 1, 0 [(0 [0xC004F014, 0, 0], [(?)(?)(?)(?)(?)(?)(?)(?)])(1 )(2 )(3 )]
44: e558417a-5123-4f6f-91e7-385c1c7ca9d4, 1, 0 [(0 )(1 )(2 [0xC004E003, 0, 0], [( 1 0xC004F034)( 1 0xC004F034)(?)(?)(?)(?)(?)(?)])(3 [0x00000000, 0, 0], [( 6 0xC004F009 0 0)( 1 0x00000000)( 6 0xC004F009 0 0)(?)(?)(?)( 10 0x00000000 msft:rm/algorithm/flags/1.0)( 11 0x00000000 0xC004F034)])]
45: e7a950a2-e548-4f10-bf16-02ec848e0643, 1, 0 [(0 [0xC004F014, 0, 0], [(?)(?)(?)(?)(?)(?)(?)(?)])(1 )(2 )(3 )]
46: eb6d346f-1c60-4643-b960-40ec31596c45, 1, 0 [(0 [0xC004F014, 0, 0], [(?)(?)(?)(?)(?)(?)(?)(?)])(1 )(2 )(3 )]
47: ec868e65-fadf-4759-b23e-93fe37f2cc29, 1, 0 [(0 [0xC004F014, 0, 0], [(?)(?)(?)(?)(?)(?)(?)(?)])(1 )(2 )(3 )]
48: ef51e000-2659-4f25-8345-3de70a9cf4c4, 1, 0 [(0 [0xC004F014, 0, 0], [(?)(?)(?)(?)(?)(?)(?)(?)])(1 )(2 )(3 )]
49: f7af7d09-40e4-419c-a49b-eae366689ebd, 1, 0 [(0 [0xC004F014, 0, 0], [(?)(?)(?)(?)(?)(?)(?)(?)])(1 )(2 )(3 )]
50: fa755fe6-6739-40b9-8d84-6d0ea3b6d1ab, 1, 0 [(0 [0xC004F014, 0, 0], [(?)(?)(?)(?)(?)(?)(?)(?)])(1 )(2 )(3 )]
51: fe74f55b-0338-41d6-b267-4a201abe7285, 1, 0 [(0 [0xC004F014, 0, 0], [(?)(?)(?)(?)(?)(?)(?)(?)])(1 )(2 )(3 )]",,,,,,,,,,None,,,,,,,,,,,,,,,,,,,3239,,,,,,,,,,,,,,,,"Microsoft-Windows-Security-SPP",,,,None,,,Information,,,"09/22/2023 12:04:42 AM
LogName=Application
EventCode=1003
EventType=4
ComputerName=CLIENT-PC
SourceName=Microsoft-Windows-Security-SPP
Type=Information
RecordNumber=3239
Keywords=Classic
TaskCategory=None
OpCode=None
Message=The Software Protection service has completed licensing status check.
Application Id=55c92734-d682-4d71-983e-d6ec3f16059f
Licensing Status=
1: 040fa323-92b1-4baf-97a2-5b67feaefddb, 1, 0 [(0 [0xC004F014, 0, 0], [(?)(?)(?)(?)(?)(?)(?)(?)])(1 )(2 )(3 )]
2: 0724cb7d-3437-4cb7-93cb-830375d0079d, 1, 0 [(0 [0xC004F014, 0, 0], [(?)(?)(?)(?)(?)(?)(?)(?)])(1 )(2 )(3 )]
3: 0ad2ac98-7bb9-4201-8d92-312299201369, 1, 0 [(0 [0xC004F014, 0, 0], [(?)(?)(?)(?)(?)(?)(?)(?)])(1 )(2 )(3 )]
4: 1a9a717a-cf13-4ba5-83c3-0fe25fa868d5, 1, 0 [(0 [0xC004F014, 0, 0], [(?)(?)(?)(?)(?)(?)(?)(?)])(1 )(2 )(3 )]
5: 221a02da-e2a1-4b75-864c-0a4410a33fdf, 1, 0 [(0 [0xC004F014, 0, 0], [(?)(?)(?)(?)(?)(?)(?)(?)])(1 )(2 )(3 )]
6: 291ece0e-9c38-40ca-a9e1-32cc7ec19507, 1, 0 [(0 [0xC004F014, 0, 0], [(?)(?)(?)(?)(?)(?)(?)(?)])(1 )(2 )(3 )]
7: 2936d1d2-913a-4542-b54e-ce5a602a2a38, 1, 0 [(0 [0xC004F014, 0, 0], [(?)(?)(?)(?)(?)(?)(?)(?)])(1 )(2 )(3 )]
8: 2c293c26-a45a-4a2a-a350-c69a67097529, 1, 0 [(0 [0xC004F014, 0, 0], [(?)(?)(?)(?)(?)(?)(?)(?)])(1 )(2 )(3 )]
9: 2de67392-b7a7-462a-b1ca-108dd189f588, 1, 0 [(0 [0xC004F014, 0, 0], [(?)(?)(?)(?)(?)(?)(?)(?)])(1 )(2 )(3 )]
10: 2ffd8952-423e-4903-b993-72a1aa44cf82, 1, 0 [(0 [0xC004F014, 0, 0], [(?)(?)(?)(?)(?)(?)(?)(?)])(1 )(2 )(3 )]
11: 30a42c86-b7a0-4a34-8c90-ff177cb2acb7, 1, 0 [(0 [0xC004F014, 0, 0], [(?)(?)(?)(?)(?)(?)(?)(?)])(1 )(2 )(3 )]
12: 345a5db0-d94f-4e3b-a0c0-7c42f7bc3ebf, 1, 0 [(0 [0xC004F014, 0, 0], [(?)(?)(?)(?)(?)(?)(?)(?)])(1 )(2 )(3 )]
13: 3502365a-f88a-4ba4-822a-5769d3073b65, 1, 0 [(0 [0xC004F014, 0, 0], [(?)(?)(?)(?)(?)(?)(?)(?)])(1 )(2 )(3 )]
14: 377333b1-8b5d-48d6-9679-1225c872d37c, 1, 0 [(0 [0xC004F014, 0, 0], [(?)(?)(?)(?)(?)(?)(?)(?)])(1 )(2 )(3 )]
15: 3df374ef-d444-4494-a5a1-4b0d9fd0e203, 1, 0 [(0 [0xC004F014, 0, 0], [(?)(?)(?)(?)(?)(?)(?)(?)])(1 )(2 )(3 )]
16: 3f1afc82-f8ac-4f6c-8005-1d233e606eee, 1, 0 [(0 [0xC004F014, 0, 0], [(?)(?)(?)(?)(?)(?)(?)(?)])(1 )(2 )(3 )]
17: 49cd895b-53b2-4dc4-a5f7-b18aa019ad37, 1, 0 [(0 [0xC004F014, 0, 0], [(?)(?)(?)(?)(?)(?)(?)(?)])(1 )(2 )(3 )]
18: 4de7cb65-cdf1-4de9-8ae8-e3cce27b9f2c, 1, 0 [(0 [0xC004F014, 0, 0], [(?)(?)(?)(?)(?)(?)(?)(?)])(1 )(2 )(3 )]
19: 4f3da0d2-271d-4508-ae81-626b60809a38, 1, 0 [(0 [0xC004F014, 0, 0], [(?)(?)(?)(?)(?)(?)(?)(?)])(1 )(2 )(3 )]
20: 60b3ec1b-9545-4921-821f-311b129dd6f6, 1, 0 [(0 [0xC004F014, 0, 0], [(?)(?)(?)(?)(?)(?)(?)(?)])(1 )(2 )(3 )]
21: 613d217f-7f13-4268-9907-1662339531cd, 1, 0 [(0 [0xC004F014, 0, 0], [(?)(?)(?)(?)(?)(?)(?)(?)])(1 )(2 )(3 )]
22: 62f0c100-9c53-4e02-b886-a3528ddfe7f6, 1, 0 [(0 [0xC004F014, 0, 0], [(?)(?)(?)(?)(?)(?)(?)(?)])(1 )(2 )(3 )]
23: 6365275e-368d-46ca-a0ef-fc0404119333, 1, 0 [(0 [0xC004F014, 0, 0], [(?)(?)(?)(?)(?)(?)(?)(?)])(1 )(2 )(3 )]
24: 721f9237-9341-4453-a661-09e8baa6cca5, 1, 0 [(0 [0xC004F014, 0, 0], [(?)(?)(?)(?)(?)(?)(?)(?)])(1 )(2 )(3 )]
25: 73111121-5638-40f6-bc11-f1d7b0d64300, 1, 0 [(0 [0xC004F014, 0, 0], [(?)(?)(?)(?)(?)(?)(?)(?)])(1 )(2 )(3 )]
26: 7a802526-4c94-4bd1-ba14-835a1aca2120, 1, 0 [(0 [0xC004F014, 0, 0], [(?)(?)(?)(?)(?)(?)(?)(?)])(1 )(2 )(3 )]
27: 7cb546c0-c7d5-44d8-9a5c-69ecdd782b69, 1, 0 [(0 [0xC004F014, 0, 0], [(?)(?)(?)(?)(?)(?)(?)(?)])(1 )(2 )(3 )]
28: 82bbc092-bc50-4e16-8e18-b74fc486aec3, 1, 0 [(0 [0xC004F014, 0, 0], [(?)(?)(?)(?)(?)(?)(?)(?)])(1 )(2 )(3 )]
29: 8ab9bdd1-1f67-4997-82d9-8878520837d9, 1, 0 [(0 [0xC004F014, 0, 0], [(?)(?)(?)(?)(?)(?)(?)(?)])(1 )(2 )(3 )]
30: 8b351c9c-f398-4515-9900-09df49427262, 1, 0 [(0 [0xC004F014, 0, 0], [(?)(?)(?)(?)(?)(?)(?)(?)])(1 )(2 )(3 )]
31: 90da7373-1c51-430b-bf26-c97e9c5cdc31, 1, 0 [(0 [0xC004F014, 0, 0], [(?)(?)(?)(?)(?)(?)(?)(?)])(1 )(2 )(3 )]
32: 95dca82f-385d-4d39-b85b-5c73fa285d6f, 1, 0 [(0 [0xC004F014, 0, 0], [(?)(?)(?)(?)(?)(?)(?)(?)])(1 )(2 )(3 )]
33: a48938aa-62fa-4966-9d44-9f04da3f72f2, 1, 0 [(0 [0xC004F014, 0, 0], [(?)(?)(?)(?)(?)(?)(?)(?)])(1 )(2 )(3 )]
34: b0773a15-df3a-4312-9ad2-83d69648e356, 1, 0 [(0 [0xC004F014, 0, 0], [(?)(?)(?)(?)(?)(?)(?)(?)])(1 )(2 )(3 )]
35: b4bfe195-541e-4e64-ad23-6177f19e395e, 1, 0 [(0 [0xC004F014, 0, 0], [(?)(?)(?)(?)(?)(?)(?)(?)])(1 )(2 )(3 )]
36: b68e61d2-68ca-4757-be45-0cc2f3e68eee, 1, 0 [(0 [0xC004F014, 0, 0], [(?)(?)(?)(?)(?)(?)(?)(?)])(1 )(2 )(3 )]
37: bd3762d7-270d-4760-8fb3-d829ca45278a, 1, 0 [(0 [0xC004F014, 0, 0], [(?)(?)(?)(?)(?)(?)(?)(?)])(1 )(2 )(3 )]
38: c86d5194-4840-4dae-9c1c-0301003a5ab0, 1, 0 [(0 [0xC004F014, 0, 0], [(?)(?)(?)(?)(?)(?)(?)(?)])(1 )(2 )(3 )]
39: d552befb-48cc-4327-8f39-47d2d94f987c, 1, 0 [(0 [0xC004F014, 0, 0], [(?)(?)(?)(?)(?)(?)(?)(?)])(1 )(2 )(3 )]
40: d6eadb3b-5ca8-4a6b-986e-35b550756111, 1, 0 [(0 [0xC004F014, 0, 0], [(?)(?)(?)(?)(?)(?)(?)(?)])(1 )(2 )(3 )]
41: df96023b-dcd9-4be2-afa0-c6c871159ebe, 1, 0 [(0 [0xC004F014, 0, 0], [(?)(?)(?)(?)(?)(?)(?)(?)])(1 )(2 )(3 )]
42: e0c42288-980c-4788-a014-c080d2e1926e, 1, 0 [(0 [0xC004F014, 0, 0], [(?)(?)(?)(?)(?)(?)(?)(?)])(1 )(2 )(3 )]
43: e4db50ea-bda1-4566-b047-0ca50abc6f07, 1, 0 [(0 [0xC004F014, 0, 0], [(?)(?)(?)(?)(?)(?)(?)(?)])(1 )(2 )(3 )]
44: e558417a-5123-4f6f-91e7-385c1c7ca9d4, 1, 0 [(0 )(1 )(2 [0xC004E003, 0, 0], [( 1 0xC004F034)( 1 0xC004F034)(?)(?)(?)(?)(?)(?)])(3 [0x00000000, 0, 0], [( 6 0xC004F009 0 0)( 1 0x00000000)( 6 0xC004F009 0 0)(?)(?)(?)( 10 0x00000000 msft:rm/algorithm/flags/1.0)( 11 0x00000000 0xC004F034)])]
45: e7a950a2-e548-4f10-bf16-02ec848e0643, 1, 0 [(0 [0xC004F014, 0, 0], [(?)(?)(?)(?)(?)(?)(?)(?)])(1 )(2 )(3 )]
46: eb6d346f-1c60-4643-b960-40ec31596c45, 1, 0 [(0 [0xC004F014, 0, 0], [(?)(?)(?)(?)(?)(?)(?)(?)])(1 )(2 )(3 )]
47: ec868e65-fadf-4759-b23e-93fe37f2cc29, 1, 0 [(0 [0xC004F014, 0, 0], [(?)(?)(?)(?)(?)(?)(?)(?)])(1 )(2 )(3 )]
48: ef51e000-2659-4f25-8345-3de70a9cf4c4, 1, 0 [(0 [0xC004F014, 0, 0], [(?)(?)(?)(?)(?)(?)(?)(?)])(1 )(2 )(3 )]
49: f7af7d09-40e4-419c-a49b-eae366689ebd, 1, 0 [(0 [0xC004F014, 0, 0], [(?)(?)(?)(?)(?)(?)(?)(?)])(1 )(2 )(3 )]
50: fa755fe6-6739-40b9-8d84-6d0ea3b6d1ab, 1, 0 [(0 [0xC004F014, 0, 0], [(?)(?)(?)(?)(?)(?)(?)(?)])(1 )(2 )(3 )]
51: fe74f55b-0338-41d6-b267-4a201abe7285, 1, 0 [(0 [0xC004F014, 0, 0], [(?)(?)(?)(?)(?)(?)(?)(?)])(1 )(2 )(3 )]","2023-09-22T00:04:42.000+03:00",,,,,,,,,,,,,,,,,,,,,,,,,,,,,,,,,,,,,,,,,,,,,,,,,,,,,,,,,,,,,,,,,,,,,,,,,,,,,,,,,,,,,,,,,,,,,,,,,,,,,,,,,,,,,,,,,,,,,,,,,,,,,,,,"CLIENT-PC",,,main,,,,65,,,,"//_::_====-=---======________.\r_=----\r_=:_----,_,_",,"WinEventLog:Application","WinEventLog:Application",SIEM,,,,,,,,
,,,,,,,"CLIENT-PC",,,,,1034,4,,,,,,,,,,,,,,,,,,,Classic,,,Application,,,,"Duplicate definition of policy found. Policy name=Security-SPP-WriteWauMarker  Priority=500",,,,,,,,,,None,,,,,,,,,,,,,,,,,,,3238,,,,,,,,,,,,,,,,"Microsoft-Windows-Security-SPP",,,,None,,,Information,,,"09/22/2023 12:04:42 AM
LogName=Application
EventCode=1034
EventType=4
ComputerName=CLIENT-PC
SourceName=Microsoft-Windows-Security-SPP
Type=Information
RecordNumber=3238
Keywords=Classic
TaskCategory=None
OpCode=None
Message=Duplicate definition of policy found. Policy name=Security-SPP-WriteWauMarker  Priority=500","2023-09-22T00:04:42.000+03:00",,,,,,,,,,,,,,,,,,,,,,,,,,,,,,,,,,,,,,,,,,,,,,,,,,,,,,,,,,,,,,,,,,,,,,,,,,,,,,,,,,,,,,,,,,,,,,,,,,,,,,,,,,,,,,,,,,,,,,,,,,,,,,,,"CLIENT-PC",,,main,,,,12,,,,"//_::_====-=---======____.__=--__=",,"WinEventLog:Application","WinEventLog:Application",SIEM,,,,,,,,
,,,,,,,"CLIENT-PC",,,,,1034,4,,,,,,,,,,,,,,,,,,,Classic,,,Application,,,,"Duplicate definition of policy found. Policy name=AAD-BlockAADWorkplaceJoin-Default  Priority=100",,,,,,,,,,None,,,,,,,,,,,,,,,,,,,3237,,,,,,,,,,,,,,,,"Microsoft-Windows-Security-SPP",,,,None,,,Information,,,"09/22/2023 12:04:42 AM
LogName=Application
EventCode=1034
EventType=4
ComputerName=CLIENT-PC
SourceName=Microsoft-Windows-Security-SPP
Type=Information
RecordNumber=3237
Keywords=Classic
TaskCategory=None
OpCode=None
Message=Duplicate definition of policy found. Policy name=AAD-BlockAADWorkplaceJoin-Default  Priority=100","2023-09-22T00:04:42.000+03:00",,,,,,,,,,,,,,,,,,,,,,,,,,,,,,,,,,,,,,,,,,,,,,,,,,,,,,,,,,,,,,,,,,,,,,,,,,,,,,,,,,,,,,,,,,,,,,,,,,,,,,,,,,,,,,,,,,,,,,,,,,,,,,,,"CLIENT-PC",,,main,,,,12,,,,"//_::_====-=---======____.__=--__=",,"WinEventLog:Application","WinEventLog:Application",SIEM,,,,,,,,
,,,,,,,"CLIENT-PC",,,,,1034,4,,,,,,,,,,,,,,,,,,,Classic,,,Application,,,,"Duplicate definition of policy found. Policy name=AAD-BlockAADWorkplaceJoin-Default  Priority=100",,,,,,,,,,None,,,,,,,,,,,,,,,,,,,3236,,,,,,,,,,,,,,,,"Microsoft-Windows-Security-SPP",,,,None,,,Information,,,"09/22/2023 12:04:42 AM
LogName=Application
EventCode=1034
EventType=4
ComputerName=CLIENT-PC
SourceName=Microsoft-Windows-Security-SPP
Type=Information
RecordNumber=3236
Keywords=Classic
TaskCategory=None
OpCode=None
Message=Duplicate definition of policy found. Policy name=AAD-BlockAADWorkplaceJoin-Default  Priority=100","2023-09-22T00:04:42.000+03:00",,,,,,,,,,,,,,,,,,,,,,,,,,,,,,,,,,,,,,,,,,,,,,,,,,,,,,,,,,,,,,,,,,,,,,,,,,,,,,,,,,,,,,,,,,,,,,,,,,,,,,,,,,,,,,,,,,,,,,,,,,,,,,,,"CLIENT-PC",,,main,,,,12,,,,"//_::_====-=---======____.__=--__=",,"WinEventLog:Application","WinEventLog:Application",SIEM,,,,,,,,
,,,,,,,"CLIENT-PC",,,,,1034,4,,,,,,,,,,,,,,,,,,,Classic,,,Application,,,,"Duplicate definition of policy found. Policy name=AAD-BlockAADWorkplaceJoin-Default  Priority=100",,,,,,,,,,None,,,,,,,,,,,,,,,,,,,3235,,,,,,,,,,,,,,,,"Microsoft-Windows-Security-SPP",,,,None,,,Information,,,"09/22/2023 12:04:42 AM
LogName=Application
EventCode=1034
EventType=4
ComputerName=CLIENT-PC
SourceName=Microsoft-Windows-Security-SPP
Type=Information
RecordNumber=3235
Keywords=Classic
TaskCategory=None
OpCode=None
Message=Duplicate definition of policy found. Policy name=AAD-BlockAADWorkplaceJoin-Default  Priority=100","2023-09-22T00:04:42.000+03:00",,,,,,,,,,,,,,,,,,,,,,,,,,,,,,,,,,,,,,,,,,,,,,,,,,,,,,,,,,,,,,,,,,,,,,,,,,,,,,,,,,,,,,,,,,,,,,,,,,,,,,,,,,,,,,,,,,,,,,,,,,,,,,,,"CLIENT-PC",,,main,,,,12,,,,"//_::_====-=---======____.__=--__=",,"WinEventLog:Application","WinEventLog:Application",SIEM,,,,,,,,
,,,,,,,"CLIENT-PC",,,,,1034,4,,,,,,,,,,,,,,,,,,,Classic,,,Application,,,,"Duplicate definition of policy found. Policy name=AAD-BlockAADWorkplaceJoin-Default  Priority=100",,,,,,,,,,None,,,,,,,,,,,,,,,,,,,3234,,,,,,,,,,,,,,,,"Microsoft-Windows-Security-SPP",,,,None,,,Information,,,"09/22/2023 12:04:41 AM
LogName=Application
EventCode=1034
EventType=4
ComputerName=CLIENT-PC
SourceName=Microsoft-Windows-Security-SPP
Type=Information
RecordNumber=3234
Keywords=Classic
TaskCategory=None
OpCode=None
Message=Duplicate definition of policy found. Policy name=AAD-BlockAADWorkplaceJoin-Default  Priority=100","2023-09-22T00:04:41.000+03:00",,,,,,,,,,,,,,,,,,,,,,,,,,,,,,,,,,,,,,,,,,,,,,,,,,,,,,,,,,,,,,,,,,,,,,,,,,,,,,,,,,,,,,,,,,,,,,,,,,,,,,,,,,,,,,,,,,,,,,,,,,,,,,,,"CLIENT-PC",,,main,,,,12,,,,"//_::_====-=---======____.__=--__=",,"WinEventLog:Application","WinEventLog:Application",SIEM,,,,,,,,
,,,,,,,"CLIENT-PC",,,,,1034,4,,,,,,,,,,,,,,,,,,,Classic,,,Application,,,,"Duplicate definition of policy found. Policy name=AAD-BlockAADWorkplaceJoin-Default  Priority=100",,,,,,,,,,None,,,,,,,,,,,,,,,,,,,3233,,,,,,,,,,,,,,,,"Microsoft-Windows-Security-SPP",,,,None,,,Information,,,"09/22/2023 12:04:41 AM
LogName=Application
EventCode=1034
EventType=4
ComputerName=CLIENT-PC
SourceName=Microsoft-Windows-Security-SPP
Type=Information
RecordNumber=3233
Keywords=Classic
TaskCategory=None
OpCode=None
Message=Duplicate definition of policy found. Policy name=AAD-BlockAADWorkplaceJoin-Default  Priority=100","2023-09-22T00:04:41.000+03:00",,,,,,,,,,,,,,,,,,,,,,,,,,,,,,,,,,,,,,,,,,,,,,,,,,,,,,,,,,,,,,,,,,,,,,,,,,,,,,,,,,,,,,,,,,,,,,,,,,,,,,,,,,,,,,,,,,,,,,,,,,,,,,,,"CLIENT-PC",,,main,,,,12,,,,"//_::_====-=---======____.__=--__=",,"WinEventLog:Application","WinEventLog:Application",SIEM,,,,,,,,
,,,,,,,"CLIENT-PC",,,,,1034,4,,,,,,,,,,,,,,,,,,,Classic,,,Application,,,,"Duplicate definition of policy found. Policy name=AAD-BlockAADWorkplaceJoin-Default  Priority=100",,,,,,,,,,None,,,,,,,,,,,,,,,,,,,3232,,,,,,,,,,,,,,,,"Microsoft-Windows-Security-SPP",,,,None,,,Information,,,"09/22/2023 12:04:41 AM
LogName=Application
EventCode=1034
EventType=4
ComputerName=CLIENT-PC
SourceName=Microsoft-Windows-Security-SPP
Type=Information
RecordNumber=3232
Keywords=Classic
TaskCategory=None
OpCode=None
Message=Duplicate definition of policy found. Policy name=AAD-BlockAADWorkplaceJoin-Default  Priority=100","2023-09-22T00:04:41.000+03:00",,,,,,,,,,,,,,,,,,,,,,,,,,,,,,,,,,,,,,,,,,,,,,,,,,,,,,,,,,,,,,,,,,,,,,,,,,,,,,,,,,,,,,,,,,,,,,,,,,,,,,,,,,,,,,,,,,,,,,,,,,,,,,,,"CLIENT-PC",,,main,,,,12,,,,"//_::_====-=---======____.__=--__=",,"WinEventLog:Application","WinEventLog:Application",SIEM,,,,,,,,
,,,,,,,"CLIENT-PC",,,,,1034,4,,,,,,,,,,,,,,,,,,,Classic,,,Application,,,,"Duplicate definition of policy found. Policy name=AAD-BlockAADWorkplaceJoin-Default  Priority=100",,,,,,,,,,None,,,,,,,,,,,,,,,,,,,3231,,,,,,,,,,,,,,,,"Microsoft-Windows-Security-SPP",,,,None,,,Information,,,"09/22/2023 12:04:41 AM
LogName=Application
EventCode=1034
EventType=4
ComputerName=CLIENT-PC
SourceName=Microsoft-Windows-Security-SPP
Type=Information
RecordNumber=3231
Keywords=Classic
TaskCategory=None
OpCode=None
Message=Duplicate definition of policy found. Policy name=AAD-BlockAADWorkplaceJoin-Default  Priority=100","2023-09-22T00:04:41.000+03:00",,,,,,,,,,,,,,,,,,,,,,,,,,,,,,,,,,,,,,,,,,,,,,,,,,,,,,,,,,,,,,,,,,,,,,,,,,,,,,,,,,,,,,,,,,,,,,,,,,,,,,,,,,,,,,,,,,,,,,,,,,,,,,,,"CLIENT-PC",,,main,,,,12,,,,"//_::_====-=---======____.__=--__=",,"WinEventLog:Application","WinEventLog:Application",SIEM,,,,,,,,
