,,,,,,,"CLIENT-PC",,,,,1074,4,,,,,,,,,,,,,,,,,,,Classic,,,System,,,,"The process C:\Windows\system32\MusNotificationUx.exe (CLIENT-PC) has initiated the restart of computer CLIENT-PC on behalf of user CLIENT-PC\Communication_LTD for the following reason: Operating System: Service pack (Planned)
 Reason Code: 0x80020010
 Shutdown Type: restart
 Comment:",,,,,,,,,,None,,,,,,,,,,,,,,,,,0x80020010,,2211,,,,,,,,,,,,,restart,"S-1-5-21-1948427861-2696874323-1688284928-1000",0,User32,,,,None,,,Information,"NOT_TRANSLATED",,"09/22/2023 12:00:43 AM
LogName=System
EventCode=1074
EventType=4
ComputerName=CLIENT-PC
User=NOT_TRANSLATED
Sid=S-1-5-21-1948427861-2696874323-1688284928-1000
SidType=0
SourceName=User32
Type=Information
RecordNumber=2211
Keywords=Classic
TaskCategory=None
OpCode=None
Message=The process C:\Windows\system32\MusNotificationUx.exe (CLIENT-PC) has initiated the restart of computer CLIENT-PC on behalf of user CLIENT-PC\Communication_LTD for the following reason: Operating System: Service pack (Planned)
 Reason Code: 0x80020010
 Shutdown Type: restart
 Comment:","2023-09-22T00:00:43.000+03:00",,,,,,,,,,,,,,,,,,,,,,,,,,,,,,,,,,,,,,,,,,,,,,,,,,,,,,,,,,,,,,,,,,,,,,,,,,,,,,,,,,,,,,,,,,,,,,,,,,,,,,,,,,,,,,,,,,,,,,,,,,,,,,,,"CLIENT-PC",,,main,,,,18,,,,"//_::_====-==-------========__:\\\._(-)_______-___",,"WinEventLog:System","WinEventLog:System",SIEM,,,,,,,,
,,,,,,,"CLIENT-PC",,,,,16394,4,,,,,,,,,,,,,,,,,,,Classic,,,Application,,,,"Offline downlevel migration succeeded.",,,,,,,,,,None,,,,,,,,,,,,,,,,,,,3181,,,,,,,,,,,,,,,,"Microsoft-Windows-Security-SPP",,,,None,,,Information,,,"09/22/2023 12:00:37 AM
LogName=Application
EventCode=16394
EventType=4
ComputerName=CLIENT-PC
SourceName=Microsoft-Windows-Security-SPP
Type=Information
RecordNumber=3181
Keywords=Classic
TaskCategory=None
OpCode=None
Message=Offline downlevel migration succeeded.","2023-09-22T00:00:37.000+03:00",,,,,,,,,,,,,,,,,,,,,,,,,,,,,,,,,,,,,,,,,,,,,,,,,,,,,,,,,,,,,,,,,,,,,,,,,,,,,,,,,,,,,,,,,,,,,,,,,,,,,,,,,,,,,,,,,,,,,,,,,,,,,,,,"CLIENT-PC",,,main,,,,12,,,,"//_::_====-=---======___.",,"WinEventLog:Application","WinEventLog:Application",SIEM,,,,,,,,
,,,,,,,"CLIENT-PC",,,,,16,4,,,,,,,,,,,,,,,,,,,None,,,System,,,,"The access history in hive \??\C:\Users\Communication_LTD\AppData\Local\Packages\Microsoft.MicrosoftOfficeHub_8wekyb3d8bbwe\Settings\settings.dat was cleared updating 3 keys and creating 1 modified pages.",,,,,,,,,,Info,,,,,,,,,,,,,,,,,,,2210,,,,,,,,,,,,,,"S-1-5-18",0,"Microsoft-Windows-Kernel-General",,,,None,,,Information,"NOT_TRANSLATED",,"09/21/2023 11:59:41 PM
LogName=System
EventCode=16
EventType=4
ComputerName=CLIENT-PC
User=NOT_TRANSLATED
Sid=S-1-5-18
SidType=0
SourceName=Microsoft-Windows-Kernel-General
Type=Information
RecordNumber=2210
Keywords=None
TaskCategory=None
OpCode=Info
Message=The access history in hive \??\C:\Users\Communication_LTD\AppData\Local\Packages\Microsoft.MicrosoftOfficeHub_8wekyb3d8bbwe\Settings\settings.dat was cleared updating 3 keys and creating 1 modified pages.","2023-09-21T23:59:41.000+03:00",,,,,,,,,,,,,,,,,,,,,,,,,,,,,,,,,,,,,,,,,,,,,,,,,,,,,,,,,,,,,,,,,,,,,,,,,,,,,,,,,,,,,,,,,,,,,,,,,,,,,,,,,,,,,,,,,,,,,,,,,,,,,,,,"CLIENT-PC",,,main,,,,15,,,,"//_::_====-==---==---======_____\??\:\\\\\\.\\.___",,"WinEventLog:System","WinEventLog:System",SIEM,,,,,,,,
,,,,,,,"CLIENT-PC",,,,,8224,4,,,,,,,,,,,,,,,,,,,Classic,,,Application,,,,"The VSS service is shutting down due to idle timeout.",,,,,,,,,,Info,,,,,,,,,,,,,,,,,,,3180,,,,,,,,,,,,,,,,VSS,,,,None,,,Information,,,"09/21/2023 11:56:45 PM
LogName=Application
EventCode=8224
EventType=4
ComputerName=CLIENT-PC
SourceName=VSS
Type=Information
RecordNumber=3180
Keywords=Classic
TaskCategory=None
OpCode=Info
Message=The VSS service is shutting down due to idle timeout.","2023-09-21T23:56:45.000+03:00",,,,,,,,,,,,,,,,,,,,,,,,,,,,,,,,,,,,,,,,,,,,,,,,,,,,,,,,,,,,,,,,,,,,,,,,,,,,,,,,,,,,,,,,,,,,,,,,,,,,,,,,,,,,,,,,,,,,,,,,,,,,,,,,"CLIENT-PC",,,main,,,,12,,,,"//_::_====-=======_________.",,"WinEventLog:Application","WinEventLog:Application",SIEM,,,,,,,,
,,,,,,,"CLIENT-PC",,,,,0,4,,,,,,,,,,,,,,,,,,,Classic,,,Application,,,,"The operation completed successfully.",,,,,,,,,,Info,,,,,,,,,,,,,,,,,,,3179,,,,,,,,,,,,,,,,gupdate,,,,None,,,Information,,,"09/21/2023 11:55:55 PM
LogName=Application
EventCode=0
EventType=4
ComputerName=CLIENT-PC
SourceName=gupdate
Type=Information
RecordNumber=3179
Keywords=Classic
TaskCategory=None
OpCode=Info
Message=The operation completed successfully.","2023-09-21T23:55:55.000+03:00",,,,,,,,,,,,,,,,,,,,,,,,,,,,,,,,,,,,,,,,,,,,,,,,,,,,,,,,,,,,,,,,,,,,,,,,,,,,,,,,,,,,,,,,,,,,,,,,,,,,,,,,,,,,,,,,,,,,,,,,,,,,,,,,"CLIENT-PC",,,main,,,,12,,,,"//_::_====-=======___.",,"WinEventLog:Application","WinEventLog:Application",SIEM,,,,,,,,
,,,,,,,"CLIENT-PC",,,,,16384,4,,,,,,,,,,,,,,,,,,,Classic,,,Application,,,,"Successfully scheduled Software Protection service for re-start at 2023-09-22T20:16:55Z. Reason: RulesEngine.",,,,,,,,,,None,,,,,,,,,,,,,,,,,,,3178,,,,,,,,,,,,,,,,"Microsoft-Windows-Security-SPP",,,,None,,,Information,,,"09/21/2023 11:55:55 PM
LogName=Application
EventCode=16384
EventType=4
ComputerName=CLIENT-PC
SourceName=Microsoft-Windows-Security-SPP
Type=Information
RecordNumber=3178
Keywords=Classic
TaskCategory=None
OpCode=None
Message=Successfully scheduled Software Protection service for re-start at 2023-09-22T20:16:55Z. Reason: RulesEngine.","2023-09-21T23:55:55.000+03:00",,,,,,,,,,,,,,,,,,,,,,,,,,,,,,,,,,,,,,,,,,,,,,,,,,,,,,,,,,,,,,,,,,,,,,,,,,,,,,,,,,,,,,,,,,,,,,,,,,,,,,,,,,,,,,,,,,,,,,,,,,,,,,,,"CLIENT-PC",,,main,,,,12,,,,"//_::_====-=---======______-__--::._:_.",,"WinEventLog:Application","WinEventLog:Application",SIEM,,,,,,,,
,,,,,,,"CLIENT-PC",,,,,7045,4,,,,,,,,,,,,,,,,,,,Classic,,,System,,,,"A service was installed in the system.

Service Name:  Google Chrome Elevation Service (GoogleChromeElevationService)
Service File Name:  ""C:\Program Files\Google\Chrome\Application\117.0.5938.92\elevation_service.exe""
Service Type:  user mode service
Service Start Type:  demand start
Service Account:  LocalSystem",,,,,,,,,,"The operation completed successfully.",,,,,,,,,,,,,,,,,,,2209,,,,,,,LocalSystem,"""C:\Program Files\Google\Chrome\Application\117.0.5938.92\elevation_service.exe""","Google Chrome Elevation Service (GoogleChromeElevationService)","demand start","user mode service",,,"S-1-5-21-1948427861-2696874323-1688284928-1000",0,"Microsoft-Windows-Service Control Manager",,,,None,,,Information,"NOT_TRANSLATED",,"09/21/2023 11:55:52 PM
LogName=System
EventCode=7045
EventType=4
ComputerName=CLIENT-PC
User=NOT_TRANSLATED
Sid=S-1-5-21-1948427861-2696874323-1688284928-1000
SidType=0
SourceName=Microsoft-Windows-Service Control Manager
Type=Information
RecordNumber=2209
Keywords=Classic
TaskCategory=None
OpCode=The operation completed successfully.
Message=A service was installed in the system.

Service Name:  Google Chrome Elevation Service (GoogleChromeElevationService)
Service File Name:  ""C:\Program Files\Google\Chrome\Application\117.0.5938.92\elevation_service.exe""
Service Type:  user mode service
Service Start Type:  demand start
Service Account:  LocalSystem","2023-09-21T23:55:52.000+03:00",,,,,,,,,,,,,,,,,,,,,,,,,,,,,,,,,,,,,,,,,,,,,,,,,,,,,,,,,,,,,,,,,,,,,,,,,,,,,,,,,,,,,,,,,,,,,,,,,,,,,,,,,,,,,,,,,,,,,,,,,,,,,,,,"CLIENT-PC",,,main,,,,21,,,,"//_::_====-==-------==--__=====___.=______.\r\r_:___",,"WinEventLog:System","WinEventLog:System",SIEM,,,,,,,,
,,,,,,,"CLIENT-PC",,,,,7045,4,,,,,,,,,,,,,,,,,,,Classic,,,System,,,,"A service was installed in the system.

Service Name:  Google Update Service (gupdatem)
Service File Name:  ""C:\Program Files (x86)\Google\Update\GoogleUpdate.exe"" /medsvc
Service Type:  user mode service
Service Start Type:  demand start
Service Account:  LocalSystem",,,,,,,,,,"The operation completed successfully.",,,,,,,,,,,,,,,,,,,2208,,,,,,,LocalSystem,"""C:\Program Files (x86)\Google\Update\GoogleUpdate.exe"" /medsvc","Google Update Service (gupdatem)","demand start","user mode service",,,"S-1-5-21-1948427861-2696874323-1688284928-1000",0,"Microsoft-Windows-Service Control Manager",,,,None,,,Information,"NOT_TRANSLATED",,"09/21/2023 11:55:30 PM
LogName=System
EventCode=7045
EventType=4
ComputerName=CLIENT-PC
User=NOT_TRANSLATED
Sid=S-1-5-21-1948427861-2696874323-1688284928-1000
SidType=0
SourceName=Microsoft-Windows-Service Control Manager
Type=Information
RecordNumber=2208
Keywords=Classic
TaskCategory=None
OpCode=The operation completed successfully.
Message=A service was installed in the system.

Service Name:  Google Update Service (gupdatem)
Service File Name:  ""C:\Program Files (x86)\Google\Update\GoogleUpdate.exe"" /medsvc
Service Type:  user mode service
Service Start Type:  demand start
Service Account:  LocalSystem","2023-09-21T23:55:30.000+03:00",,,,,,,,,,,,,,,,,,,,,,,,,,,,,,,,,,,,,,,,,,,,,,,,,,,,,,,,,,,,,,,,,,,,,,,,,,,,,,,,,,,,,,,,,,,,,,,,,,,,,,,,,,,,,,,,,,,,,,,,,,,,,,,,"CLIENT-PC",,,main,,,,21,,,,"//_::_====-==-------==--__=====___.=______.\r\r_:___",,"WinEventLog:System","WinEventLog:System",SIEM,,,,,,,,
,,,,,,,"CLIENT-PC",,,,,7045,4,,,,,,,,,,,,,,,,,,,Classic,,,System,,,,"A service was installed in the system.

Service Name:  Google Update Service (gupdate)
Service File Name:  ""C:\Program Files (x86)\Google\Update\GoogleUpdate.exe"" /svc
Service Type:  user mode service
Service Start Type:  auto start
Service Account:  LocalSystem",,,,,,,,,,"The operation completed successfully.",,,,,,,,,,,,,,,,,,,2207,,,,,,,LocalSystem,"""C:\Program Files (x86)\Google\Update\GoogleUpdate.exe"" /svc","Google Update Service (gupdate)","auto start","user mode service",,,"S-1-5-21-1948427861-2696874323-1688284928-1000",0,"Microsoft-Windows-Service Control Manager",,,,None,,,Information,"NOT_TRANSLATED",,"09/21/2023 11:55:30 PM
LogName=System
EventCode=7045
EventType=4
ComputerName=CLIENT-PC
User=NOT_TRANSLATED
Sid=S-1-5-21-1948427861-2696874323-1688284928-1000
SidType=0
SourceName=Microsoft-Windows-Service Control Manager
Type=Information
RecordNumber=2207
Keywords=Classic
TaskCategory=None
OpCode=The operation completed successfully.
Message=A service was installed in the system.

Service Name:  Google Update Service (gupdate)
Service File Name:  ""C:\Program Files (x86)\Google\Update\GoogleUpdate.exe"" /svc
Service Type:  user mode service
Service Start Type:  auto start
Service Account:  LocalSystem","2023-09-21T23:55:30.000+03:00",,,,,,,,,,,,,,,,,,,,,,,,,,,,,,,,,,,,,,,,,,,,,,,,,,,,,,,,,,,,,,,,,,,,,,,,,,,,,,,,,,,,,,,,,,,,,,,,,,,,,,,,,,,,,,,,,,,,,,,,,,,,,,,,"CLIENT-PC",,,main,,,,21,,,,"//_::_====-==-------==--__=====___.=______.\r\r_:___",,"WinEventLog:System","WinEventLog:System",SIEM,,,,,,,,
,,,,,,,"CLIENT-PC",,,,,15,4,,,,,,,,,,,,,,,,,,,Classic,,,Application,,,,"Updated Windows Defender status successfully to SECURITY_PRODUCT_STATE_ON.",,,,,,,,,,Info,,,,,,,,,,,,,,,,,,,3177,,,,,,,,,,,,,,,,SecurityCenter,,,,None,,,Information,,,"09/21/2023 11:55:26 PM
LogName=Application
EventCode=15
EventType=4
ComputerName=CLIENT-PC
SourceName=SecurityCenter
Type=Information
RecordNumber=3177
Keywords=Classic
TaskCategory=None
OpCode=Info
Message=Updated Windows Defender status successfully to SECURITY_PRODUCT_STATE_ON.","2023-09-21T23:55:26.000+03:00",,,,,,,,,,,,,,,,,,,,,,,,,,,,,,,,,,,,,,,,,,,,,,,,,,,,,,,,,,,,,,,,,,,,,,,,,,,,,,,,,,,,,,,,,,,,,,,,,,,,,,,,,,,,,,,,,,,,,,,,,,,,,,,,"CLIENT-PC",,,main,,,,12,,,,"//_::_====-=======______.",,"WinEventLog:Application","WinEventLog:Application",SIEM,,,,,,,,
,,,,,,,"CLIENT-PC",,,,,16394,4,,,,,,,,,,,,,,,,,,,Classic,,,Application,,,,"Offline downlevel migration succeeded.",,,,,,,,,,None,,,,,,,,,,,,,,,,,,,3176,,,,,,,,,,,,,,,,"Microsoft-Windows-Security-SPP",,,,None,,,Information,,,"09/21/2023 11:55:24 PM
LogName=Application
EventCode=16394
EventType=4
ComputerName=CLIENT-PC
SourceName=Microsoft-Windows-Security-SPP
Type=Information
RecordNumber=3176
Keywords=Classic
TaskCategory=None
OpCode=None
Message=Offline downlevel migration succeeded.","2023-09-21T23:55:24.000+03:00",,,,,,,,,,,,,,,,,,,,,,,,,,,,,,,,,,,,,,,,,,,,,,,,,,,,,,,,,,,,,,,,,,,,,,,,,,,,,,,,,,,,,,,,,,,,,,,,,,,,,,,,,,,,,,,,,,,,,,,,,,,,,,,,"CLIENT-PC",,,main,,,,12,,,,"//_::_====-=---======___.",,"WinEventLog:Application","WinEventLog:Application",SIEM,,,,,,,,
,,,,,,,"CLIENT-PC",,,,,16384,4,,,,,,,,,,,,,,,,,,,Classic,,,Application,,,,"Successfully scheduled Software Protection service for re-start at 2023-09-22T20:16:35Z. Reason: RulesEngine.",,,,,,,,,,None,,,,,,,,,,,,,,,,,,,3175,,,,,,,,,,,,,,,,"Microsoft-Windows-Security-SPP",,,,None,,,Information,,,"09/21/2023 11:54:35 PM
LogName=Application
EventCode=16384
EventType=4
ComputerName=CLIENT-PC
SourceName=Microsoft-Windows-Security-SPP
Type=Information
RecordNumber=3175
Keywords=Classic
TaskCategory=None
OpCode=None
Message=Successfully scheduled Software Protection service for re-start at 2023-09-22T20:16:35Z. Reason: RulesEngine.","2023-09-21T23:54:35.000+03:00",,,,,,,,,,,,,,,,,,,,,,,,,,,,,,,,,,,,,,,,,,,,,,,,,,,,,,,,,,,,,,,,,,,,,,,,,,,,,,,,,,,,,,,,,,,,,,,,,,,,,,,,,,,,,,,,,,,,,,,,,,,,,,,,"CLIENT-PC",,,main,,,,12,,,,"//_::_====-=---======______-__--::._:_.",,"WinEventLog:Application","WinEventLog:Application",SIEM,,,,,,,,
,,,,,0,0,"CLIENT-PC",,,,,1001,4,MoAppCrash,,,,,,,,,,,1687fcf4e39fcc61452d022173bd6bda,,,,,,,Classic,,,Application,,,,"Fault bucket 1525878191447436250, type 5
Event Name: MoAppCrash
Response: Not available
Cab Id: 0

Problem signature:
P1: Microsoft.Windows.Photos_2023.10070.17002.0_x64__8wekyb3d8bbwe
P2: praid:App
P3: 2023.10070.17002.0
P4: 64b5a80d
P5: AppCoreFramework.Windows.dll
P6: 2023.10070.17002.0
P7: 64b5a297
P8: 80000003
P9: 000000000003174d
P10: 

Attached files:
\\?\C:\Users\Communication_LTD\AppData\Local\Packages\Microsoft.Windows.Photos_8wekyb3d8bbwe\LocalState\PhotosAppTracing.etl
\\?\C:\ProgramData\Microsoft\Windows\WER\Temp\WERA48D.tmp.dmp
\\?\C:\ProgramData\Microsoft\Windows\WER\Temp\WERA857.tmp.WERInternalMetadata.xml
\\?\C:\ProgramData\Microsoft\Windows\WER\Temp\WERA887.tmp.xml
\\?\C:\ProgramData\Microsoft\Windows\WER\Temp\WERA895.tmp.csv
\\?\C:\ProgramData\Microsoft\Windows\WER\Temp\WERA8C5.tmp.txt

These files may be available here:
\\?\C:\ProgramData\Microsoft\Windows\WER\ReportArchive\AppCrash_Microsoft.Window_ecccd091ec3de3ac41f683d8a84a47f5dd6c9_0c3dba51_b0029fa4-254a-4768-88a5-90f60e211cce

Analysis symbol: 
Rechecking for solution: 0
Report Id: b92ab999-b76e-454c-9694-ca2ce6e1b7e2
Report Status: 268435456
Hashed bucket: 1687fcf4e39fcc61452d022173bd6bda
Cab Guid: 0",,,,,,,,,,Info,"Microsoft.Windows.Photos_2023.10070.17002.0_x64__8wekyb3d8bbwe",,"praid:App","2023.10070.17002.0",64b5a80d,"AppCoreFramework.Windows.dll","2023.10070.17002.0",64b5a297,80000003,000000000003174d,,,,,,,,0,3174,,"b92ab999-b76e-454c-9694-ca2ce6e1b7e2",268435456,"Not available",,,,,,,,,,,,"Windows Error Reporting",,,,None,,,Information,,,"09/21/2023 11:54:24 PM
LogName=Application
EventCode=1001
EventType=4
ComputerName=CLIENT-PC
SourceName=Windows Error Reporting
Type=Information
RecordNumber=3174
Keywords=Classic
TaskCategory=None
OpCode=Info
Message=Fault bucket 1525878191447436250, type 5
Event Name: MoAppCrash
Response: Not available
Cab Id: 0

Problem signature:
P1: Microsoft.Windows.Photos_2023.10070.17002.0_x64__8wekyb3d8bbwe
P2: praid:App
P3: 2023.10070.17002.0
P4: 64b5a80d
P5: AppCoreFramework.Windows.dll
P6: 2023.10070.17002.0
P7: 64b5a297
P8: 80000003
P9: 000000000003174d
P10: 

Attached files:
\\?\C:\Users\Communication_LTD\AppData\Local\Packages\Microsoft.Windows.Photos_8wekyb3d8bbwe\LocalState\PhotosAppTracing.etl
\\?\C:\ProgramData\Microsoft\Windows\WER\Temp\WERA48D.tmp.dmp
\\?\C:\ProgramData\Microsoft\Windows\WER\Temp\WERA857.tmp.WERInternalMetadata.xml
\\?\C:\ProgramData\Microsoft\Windows\WER\Temp\WERA887.tmp.xml
\\?\C:\ProgramData\Microsoft\Windows\WER\Temp\WERA895.tmp.csv
\\?\C:\ProgramData\Microsoft\Windows\WER\Temp\WERA8C5.tmp.txt

These files may be available here:
\\?\C:\ProgramData\Microsoft\Windows\WER\ReportArchive\AppCrash_Microsoft.Window_ecccd091ec3de3ac41f683d8a84a47f5dd6c9_0c3dba51_b0029fa4-254a-4768-88a5-90f60e211cce

Analysis symbol: 
Rechecking for solution: 0
Report Id: b92ab999-b76e-454c-9694-ca2ce6e1b7e2
Report Status: 268435456
Hashed bucket: 1687fcf4e39fcc61452d022173bd6bda
Cab Guid: 0","2023-09-21T23:54:24.000+03:00",,,,,,,,,,,,,,,,,,,,,,,,,,,,,,,,,,,,,,,,,,,,,,,,,,,,,,,,,,,,,,,,,,,,,,,,,,,,,,,,,,,,,,,,,,,,,,,,,,,,,,,,,,,,,,,,,,,,,,,,,,,,,,,,"CLIENT-PC",,,main,,,,45,,,,"//_::_====-=__======__,__\r_:_\r:__\r_:_\r\r_:\r:_.....\r",,"WinEventLog:Application","WinEventLog:Application",SIEM,,,,,,,,
,,,,,,,"CLIENT-PC",,,,,1000,2,,0x80000003,0x000000000003174d,"C:\Program Files\WindowsApps\Microsoft.Windows.Photos_2023.10070.17002.0_x64__8wekyb3d8bbwe\Microsoft.Photos.exe",0x01d9eccac2d81cef,"AppCoreFramework.Windows.dll, version: 2023.10070.17002.0, time stamp: 0x64b5a297","C:\Program Files\WindowsApps\Microsoft.Windows.Photos_2023.10070.17002.0_x64__8wekyb3d8bbwe\AppCoreFramework.Windows.dll","Microsoft.Windows.Photos_2023.10070.17002.0_x64__8wekyb3d8bbwe",App,0x176c,,,,,,,,,Classic,,,Application,,,,"Faulting application name: Microsoft.Photos.exe, version: 2023.10070.17002.0, time stamp: 0x64b5a80d
Faulting module name: AppCoreFramework.Windows.dll, version: 2023.10070.17002.0, time stamp: 0x64b5a297
Exception code: 0x80000003
Fault offset: 0x000000000003174d
Faulting process id: 0x176c
Faulting application start time: 0x01d9eccac2d81cef
Faulting application path: C:\Program Files\WindowsApps\Microsoft.Windows.Photos_2023.10070.17002.0_x64__8wekyb3d8bbwe\Microsoft.Photos.exe
Faulting module path: C:\Program Files\WindowsApps\Microsoft.Windows.Photos_2023.10070.17002.0_x64__8wekyb3d8bbwe\AppCoreFramework.Windows.dll
Report Id: b92ab999-b76e-454c-9694-ca2ce6e1b7e2
Faulting package full name: Microsoft.Windows.Photos_2023.10070.17002.0_x64__8wekyb3d8bbwe
Faulting package-relative application ID: App",,,,,,,,,,Info,,,,,,,,,,,,,,,,,,,3173,,"b92ab999-b76e-454c-9694-ca2ce6e1b7e2",,,,,,,,,,,,,,"Application Error",,,,"Application Crashing Events",,,Error,,,"09/21/2023 11:54:21 PM
LogName=Application
EventCode=1000
EventType=2
ComputerName=CLIENT-PC
SourceName=Application Error
Type=Error
RecordNumber=3173
Keywords=Classic
TaskCategory=Application Crashing Events
OpCode=Info
Message=Faulting application name: Microsoft.Photos.exe, version: 2023.10070.17002.0, time stamp: 0x64b5a80d
Faulting module name: AppCoreFramework.Windows.dll, version: 2023.10070.17002.0, time stamp: 0x64b5a297
Exception code: 0x80000003
Fault offset: 0x000000000003174d
Faulting process id: 0x176c
Faulting application start time: 0x01d9eccac2d81cef
Faulting application path: C:\Program Files\WindowsApps\Microsoft.Windows.Photos_2023.10070.17002.0_x64__8wekyb3d8bbwe\Microsoft.Photos.exe
Faulting module path: C:\Program Files\WindowsApps\Microsoft.Windows.Photos_2023.10070.17002.0_x64__8wekyb3d8bbwe\AppCoreFramework.Windows.dll
Report Id: b92ab999-b76e-454c-9694-ca2ce6e1b7e2
Faulting package full name: Microsoft.Windows.Photos_2023.10070.17002.0_x64__8wekyb3d8bbwe
Faulting package-relative application ID: App","2023-09-21T23:54:21.000+03:00",,,,,,,,,,,,,,,,,,,,,,,,,,,,,,,,,,,,,,,,,,,,,,,,,,,,,,,,,,,,,,,,,,,,,,,,,,,,,,,,,,,,,,,,,,,,,,,,,,,,,,,,,,,,,,,,,,,,,,,,,,,,,,,,"CLIENT-PC",,,main,,,,22,,,,"//_::_====-=_====__==__:_..,_:_...,__:_\r__:_..,_:_",,"WinEventLog:Application","WinEventLog:Application",SIEM,,,,,,,,
,,,,,,,"CLIENT-PC",,,,,16394,4,,,,,,,,,,,,,,,,,,,Classic,,,Application,,,,"Offline downlevel migration succeeded.",,,,,,,,,,None,,,,,,,,,,,,,,,,,,,3172,,,,,,,,,,,,,,,,"Microsoft-Windows-Security-SPP",,,,None,,,Information,,,"09/21/2023 11:54:04 PM
LogName=Application
EventCode=16394
EventType=4
ComputerName=CLIENT-PC
SourceName=Microsoft-Windows-Security-SPP
Type=Information
RecordNumber=3172
Keywords=Classic
TaskCategory=None
OpCode=None
Message=Offline downlevel migration succeeded.","2023-09-21T23:54:04.000+03:00",,,,,,,,,,,,,,,,,,,,,,,,,,,,,,,,,,,,,,,,,,,,,,,,,,,,,,,,,,,,,,,,,,,,,,,,,,,,,,,,,,,,,,,,,,,,,,,,,,,,,,,,,,,,,,,,,,,,,,,,,,,,,,,,"CLIENT-PC",,,main,,,,12,,,,"//_::_====-=---======___.",,"WinEventLog:Application","WinEventLog:Application",SIEM,,,,,,,,
,,,,,,,"CLIENT-PC",,,,,4,0,,,,,,,,,,,,,,,,,,,None,,,Setup,,,,"A reboot is necessary before package KB5030211 can be changed to the Installed state.",,,,,,,,,,Info,,,,,,,,,,,,,,,,,,,26,,,,,,,,,,,,,,"S-1-5-18",0,"Microsoft-Windows-Servicing",,,,1,,,Information,"NOT_TRANSLATED",,"09/21/2023 11:53:48 PM
LogName=Setup
EventCode=4
EventType=0
ComputerName=CLIENT-PC
User=NOT_TRANSLATED
Sid=S-1-5-18
SidType=0
SourceName=Microsoft-Windows-Servicing
Type=Information
RecordNumber=26
Keywords=None
TaskCategory=1
OpCode=Info
Message=A reboot is necessary before package KB5030211 can be changed to the Installed state.","2023-09-21T23:53:48.000+03:00",,,,,,,,,,,,,,,,,,,,,,,,,,,,,,,,,,,,,,,,,,,,,,,,,,,,,,,,,,,,,,,,,,,,,,,,,,,,,,,,,,,,,,,,,,,,,,,,,,,,,,,,,,,,,,,,,,,,,,,,,,,,,,,,"CLIENT-PC",,,main,,,,15,,,,"//_::_====-==---==--======_____________.",,"WinEventLog:Setup","WinEventLog:Setup",SIEM,,,,,,,,
,,,,,,,"CLIENT-PC",,,,,0,4,,,,,,,,,,,,,,,,,,,Classic,,,Application,,,,"Service stopped.",,,,,,,,,,Info,,,,,,,,,,,,,,,,,,,3171,,,,,,,,,,,,,,,,edgeupdate,,,,None,,,Information,,,"09/21/2023 11:52:19 PM
LogName=Application
EventCode=0
EventType=4
ComputerName=CLIENT-PC
SourceName=edgeupdate
Type=Information
RecordNumber=3171
Keywords=Classic
TaskCategory=None
OpCode=Info
Message=Service stopped.","2023-09-21T23:52:19.000+03:00",,,,,,,,,,,,,,,,,,,,,,,,,,,,,,,,,,,,,,,,,,,,,,,,,,,,,,,,,,,,,,,,,,,,,,,,,,,,,,,,,,,,,,,,,,,,,,,,,,,,,,,,,,,,,,,,,,,,,,,,,,,,,,,,"CLIENT-PC",,,main,,,,12,,,,"//_::_====-=======_.",,"WinEventLog:Application","WinEventLog:Application",SIEM,,,,,,,,
,,,,,,,"CLIENT-PC",,,,,16,4,,,,,,,,,,,,,,,,,,,None,,,System,,,,"The access history in hive \??\C:\Users\Communication_LTD\AppData\Local\Packages\Microsoft.Windows.ContentDeliveryManager_cw5n1h2txyewy\Settings\settings.dat was cleared updating 180 keys and creating 8 modified pages.",,,,,,,,,,Info,,,,,,,,,,,,,,,,,,,2206,,,,,,,,,,,,,,"S-1-5-18",0,"Microsoft-Windows-Kernel-General",,,,None,,,Information,"NOT_TRANSLATED",,"09/21/2023 11:51:43 PM
LogName=System
EventCode=16
EventType=4
ComputerName=CLIENT-PC
User=NOT_TRANSLATED
Sid=S-1-5-18
SidType=0
SourceName=Microsoft-Windows-Kernel-General
Type=Information
RecordNumber=2206
Keywords=None
TaskCategory=None
OpCode=Info
Message=The access history in hive \??\C:\Users\Communication_LTD\AppData\Local\Packages\Microsoft.Windows.ContentDeliveryManager_cw5n1h2txyewy\Settings\settings.dat was cleared updating 180 keys and creating 8 modified pages.","2023-09-21T23:51:43.000+03:00",,,,,,,,,,,,,,,,,,,,,,,,,,,,,,,,,,,,,,,,,,,,,,,,,,,,,,,,,,,,,,,,,,,,,,,,,,,,,,,,,,,,,,,,,,,,,,,,,,,,,,,,,,,,,,,,,,,,,,,,,,,,,,,,"CLIENT-PC",,,main,,,,15,,,,"//_::_====-==---==---======_____\??\:\\\\\\..\\.__",,"WinEventLog:System","WinEventLog:System",SIEM,,,,,,,,
,,,,,0,0,"CLIENT-PC",,,,,1001,4,"RADAR_PRE_LEAK_64",,,,,,,,,,,7b135d5b7c052d2abd34dc3a1ae636d4,,,,,,,Classic,,,Application,,,,"Fault bucket 2104549068006373076, type 5
Event Name: RADAR_PRE_LEAK_64
Response: Not available
Cab Id: 0

Problem signature:
P1: TiWorker.exe
P2: 10.0.19041.3385
P3: 10.0.19045.2.0.0
P4: 
P5: 
P6: 
P7: 
P8: 
P9: 
P10: 

Attached files:
\\?\C:\Users\COMMUN~1\AppData\Local\Temp\RDRC75B.tmp\empty.txt
\\?\C:\ProgramData\Microsoft\Windows\WER\Temp\WERC8D3.tmp.WERInternalMetadata.xml
\\?\C:\ProgramData\Microsoft\Windows\WER\Temp\WERC8F3.tmp.xml
\\?\C:\ProgramData\Microsoft\Windows\WER\Temp\WERD267.tmp.csv
\\?\C:\ProgramData\Microsoft\Windows\WER\Temp\WERD3DF.tmp.txt

These files may be available here:


Analysis symbol: 
Rechecking for solution: 0
Report Id: e0953830-931c-4489-9162-a519b169ce7f
Report Status: 268435456
Hashed bucket: 7b135d5b7c052d2abd34dc3a1ae636d4
Cab Guid: 0",,,,,,,,,,Info,"TiWorker.exe",,"10.0.19041.3385","10.0.19045.2.0.0",,,,,,,,,,,,,,0,3170,,"e0953830-931c-4489-9162-a519b169ce7f",268435456,"Not available",,,,,,,,,,,,"Windows Error Reporting",,,,None,,,Information,,,"09/21/2023 11:50:17 PM
LogName=Application
EventCode=1001
EventType=4
ComputerName=CLIENT-PC
SourceName=Windows Error Reporting
Type=Information
RecordNumber=3170
Keywords=Classic
TaskCategory=None
OpCode=Info
Message=Fault bucket 2104549068006373076, type 5
Event Name: RADAR_PRE_LEAK_64
Response: Not available
Cab Id: 0

Problem signature:
P1: TiWorker.exe
P2: 10.0.19041.3385
P3: 10.0.19045.2.0.0
P4: 
P5: 
P6: 
P7: 
P8: 
P9: 
P10: 

Attached files:
\\?\C:\Users\COMMUN~1\AppData\Local\Temp\RDRC75B.tmp\empty.txt
\\?\C:\ProgramData\Microsoft\Windows\WER\Temp\WERC8D3.tmp.WERInternalMetadata.xml
\\?\C:\ProgramData\Microsoft\Windows\WER\Temp\WERC8F3.tmp.xml
\\?\C:\ProgramData\Microsoft\Windows\WER\Temp\WERD267.tmp.csv
\\?\C:\ProgramData\Microsoft\Windows\WER\Temp\WERD3DF.tmp.txt

These files may be available here:


Analysis symbol: 
Rechecking for solution: 0
Report Id: e0953830-931c-4489-9162-a519b169ce7f
Report Status: 268435456
Hashed bucket: 7b135d5b7c052d2abd34dc3a1ae636d4
Cab Guid: 0","2023-09-21T23:50:17.000+03:00",,,,,,,,,,,,,,,,,,,,,,,,,,,,,,,,,,,,,,,,,,,,,,,,,,,,,,,,,,,,,,,,,,,,,,,,,,,,,,,,,,,,,,,,,,,,,,,,,,,,,,,,,,,,,,,,,,,,,,,,,,,,,,,,"CLIENT-PC",,,main,,,,44,,,,"//_::_====-=__======__,__\r_:_\r:__\r_:_\r\r_:\r:_.\r:_..",,"WinEventLog:Application","WinEventLog:Application",SIEM,,,,,,,,
,,,,,,,"CLIENT-PC",,,,,15,4,,,,,,,,,,,,,,,,,,,Classic,,,Application,,,,"Updated Windows Defender status successfully to SECURITY_PRODUCT_STATE_ON.",,,,,,,,,,Info,,,,,,,,,,,,,,,,,,,3169,,,,,,,,,,,,,,,,SecurityCenter,,,,None,,,Information,,,"09/21/2023 11:46:34 PM
LogName=Application
EventCode=15
EventType=4
ComputerName=CLIENT-PC
SourceName=SecurityCenter
Type=Information
RecordNumber=3169
Keywords=Classic
TaskCategory=None
OpCode=Info
Message=Updated Windows Defender status successfully to SECURITY_PRODUCT_STATE_ON.","2023-09-21T23:46:34.000+03:00",,,,,,,,,,,,,,,,,,,,,,,,,,,,,,,,,,,,,,,,,,,,,,,,,,,,,,,,,,,,,,,,,,,,,,,,,,,,,,,,,,,,,,,,,,,,,,,,,,,,,,,,,,,,,,,,,,,,,,,,,,,,,,,,"CLIENT-PC",,,main,,,,12,,,,"//_::_====-=======______.",,"WinEventLog:Application","WinEventLog:Application",SIEM,,,,,,,,
,,,,,,,"CLIENT-PC",,,,,19,4,,,,,,,,,,,,,,,,,,,"Installation, Success",,,System,,,,"Installation Successful: Windows successfully installed the following update: Security Intelligence Update for Microsoft Defender Antivirus - KB2267602 (Version 1.397.1353.0)",,,,,,,,,,Installation,,,,,,,,,,,,,,,,,,,2205,,,,,,,,,,,,,,"S-1-5-18",0,"Microsoft-Windows-WindowsUpdateClient",,,,"Windows Update Agent",,,Information,"NOT_TRANSLATED",,"09/21/2023 11:46:32 PM
LogName=System
EventCode=19
EventType=4
ComputerName=CLIENT-PC
User=NOT_TRANSLATED
Sid=S-1-5-18
SidType=0
SourceName=Microsoft-Windows-WindowsUpdateClient
Type=Information
RecordNumber=2205
Keywords=Installation, Success
TaskCategory=Windows Update Agent
OpCode=Installation
Message=Installation Successful: Windows successfully installed the following update: Security Intelligence Update for Microsoft Defender Antivirus - KB2267602 (Version 1.397.1353.0)","2023-09-21T23:46:32.000+03:00",,,,,,,,,,,,,,,,,,,,,,,,,,,,,,,,,,,,,,,,,,,,,,,,,,,,,,,,,,,,,,,,,,,,,,,,,,,,,,,,,,,,,,,,,,,,,,,,,,,,,,,,,,,,,,,,,,,,,,,,,,,,,,,,"CLIENT-PC",,,main,,,,15,,,,"//_::_====-==---==--===,_=__==_:______:________-__",,"WinEventLog:System","WinEventLog:System",SIEM,,,,,,,,
,,,,,,,"CLIENT-PC",,,,,15,4,,,,,,,,,,,,,,,,,,,Classic,,,Application,,,,"Updated Windows Defender status successfully to SECURITY_PRODUCT_STATE_ON.",,,,,,,,,,Info,,,,,,,,,,,,,,,,,,,3168,,,,,,,,,,,,,,,,SecurityCenter,,,,None,,,Information,,,"09/21/2023 11:45:24 PM
LogName=Application
EventCode=15
EventType=4
ComputerName=CLIENT-PC
SourceName=SecurityCenter
Type=Information
RecordNumber=3168
Keywords=Classic
TaskCategory=None
OpCode=Info
Message=Updated Windows Defender status successfully to SECURITY_PRODUCT_STATE_ON.","2023-09-21T23:45:24.000+03:00",,,,,,,,,,,,,,,,,,,,,,,,,,,,,,,,,,,,,,,,,,,,,,,,,,,,,,,,,,,,,,,,,,,,,,,,,,,,,,,,,,,,,,,,,,,,,,,,,,,,,,,,,,,,,,,,,,,,,,,,,,,,,,,,"CLIENT-PC",,,main,,,,12,,,,"//_::_====-=======______.",,"WinEventLog:Application","WinEventLog:Application",SIEM,,,,,,,,
,,,,,0,0,"CLIENT-PC",,,,,1001,4,WindowsServicingFailureInfo,,,,,,,,,,,,,,,,,,Classic,,,Application,,,,"Fault bucket INVALID_REQUEST, type 0
Event Name: WindowsServicingFailureInfo
Response: Not available
Cab Id: 0

Problem signature:
P1: 10.0.19041.3385:1
P2: 0x800F0984 0x800F0984 Matching binary: wvmbusr.inf missing for component: amd64_dual_wvmbusr.inf_31bf3856ad364e35_10.0.19041.3393_none_67b042bbb5347f14
P3: 
P4: 
P5: 
P6: 
P7: 
P8: 
P9: 
P10: 

Attached files:
\\?\C:\ProgramData\Microsoft\Windows\WER\Temp\WER7E1.tmp.WERInternalMetadata.xml

These files may be available here:
\\?\C:\ProgramData\Microsoft\Windows\WER\ReportArchive\Critical_10.0.19041.3385__94787da9668f8583f56db2d6a65f75a7987b7_00000000_4b9412b0-b4ca-4d4a-a8f2-e3234bb9231f

Analysis symbol: 
Rechecking for solution: 0
Report Id: 4b9412b0-b4ca-4d4a-a8f2-e3234bb9231f
Report Status: 268435456
Hashed bucket: 
Cab Guid: 0",,,,,,,,,,Info,"10.0.19041.3385:1",,"0x800F0984 0x800F0984 Matching binary: wvmbusr.inf missing for component: amd64_dual_wvmbusr.inf_31bf3856ad364e35_10.0.19041.3393_none_67b042bbb5347f14","",,,,,,,,,,,,,,0,3167,,"4b9412b0-b4ca-4d4a-a8f2-e3234bb9231f",268435456,"Not available",,,,,,,,,,,,"Windows Error Reporting",,,,None,,,Information,,,"09/21/2023 11:44:59 PM
LogName=Application
EventCode=1001
EventType=4
ComputerName=CLIENT-PC
SourceName=Windows Error Reporting
Type=Information
RecordNumber=3167
Keywords=Classic
TaskCategory=None
OpCode=Info
Message=Fault bucket INVALID_REQUEST, type 0
Event Name: WindowsServicingFailureInfo
Response: Not available
Cab Id: 0

Problem signature:
P1: 10.0.19041.3385:1
P2: 0x800F0984 0x800F0984 Matching binary: wvmbusr.inf missing for component: amd64_dual_wvmbusr.inf_31bf3856ad364e35_10.0.19041.3393_none_67b042bbb5347f14
P3: 
P4: 
P5: 
P6: 
P7: 
P8: 
P9: 
P10: 

Attached files:
\\?\C:\ProgramData\Microsoft\Windows\WER\Temp\WER7E1.tmp.WERInternalMetadata.xml

These files may be available here:
\\?\C:\ProgramData\Microsoft\Windows\WER\ReportArchive\Critical_10.0.19041.3385__94787da9668f8583f56db2d6a65f75a7987b7_00000000_4b9412b0-b4ca-4d4a-a8f2-e3234bb9231f

Analysis symbol: 
Rechecking for solution: 0
Report Id: 4b9412b0-b4ca-4d4a-a8f2-e3234bb9231f
Report Status: 268435456
Hashed bucket: 
Cab Guid: 0","2023-09-21T23:44:59.000+03:00",,,,,,,,,,,,,,,,,,,,,,,,,,,,,,,,,,,,,,,,,,,,,,,,,,,,,,,,,,,,,,,,,,,,,,,,,,,,,,,,,,,,,,,,,,,,,,,,,,,,,,,,,,,,,,,,,,,,,,,,,,,,,,,,"CLIENT-PC",,,main,,,,40,,,,"//_::_====-=__======__,__\r_:_\r:__\r_:_\r\r_:\r:_...:\r:",,"WinEventLog:Application","WinEventLog:Application",SIEM,,,,,,,,
,,,,,,,"CLIENT-PC",,,,,16,4,,,,,,,,,,,,,,,,,,,None,,,System,,,,"The access history in hive \??\C:\Users\Communication_LTD\AppData\Local\Packages\Microsoft.SkypeApp_kzf8qxf38zg5c\SystemAppData\Helium\UserClasses.dat was cleared updating 1 keys and creating 1 modified pages.",,,,,,,,,,Info,,,,,,,,,,,,,,,,,,,2204,,,,,,,,,,,,,,"S-1-5-18",0,"Microsoft-Windows-Kernel-General",,,,None,,,Information,"NOT_TRANSLATED",,"09/21/2023 11:42:35 PM
LogName=System
EventCode=16
EventType=4
ComputerName=CLIENT-PC
User=NOT_TRANSLATED
Sid=S-1-5-18
SidType=0
SourceName=Microsoft-Windows-Kernel-General
Type=Information
RecordNumber=2204
Keywords=None
TaskCategory=None
OpCode=Info
Message=The access history in hive \??\C:\Users\Communication_LTD\AppData\Local\Packages\Microsoft.SkypeApp_kzf8qxf38zg5c\SystemAppData\Helium\UserClasses.dat was cleared updating 1 keys and creating 1 modified pages.","2023-09-21T23:42:35.000+03:00",,,,,,,,,,,,,,,,,,,,,,,,,,,,,,,,,,,,,,,,,,,,,,,,,,,,,,,,,,,,,,,,,,,,,,,,,,,,,,,,,,,,,,,,,,,,,,,,,,,,,,,,,,,,,,,,,,,,,,,,,,,,,,,,"CLIENT-PC",,,main,,,,15,,,,"//_::_====-==---==---======_____\??\:\\\\\\.\\\.__",,"WinEventLog:System","WinEventLog:System",SIEM,,,,,,,,
,,,,,,,"CLIENT-PC",,,,,16,4,,,,,,,,,,,,,,,,,,,None,,,System,,,,"The access history in hive \??\C:\Users\Communication_LTD\AppData\Local\Packages\Microsoft.SkypeApp_kzf8qxf38zg5c\SystemAppData\Helium\User.dat was cleared updating 1 keys and creating 1 modified pages.",,,,,,,,,,Info,,,,,,,,,,,,,,,,,,,2203,,,,,,,,,,,,,,"S-1-5-18",0,"Microsoft-Windows-Kernel-General",,,,None,,,Information,"NOT_TRANSLATED",,"09/21/2023 11:42:35 PM
LogName=System
EventCode=16
EventType=4
ComputerName=CLIENT-PC
User=NOT_TRANSLATED
Sid=S-1-5-18
SidType=0
SourceName=Microsoft-Windows-Kernel-General
Type=Information
RecordNumber=2203
Keywords=None
TaskCategory=None
OpCode=Info
Message=The access history in hive \??\C:\Users\Communication_LTD\AppData\Local\Packages\Microsoft.SkypeApp_kzf8qxf38zg5c\SystemAppData\Helium\User.dat was cleared updating 1 keys and creating 1 modified pages.","2023-09-21T23:42:35.000+03:00",,,,,,,,,,,,,,,,,,,,,,,,,,,,,,,,,,,,,,,,,,,,,,,,,,,,,,,,,,,,,,,,,,,,,,,,,,,,,,,,,,,,,,,,,,,,,,,,,,,,,,,,,,,,,,,,,,,,,,,,,,,,,,,,"CLIENT-PC",,,main,,,,15,,,,"//_::_====-==---==---======_____\??\:\\\\\\.\\\.__",,"WinEventLog:System","WinEventLog:System",SIEM,,,,,,,,
,,,,,0,0,"CLIENT-PC",,,,,1001,4,WindowsServicingFailureInfo,,,,,,,,,,,,,,,,,,Classic,,,Application,,,,"Fault bucket , type 0
Event Name: WindowsServicingFailureInfo
Response: Not available
Cab Id: 0

Problem signature:
P1: 10.0.19041.3385:1
P2: 0x800F0984 0x800F0984 Matching binary: wvmbusr.inf missing for component: amd64_dual_wvmbusr.inf_31bf3856ad364e35_10.0.19041.3393_none_67b042bbb5347f14
P3: 
P4: 
P5: 
P6: 
P7: 
P8: 
P9: 
P10: 

Attached files:
\\?\C:\Windows\Logs\CBS\CBS.log
\\?\C:\Windows\Logs\CBS\CbsPersist_20230918232230.cab
\\?\C:\Windows\Logs\CBS\CbsPersist_20230824191710.cab
\\?\C:\Windows\servicing\Sessions\Sessions.xml
\\?\C:\Windows\servicing\Sessions\31059144_1559726008.xml
\\?\C:\Windows\Logs\Cbs\FilterList.log

These files may be available here:


Analysis symbol: 
Rechecking for solution: 0
Report Id: 4b9412b0-b4ca-4d4a-a8f2-e3234bb9231f
Report Status: 262148
Hashed bucket: 
Cab Guid: 0",,,,,,,,,,Info,"10.0.19041.3385:1",,"0x800F0984 0x800F0984 Matching binary: wvmbusr.inf missing for component: amd64_dual_wvmbusr.inf_31bf3856ad364e35_10.0.19041.3393_none_67b042bbb5347f14","",,,,,,,,,,,,,,0,3166,,"4b9412b0-b4ca-4d4a-a8f2-e3234bb9231f",262148,"Not available",,,,,,,,,,,,"Windows Error Reporting",,,,None,,,Information,,,"09/21/2023 11:41:34 PM
LogName=Application
EventCode=1001
EventType=4
ComputerName=CLIENT-PC
SourceName=Windows Error Reporting
Type=Information
RecordNumber=3166
Keywords=Classic
TaskCategory=None
OpCode=Info
Message=Fault bucket , type 0
Event Name: WindowsServicingFailureInfo
Response: Not available
Cab Id: 0

Problem signature:
P1: 10.0.19041.3385:1
P2: 0x800F0984 0x800F0984 Matching binary: wvmbusr.inf missing for component: amd64_dual_wvmbusr.inf_31bf3856ad364e35_10.0.19041.3393_none_67b042bbb5347f14
P3: 
P4: 
P5: 
P6: 
P7: 
P8: 
P9: 
P10: 

Attached files:
\\?\C:\Windows\Logs\CBS\CBS.log
\\?\C:\Windows\Logs\CBS\CbsPersist_20230918232230.cab
\\?\C:\Windows\Logs\CBS\CbsPersist_20230824191710.cab
\\?\C:\Windows\servicing\Sessions\Sessions.xml
\\?\C:\Windows\servicing\Sessions\31059144_1559726008.xml
\\?\C:\Windows\Logs\Cbs\FilterList.log

These files may be available here:


Analysis symbol: 
Rechecking for solution: 0
Report Id: 4b9412b0-b4ca-4d4a-a8f2-e3234bb9231f
Report Status: 262148
Hashed bucket: 
Cab Guid: 0","2023-09-21T23:41:34.000+03:00",,,,,,,,,,,,,,,,,,,,,,,,,,,,,,,,,,,,,,,,,,,,,,,,,,,,,,,,,,,,,,,,,,,,,,,,,,,,,,,,,,,,,,,,,,,,,,,,,,,,,,,,,,,,,,,,,,,,,,,,,,,,,,,,"CLIENT-PC",,,main,,,,45,,,,"//_::_====-=__======__,__\r_:_\r:__\r_:_\r\r_:\r:_...:\r:",,"WinEventLog:Application","WinEventLog:Application",SIEM,,,,,,,,
,,,,,0,0,"CLIENT-PC",,,,,1001,4,WindowsServicingFailureInfo,,,,,,,,,,,,,,,,,,Classic,,,Application,,,,"Fault bucket , type 0
Event Name: WindowsServicingFailureInfo
Response: Not available
Cab Id: 0

Problem signature:
P1: 10.0.19041.3385:1
P2: 0x800F0984 0x800F0984 Matching binary: wvmbusr.inf missing for component: amd64_dual_wvmbusr.inf_31bf3856ad364e35_10.0.19041.3393_none_67b042bbb5347f14
P3: 
P4: 
P5: 
P6: 
P7: 
P8: 
P9: 
P10: 

Attached files:

These files may be available here:
\\?\C:\ProgramData\Microsoft\Windows\WER\ReportQueue\Critical_10.0.19041.3385__94787da9668f8583f56db2d6a65f75a7987b7_00000000_4b9412b0-b4ca-4d4a-a8f2-e3234bb9231f

Analysis symbol: 
Rechecking for solution: 0
Report Id: 4b9412b0-b4ca-4d4a-a8f2-e3234bb9231f
Report Status: 4
Hashed bucket: 
Cab Guid: 0",,,,,,,,,,Info,"10.0.19041.3385:1",,"0x800F0984 0x800F0984 Matching binary: wvmbusr.inf missing for component: amd64_dual_wvmbusr.inf_31bf3856ad364e35_10.0.19041.3393_none_67b042bbb5347f14","",,,,,,,,,,,,,,0,3165,,"4b9412b0-b4ca-4d4a-a8f2-e3234bb9231f",4,"Not available",,,,,,,,,,,,"Windows Error Reporting",,,,None,,,Information,,,"09/21/2023 11:41:34 PM
LogName=Application
EventCode=1001
EventType=4
ComputerName=CLIENT-PC
SourceName=Windows Error Reporting
Type=Information
RecordNumber=3165
Keywords=Classic
TaskCategory=None
OpCode=Info
Message=Fault bucket , type 0
Event Name: WindowsServicingFailureInfo
Response: Not available
Cab Id: 0

Problem signature:
P1: 10.0.19041.3385:1
P2: 0x800F0984 0x800F0984 Matching binary: wvmbusr.inf missing for component: amd64_dual_wvmbusr.inf_31bf3856ad364e35_10.0.19041.3393_none_67b042bbb5347f14
P3: 
P4: 
P5: 
P6: 
P7: 
P8: 
P9: 
P10: 

Attached files:

These files may be available here:
\\?\C:\ProgramData\Microsoft\Windows\WER\ReportQueue\Critical_10.0.19041.3385__94787da9668f8583f56db2d6a65f75a7987b7_00000000_4b9412b0-b4ca-4d4a-a8f2-e3234bb9231f

Analysis symbol: 
Rechecking for solution: 0
Report Id: 4b9412b0-b4ca-4d4a-a8f2-e3234bb9231f
Report Status: 4
Hashed bucket: 
Cab Guid: 0","2023-09-21T23:41:34.000+03:00",,,,,,,,,,,,,,,,,,,,,,,,,,,,,,,,,,,,,,,,,,,,,,,,,,,,,,,,,,,,,,,,,,,,,,,,,,,,,,,,,,,,,,,,,,,,,,,,,,,,,,,,,,,,,,,,,,,,,,,,,,,,,,,,"CLIENT-PC",,,main,,,,39,,,,"//_::_====-=__======__,__\r_:_\r:__\r_:_\r\r_:\r:_...:\r:",,"WinEventLog:Application","WinEventLog:Application",SIEM,,,,,,,,
,,,,,,,"CLIENT-PC",,,,,16,4,,,,,,,,,,,,,,,,,,,None,,,System,,,,"The access history in hive \??\C:\Users\Communication_LTD\AppData\Local\Packages\Microsoft.Windows.ShellExperienceHost_cw5n1h2txyewy\Settings\settings.dat was cleared updating 2 keys and creating 1 modified pages.",,,,,,,,,,Info,,,,,,,,,,,,,,,,,,,2202,,,,,,,,,,,,,,"S-1-5-18",0,"Microsoft-Windows-Kernel-General",,,,None,,,Information,"NOT_TRANSLATED",,"09/21/2023 11:39:38 PM
LogName=System
EventCode=16
EventType=4
ComputerName=CLIENT-PC
User=NOT_TRANSLATED
Sid=S-1-5-18
SidType=0
SourceName=Microsoft-Windows-Kernel-General
Type=Information
RecordNumber=2202
Keywords=None
TaskCategory=None
OpCode=Info
Message=The access history in hive \??\C:\Users\Communication_LTD\AppData\Local\Packages\Microsoft.Windows.ShellExperienceHost_cw5n1h2txyewy\Settings\settings.dat was cleared updating 2 keys and creating 1 modified pages.","2023-09-21T23:39:38.000+03:00",,,,,,,,,,,,,,,,,,,,,,,,,,,,,,,,,,,,,,,,,,,,,,,,,,,,,,,,,,,,,,,,,,,,,,,,,,,,,,,,,,,,,,,,,,,,,,,,,,,,,,,,,,,,,,,,,,,,,,,,,,,,,,,,"CLIENT-PC",,,main,,,,15,,,,"//_::_====-==---==---======_____\??\:\\\\\\..\\.__",,"WinEventLog:System","WinEventLog:System",SIEM,,,,,,,,
,,,,,,,"CLIENT-PC",,,,,10016,3,,,,,,,,,,,,,,,,,,,Classic,,,System,,,,"The machine-default permission settings do not grant Local Activation permission for the COM Server application with CLSID 
{C2F03A33-21F5-47FA-B4BB-156362A2F239}
 and APPID 
{316CDED5-E4AE-4B15-9113-7055D84DCC97}
 to the user CLIENT-PC\Communication_LTD SID (S-1-5-21-1948427861-2696874323-1688284928-1000) from address LocalHost (Using LRPC) running in the application container Microsoft.Windows.ShellExperienceHost_10.0.19041.1949_neutral_neutral_cw5n1h2txyewy SID (S-1-15-2-155514346-2573954481-755741238-1654018636-1233331829-3075935687-2861478708). This security permission can be modified using the Component Services administrative tool.",,,,,,,,,,Info,,,,,,,,,,,,,,,,,,,2201,,,,,,,,,,,,,,"S-1-5-21-1948427861-2696874323-1688284928-1000",0,"Microsoft-Windows-DistributedCOM",,,,None,,,Warning,"NOT_TRANSLATED",,"09/21/2023 11:36:27 PM
LogName=System
EventCode=10016
EventType=3
ComputerName=CLIENT-PC
User=NOT_TRANSLATED
Sid=S-1-5-21-1948427861-2696874323-1688284928-1000
SidType=0
SourceName=Microsoft-Windows-DistributedCOM
Type=Warning
RecordNumber=2201
Keywords=Classic
TaskCategory=None
OpCode=Info
Message=The machine-default permission settings do not grant Local Activation permission for the COM Server application with CLSID 
{C2F03A33-21F5-47FA-B4BB-156362A2F239}
 and APPID 
{316CDED5-E4AE-4B15-9113-7055D84DCC97}
 to the user CLIENT-PC\Communication_LTD SID (S-1-5-21-1948427861-2696874323-1688284928-1000) from address LocalHost (Using LRPC) running in the application container Microsoft.Windows.ShellExperienceHost_10.0.19041.1949_neutral_neutral_cw5n1h2txyewy SID (S-1-15-2-155514346-2573954481-755741238-1654018636-1233331829-3075935687-2861478708). This security permission can be modified using the Component Services administrative tool.","2023-09-21T23:36:27.000+03:00",,,,,,,,,,,,,,,,,,,,,,,,,,,,,,,,,,,,,,,,,,,,,,,,,,,,,,,,,,,,,,,,,,,,,,,,,,,,,,,,,,,,,,,,,,,,,,,,,,,,,,,,,,,,,,,,,,,,,,,,,,,,,,,,"CLIENT-PC",,,main,,,,19,,,,"//_::_====-==-------==--======_-________________\r{",,"WinEventLog:System","WinEventLog:System",SIEM,,,,,,,,
,,,,,,,"CLIENT-PC",,,,,4097,4,,,,,,,,,,,,,,,,,,,Classic,,,Application,,,,"Successful auto update of third-party root certificate:: Subject: <CN=USERTrust ECC Certification Authority, O=The USERTRUST Network, L=Jersey City, S=New Jersey, C=US> Sha1 thumbprint: <D1CBCA5DB2D52A7F693B674DE5F05A1D0C957DF0>.",,,,,,,,,,Info,,,,,,,,,,,,,,,,,,,3164,,,,,,,,,,,,,,,,"Microsoft-Windows-CAPI2",,,,None,,,Information,,,"09/21/2023 11:35:49 PM
LogName=Application
EventCode=4097
EventType=4
ComputerName=CLIENT-PC
SourceName=Microsoft-Windows-CAPI2
Type=Information
RecordNumber=3164
Keywords=Classic
TaskCategory=None
OpCode=Info
Message=Successful auto update of third-party root certificate:: Subject: <CN=USERTrust ECC Certification Authority, O=The USERTRUST Network, L=Jersey City, S=New Jersey, C=US> Sha1 thumbprint: <D1CBCA5DB2D52A7F693B674DE5F05A1D0C957DF0>.","2023-09-21T23:35:49.000+03:00",,,,,,,,,,,,,,,,,,,,,,,,,,,,,,,,,,,,,,,,,,,,,,,,,,,,,,,,,,,,,,,,,,,,,,,,,,,,,,,,,,,,,,,,,,,,,,,,,,,,,,,,,,,,,,,,,,,,,,,,,,,,,,,,"CLIENT-PC",,,main,,,,12,,,,"//_::_====-=--======____-__::_:_<=___,_=__,_=_,_=_",,"WinEventLog:Application","WinEventLog:Application",SIEM,,,,,,,,
,,,,,,,"CLIENT-PC",,,,,16,4,,,,,,,,,,,,,,,,,,,None,,,System,,,,"The access history in hive \??\C:\Users\Communication_LTD\AppData\Local\Packages\Microsoft.MicrosoftSolitaireCollection_8wekyb3d8bbwe\Settings\settings.dat was cleared updating 1 keys and creating 1 modified pages.",,,,,,,,,,Info,,,,,,,,,,,,,,,,,,,2200,,,,,,,,,,,,,,"S-1-5-18",0,"Microsoft-Windows-Kernel-General",,,,None,,,Information,"NOT_TRANSLATED",,"09/21/2023 11:35:38 PM
LogName=System
EventCode=16
EventType=4
ComputerName=CLIENT-PC
User=NOT_TRANSLATED
Sid=S-1-5-18
SidType=0
SourceName=Microsoft-Windows-Kernel-General
Type=Information
RecordNumber=2200
Keywords=None
TaskCategory=None
OpCode=Info
Message=The access history in hive \??\C:\Users\Communication_LTD\AppData\Local\Packages\Microsoft.MicrosoftSolitaireCollection_8wekyb3d8bbwe\Settings\settings.dat was cleared updating 1 keys and creating 1 modified pages.","2023-09-21T23:35:38.000+03:00",,,,,,,,,,,,,,,,,,,,,,,,,,,,,,,,,,,,,,,,,,,,,,,,,,,,,,,,,,,,,,,,,,,,,,,,,,,,,,,,,,,,,,,,,,,,,,,,,,,,,,,,,,,,,,,,,,,,,,,,,,,,,,,,"CLIENT-PC",,,main,,,,15,,,,"//_::_====-==---==---======_____\??\:\\\\\\.\\.___",,"WinEventLog:System","WinEventLog:System",SIEM,,,,,,,,
,,,,,,,"CLIENT-PC",,,,,16,4,,,,,,,,,,,,,,,,,,,None,,,System,,,,"The access history in hive \??\C:\Users\Communication_LTD\AppData\Local\Packages\Microsoft.XboxIdentityProvider_8wekyb3d8bbwe\Settings\settings.dat was cleared updating 2 keys and creating 1 modified pages.",,,,,,,,,,Info,,,,,,,,,,,,,,,,,,,2199,,,,,,,,,,,,,,"S-1-5-18",0,"Microsoft-Windows-Kernel-General",,,,None,,,Information,"NOT_TRANSLATED",,"09/21/2023 11:35:15 PM
LogName=System
EventCode=16
EventType=4
ComputerName=CLIENT-PC
User=NOT_TRANSLATED
Sid=S-1-5-18
SidType=0
SourceName=Microsoft-Windows-Kernel-General
Type=Information
RecordNumber=2199
Keywords=None
TaskCategory=None
OpCode=Info
Message=The access history in hive \??\C:\Users\Communication_LTD\AppData\Local\Packages\Microsoft.XboxIdentityProvider_8wekyb3d8bbwe\Settings\settings.dat was cleared updating 2 keys and creating 1 modified pages.","2023-09-21T23:35:15.000+03:00",,,,,,,,,,,,,,,,,,,,,,,,,,,,,,,,,,,,,,,,,,,,,,,,,,,,,,,,,,,,,,,,,,,,,,,,,,,,,,,,,,,,,,,,,,,,,,,,,,,,,,,,,,,,,,,,,,,,,,,,,,,,,,,,"CLIENT-PC",,,main,,,,15,,,,"//_::_====-==---==---======_____\??\:\\\\\\.\\.___",,"WinEventLog:System","WinEventLog:System",SIEM,,,,,,,,
,,,,,,,"CLIENT-PC",,,,,16,4,,,,,,,,,,,,,,,,,,,None,,,System,,,,"The access history in hive \??\C:\Users\Communication_LTD\AppData\Local\Packages\Microsoft.XboxGamingOverlay_8wekyb3d8bbwe\Settings\settings.dat was cleared updating 3 keys and creating 1 modified pages.",,,,,,,,,,Info,,,,,,,,,,,,,,,,,,,2198,,,,,,,,,,,,,,"S-1-5-18",0,"Microsoft-Windows-Kernel-General",,,,None,,,Information,"NOT_TRANSLATED",,"09/21/2023 11:34:53 PM
LogName=System
EventCode=16
EventType=4
ComputerName=CLIENT-PC
User=NOT_TRANSLATED
Sid=S-1-5-18
SidType=0
SourceName=Microsoft-Windows-Kernel-General
Type=Information
RecordNumber=2198
Keywords=None
TaskCategory=None
OpCode=Info
Message=The access history in hive \??\C:\Users\Communication_LTD\AppData\Local\Packages\Microsoft.XboxGamingOverlay_8wekyb3d8bbwe\Settings\settings.dat was cleared updating 3 keys and creating 1 modified pages.","2023-09-21T23:34:53.000+03:00",,,,,,,,,,,,,,,,,,,,,,,,,,,,,,,,,,,,,,,,,,,,,,,,,,,,,,,,,,,,,,,,,,,,,,,,,,,,,,,,,,,,,,,,,,,,,,,,,,,,,,,,,,,,,,,,,,,,,,,,,,,,,,,,"CLIENT-PC",,,main,,,,15,,,,"//_::_====-==---==---======_____\??\:\\\\\\.\\.___",,"WinEventLog:System","WinEventLog:System",SIEM,,,,,,,,
,,,,,,,"CLIENT-PC",,,,,16384,4,,,,,,,,,,,,,,,,,,,Classic,,,Application,,,,"Successfully scheduled Software Protection service for re-start at 2023-09-22T20:16:33Z. Reason: RulesEngine.",,,,,,,,,,None,,,,,,,,,,,,,,,,,,,3163,,,,,,,,,,,,,,,,"Microsoft-Windows-Security-SPP",,,,None,,,Information,,,"09/21/2023 11:33:33 PM
LogName=Application
EventCode=16384
EventType=4
ComputerName=CLIENT-PC
SourceName=Microsoft-Windows-Security-SPP
Type=Information
RecordNumber=3163
Keywords=Classic
TaskCategory=None
OpCode=None
Message=Successfully scheduled Software Protection service for re-start at 2023-09-22T20:16:33Z. Reason: RulesEngine.","2023-09-21T23:33:33.000+03:00",,,,,,,,,,,,,,,,,,,,,,,,,,,,,,,,,,,,,,,,,,,,,,,,,,,,,,,,,,,,,,,,,,,,,,,,,,,,,,,,,,,,,,,,,,,,,,,,,,,,,,,,,,,,,,,,,,,,,,,,,,,,,,,,"CLIENT-PC",,,main,,,,12,,,,"//_::_====-=---======______-__--::._:_.",,"WinEventLog:Application","WinEventLog:Application",SIEM,,,,,,,,
,,,,,,,"CLIENT-PC",,,,,16,4,,,,,,,,,,,,,,,,,,,None,,,System,,,,"The access history in hive \??\C:\Users\Communication_LTD\AppData\Local\Packages\Microsoft.WindowsCamera_8wekyb3d8bbwe\Settings\settings.dat was cleared updating 1 keys and creating 1 modified pages.",,,,,,,,,,Info,,,,,,,,,,,,,,,,,,,2197,,,,,,,,,,,,,,"S-1-5-18",0,"Microsoft-Windows-Kernel-General",,,,None,,,Information,"NOT_TRANSLATED",,"09/21/2023 11:33:18 PM
LogName=System
EventCode=16
EventType=4
ComputerName=CLIENT-PC
User=NOT_TRANSLATED
Sid=S-1-5-18
SidType=0
SourceName=Microsoft-Windows-Kernel-General
Type=Information
RecordNumber=2197
Keywords=None
TaskCategory=None
OpCode=Info
Message=The access history in hive \??\C:\Users\Communication_LTD\AppData\Local\Packages\Microsoft.WindowsCamera_8wekyb3d8bbwe\Settings\settings.dat was cleared updating 1 keys and creating 1 modified pages.","2023-09-21T23:33:18.000+03:00",,,,,,,,,,,,,,,,,,,,,,,,,,,,,,,,,,,,,,,,,,,,,,,,,,,,,,,,,,,,,,,,,,,,,,,,,,,,,,,,,,,,,,,,,,,,,,,,,,,,,,,,,,,,,,,,,,,,,,,,,,,,,,,,"CLIENT-PC",,,main,,,,15,,,,"//_::_====-==---==---======_____\??\:\\\\\\.\\.___",,"WinEventLog:System","WinEventLog:System",SIEM,,,,,,,,
,,,,,,,"CLIENT-PC",,,,,16,4,,,,,,,,,,,,,,,,,,,None,,,System,,,,"The access history in hive \??\C:\Users\Communication_LTD\AppData\Local\Packages\Microsoft.ZuneVideo_8wekyb3d8bbwe\Settings\settings.dat was cleared updating 1 keys and creating 1 modified pages.",,,,,,,,,,Info,,,,,,,,,,,,,,,,,,,2196,,,,,,,,,,,,,,"S-1-5-18",0,"Microsoft-Windows-Kernel-General",,,,None,,,Information,"NOT_TRANSLATED",,"09/21/2023 11:33:08 PM
LogName=System
EventCode=16
EventType=4
ComputerName=CLIENT-PC
User=NOT_TRANSLATED
Sid=S-1-5-18
SidType=0
SourceName=Microsoft-Windows-Kernel-General
Type=Information
RecordNumber=2196
Keywords=None
TaskCategory=None
OpCode=Info
Message=The access history in hive \??\C:\Users\Communication_LTD\AppData\Local\Packages\Microsoft.ZuneVideo_8wekyb3d8bbwe\Settings\settings.dat was cleared updating 1 keys and creating 1 modified pages.","2023-09-21T23:33:08.000+03:00",,,,,,,,,,,,,,,,,,,,,,,,,,,,,,,,,,,,,,,,,,,,,,,,,,,,,,,,,,,,,,,,,,,,,,,,,,,,,,,,,,,,,,,,,,,,,,,,,,,,,,,,,,,,,,,,,,,,,,,,,,,,,,,,"CLIENT-PC",,,main,,,,15,,,,"//_::_====-==---==---======_____\??\:\\\\\\.\\.___",,"WinEventLog:System","WinEventLog:System",SIEM,,,,,,,,
