,,,,,,,"CLIENT-PC",,,,,1034,4,,,,,,,,,,,,,,,,,,,Classic,,,Application,,,,"Duplicate definition of policy found. Policy name=AAD-BlockAADWorkplaceJoin-Default  Priority=100",,,,,,,,,,None,,,,,,,,,,,,,,,,,,,3230,,,,,,,,,,,,,,,,"Microsoft-Windows-Security-SPP",,,,None,,,Information,,,"09/22/2023 12:04:41 AM
LogName=Application
EventCode=1034
EventType=4
ComputerName=CLIENT-PC
SourceName=Microsoft-Windows-Security-SPP
Type=Information
RecordNumber=3230
Keywords=Classic
TaskCategory=None
OpCode=None
Message=Duplicate definition of policy found. Policy name=AAD-BlockAADWorkplaceJoin-Default  Priority=100","2023-09-22T00:04:41.000+03:00",,,,,,,,,,,,,,,,,,,,,,,,,,,,,,,,,,,,,,,,,,,,,,,,,,,,,,,,,,,,,,,,,,,,,,,,,,,,,,,,,,,,,,,,,,,,,,,,,,,,,,,,,,,,,,,,,,,,,,,,,,,,,,,,"CLIENT-PC",,,main,,,,12,,,,"//_::_====-=---======____.__=--__=",,"WinEventLog:Application","WinEventLog:Application",SIEM,,,,,,,,
,,,,,,,"CLIENT-PC",,,,,1034,4,,,,,,,,,,,,,,,,,,,Classic,,,Application,,,,"Duplicate definition of policy found. Policy name=AAD-BlockAADWorkplaceJoin-Default  Priority=100",,,,,,,,,,None,,,,,,,,,,,,,,,,,,,3229,,,,,,,,,,,,,,,,"Microsoft-Windows-Security-SPP",,,,None,,,Information,,,"09/22/2023 12:04:41 AM
LogName=Application
EventCode=1034
EventType=4
ComputerName=CLIENT-PC
SourceName=Microsoft-Windows-Security-SPP
Type=Information
RecordNumber=3229
Keywords=Classic
TaskCategory=None
OpCode=None
Message=Duplicate definition of policy found. Policy name=AAD-BlockAADWorkplaceJoin-Default  Priority=100","2023-09-22T00:04:41.000+03:00",,,,,,,,,,,,,,,,,,,,,,,,,,,,,,,,,,,,,,,,,,,,,,,,,,,,,,,,,,,,,,,,,,,,,,,,,,,,,,,,,,,,,,,,,,,,,,,,,,,,,,,,,,,,,,,,,,,,,,,,,,,,,,,,"CLIENT-PC",,,main,,,,12,,,,"//_::_====-=---======____.__=--__=",,"WinEventLog:Application","WinEventLog:Application",SIEM,,,,,,,,
,,,,,,,"CLIENT-PC",,,,,1004,4,,,,,,,,,,,,,,,,,,,Classic,,,Application,,,,"The Software Protection service has successfully installed the license.
License Title=Windows(R) UL store License (Private)
License Id=171faee1-b342-4424-aba1-7bc60f72f1cd",,,,,,,,,,None,,,,,,,,,,,,,,,,,,,3228,,,,,,,,,,,,,,,,"Microsoft-Windows-Security-SPP",,,,None,,,Information,,,"09/22/2023 12:04:40 AM
LogName=Application
EventCode=1004
EventType=4
ComputerName=CLIENT-PC
SourceName=Microsoft-Windows-Security-SPP
Type=Information
RecordNumber=3228
Keywords=Classic
TaskCategory=None
OpCode=None
Message=The Software Protection service has successfully installed the license.
License Title=Windows(R) UL store License (Private)
License Id=171faee1-b342-4424-aba1-7bc60f72f1cd","2023-09-22T00:04:40.000+03:00",,,,,,,,,,,,,,,,,,,,,,,,,,,,,,,,,,,,,,,,,,,,,,,,,,,,,,,,,,,,,,,,,,,,,,,,,,,,,,,,,,,,,,,,,,,,,,,,,,,,,,,,,,,,,,,,,,,,,,,,,,,,,,,,"CLIENT-PC",,,main,,,,14,,,,"//_::_====-=---======________.\r_=()____()\r_=----",,"WinEventLog:Application","WinEventLog:Application",SIEM,,,,,,,,
,,,,,,,"CLIENT-PC",,,,,1004,4,,,,,,,,,,,,,,,,,,,Classic,,,Application,,,,"The Software Protection service has successfully installed the license.
License Title=Windows(R) UL store License (Public)
License Id=132c0dc2-6227-4f4e-8394-24289937571e",,,,,,,,,,None,,,,,,,,,,,,,,,,,,,3227,,,,,,,,,,,,,,,,"Microsoft-Windows-Security-SPP",,,,None,,,Information,,,"09/22/2023 12:04:40 AM
LogName=Application
EventCode=1004
EventType=4
ComputerName=CLIENT-PC
SourceName=Microsoft-Windows-Security-SPP
Type=Information
RecordNumber=3227
Keywords=Classic
TaskCategory=None
OpCode=None
Message=The Software Protection service has successfully installed the license.
License Title=Windows(R) UL store License (Public)
License Id=132c0dc2-6227-4f4e-8394-24289937571e","2023-09-22T00:04:40.000+03:00",,,,,,,,,,,,,,,,,,,,,,,,,,,,,,,,,,,,,,,,,,,,,,,,,,,,,,,,,,,,,,,,,,,,,,,,,,,,,,,,,,,,,,,,,,,,,,,,,,,,,,,,,,,,,,,,,,,,,,,,,,,,,,,,"CLIENT-PC",,,main,,,,14,,,,"//_::_====-=---======________.\r_=()____()\r_=----",,"WinEventLog:Application","WinEventLog:Application",SIEM,,,,,,,,
,,,,,,,"CLIENT-PC",,,,,1004,4,,,,,,,,,,,,,,,,,,,Classic,,,Application,,,,"The Software Protection service has successfully installed the license.
License Title=Windows(R) UL phone License (Private)
License Id=54e8a208-06d3-4ddf-b305-0217e511d977",,,,,,,,,,None,,,,,,,,,,,,,,,,,,,3226,,,,,,,,,,,,,,,,"Microsoft-Windows-Security-SPP",,,,None,,,Information,,,"09/22/2023 12:04:40 AM
LogName=Application
EventCode=1004
EventType=4
ComputerName=CLIENT-PC
SourceName=Microsoft-Windows-Security-SPP
Type=Information
RecordNumber=3226
Keywords=Classic
TaskCategory=None
OpCode=None
Message=The Software Protection service has successfully installed the license.
License Title=Windows(R) UL phone License (Private)
License Id=54e8a208-06d3-4ddf-b305-0217e511d977","2023-09-22T00:04:40.000+03:00",,,,,,,,,,,,,,,,,,,,,,,,,,,,,,,,,,,,,,,,,,,,,,,,,,,,,,,,,,,,,,,,,,,,,,,,,,,,,,,,,,,,,,,,,,,,,,,,,,,,,,,,,,,,,,,,,,,,,,,,,,,,,,,,"CLIENT-PC",,,main,,,,14,,,,"//_::_====-=---======________.\r_=()____()\r_=----",,"WinEventLog:Application","WinEventLog:Application",SIEM,,,,,,,,
,,,,,,,"CLIENT-PC",,,,,1004,4,,,,,,,,,,,,,,,,,,,Classic,,,Application,,,,"The Software Protection service has successfully installed the license.
License Title=Windows(R) UL phone License (Public)
License Id=24eab367-334a-41d4-966f-38ee26b47fd7",,,,,,,,,,None,,,,,,,,,,,,,,,,,,,3225,,,,,,,,,,,,,,,,"Microsoft-Windows-Security-SPP",,,,None,,,Information,,,"09/22/2023 12:04:40 AM
LogName=Application
EventCode=1004
EventType=4
ComputerName=CLIENT-PC
SourceName=Microsoft-Windows-Security-SPP
Type=Information
RecordNumber=3225
Keywords=Classic
TaskCategory=None
OpCode=None
Message=The Software Protection service has successfully installed the license.
License Title=Windows(R) UL phone License (Public)
License Id=24eab367-334a-41d4-966f-38ee26b47fd7","2023-09-22T00:04:40.000+03:00",,,,,,,,,,,,,,,,,,,,,,,,,,,,,,,,,,,,,,,,,,,,,,,,,,,,,,,,,,,,,,,,,,,,,,,,,,,,,,,,,,,,,,,,,,,,,,,,,,,,,,,,,,,,,,,,,,,,,,,,,,,,,,,,"CLIENT-PC",,,main,,,,14,,,,"//_::_====-=---======________.\r_=()____()\r_=----",,"WinEventLog:Application","WinEventLog:Application",SIEM,,,,,,,,
,,,,,,,"CLIENT-PC",,,,,1004,4,,,,,,,,,,,,,,,,,,,Classic,,,Application,,,,"The Software Protection service has successfully installed the license.
License Title=Windows(R) UL oob License (Private)
License Id=7c65567d-0e1e-4588-8239-695b50621738",,,,,,,,,,None,,,,,,,,,,,,,,,,,,,3224,,,,,,,,,,,,,,,,"Microsoft-Windows-Security-SPP",,,,None,,,Information,,,"09/22/2023 12:04:39 AM
LogName=Application
EventCode=1004
EventType=4
ComputerName=CLIENT-PC
SourceName=Microsoft-Windows-Security-SPP
Type=Information
RecordNumber=3224
Keywords=Classic
TaskCategory=None
OpCode=None
Message=The Software Protection service has successfully installed the license.
License Title=Windows(R) UL oob License (Private)
License Id=7c65567d-0e1e-4588-8239-695b50621738","2023-09-22T00:04:39.000+03:00",,,,,,,,,,,,,,,,,,,,,,,,,,,,,,,,,,,,,,,,,,,,,,,,,,,,,,,,,,,,,,,,,,,,,,,,,,,,,,,,,,,,,,,,,,,,,,,,,,,,,,,,,,,,,,,,,,,,,,,,,,,,,,,,"CLIENT-PC",,,main,,,,14,,,,"//_::_====-=---======________.\r_=()____()\r_=----",,"WinEventLog:Application","WinEventLog:Application",SIEM,,,,,,,,
,,,,,,,"CLIENT-PC",,,,,1004,4,,,,,,,,,,,,,,,,,,,Classic,,,Application,,,,"The Software Protection service has successfully installed the license.
License Title=Windows(R) UL oob License (Public)
License Id=a9ba63e1-e8e9-428c-9ebf-deae9518717a",,,,,,,,,,None,,,,,,,,,,,,,,,,,,,3223,,,,,,,,,,,,,,,,"Microsoft-Windows-Security-SPP",,,,None,,,Information,,,"09/22/2023 12:04:39 AM
LogName=Application
EventCode=1004
EventType=4
ComputerName=CLIENT-PC
SourceName=Microsoft-Windows-Security-SPP
Type=Information
RecordNumber=3223
Keywords=Classic
TaskCategory=None
OpCode=None
Message=The Software Protection service has successfully installed the license.
License Title=Windows(R) UL oob License (Public)
License Id=a9ba63e1-e8e9-428c-9ebf-deae9518717a","2023-09-22T00:04:39.000+03:00",,,,,,,,,,,,,,,,,,,,,,,,,,,,,,,,,,,,,,,,,,,,,,,,,,,,,,,,,,,,,,,,,,,,,,,,,,,,,,,,,,,,,,,,,,,,,,,,,,,,,,,,,,,,,,,,,,,,,,,,,,,,,,,,"CLIENT-PC",,,main,,,,14,,,,"//_::_====-=---======________.\r_=()____()\r_=----",,"WinEventLog:Application","WinEventLog:Application",SIEM,,,,,,,,
,,,,,,,"CLIENT-PC",,,,,1004,4,,,,,,,,,,,,,,,,,,,Classic,,,Application,,,,"The Software Protection service has successfully installed the license.
License Title=Windows(R) Publishing License (Private)
License Id=2c45726f-ff56-4dbc-82d6-74c1f12f7b8d",,,,,,,,,,None,,,,,,,,,,,,,,,,,,,3222,,,,,,,,,,,,,,,,"Microsoft-Windows-Security-SPP",,,,None,,,Information,,,"09/22/2023 12:04:39 AM
LogName=Application
EventCode=1004
EventType=4
ComputerName=CLIENT-PC
SourceName=Microsoft-Windows-Security-SPP
Type=Information
RecordNumber=3222
Keywords=Classic
TaskCategory=None
OpCode=None
Message=The Software Protection service has successfully installed the license.
License Title=Windows(R) Publishing License (Private)
License Id=2c45726f-ff56-4dbc-82d6-74c1f12f7b8d","2023-09-22T00:04:39.000+03:00",,,,,,,,,,,,,,,,,,,,,,,,,,,,,,,,,,,,,,,,,,,,,,,,,,,,,,,,,,,,,,,,,,,,,,,,,,,,,,,,,,,,,,,,,,,,,,,,,,,,,,,,,,,,,,,,,,,,,,,,,,,,,,,,"CLIENT-PC",,,main,,,,14,,,,"//_::_====-=---======________.\r_=()___()\r_=----",,"WinEventLog:Application","WinEventLog:Application",SIEM,,,,,,,,
,,,,,,,"CLIENT-PC",,,,,1004,4,,,,,,,,,,,,,,,,,,,Classic,,,Application,,,,"The Software Protection service has successfully installed the license.
License Title=Windows(R) Publishing License (Public)
License Id=5e28bd6b-6a4e-4868-9233-28a9b8192a63",,,,,,,,,,None,,,,,,,,,,,,,,,,,,,3221,,,,,,,,,,,,,,,,"Microsoft-Windows-Security-SPP",,,,None,,,Information,,,"09/22/2023 12:04:39 AM
LogName=Application
EventCode=1004
EventType=4
ComputerName=CLIENT-PC
SourceName=Microsoft-Windows-Security-SPP
Type=Information
RecordNumber=3221
Keywords=Classic
TaskCategory=None
OpCode=None
Message=The Software Protection service has successfully installed the license.
License Title=Windows(R) Publishing License (Public)
License Id=5e28bd6b-6a4e-4868-9233-28a9b8192a63","2023-09-22T00:04:39.000+03:00",,,,,,,,,,,,,,,,,,,,,,,,,,,,,,,,,,,,,,,,,,,,,,,,,,,,,,,,,,,,,,,,,,,,,,,,,,,,,,,,,,,,,,,,,,,,,,,,,,,,,,,,,,,,,,,,,,,,,,,,,,,,,,,,"CLIENT-PC",,,main,,,,14,,,,"//_::_====-=---======________.\r_=()___()\r_=----",,"WinEventLog:Application","WinEventLog:Application",SIEM,,,,,,,,
,,,,,,,"CLIENT-PC",,,,,1004,4,,,,,,,,,,,,,,,,,,,Classic,,,Application,,,,"The Software Protection service has successfully installed the license.
License Title=Windows(R) UL volume License (Private)
License Id=113bf846-8456-40d0-93dc-30b065a04213",,,,,,,,,,None,,,,,,,,,,,,,,,,,,,3220,,,,,,,,,,,,,,,,"Microsoft-Windows-Security-SPP",,,,None,,,Information,,,"09/22/2023 12:04:39 AM
LogName=Application
EventCode=1004
EventType=4
ComputerName=CLIENT-PC
SourceName=Microsoft-Windows-Security-SPP
Type=Information
RecordNumber=3220
Keywords=Classic
TaskCategory=None
OpCode=None
Message=The Software Protection service has successfully installed the license.
License Title=Windows(R) UL volume License (Private)
License Id=113bf846-8456-40d0-93dc-30b065a04213","2023-09-22T00:04:39.000+03:00",,,,,,,,,,,,,,,,,,,,,,,,,,,,,,,,,,,,,,,,,,,,,,,,,,,,,,,,,,,,,,,,,,,,,,,,,,,,,,,,,,,,,,,,,,,,,,,,,,,,,,,,,,,,,,,,,,,,,,,,,,,,,,,,"CLIENT-PC",,,main,,,,14,,,,"//_::_====-=---======________.\r_=()____()\r_=----",,"WinEventLog:Application","WinEventLog:Application",SIEM,,,,,,,,
,,,,,,,"CLIENT-PC",,,,,1004,4,,,,,,,,,,,,,,,,,,,Classic,,,Application,,,,"The Software Protection service has successfully installed the license.
License Title=Windows(R) UL volume License (Public)
License Id=efa813a6-7d37-44b8-bf4b-22ba7d5372b7",,,,,,,,,,None,,,,,,,,,,,,,,,,,,,3219,,,,,,,,,,,,,,,,"Microsoft-Windows-Security-SPP",,,,None,,,Information,,,"09/22/2023 12:04:39 AM
LogName=Application
EventCode=1004
EventType=4
ComputerName=CLIENT-PC
SourceName=Microsoft-Windows-Security-SPP
Type=Information
RecordNumber=3219
Keywords=Classic
TaskCategory=None
OpCode=None
Message=The Software Protection service has successfully installed the license.
License Title=Windows(R) UL volume License (Public)
License Id=efa813a6-7d37-44b8-bf4b-22ba7d5372b7","2023-09-22T00:04:39.000+03:00",,,,,,,,,,,,,,,,,,,,,,,,,,,,,,,,,,,,,,,,,,,,,,,,,,,,,,,,,,,,,,,,,,,,,,,,,,,,,,,,,,,,,,,,,,,,,,,,,,,,,,,,,,,,,,,,,,,,,,,,,,,,,,,,"CLIENT-PC",,,main,,,,14,,,,"//_::_====-=---======________.\r_=()____()\r_=----",,"WinEventLog:Application","WinEventLog:Application",SIEM,,,,,,,,
,,,,,,,"CLIENT-PC",,,,,1004,4,,,,,,,,,,,,,,,,,,,Classic,,,Application,,,,"The Software Protection service has successfully installed the license.
License Title=Windows(R) UL oob License (Private)
License Id=1c1bde53-0e38-417f-a092-4f58e6fd3fb2",,,,,,,,,,None,,,,,,,,,,,,,,,,,,,3218,,,,,,,,,,,,,,,,"Microsoft-Windows-Security-SPP",,,,None,,,Information,,,"09/22/2023 12:04:39 AM
LogName=Application
EventCode=1004
EventType=4
ComputerName=CLIENT-PC
SourceName=Microsoft-Windows-Security-SPP
Type=Information
RecordNumber=3218
Keywords=Classic
TaskCategory=None
OpCode=None
Message=The Software Protection service has successfully installed the license.
License Title=Windows(R) UL oob License (Private)
License Id=1c1bde53-0e38-417f-a092-4f58e6fd3fb2","2023-09-22T00:04:39.000+03:00",,,,,,,,,,,,,,,,,,,,,,,,,,,,,,,,,,,,,,,,,,,,,,,,,,,,,,,,,,,,,,,,,,,,,,,,,,,,,,,,,,,,,,,,,,,,,,,,,,,,,,,,,,,,,,,,,,,,,,,,,,,,,,,,"CLIENT-PC",,,main,,,,14,,,,"//_::_====-=---======________.\r_=()____()\r_=----",,"WinEventLog:Application","WinEventLog:Application",SIEM,,,,,,,,
,,,,,,,"CLIENT-PC",,,,,1004,4,,,,,,,,,,,,,,,,,,,Classic,,,Application,,,,"The Software Protection service has successfully installed the license.
License Title=Windows(R) UL oob License (Public)
License Id=637dda4f-db6b-447c-a024-826b3226f669",,,,,,,,,,None,,,,,,,,,,,,,,,,,,,3217,,,,,,,,,,,,,,,,"Microsoft-Windows-Security-SPP",,,,None,,,Information,,,"09/22/2023 12:04:39 AM
LogName=Application
EventCode=1004
EventType=4
ComputerName=CLIENT-PC
SourceName=Microsoft-Windows-Security-SPP
Type=Information
RecordNumber=3217
Keywords=Classic
TaskCategory=None
OpCode=None
Message=The Software Protection service has successfully installed the license.
License Title=Windows(R) UL oob License (Public)
License Id=637dda4f-db6b-447c-a024-826b3226f669","2023-09-22T00:04:39.000+03:00",,,,,,,,,,,,,,,,,,,,,,,,,,,,,,,,,,,,,,,,,,,,,,,,,,,,,,,,,,,,,,,,,,,,,,,,,,,,,,,,,,,,,,,,,,,,,,,,,,,,,,,,,,,,,,,,,,,,,,,,,,,,,,,,"CLIENT-PC",,,main,,,,14,,,,"//_::_====-=---======________.\r_=()____()\r_=----",,"WinEventLog:Application","WinEventLog:Application",SIEM,,,,,,,,
,,,,,,,"CLIENT-PC",,,,,1004,4,,,,,,,,,,,,,,,,,,,Classic,,,Application,,,,"The Software Protection service has successfully installed the license.
License Title=Windows(R) UL volume License (Private)
License Id=6cef44d6-d290-49df-b978-e5708da9c752",,,,,,,,,,None,,,,,,,,,,,,,,,,,,,3216,,,,,,,,,,,,,,,,"Microsoft-Windows-Security-SPP",,,,None,,,Information,,,"09/22/2023 12:04:39 AM
LogName=Application
EventCode=1004
EventType=4
ComputerName=CLIENT-PC
SourceName=Microsoft-Windows-Security-SPP
Type=Information
RecordNumber=3216
Keywords=Classic
TaskCategory=None
OpCode=None
Message=The Software Protection service has successfully installed the license.
License Title=Windows(R) UL volume License (Private)
License Id=6cef44d6-d290-49df-b978-e5708da9c752","2023-09-22T00:04:39.000+03:00",,,,,,,,,,,,,,,,,,,,,,,,,,,,,,,,,,,,,,,,,,,,,,,,,,,,,,,,,,,,,,,,,,,,,,,,,,,,,,,,,,,,,,,,,,,,,,,,,,,,,,,,,,,,,,,,,,,,,,,,,,,,,,,,"CLIENT-PC",,,main,,,,14,,,,"//_::_====-=---======________.\r_=()____()\r_=----",,"WinEventLog:Application","WinEventLog:Application",SIEM,,,,,,,,
,,,,,,,"CLIENT-PC",,,,,1004,4,,,,,,,,,,,,,,,,,,,Classic,,,Application,,,,"The Software Protection service has successfully installed the license.
License Title=Windows(R) UL volume License (Public)
License Id=795849ff-c9bb-4c4f-a25e-6bf659bb79fe",,,,,,,,,,None,,,,,,,,,,,,,,,,,,,3215,,,,,,,,,,,,,,,,"Microsoft-Windows-Security-SPP",,,,None,,,Information,,,"09/22/2023 12:04:39 AM
LogName=Application
EventCode=1004
EventType=4
ComputerName=CLIENT-PC
SourceName=Microsoft-Windows-Security-SPP
Type=Information
RecordNumber=3215
Keywords=Classic
TaskCategory=None
OpCode=None
Message=The Software Protection service has successfully installed the license.
License Title=Windows(R) UL volume License (Public)
License Id=795849ff-c9bb-4c4f-a25e-6bf659bb79fe","2023-09-22T00:04:39.000+03:00",,,,,,,,,,,,,,,,,,,,,,,,,,,,,,,,,,,,,,,,,,,,,,,,,,,,,,,,,,,,,,,,,,,,,,,,,,,,,,,,,,,,,,,,,,,,,,,,,,,,,,,,,,,,,,,,,,,,,,,,,,,,,,,,"CLIENT-PC",,,main,,,,14,,,,"//_::_====-=---======________.\r_=()____()\r_=----",,"WinEventLog:Application","WinEventLog:Application",SIEM,,,,,,,,
,,,,,,,"CLIENT-PC",,,,,1004,4,,,,,,,,,,,,,,,,,,,Classic,,,Application,,,,"The Software Protection service has successfully installed the license.
License Title=Windows(R) UL oob License (Private)
License Id=42b9bbda-2f42-40dc-ae05-d4d32ac92e1b",,,,,,,,,,None,,,,,,,,,,,,,,,,,,,3214,,,,,,,,,,,,,,,,"Microsoft-Windows-Security-SPP",,,,None,,,Information,,,"09/22/2023 12:04:39 AM
LogName=Application
EventCode=1004
EventType=4
ComputerName=CLIENT-PC
SourceName=Microsoft-Windows-Security-SPP
Type=Information
RecordNumber=3214
Keywords=Classic
TaskCategory=None
OpCode=None
Message=The Software Protection service has successfully installed the license.
License Title=Windows(R) UL oob License (Private)
License Id=42b9bbda-2f42-40dc-ae05-d4d32ac92e1b","2023-09-22T00:04:39.000+03:00",,,,,,,,,,,,,,,,,,,,,,,,,,,,,,,,,,,,,,,,,,,,,,,,,,,,,,,,,,,,,,,,,,,,,,,,,,,,,,,,,,,,,,,,,,,,,,,,,,,,,,,,,,,,,,,,,,,,,,,,,,,,,,,,"CLIENT-PC",,,main,,,,14,,,,"//_::_====-=---======________.\r_=()____()\r_=----",,"WinEventLog:Application","WinEventLog:Application",SIEM,,,,,,,,
,,,,,,,"CLIENT-PC",,,,,1004,4,,,,,,,,,,,,,,,,,,,Classic,,,Application,,,,"The Software Protection service has successfully installed the license.
License Title=Windows(R) UL oob License (Public)
License Id=372b4dd9-6dfd-47cb-8eff-74ed57dbf190",,,,,,,,,,None,,,,,,,,,,,,,,,,,,,3213,,,,,,,,,,,,,,,,"Microsoft-Windows-Security-SPP",,,,None,,,Information,,,"09/22/2023 12:04:39 AM
LogName=Application
EventCode=1004
EventType=4
ComputerName=CLIENT-PC
SourceName=Microsoft-Windows-Security-SPP
Type=Information
RecordNumber=3213
Keywords=Classic
TaskCategory=None
OpCode=None
Message=The Software Protection service has successfully installed the license.
License Title=Windows(R) UL oob License (Public)
License Id=372b4dd9-6dfd-47cb-8eff-74ed57dbf190","2023-09-22T00:04:39.000+03:00",,,,,,,,,,,,,,,,,,,,,,,,,,,,,,,,,,,,,,,,,,,,,,,,,,,,,,,,,,,,,,,,,,,,,,,,,,,,,,,,,,,,,,,,,,,,,,,,,,,,,,,,,,,,,,,,,,,,,,,,,,,,,,,,"CLIENT-PC",,,main,,,,14,,,,"//_::_====-=---======________.\r_=()____()\r_=----",,"WinEventLog:Application","WinEventLog:Application",SIEM,,,,,,,,
,,,,,,,"CLIENT-PC",,,,,1004,4,,,,,,,,,,,,,,,,,,,Classic,,,Application,,,,"The Software Protection service has successfully installed the license.
License Title=Windows(R) UL store License (Private)
License Id=5e979748-ea6f-4bf3-9b0f-d476a1568b15",,,,,,,,,,None,,,,,,,,,,,,,,,,,,,3212,,,,,,,,,,,,,,,,"Microsoft-Windows-Security-SPP",,,,None,,,Information,,,"09/22/2023 12:04:39 AM
LogName=Application
EventCode=1004
EventType=4
ComputerName=CLIENT-PC
SourceName=Microsoft-Windows-Security-SPP
Type=Information
RecordNumber=3212
Keywords=Classic
TaskCategory=None
OpCode=None
Message=The Software Protection service has successfully installed the license.
License Title=Windows(R) UL store License (Private)
License Id=5e979748-ea6f-4bf3-9b0f-d476a1568b15","2023-09-22T00:04:39.000+03:00",,,,,,,,,,,,,,,,,,,,,,,,,,,,,,,,,,,,,,,,,,,,,,,,,,,,,,,,,,,,,,,,,,,,,,,,,,,,,,,,,,,,,,,,,,,,,,,,,,,,,,,,,,,,,,,,,,,,,,,,,,,,,,,,"CLIENT-PC",,,main,,,,14,,,,"//_::_====-=---======________.\r_=()____()\r_=----",,"WinEventLog:Application","WinEventLog:Application",SIEM,,,,,,,,
,,,,,,,"CLIENT-PC",,,,,1004,4,,,,,,,,,,,,,,,,,,,Classic,,,Application,,,,"The Software Protection service has successfully installed the license.
License Title=Windows(R) UL store License (Public)
License Id=81e1451f-b366-4af6-82b3-8b3c01d3e40a",,,,,,,,,,None,,,,,,,,,,,,,,,,,,,3211,,,,,,,,,,,,,,,,"Microsoft-Windows-Security-SPP",,,,None,,,Information,,,"09/22/2023 12:04:39 AM
LogName=Application
EventCode=1004
EventType=4
ComputerName=CLIENT-PC
SourceName=Microsoft-Windows-Security-SPP
Type=Information
RecordNumber=3211
Keywords=Classic
TaskCategory=None
OpCode=None
Message=The Software Protection service has successfully installed the license.
License Title=Windows(R) UL store License (Public)
License Id=81e1451f-b366-4af6-82b3-8b3c01d3e40a","2023-09-22T00:04:39.000+03:00",,,,,,,,,,,,,,,,,,,,,,,,,,,,,,,,,,,,,,,,,,,,,,,,,,,,,,,,,,,,,,,,,,,,,,,,,,,,,,,,,,,,,,,,,,,,,,,,,,,,,,,,,,,,,,,,,,,,,,,,,,,,,,,,"CLIENT-PC",,,main,,,,14,,,,"//_::_====-=---======________.\r_=()____()\r_=----",,"WinEventLog:Application","WinEventLog:Application",SIEM,,,,,,,,
,,,,,,,"CLIENT-PC",,,,,1004,4,,,,,,,,,,,,,,,,,,,Classic,,,Application,,,,"The Software Protection service has successfully installed the license.
License Title=Windows(R) UL phone License (Private)
License Id=2171ac6c-6e64-4083-84e4-4d3e41314881",,,,,,,,,,None,,,,,,,,,,,,,,,,,,,3210,,,,,,,,,,,,,,,,"Microsoft-Windows-Security-SPP",,,,None,,,Information,,,"09/22/2023 12:04:39 AM
LogName=Application
EventCode=1004
EventType=4
ComputerName=CLIENT-PC
SourceName=Microsoft-Windows-Security-SPP
Type=Information
RecordNumber=3210
Keywords=Classic
TaskCategory=None
OpCode=None
Message=The Software Protection service has successfully installed the license.
License Title=Windows(R) UL phone License (Private)
License Id=2171ac6c-6e64-4083-84e4-4d3e41314881","2023-09-22T00:04:39.000+03:00",,,,,,,,,,,,,,,,,,,,,,,,,,,,,,,,,,,,,,,,,,,,,,,,,,,,,,,,,,,,,,,,,,,,,,,,,,,,,,,,,,,,,,,,,,,,,,,,,,,,,,,,,,,,,,,,,,,,,,,,,,,,,,,,"CLIENT-PC",,,main,,,,14,,,,"//_::_====-=---======________.\r_=()____()\r_=----",,"WinEventLog:Application","WinEventLog:Application",SIEM,,,,,,,,
,,,,,,,"CLIENT-PC",,,,,1004,4,,,,,,,,,,,,,,,,,,,Classic,,,Application,,,,"The Software Protection service has successfully installed the license.
License Title=Windows(R) UL phone License (Public)
License Id=b5868547-cdee-49a0-a379-086c6e67e546",,,,,,,,,,None,,,,,,,,,,,,,,,,,,,3209,,,,,,,,,,,,,,,,"Microsoft-Windows-Security-SPP",,,,None,,,Information,,,"09/22/2023 12:04:39 AM
LogName=Application
EventCode=1004
EventType=4
ComputerName=CLIENT-PC
SourceName=Microsoft-Windows-Security-SPP
Type=Information
RecordNumber=3209
Keywords=Classic
TaskCategory=None
OpCode=None
Message=The Software Protection service has successfully installed the license.
License Title=Windows(R) UL phone License (Public)
License Id=b5868547-cdee-49a0-a379-086c6e67e546","2023-09-22T00:04:39.000+03:00",,,,,,,,,,,,,,,,,,,,,,,,,,,,,,,,,,,,,,,,,,,,,,,,,,,,,,,,,,,,,,,,,,,,,,,,,,,,,,,,,,,,,,,,,,,,,,,,,,,,,,,,,,,,,,,,,,,,,,,,,,,,,,,,"CLIENT-PC",,,main,,,,14,,,,"//_::_====-=---======________.\r_=()____()\r_=----",,"WinEventLog:Application","WinEventLog:Application",SIEM,,,,,,,,
,,,,,,,"CLIENT-PC",,,,,1004,4,,,,,,,,,,,,,,,,,,,Classic,,,Application,,,,"The Software Protection service has successfully installed the license.
License Title=Windows(R) UL oob License (Private)
License Id=f08532cb-2196-41a7-90bd-745ef8b669af",,,,,,,,,,None,,,,,,,,,,,,,,,,,,,3208,,,,,,,,,,,,,,,,"Microsoft-Windows-Security-SPP",,,,None,,,Information,,,"09/22/2023 12:04:39 AM
LogName=Application
EventCode=1004
EventType=4
ComputerName=CLIENT-PC
SourceName=Microsoft-Windows-Security-SPP
Type=Information
RecordNumber=3208
Keywords=Classic
TaskCategory=None
OpCode=None
Message=The Software Protection service has successfully installed the license.
License Title=Windows(R) UL oob License (Private)
License Id=f08532cb-2196-41a7-90bd-745ef8b669af","2023-09-22T00:04:39.000+03:00",,,,,,,,,,,,,,,,,,,,,,,,,,,,,,,,,,,,,,,,,,,,,,,,,,,,,,,,,,,,,,,,,,,,,,,,,,,,,,,,,,,,,,,,,,,,,,,,,,,,,,,,,,,,,,,,,,,,,,,,,,,,,,,,"CLIENT-PC",,,main,,,,14,,,,"//_::_====-=---======________.\r_=()____()\r_=----",,"WinEventLog:Application","WinEventLog:Application",SIEM,,,,,,,,
,,,,,,,"CLIENT-PC",,,,,1004,4,,,,,,,,,,,,,,,,,,,Classic,,,Application,,,,"The Software Protection service has successfully installed the license.
License Title=Windows(R) UL oob License (Public)
License Id=5e64791d-67dc-4324-8dde-d38f1d76e790",,,,,,,,,,None,,,,,,,,,,,,,,,,,,,3207,,,,,,,,,,,,,,,,"Microsoft-Windows-Security-SPP",,,,None,,,Information,,,"09/22/2023 12:04:39 AM
LogName=Application
EventCode=1004
EventType=4
ComputerName=CLIENT-PC
SourceName=Microsoft-Windows-Security-SPP
Type=Information
RecordNumber=3207
Keywords=Classic
TaskCategory=None
OpCode=None
Message=The Software Protection service has successfully installed the license.
License Title=Windows(R) UL oob License (Public)
License Id=5e64791d-67dc-4324-8dde-d38f1d76e790","2023-09-22T00:04:39.000+03:00",,,,,,,,,,,,,,,,,,,,,,,,,,,,,,,,,,,,,,,,,,,,,,,,,,,,,,,,,,,,,,,,,,,,,,,,,,,,,,,,,,,,,,,,,,,,,,,,,,,,,,,,,,,,,,,,,,,,,,,,,,,,,,,,"CLIENT-PC",,,main,,,,14,,,,"//_::_====-=---======________.\r_=()____()\r_=----",,"WinEventLog:Application","WinEventLog:Application",SIEM,,,,,,,,
,,,,,,,"CLIENT-PC",,,,,1004,4,,,,,,,,,,,,,,,,,,,Classic,,,Application,,,,"The Software Protection service has successfully installed the license.
License Title=Windows(R) Publishing License (Private)
License Id=04bcee0c-2421-4e48-bc86-cb6fa5b84fc3",,,,,,,,,,None,,,,,,,,,,,,,,,,,,,3206,,,,,,,,,,,,,,,,"Microsoft-Windows-Security-SPP",,,,None,,,Information,,,"09/22/2023 12:04:39 AM
LogName=Application
EventCode=1004
EventType=4
ComputerName=CLIENT-PC
SourceName=Microsoft-Windows-Security-SPP
Type=Information
RecordNumber=3206
Keywords=Classic
TaskCategory=None
OpCode=None
Message=The Software Protection service has successfully installed the license.
License Title=Windows(R) Publishing License (Private)
License Id=04bcee0c-2421-4e48-bc86-cb6fa5b84fc3","2023-09-22T00:04:39.000+03:00",,,,,,,,,,,,,,,,,,,,,,,,,,,,,,,,,,,,,,,,,,,,,,,,,,,,,,,,,,,,,,,,,,,,,,,,,,,,,,,,,,,,,,,,,,,,,,,,,,,,,,,,,,,,,,,,,,,,,,,,,,,,,,,,"CLIENT-PC",,,main,,,,14,,,,"//_::_====-=---======________.\r_=()___()\r_=----",,"WinEventLog:Application","WinEventLog:Application",SIEM,,,,,,,,
,,,,,,,"CLIENT-PC",,,,,1004,4,,,,,,,,,,,,,,,,,,,Classic,,,Application,,,,"The Software Protection service has successfully installed the license.
License Title=Windows(R) Publishing License (Public)
License Id=4f26ee39-6f65-4708-b161-6a90981e15ae",,,,,,,,,,None,,,,,,,,,,,,,,,,,,,3205,,,,,,,,,,,,,,,,"Microsoft-Windows-Security-SPP",,,,None,,,Information,,,"09/22/2023 12:04:39 AM
LogName=Application
EventCode=1004
EventType=4
ComputerName=CLIENT-PC
SourceName=Microsoft-Windows-Security-SPP
Type=Information
RecordNumber=3205
Keywords=Classic
TaskCategory=None
OpCode=None
Message=The Software Protection service has successfully installed the license.
License Title=Windows(R) Publishing License (Public)
License Id=4f26ee39-6f65-4708-b161-6a90981e15ae","2023-09-22T00:04:39.000+03:00",,,,,,,,,,,,,,,,,,,,,,,,,,,,,,,,,,,,,,,,,,,,,,,,,,,,,,,,,,,,,,,,,,,,,,,,,,,,,,,,,,,,,,,,,,,,,,,,,,,,,,,,,,,,,,,,,,,,,,,,,,,,,,,,"CLIENT-PC",,,main,,,,14,,,,"//_::_====-=---======________.\r_=()___()\r_=----",,"WinEventLog:Application","WinEventLog:Application",SIEM,,,,,,,,
,,,,,,,"CLIENT-PC",,,,,1004,4,,,,,,,,,,,,,,,,,,,Classic,,,Application,,,,"The Software Protection service has successfully installed the license.
License Title=Windows(R) UL oem License (Private)
License Id=f4a94f0d-1c32-4d66-a867-cf14b58af584",,,,,,,,,,None,,,,,,,,,,,,,,,,,,,3204,,,,,,,,,,,,,,,,"Microsoft-Windows-Security-SPP",,,,None,,,Information,,,"09/22/2023 12:04:39 AM
LogName=Application
EventCode=1004
EventType=4
ComputerName=CLIENT-PC
SourceName=Microsoft-Windows-Security-SPP
Type=Information
RecordNumber=3204
Keywords=Classic
TaskCategory=None
OpCode=None
Message=The Software Protection service has successfully installed the license.
License Title=Windows(R) UL oem License (Private)
License Id=f4a94f0d-1c32-4d66-a867-cf14b58af584","2023-09-22T00:04:39.000+03:00",,,,,,,,,,,,,,,,,,,,,,,,,,,,,,,,,,,,,,,,,,,,,,,,,,,,,,,,,,,,,,,,,,,,,,,,,,,,,,,,,,,,,,,,,,,,,,,,,,,,,,,,,,,,,,,,,,,,,,,,,,,,,,,,"CLIENT-PC",,,main,,,,14,,,,"//_::_====-=---======________.\r_=()____()\r_=----",,"WinEventLog:Application","WinEventLog:Application",SIEM,,,,,,,,
,,,,,,,"CLIENT-PC",,,,,1004,4,,,,,,,,,,,,,,,,,,,Classic,,,Application,,,,"The Software Protection service has successfully installed the license.
License Title=Windows(R) UL oem License (Public)
License Id=8d7bb935-eb57-42ad-a1b3-425be93c2f60",,,,,,,,,,None,,,,,,,,,,,,,,,,,,,3203,,,,,,,,,,,,,,,,"Microsoft-Windows-Security-SPP",,,,None,,,Information,,,"09/22/2023 12:04:39 AM
LogName=Application
EventCode=1004
EventType=4
ComputerName=CLIENT-PC
SourceName=Microsoft-Windows-Security-SPP
Type=Information
RecordNumber=3203
Keywords=Classic
TaskCategory=None
OpCode=None
Message=The Software Protection service has successfully installed the license.
License Title=Windows(R) UL oem License (Public)
License Id=8d7bb935-eb57-42ad-a1b3-425be93c2f60","2023-09-22T00:04:39.000+03:00",,,,,,,,,,,,,,,,,,,,,,,,,,,,,,,,,,,,,,,,,,,,,,,,,,,,,,,,,,,,,,,,,,,,,,,,,,,,,,,,,,,,,,,,,,,,,,,,,,,,,,,,,,,,,,,,,,,,,,,,,,,,,,,,"CLIENT-PC",,,main,,,,14,,,,"//_::_====-=---======________.\r_=()____()\r_=----",,"WinEventLog:Application","WinEventLog:Application",SIEM,,,,,,,,
,,,,,,,"CLIENT-PC",,,,,1004,4,,,,,,,,,,,,,,,,,,,Classic,,,Application,,,,"The Software Protection service has successfully installed the license.
License Title=Windows(R) UL oob License (Private)
License Id=fddb7df1-0a43-4434-bbd9-3af4b9df9714",,,,,,,,,,None,,,,,,,,,,,,,,,,,,,3202,,,,,,,,,,,,,,,,"Microsoft-Windows-Security-SPP",,,,None,,,Information,,,"09/22/2023 12:04:39 AM
LogName=Application
EventCode=1004
EventType=4
ComputerName=CLIENT-PC
SourceName=Microsoft-Windows-Security-SPP
Type=Information
RecordNumber=3202
Keywords=Classic
TaskCategory=None
OpCode=None
Message=The Software Protection service has successfully installed the license.
License Title=Windows(R) UL oob License (Private)
License Id=fddb7df1-0a43-4434-bbd9-3af4b9df9714","2023-09-22T00:04:39.000+03:00",,,,,,,,,,,,,,,,,,,,,,,,,,,,,,,,,,,,,,,,,,,,,,,,,,,,,,,,,,,,,,,,,,,,,,,,,,,,,,,,,,,,,,,,,,,,,,,,,,,,,,,,,,,,,,,,,,,,,,,,,,,,,,,,"CLIENT-PC",,,main,,,,14,,,,"//_::_====-=---======________.\r_=()____()\r_=----",,"WinEventLog:Application","WinEventLog:Application",SIEM,,,,,,,,
,,,,,,,"CLIENT-PC",,,,,1004,4,,,,,,,,,,,,,,,,,,,Classic,,,Application,,,,"The Software Protection service has successfully installed the license.
License Title=Windows(R) UL oob License (Public)
License Id=20d9b566-bbd6-40ef-9fac-d43082ab2c0b",,,,,,,,,,None,,,,,,,,,,,,,,,,,,,3201,,,,,,,,,,,,,,,,"Microsoft-Windows-Security-SPP",,,,None,,,Information,,,"09/22/2023 12:04:39 AM
LogName=Application
EventCode=1004
EventType=4
ComputerName=CLIENT-PC
SourceName=Microsoft-Windows-Security-SPP
Type=Information
RecordNumber=3201
Keywords=Classic
TaskCategory=None
OpCode=None
Message=The Software Protection service has successfully installed the license.
License Title=Windows(R) UL oob License (Public)
License Id=20d9b566-bbd6-40ef-9fac-d43082ab2c0b","2023-09-22T00:04:39.000+03:00",,,,,,,,,,,,,,,,,,,,,,,,,,,,,,,,,,,,,,,,,,,,,,,,,,,,,,,,,,,,,,,,,,,,,,,,,,,,,,,,,,,,,,,,,,,,,,,,,,,,,,,,,,,,,,,,,,,,,,,,,,,,,,,,"CLIENT-PC",,,main,,,,14,,,,"//_::_====-=---======________.\r_=()____()\r_=----",,"WinEventLog:Application","WinEventLog:Application",SIEM,,,,,,,,
,,,,,,,"CLIENT-PC",,,,,1004,4,,,,,,,,,,,,,,,,,,,Classic,,,Application,,,,"The Software Protection service has successfully installed the license.
License Title=Windows(R) UL store License (Private)
License Id=408465dd-2753-44fb-a6bc-2912d88ffb1b",,,,,,,,,,None,,,,,,,,,,,,,,,,,,,3200,,,,,,,,,,,,,,,,"Microsoft-Windows-Security-SPP",,,,None,,,Information,,,"09/22/2023 12:04:39 AM
LogName=Application
EventCode=1004
EventType=4
ComputerName=CLIENT-PC
SourceName=Microsoft-Windows-Security-SPP
Type=Information
RecordNumber=3200
Keywords=Classic
TaskCategory=None
OpCode=None
Message=The Software Protection service has successfully installed the license.
License Title=Windows(R) UL store License (Private)
License Id=408465dd-2753-44fb-a6bc-2912d88ffb1b","2023-09-22T00:04:39.000+03:00",,,,,,,,,,,,,,,,,,,,,,,,,,,,,,,,,,,,,,,,,,,,,,,,,,,,,,,,,,,,,,,,,,,,,,,,,,,,,,,,,,,,,,,,,,,,,,,,,,,,,,,,,,,,,,,,,,,,,,,,,,,,,,,,"CLIENT-PC",,,main,,,,14,,,,"//_::_====-=---======________.\r_=()____()\r_=----",,"WinEventLog:Application","WinEventLog:Application",SIEM,,,,,,,,
,,,,,,,"CLIENT-PC",,,,,1004,4,,,,,,,,,,,,,,,,,,,Classic,,,Application,,,,"The Software Protection service has successfully installed the license.
License Title=Windows(R) UL store License (Public)
License Id=454cde67-071e-4bd4-9d95-1fdd3e4029b2",,,,,,,,,,None,,,,,,,,,,,,,,,,,,,3199,,,,,,,,,,,,,,,,"Microsoft-Windows-Security-SPP",,,,None,,,Information,,,"09/22/2023 12:04:39 AM
LogName=Application
EventCode=1004
EventType=4
ComputerName=CLIENT-PC
SourceName=Microsoft-Windows-Security-SPP
Type=Information
RecordNumber=3199
Keywords=Classic
TaskCategory=None
OpCode=None
Message=The Software Protection service has successfully installed the license.
License Title=Windows(R) UL store License (Public)
License Id=454cde67-071e-4bd4-9d95-1fdd3e4029b2","2023-09-22T00:04:39.000+03:00",,,,,,,,,,,,,,,,,,,,,,,,,,,,,,,,,,,,,,,,,,,,,,,,,,,,,,,,,,,,,,,,,,,,,,,,,,,,,,,,,,,,,,,,,,,,,,,,,,,,,,,,,,,,,,,,,,,,,,,,,,,,,,,,"CLIENT-PC",,,main,,,,14,,,,"//_::_====-=---======________.\r_=()____()\r_=----",,"WinEventLog:Application","WinEventLog:Application",SIEM,,,,,,,,
,,,,,,,"CLIENT-PC",,,,,1004,4,,,,,,,,,,,,,,,,,,,Classic,,,Application,,,,"The Software Protection service has successfully installed the license.
License Title=Windows(R) UL phone License (Private)
License Id=adeb9083-7602-4079-b20f-28acd579611f",,,,,,,,,,None,,,,,,,,,,,,,,,,,,,3198,,,,,,,,,,,,,,,,"Microsoft-Windows-Security-SPP",,,,None,,,Information,,,"09/22/2023 12:04:39 AM
LogName=Application
EventCode=1004
EventType=4
ComputerName=CLIENT-PC
SourceName=Microsoft-Windows-Security-SPP
Type=Information
RecordNumber=3198
Keywords=Classic
TaskCategory=None
OpCode=None
Message=The Software Protection service has successfully installed the license.
License Title=Windows(R) UL phone License (Private)
License Id=adeb9083-7602-4079-b20f-28acd579611f","2023-09-22T00:04:39.000+03:00",,,,,,,,,,,,,,,,,,,,,,,,,,,,,,,,,,,,,,,,,,,,,,,,,,,,,,,,,,,,,,,,,,,,,,,,,,,,,,,,,,,,,,,,,,,,,,,,,,,,,,,,,,,,,,,,,,,,,,,,,,,,,,,,"CLIENT-PC",,,main,,,,14,,,,"//_::_====-=---======________.\r_=()____()\r_=----",,"WinEventLog:Application","WinEventLog:Application",SIEM,,,,,,,,
,,,,,,,"CLIENT-PC",,,,,1004,4,,,,,,,,,,,,,,,,,,,Classic,,,Application,,,,"The Software Protection service has successfully installed the license.
License Title=Windows(R) UL phone License (Public)
License Id=b9148c85-701c-4d2b-87dd-2731d370933f",,,,,,,,,,None,,,,,,,,,,,,,,,,,,,3197,,,,,,,,,,,,,,,,"Microsoft-Windows-Security-SPP",,,,None,,,Information,,,"09/22/2023 12:04:39 AM
LogName=Application
EventCode=1004
EventType=4
ComputerName=CLIENT-PC
SourceName=Microsoft-Windows-Security-SPP
Type=Information
RecordNumber=3197
Keywords=Classic
TaskCategory=None
OpCode=None
Message=The Software Protection service has successfully installed the license.
License Title=Windows(R) UL phone License (Public)
License Id=b9148c85-701c-4d2b-87dd-2731d370933f","2023-09-22T00:04:39.000+03:00",,,,,,,,,,,,,,,,,,,,,,,,,,,,,,,,,,,,,,,,,,,,,,,,,,,,,,,,,,,,,,,,,,,,,,,,,,,,,,,,,,,,,,,,,,,,,,,,,,,,,,,,,,,,,,,,,,,,,,,,,,,,,,,,"CLIENT-PC",,,main,,,,14,,,,"//_::_====-=---======________.\r_=()____()\r_=----",,"WinEventLog:Application","WinEventLog:Application",SIEM,,,,,,,,
,,,,,,,"CLIENT-PC",,,,,1004,4,,,,,,,,,,,,,,,,,,,Classic,,,Application,,,,"The Software Protection service has successfully installed the license.
License Title=Windows(R) UL oob License (Private)
License Id=be98aaef-4835-4acb-a0f9-7940587124f0",,,,,,,,,,None,,,,,,,,,,,,,,,,,,,3196,,,,,,,,,,,,,,,,"Microsoft-Windows-Security-SPP",,,,None,,,Information,,,"09/22/2023 12:04:39 AM
LogName=Application
EventCode=1004
EventType=4
ComputerName=CLIENT-PC
SourceName=Microsoft-Windows-Security-SPP
Type=Information
RecordNumber=3196
Keywords=Classic
TaskCategory=None
OpCode=None
Message=The Software Protection service has successfully installed the license.
License Title=Windows(R) UL oob License (Private)
License Id=be98aaef-4835-4acb-a0f9-7940587124f0","2023-09-22T00:04:39.000+03:00",,,,,,,,,,,,,,,,,,,,,,,,,,,,,,,,,,,,,,,,,,,,,,,,,,,,,,,,,,,,,,,,,,,,,,,,,,,,,,,,,,,,,,,,,,,,,,,,,,,,,,,,,,,,,,,,,,,,,,,,,,,,,,,,"CLIENT-PC",,,main,,,,14,,,,"//_::_====-=---======________.\r_=()____()\r_=----",,"WinEventLog:Application","WinEventLog:Application",SIEM,,,,,,,,
,,,,,,,"CLIENT-PC",,,,,1004,4,,,,,,,,,,,,,,,,,,,Classic,,,Application,,,,"The Software Protection service has successfully installed the license.
License Title=Windows(R) UL oob License (Public)
License Id=02f000c8-347c-430c-b9f9-bca5ec1680a6",,,,,,,,,,None,,,,,,,,,,,,,,,,,,,3195,,,,,,,,,,,,,,,,"Microsoft-Windows-Security-SPP",,,,None,,,Information,,,"09/22/2023 12:04:39 AM
LogName=Application
EventCode=1004
EventType=4
ComputerName=CLIENT-PC
SourceName=Microsoft-Windows-Security-SPP
Type=Information
RecordNumber=3195
Keywords=Classic
TaskCategory=None
OpCode=None
Message=The Software Protection service has successfully installed the license.
License Title=Windows(R) UL oob License (Public)
License Id=02f000c8-347c-430c-b9f9-bca5ec1680a6","2023-09-22T00:04:39.000+03:00",,,,,,,,,,,,,,,,,,,,,,,,,,,,,,,,,,,,,,,,,,,,,,,,,,,,,,,,,,,,,,,,,,,,,,,,,,,,,,,,,,,,,,,,,,,,,,,,,,,,,,,,,,,,,,,,,,,,,,,,,,,,,,,,"CLIENT-PC",,,main,,,,14,,,,"//_::_====-=---======________.\r_=()____()\r_=----",,"WinEventLog:Application","WinEventLog:Application",SIEM,,,,,,,,
,,,,,,,"CLIENT-PC",,,,,1004,4,,,,,,,,,,,,,,,,,,,Classic,,,Application,,,,"The Software Protection service has successfully installed the license.
License Title=Windows(R) Publishing License (Private)
License Id=ca6e9ea5-0491-4adc-ba50-b5bf3b00317f",,,,,,,,,,None,,,,,,,,,,,,,,,,,,,3194,,,,,,,,,,,,,,,,"Microsoft-Windows-Security-SPP",,,,None,,,Information,,,"09/22/2023 12:04:38 AM
LogName=Application
EventCode=1004
EventType=4
ComputerName=CLIENT-PC
SourceName=Microsoft-Windows-Security-SPP
Type=Information
RecordNumber=3194
Keywords=Classic
TaskCategory=None
OpCode=None
Message=The Software Protection service has successfully installed the license.
License Title=Windows(R) Publishing License (Private)
License Id=ca6e9ea5-0491-4adc-ba50-b5bf3b00317f","2023-09-22T00:04:38.000+03:00",,,,,,,,,,,,,,,,,,,,,,,,,,,,,,,,,,,,,,,,,,,,,,,,,,,,,,,,,,,,,,,,,,,,,,,,,,,,,,,,,,,,,,,,,,,,,,,,,,,,,,,,,,,,,,,,,,,,,,,,,,,,,,,,"CLIENT-PC",,,main,,,,14,,,,"//_::_====-=---======________.\r_=()___()\r_=----",,"WinEventLog:Application","WinEventLog:Application",SIEM,,,,,,,,
,,,,,,,"CLIENT-PC",,,,,1004,4,,,,,,,,,,,,,,,,,,,Classic,,,Application,,,,"The Software Protection service has successfully installed the license.
License Title=Windows(R) Publishing License (Public)
License Id=3356ab99-1707-4df2-bbed-ff896e414f82",,,,,,,,,,None,,,,,,,,,,,,,,,,,,,3193,,,,,,,,,,,,,,,,"Microsoft-Windows-Security-SPP",,,,None,,,Information,,,"09/22/2023 12:04:38 AM
LogName=Application
EventCode=1004
EventType=4
ComputerName=CLIENT-PC
SourceName=Microsoft-Windows-Security-SPP
Type=Information
RecordNumber=3193
Keywords=Classic
TaskCategory=None
OpCode=None
Message=The Software Protection service has successfully installed the license.
License Title=Windows(R) Publishing License (Public)
License Id=3356ab99-1707-4df2-bbed-ff896e414f82","2023-09-22T00:04:38.000+03:00",,,,,,,,,,,,,,,,,,,,,,,,,,,,,,,,,,,,,,,,,,,,,,,,,,,,,,,,,,,,,,,,,,,,,,,,,,,,,,,,,,,,,,,,,,,,,,,,,,,,,,,,,,,,,,,,,,,,,,,,,,,,,,,,"CLIENT-PC",,,main,,,,14,,,,"//_::_====-=---======________.\r_=()___()\r_=----",,"WinEventLog:Application","WinEventLog:Application",SIEM,,,,,,,,
,,,,,,,"CLIENT-PC",,,,,1066,4,,,,,,,,,,,,,,,,,,,Classic,,,Application,,,,"Initialization status for service objects.
C:\Windows\system32\sppwinob.dll, msft:spp/windowsfunctionality/agent/7.0, 0x00000000, 0x00000000
C:\Windows\system32\sppobjs.dll, msft:rm/algorithm/inherited/1.0, 0x00000000, 0x00000000
C:\Windows\system32\sppobjs.dll, msft:rm/algorithm/phone/1.0, 0x00000000, 0x00000000
C:\Windows\system32\sppobjs.dll, msft:rm/algorithm/pkey/detect, 0x00000000, 0x00000000
C:\Windows\system32\sppobjs.dll, msft:spp/ActionScheduler/1.0, 0x00000000, 0x00000000
C:\Windows\system32\sppobjs.dll, msft:spp/TaskScheduler/1.0, 0x00000000, 0x00000000
C:\Windows\system32\sppobjs.dll, msft:spp/statecollector/pkey, 0x00000000, 0x00000000
C:\Windows\system32\sppobjs.dll, msft:spp/volume/services/kms/1.0, 0x00000000, 0x00000000
C:\Windows\system32\sppobjs.dll, msft:spp/volume/services/kms/activationinfo/1.0, 0x00000000, 0x00000000",,,,,,,,,,None,,,,,,,,,,,,,,,,,,,3192,,,,,,,,,,,,,,,,"Microsoft-Windows-Security-SPP",,,,None,,,Information,,,"09/22/2023 12:04:37 AM
LogName=Application
EventCode=1066
EventType=4
ComputerName=CLIENT-PC
SourceName=Microsoft-Windows-Security-SPP
Type=Information
RecordNumber=3192
Keywords=Classic
TaskCategory=None
OpCode=None
Message=Initialization status for service objects.
C:\Windows\system32\sppwinob.dll, msft:spp/windowsfunctionality/agent/7.0, 0x00000000, 0x00000000
C:\Windows\system32\sppobjs.dll, msft:rm/algorithm/inherited/1.0, 0x00000000, 0x00000000
C:\Windows\system32\sppobjs.dll, msft:rm/algorithm/phone/1.0, 0x00000000, 0x00000000
C:\Windows\system32\sppobjs.dll, msft:rm/algorithm/pkey/detect, 0x00000000, 0x00000000
C:\Windows\system32\sppobjs.dll, msft:spp/ActionScheduler/1.0, 0x00000000, 0x00000000
C:\Windows\system32\sppobjs.dll, msft:spp/TaskScheduler/1.0, 0x00000000, 0x00000000
C:\Windows\system32\sppobjs.dll, msft:spp/statecollector/pkey, 0x00000000, 0x00000000
C:\Windows\system32\sppobjs.dll, msft:spp/volume/services/kms/1.0, 0x00000000, 0x00000000
C:\Windows\system32\sppobjs.dll, msft:spp/volume/services/kms/activationinfo/1.0, 0x00000000, 0x00000000","2023-09-22T00:04:37.000+03:00",,,,,,,,,,,,,,,,,,,,,,,,,,,,,,,,,,,,,,,,,,,,,,,,,,,,,,,,,,,,,,,,,,,,,,,,,,,,,,,,,,,,,,,,,,,,,,,,,,,,,,,,,,,,,,,,,,,,,,,,,,,,,,,,"CLIENT-PC",,,main,,,,21,,,,"//_::_====-=---======____.\r:\\\.,_:///.,_,_:\\\.,_",,"WinEventLog:Application","WinEventLog:Application",SIEM,,,,,,,,
,,,,,,,"CLIENT-PC",,,,,16394,4,,,,,,,,,,,,,,,,,,,Classic,,,Application,,,,"Offline downlevel migration succeeded.",,,,,,,,,,None,,,,,,,,,,,,,,,,,,,3191,,,,,,,,,,,,,,,,"Microsoft-Windows-Security-SPP",,,,None,,,Information,,,"09/22/2023 12:04:37 AM
LogName=Application
EventCode=16394
EventType=4
ComputerName=CLIENT-PC
SourceName=Microsoft-Windows-Security-SPP
Type=Information
RecordNumber=3191
Keywords=Classic
TaskCategory=None
OpCode=None
Message=Offline downlevel migration succeeded.","2023-09-22T00:04:37.000+03:00",,,,,,,,,,,,,,,,,,,,,,,,,,,,,,,,,,,,,,,,,,,,,,,,,,,,,,,,,,,,,,,,,,,,,,,,,,,,,,,,,,,,,,,,,,,,,,,,,,,,,,,,,,,,,,,,,,,,,,,,,,,,,,,,"CLIENT-PC",,,main,,,,12,,,,"//_::_====-=---======___.",,"WinEventLog:Application","WinEventLog:Application",SIEM,,,,,,,,
,,,,,,,"CLIENT-PC",,,,,900,4,,,,,,,,,,,,,,,,,,,Classic,,,Application,,,,"The Software Protection service is starting.
Parameters:TriggerStarted:6",,,,,,,,,,None,,,,,,,,,,,,,,,,,,,3190,,,,,,,,,,,,,,,,"Microsoft-Windows-Security-SPP",,,,None,,,Information,,,"09/22/2023 12:04:37 AM
LogName=Application
EventCode=900
EventType=4
ComputerName=CLIENT-PC
SourceName=Microsoft-Windows-Security-SPP
Type=Information
RecordNumber=3190
Keywords=Classic
TaskCategory=None
OpCode=None
Message=The Software Protection service is starting.
Parameters:TriggerStarted:6","2023-09-22T00:04:37.000+03:00",,,,,,,,,,,,,,,,,,,,,,,,,,,,,,,,,,,,,,,,,,,,,,,,,,,,,,,,,,,,,,,,,,,,,,,,,,,,,,,,,,,,,,,,,,,,,,,,,,,,,,,,,,,,,,,,,,,,,,,,,,,,,,,,"CLIENT-PC",,,main,,,,13,,,,"//_::_====-=---======_____.\r::",,"WinEventLog:Application","WinEventLog:Application",SIEM,,,,,,,,
,,,,,,,"CLIENT-PC",,,,,16,4,,,,,,,,,,,,,,,,,,,None,,,System,,,,"The access history in hive \??\C:\Users\Default\NTUSER.DAT was cleared updating 5 keys and creating 2 modified pages.",,,,,,,,,,Info,,,,,,,,,,,,,,,,,,,2261,,,,,,,,,,,,,,"S-1-5-18",0,"Microsoft-Windows-Kernel-General",,,,None,,,Information,"NOT_TRANSLATED",,"09/22/2023 12:04:21 AM
LogName=System
EventCode=16
EventType=4
ComputerName=CLIENT-PC
User=NOT_TRANSLATED
Sid=S-1-5-18
SidType=0
SourceName=Microsoft-Windows-Kernel-General
Type=Information
RecordNumber=2261
Keywords=None
TaskCategory=None
OpCode=Info
Message=The access history in hive \??\C:\Users\Default\NTUSER.DAT was cleared updating 5 keys and creating 2 modified pages.","2023-09-22T00:04:21.000+03:00",,,,,,,,,,,,,,,,,,,,,,,,,,,,,,,,,,,,,,,,,,,,,,,,,,,,,,,,,,,,,,,,,,,,,,,,,,,,,,,,,,,,,,,,,,,,,,,,,,,,,,,,,,,,,,,,,,,,,,,,,,,,,,,,"CLIENT-PC",,,main,,,,15,,,,"//_::_====-==---==---======_____\??\:\\\._________",,"WinEventLog:System","WinEventLog:System",SIEM,,,,,,,,
,,,,,,,"CLIENT-PC",,,,,5617,4,,,,,,,,,,,,,,,,,,,None,,,Application,,,,"Windows Management Instrumentation Service subsystems initialized successfully",,,,,,,,,,Info,,,,,,,,,,,,,,,,,,,3189,,,,,,,,,,,,,,"S-1-5-18",0,"Microsoft-Windows-WMI",,,,None,,,Information,"NOT_TRANSLATED",,"09/22/2023 12:04:21 AM
LogName=Application
EventCode=5617
EventType=4
ComputerName=CLIENT-PC
User=NOT_TRANSLATED
Sid=S-1-5-18
SidType=0
SourceName=Microsoft-Windows-WMI
Type=Information
RecordNumber=3189
Keywords=None
TaskCategory=None
OpCode=Info
Message=Windows Management Instrumentation Service subsystems initialized successfully","2023-09-22T00:04:21.000+03:00",,,,,,,,,,,,,,,,,,,,,,,,,,,,,,,,,,,,,,,,,,,,,,,,,,,,,,,,,,,,,,,,,,,,,,,,,,,,,,,,,,,,,,,,,,,,,,,,,,,,,,,,,,,,,,,,,,,,,,,,,,,,,,,,"CLIENT-PC",,,main,,,,15,,,,"//_::_====-==---==--======______",,"WinEventLog:Application","WinEventLog:Application",SIEM,,,,,,,,
,,,,,,,"CLIENT-PC",,,,,7026,4,,,,,,,,,,,,,,,,,,,Classic,,,System,,,,"The following boot-start or system-start driver(s) did not load: 
dam",,,,,,,,,,"The operation completed successfully.",,,,,,,,,,,,,,,,,,,2260,,,,,,,,,,,,,,,,"Microsoft-Windows-Service Control Manager",,,,None,,,Information,,,"09/22/2023 12:03:23 AM
LogName=System
EventCode=7026
EventType=4
ComputerName=CLIENT-PC
SourceName=Microsoft-Windows-Service Control Manager
Type=Information
RecordNumber=2260
Keywords=Classic
TaskCategory=None
OpCode=The operation completed successfully.
Message=The following boot-start or system-start driver(s) did not load: 
dam","2023-09-22T00:03:23.000+03:00",,,,,,,,,,,,,,,,,,,,,,,,,,,,,,,,,,,,,,,,,,,,,,,,,,,,,,,,,,,,,,,,,,,,,,,,,,,,,,,,,,,,,,,,,,,,,,,,,,,,,,,,,,,,,,,,,,,,,,,,,,,,,,,,"CLIENT-PC",,,main,,,,13,,,,"//_::_====-=--__=====___.=__-__-_()___:_\r",,"WinEventLog:System","WinEventLog:System",SIEM,,,,,,,,
,,,,,,,"CLIENT-PC",,,,,5615,4,,,,,,,,,,,,,,,,,,,None,,,Application,,,,"Windows Management Instrumentation Service started sucessfully",,,,,,,,,,Info,,,,,,,,,,,,,,,,,,,3188,,,,,,,,,,,,,,"S-1-5-18",0,"Microsoft-Windows-WMI",,,,None,,,Information,"NOT_TRANSLATED",,"09/22/2023 12:03:20 AM
LogName=Application
EventCode=5615
EventType=4
ComputerName=CLIENT-PC
User=NOT_TRANSLATED
Sid=S-1-5-18
SidType=0
SourceName=Microsoft-Windows-WMI
Type=Information
RecordNumber=3188
Keywords=None
TaskCategory=None
OpCode=Info
Message=Windows Management Instrumentation Service started sucessfully","2023-09-22T00:03:20.000+03:00",,,,,,,,,,,,,,,,,,,,,,,,,,,,,,,,,,,,,,,,,,,,,,,,,,,,,,,,,,,,,,,,,,,,,,,,,,,,,,,,,,,,,,,,,,,,,,,,,,,,,,,,,,,,,,,,,,,,,,,,,,,,,,,,"CLIENT-PC",,,main,,,,15,,,,"//_::_====-==---==--======_____",,"WinEventLog:Application","WinEventLog:Application",SIEM,,,,,,,,
,,,,,,,"CLIENT-PC",,,,,9027,4,,,,,,,,,,,,,,,,,,,Classic,,,Application,,,,"The Desktop Window Manager has registered the session port.",,,,,,,,,,None,,,,,,,,,,,,,,,,,,,3187,,,,,,,,,,,,,,,,"Desktop Window Manager",,,,None,,,Information,,,"09/22/2023 12:03:19 AM
LogName=Application
EventCode=9027
EventType=4
ComputerName=CLIENT-PC
SourceName=Desktop Window Manager
Type=Information
RecordNumber=3187
Keywords=Classic
TaskCategory=None
OpCode=None
Message=The Desktop Window Manager has registered the session port.","2023-09-22T00:03:19.000+03:00",,,,,,,,,,,,,,,,,,,,,,,,,,,,,,,,,,,,,,,,,,,,,,,,,,,,,,,,,,,,,,,,,,,,,,,,,,,,,,,,,,,,,,,,,,,,,,,,,,,,,,,,,,,,,,,,,,,,,,,,,,,,,,,,"CLIENT-PC",,,main,,,,12,,,,"//_::_====-=__======________.",,"WinEventLog:Application","WinEventLog:Application",SIEM,,,,,,,,
,,,,,,,"CLIENT-PC",,,,,51046,4,,,,,,,,,,,,,,,,,,,None,,,System,,,,"DHCPv6 client service is started",,,,,,,,,,ServiceStart,,,,,,,,,,,,,,,,,,,2259,,,,,,,,,,,,,,"S-1-5-19",0,"Microsoft-Windows-DHCPv6-Client",,,,"Service State Event",,,Information,"NOT_TRANSLATED",,"09/22/2023 12:03:17 AM
LogName=System
EventCode=51046
EventType=4
ComputerName=CLIENT-PC
User=NOT_TRANSLATED
Sid=S-1-5-19
SidType=0
SourceName=Microsoft-Windows-DHCPv6-Client
Type=Information
RecordNumber=2259
Keywords=None
TaskCategory=Service State Event
OpCode=ServiceStart
Message=DHCPv6 client service is started","2023-09-22T00:03:17.000+03:00",,,,,,,,,,,,,,,,,,,,,,,,,,,,,,,,,,,,,,,,,,,,,,,,,,,,,,,,,,,,,,,,,,,,,,,,,,,,,,,,,,,,,,,,,,,,,,,,,,,,,,,,,,,,,,,,,,,,,,,,,,,,,,,,"CLIENT-PC",,,main,,,,15,,,,"//_::_====-==---==---====__==____",,"WinEventLog:System","WinEventLog:System",SIEM,,,,,,,,
