,,,,,,,"CLIENT-PC",,,,,50103,4,,,,,,,,,,,,,,,,,,,None,,,System,,,,"DHCPv4 client registered for shutdown notification",,,,,,,,,,ServiceShutdown,,,,,,,,,,,,,,,,,,,2258,,,,,,,,,,,,,,"S-1-5-19",0,"Microsoft-Windows-Dhcp-Client",,,,"Service State Event",,,Information,"NOT_TRANSLATED",,"09/22/2023 12:03:17 AM
LogName=System
EventCode=50103
EventType=4
ComputerName=CLIENT-PC
User=NOT_TRANSLATED
Sid=S-1-5-19
SidType=0
SourceName=Microsoft-Windows-Dhcp-Client
Type=Information
RecordNumber=2258
Keywords=None
TaskCategory=Service State Event
OpCode=ServiceShutdown
Message=DHCPv4 client registered for shutdown notification","2023-09-22T00:03:17.000+03:00",,,,,,,,,,,,,,,,,,,,,,,,,,,,,,,,,,,,,,,,,,,,,,,,,,,,,,,,,,,,,,,,,,,,,,,,,,,,,,,,,,,,,,,,,,,,,,,,,,,,,,,,,,,,,,,,,,,,,,,,,,,,,,,,"CLIENT-PC",,,main,,,,15,,,,"//_::_====-==---==---====__==_____",,"WinEventLog:System","WinEventLog:System",SIEM,,,,,,,,
,,,,,,,"CLIENT-PC",,,,,50036,4,,,,,,,,,,,,,,,,,,,None,,,System,,,,"DHCPv4 client service is started",,,,,,,,,,ServiceStart,,,,,,,,,,,,,,,,,,,2257,,,,,,,,,,,,,,"S-1-5-19",0,"Microsoft-Windows-Dhcp-Client",,,,"Service State Event",,,Information,"NOT_TRANSLATED",,"09/22/2023 12:03:17 AM
LogName=System
EventCode=50036
EventType=4
ComputerName=CLIENT-PC
User=NOT_TRANSLATED
Sid=S-1-5-19
SidType=0
SourceName=Microsoft-Windows-Dhcp-Client
Type=Information
RecordNumber=2257
Keywords=None
TaskCategory=Service State Event
OpCode=ServiceStart
Message=DHCPv4 client service is started","2023-09-22T00:03:17.000+03:00",,,,,,,,,,,,,,,,,,,,,,,,,,,,,,,,,,,,,,,,,,,,,,,,,,,,,,,,,,,,,,,,,,,,,,,,,,,,,,,,,,,,,,,,,,,,,,,,,,,,,,,,,,,,,,,,,,,,,,,,,,,,,,,,"CLIENT-PC",,,main,,,,15,,,,"//_::_====-==---==---====__==____",,"WinEventLog:System","WinEventLog:System",SIEM,,,,,,,,
,,,,,,,"CLIENT-PC",,,,,6,4,,,,,,,,,,,,,,,,,,,None,,,System,,,,"File System Filter 'bindflt' (10.0, 2005-08-08T23:17:00.000000000Z) has successfully loaded and registered with Filter Manager.",,,,,,,,,,Info,,,,,,,,,,,,,,,,,,,2256,,,,,,,,,,,,,,"S-1-5-18",0,"Microsoft-Windows-FilterManager",,,,None,,,Information,"NOT_TRANSLATED",,"09/22/2023 12:03:17 AM
LogName=System
EventCode=6
EventType=4
ComputerName=CLIENT-PC
User=NOT_TRANSLATED
Sid=S-1-5-18
SidType=0
SourceName=Microsoft-Windows-FilterManager
Type=Information
RecordNumber=2256
Keywords=None
TaskCategory=None
OpCode=Info
Message=File System Filter 'bindflt' (10.0, 2005-08-08T23:17:00.000000000Z) has successfully loaded and registered with Filter Manager.","2023-09-22T00:03:17.000+03:00",,,,,,,,,,,,,,,,,,,,,,,,,,,,,,,,,,,,,,,,,,,,,,,,,,,,,,,,,,,,,,,,,,,,,,,,,,,,,,,,,,,,,,,,,,,,,,,,,,,,,,,,,,,,,,,,,,,,,,,,,,,,,,,,"CLIENT-PC",,,main,,,,15,,,,"//_::_====-==---==--======___''_(.,_--::.)________",,"WinEventLog:System","WinEventLog:System",SIEM,,,,,,,,
,,,,,,,"CLIENT-PC",,,,,6,4,,,,,,,,,,,,,,,,,,,None,,,System,,,,"File System Filter 'storqosflt' (10.0, 2007-04-09T21:08:30.000000000Z) has successfully loaded and registered with Filter Manager.",,,,,,,,,,Info,,,,,,,,,,,,,,,,,,,2255,,,,,,,,,,,,,,"S-1-5-18",0,"Microsoft-Windows-FilterManager",,,,None,,,Information,"NOT_TRANSLATED",,"09/22/2023 12:03:17 AM
LogName=System
EventCode=6
EventType=4
ComputerName=CLIENT-PC
User=NOT_TRANSLATED
Sid=S-1-5-18
SidType=0
SourceName=Microsoft-Windows-FilterManager
Type=Information
RecordNumber=2255
Keywords=None
TaskCategory=None
OpCode=Info
Message=File System Filter 'storqosflt' (10.0, 2007-04-09T21:08:30.000000000Z) has successfully loaded and registered with Filter Manager.","2023-09-22T00:03:17.000+03:00",,,,,,,,,,,,,,,,,,,,,,,,,,,,,,,,,,,,,,,,,,,,,,,,,,,,,,,,,,,,,,,,,,,,,,,,,,,,,,,,,,,,,,,,,,,,,,,,,,,,,,,,,,,,,,,,,,,,,,,,,,,,,,,,"CLIENT-PC",,,main,,,,15,,,,"//_::_====-==---==--======___''_(.,_--::.)________",,"WinEventLog:System","WinEventLog:System",SIEM,,,,,,,,
,,,,,,,"CLIENT-PC",,,,,6,4,,,,,,,,,,,,,,,,,,,None,,,System,,,,"File System Filter 'CldFlt' (10.0, 2089-06-12T20:24:15.000000000Z) has successfully loaded and registered with Filter Manager.",,,,,,,,,,Info,,,,,,,,,,,,,,,,,,,2254,,,,,,,,,,,,,,"S-1-5-18",0,"Microsoft-Windows-FilterManager",,,,None,,,Information,"NOT_TRANSLATED",,"09/22/2023 12:03:17 AM
LogName=System
EventCode=6
EventType=4
ComputerName=CLIENT-PC
User=NOT_TRANSLATED
Sid=S-1-5-18
SidType=0
SourceName=Microsoft-Windows-FilterManager
Type=Information
RecordNumber=2254
Keywords=None
TaskCategory=None
OpCode=Info
Message=File System Filter 'CldFlt' (10.0, 2089-06-12T20:24:15.000000000Z) has successfully loaded and registered with Filter Manager.","2023-09-22T00:03:17.000+03:00",,,,,,,,,,,,,,,,,,,,,,,,,,,,,,,,,,,,,,,,,,,,,,,,,,,,,,,,,,,,,,,,,,,,,,,,,,,,,,,,,,,,,,,,,,,,,,,,,,,,,,,,,,,,,,,,,,,,,,,,,,,,,,,,"CLIENT-PC",,,main,,,,15,,,,"//_::_====-==---==--======___''_(.,_--::.)________",,"WinEventLog:System","WinEventLog:System",SIEM,,,,,,,,
,,,,,,,"CLIENT-PC",,,,,1,4,,,,,,,,,,,,,,,,,,,None,,,System,,,,"File System Filter 'CldFlt' (Version 10.0, 2089-06-12T20:24:15.000000000Z) unloaded successfully.",,,,,,,,,,Info,,,,,,,,,,,,,,,,,,,2253,,,,,,,,,,,,,,"S-1-5-18",0,"Microsoft-Windows-FilterManager",,,,None,,,Information,"NOT_TRANSLATED",,"09/22/2023 12:03:17 AM
LogName=System
EventCode=1
EventType=4
ComputerName=CLIENT-PC
User=NOT_TRANSLATED
Sid=S-1-5-18
SidType=0
SourceName=Microsoft-Windows-FilterManager
Type=Information
RecordNumber=2253
Keywords=None
TaskCategory=None
OpCode=Info
Message=File System Filter 'CldFlt' (Version 10.0, 2089-06-12T20:24:15.000000000Z) unloaded successfully.","2023-09-22T00:03:17.000+03:00",,,,,,,,,,,,,,,,,,,,,,,,,,,,,,,,,,,,,,,,,,,,,,,,,,,,,,,,,,,,,,,,,,,,,,,,,,,,,,,,,,,,,,,,,,,,,,,,,,,,,,,,,,,,,,,,,,,,,,,,,,,,,,,,"CLIENT-PC",,,main,,,,15,,,,"//_::_====-==---==--======___''_(_.,_--::.)__.",,"WinEventLog:System","WinEventLog:System",SIEM,,,,,,,,
,,,,,,,"CLIENT-PC",,,,,6,4,,,,,,,,,,,,,,,,,,,None,,,System,,,,"File System Filter 'CldFlt' (10.0, 2089-06-12T20:24:15.000000000Z) has successfully loaded and registered with Filter Manager.",,,,,,,,,,Info,,,,,,,,,,,,,,,,,,,2252,,,,,,,,,,,,,,"S-1-5-18",0,"Microsoft-Windows-FilterManager",,,,None,,,Information,"NOT_TRANSLATED",,"09/22/2023 12:03:17 AM
LogName=System
EventCode=6
EventType=4
ComputerName=CLIENT-PC
User=NOT_TRANSLATED
Sid=S-1-5-18
SidType=0
SourceName=Microsoft-Windows-FilterManager
Type=Information
RecordNumber=2252
Keywords=None
TaskCategory=None
OpCode=Info
Message=File System Filter 'CldFlt' (10.0, 2089-06-12T20:24:15.000000000Z) has successfully loaded and registered with Filter Manager.","2023-09-22T00:03:17.000+03:00",,,,,,,,,,,,,,,,,,,,,,,,,,,,,,,,,,,,,,,,,,,,,,,,,,,,,,,,,,,,,,,,,,,,,,,,,,,,,,,,,,,,,,,,,,,,,,,,,,,,,,,,,,,,,,,,,,,,,,,,,,,,,,,,"CLIENT-PC",,,main,,,,15,,,,"//_::_====-==---==--======___''_(.,_--::.)________",,"WinEventLog:System","WinEventLog:System",SIEM,,,,,,,,
,,,,,,,"CLIENT-PC",,,,,6,4,,,,,,,,,,,,,,,,,,,None,,,System,,,,"File System Filter 'wcifs' (10.0, 2004-03-22T20:56:15.000000000Z) has successfully loaded and registered with Filter Manager.",,,,,,,,,,Info,,,,,,,,,,,,,,,,,,,2251,,,,,,,,,,,,,,"S-1-5-18",0,"Microsoft-Windows-FilterManager",,,,None,,,Information,"NOT_TRANSLATED",,"09/22/2023 12:03:17 AM
LogName=System
EventCode=6
EventType=4
ComputerName=CLIENT-PC
User=NOT_TRANSLATED
Sid=S-1-5-18
SidType=0
SourceName=Microsoft-Windows-FilterManager
Type=Information
RecordNumber=2251
Keywords=None
TaskCategory=None
OpCode=Info
Message=File System Filter 'wcifs' (10.0, 2004-03-22T20:56:15.000000000Z) has successfully loaded and registered with Filter Manager.","2023-09-22T00:03:17.000+03:00",,,,,,,,,,,,,,,,,,,,,,,,,,,,,,,,,,,,,,,,,,,,,,,,,,,,,,,,,,,,,,,,,,,,,,,,,,,,,,,,,,,,,,,,,,,,,,,,,,,,,,,,,,,,,,,,,,,,,,,,,,,,,,,,"CLIENT-PC",,,main,,,,15,,,,"//_::_====-==---==--======___''_(.,_--::.)________",,"WinEventLog:System","WinEventLog:System",SIEM,,,,,,,,
,,,,,,,"CLIENT-PC",,,,,6,4,,,,,,,,,,,,,,,,,,,None,,,System,,,,"File System Filter 'luafv' (10.0, 1986-08-13T23:58:59.000000000Z) has successfully loaded and registered with Filter Manager.",,,,,,,,,,Info,,,,,,,,,,,,,,,,,,,2250,,,,,,,,,,,,,,"S-1-5-18",0,"Microsoft-Windows-FilterManager",,,,None,,,Information,"NOT_TRANSLATED",,"09/22/2023 12:03:17 AM
LogName=System
EventCode=6
EventType=4
ComputerName=CLIENT-PC
User=NOT_TRANSLATED
Sid=S-1-5-18
SidType=0
SourceName=Microsoft-Windows-FilterManager
Type=Information
RecordNumber=2250
Keywords=None
TaskCategory=None
OpCode=Info
Message=File System Filter 'luafv' (10.0, 1986-08-13T23:58:59.000000000Z) has successfully loaded and registered with Filter Manager.","2023-09-22T00:03:17.000+03:00",,,,,,,,,,,,,,,,,,,,,,,,,,,,,,,,,,,,,,,,,,,,,,,,,,,,,,,,,,,,,,,,,,,,,,,,,,,,,,,,,,,,,,,,,,,,,,,,,,,,,,,,,,,,,,,,,,,,,,,,,,,,,,,,"CLIENT-PC",,,main,,,,15,,,,"//_::_====-==---==--======___''_(.,_--::.)________",,"WinEventLog:System","WinEventLog:System",SIEM,,,,,,,,
,,,,,,,"CLIENT-PC",,,,,6013,4,,,,,,,,,,,,,,,,,,,Classic,,,System,,,,"The system uptime is 9 seconds.",,,,,,,,,,None,,,,,,,,,,,,,,,,,,,2222,,,,,,,,,,,,,,,,EventLog,,,,None,,,Information,,,"09/22/2023 12:03:17 AM
LogName=System
EventCode=6013
EventType=4
ComputerName=CLIENT-PC
SourceName=EventLog
Type=Information
RecordNumber=2222
Keywords=Classic
TaskCategory=None
OpCode=None
Message=The system uptime is 9 seconds.","2023-09-22T00:03:17.000+03:00",,,,,,,,,,,,,,,,,,,,,,,,,,,,,,,,,,,,,,,,,,,,,,,,,,,,,,,,,,,,,,,,,,,,,,,,,,,,,,,,,,,,,,,,,,,,,,,,,,,,,,,,,,,,,,,,,,,,,,,,,,,,,,,,"CLIENT-PC",,,main,,,,12,,,,"//_::_====-=======_____.",,"WinEventLog:System","WinEventLog:System",SIEM,,,,,,,,
,,,,,,,"CLIENT-PC",,,,,6005,4,,,,,,,,,,,,,,,,,,,Classic,,,System,,,,"The Event log service was started.",,,,,,,,,,None,,,,,,,,,,,,,,,,,,,2221,,,,,,,,,,,,,,,,EventLog,,,,None,,,Information,,,"09/22/2023 12:03:17 AM
LogName=System
EventCode=6005
EventType=4
ComputerName=CLIENT-PC
SourceName=EventLog
Type=Information
RecordNumber=2221
Keywords=Classic
TaskCategory=None
OpCode=None
Message=The Event log service was started.","2023-09-22T00:03:17.000+03:00",,,,,,,,,,,,,,,,,,,,,,,,,,,,,,,,,,,,,,,,,,,,,,,,,,,,,,,,,,,,,,,,,,,,,,,,,,,,,,,,,,,,,,,,,,,,,,,,,,,,,,,,,,,,,,,,,,,,,,,,,,,,,,,,"CLIENT-PC",,,main,,,,12,,,,"//_::_====-=======_____.",,"WinEventLog:System","WinEventLog:System",SIEM,,,,,,,,
,,,,,,,"CLIENT-PC",,,,,6009,4,,,,,,,,,,,,,,,,,,,Classic,,,System,,,,"Microsoft (R) Windows (R) 10.00. 19045  Multiprocessor Free.",,,,,,,,,,None,,,,,,,,,,,,,,,,,,,2220,,,,,,,,,,,,,,,,EventLog,,,,None,,,Information,,,"09/22/2023 12:03:17 AM
LogName=System
EventCode=6009
EventType=4
ComputerName=CLIENT-PC
SourceName=EventLog
Type=Information
RecordNumber=2220
Keywords=Classic
TaskCategory=None
OpCode=None
Message=Microsoft (R) Windows (R) 10.00. 19045  Multiprocessor Free.","2023-09-22T00:03:17.000+03:00",,,,,,,,,,,,,,,,,,,,,,,,,,,,,,,,,,,,,,,,,,,,,,,,,,,,,,,,,,,,,,,,,,,,,,,,,,,,,,,,,,,,,,,,,,,,,,,,,,,,,,,,,,,,,,,,,,,,,,,,,,,,,,,,"CLIENT-PC",,,main,,,,12,,,,"//_::_====-=======_()__()_..____.",,"WinEventLog:System","WinEventLog:System",SIEM,,,,,,,,
,,,,,,,"CLIENT-PC",,,,,1531,4,,,,,,,,,,,,,,,,,,,None,,,Application,,,,"The User Profile Service has started successfully.",,,,,,,,,,Info,,,,,,,,,,,,,,,,,,,3186,,,,,,,,,,,,,,"S-1-5-18",0,"Microsoft-Windows-User Profile Service",,,,None,,,Information,"NOT_TRANSLATED",,"09/22/2023 12:03:17 AM
LogName=Application
EventCode=1531
EventType=4
ComputerName=CLIENT-PC
User=NOT_TRANSLATED
Sid=S-1-5-18
SidType=0
SourceName=Microsoft-Windows-User Profile Service
Type=Information
RecordNumber=3186
Keywords=None
TaskCategory=None
OpCode=Info
Message=The User Profile Service has started successfully.","2023-09-22T00:03:17.000+03:00",,,,,,,,,,,,,,,,,,,,,,,,,,,,,,,,,,,,,,,,,,,,,,,,,,,,,,,,,,,,,,,,,,,,,,,,,,,,,,,,,,,,,,,,,,,,,,,,,,,,,,,,,,,,,,,,,,,,,,,,,,,,,,,,"CLIENT-PC",,,main,,,,15,,,,"//_::_====-==---==--__======______.",,"WinEventLog:Application","WinEventLog:Application",SIEM,,,,,,,,
,,,,,,,"CLIENT-PC",,,,,16983,4,,,,,,,,,,,,,,,,,,,None,,,System,,,,"The security account manager is now logging periodic summary events for remote clients that call legacy password change or set RPC methods.

For more information please see https://go.microsoft.com/fwlink/?linkid=2150956.",,,,,,,,,,Info,,,,,,,,,,,,,,,,,,,2249,,,,,,,,,,,,,,"S-1-5-18",0,"Microsoft-Windows-Directory-Services-SAM",,,,None,,,Information,"NOT_TRANSLATED",,"09/22/2023 12:03:15 AM
LogName=System
EventCode=16983
EventType=4
ComputerName=CLIENT-PC
User=NOT_TRANSLATED
Sid=S-1-5-18
SidType=0
SourceName=Microsoft-Windows-Directory-Services-SAM
Type=Information
RecordNumber=2249
Keywords=None
TaskCategory=None
OpCode=Info
Message=The security account manager is now logging periodic summary events for remote clients that call legacy password change or set RPC methods.

For more information please see https://go.microsoft.com/fwlink/?linkid=2150956.","2023-09-22T00:03:15.000+03:00",,,,,,,,,,,,,,,,,,,,,,,,,,,,,,,,,,,,,,,,,,,,,,,,,,,,,,,,,,,,,,,,,,,,,,,,,,,,,,,,,,,,,,,,,,,,,,,,,,,,,,,,,,,,,,,,,,,,,,,,,,,,,,,,"CLIENT-PC",,,main,,,,17,,,,"//_::_====-==---==----======_____________________.",,"WinEventLog:System","WinEventLog:System",SIEM,,,,,,,,
,,,,,,,"CLIENT-PC",,,,,16977,4,,,,,,,,,,,,,,,,,,,None,,,System,,,,"The domain is configured with the following minimum password length-related settings.

MinimumPasswordLength: 0

RelaxMinimumPasswordLengthLimits: 0

MinimumPasswordLengthAudit: -1

For more information see https://go.microsoft.com/fwlink/?LinkId=2097191.",0,"-1",,,,,,,,Info,,,,,,,,,,,,,,,,,,,2248,0,,,,,,,,,,,,,"S-1-5-18",0,"Microsoft-Windows-Directory-Services-SAM",,,,None,,,Information,"NOT_TRANSLATED",,"09/22/2023 12:03:15 AM
LogName=System
EventCode=16977
EventType=4
ComputerName=CLIENT-PC
User=NOT_TRANSLATED
Sid=S-1-5-18
SidType=0
SourceName=Microsoft-Windows-Directory-Services-SAM
Type=Information
RecordNumber=2248
Keywords=None
TaskCategory=None
OpCode=Info
Message=The domain is configured with the following minimum password length-related settings.

MinimumPasswordLength: 0

RelaxMinimumPasswordLengthLimits: 0

MinimumPasswordLengthAudit: -1

For more information see https://go.microsoft.com/fwlink/?LinkId=2097191.","2023-09-22T00:03:15.000+03:00",,,,,,,,,,,,,,,,,,,,,,,,,,,,,,,,,,,,,,,,,,,,,,,,,,,,,,,,,,,,,,,,,,,,,,,,,,,,,,,,,,,,,,,,,,,,,,,,,,,,,,,,,,,,,,,,,,,,,,,,,,,,,,,,"CLIENT-PC",,,main,,,,23,,,,"//_::_====-==---==----======_________-_.\r\r:_\r\r:_\r\r",,"WinEventLog:System","WinEventLog:System",SIEM,,,,,,,,
,,,,,,,"CLIENT-PC",,,,,16962,4,,,,,,,,,,,,,,,,,,,None,,,System,,,,"Remote calls to the SAM database are being restricted using the default security descriptor: O:SYG:SYD:(A;;RC;;;BA).
For more information please see http://go.microsoft.com/fwlink/?LinkId=787651.",,,,,,,,,,Info,,,,,,,,,,,,,,,,,,,2247,,,,,,,,,,,,,,"S-1-5-18",0,"Microsoft-Windows-Directory-Services-SAM",,,,None,,,Information,"NOT_TRANSLATED",,"09/22/2023 12:03:15 AM
LogName=System
EventCode=16962
EventType=4
ComputerName=CLIENT-PC
User=NOT_TRANSLATED
Sid=S-1-5-18
SidType=0
SourceName=Microsoft-Windows-Directory-Services-SAM
Type=Information
RecordNumber=2247
Keywords=None
TaskCategory=None
OpCode=Info
Message=Remote calls to the SAM database are being restricted using the default security descriptor: O:SYG:SYD:(A;;RC;;;BA).
For more information please see http://go.microsoft.com/fwlink/?LinkId=787651.","2023-09-22T00:03:15.000+03:00",,,,,,,,,,,,,,,,,,,,,,,,,,,,,,,,,,,,,,,,,,,,,,,,,,,,,,,,,,,,,,,,,,,,,,,,,,,,,,,,,,,,,,,,,,,,,,,,,,,,,,,,,,,,,,,,,,,,,,,,,,,,,,,,"CLIENT-PC",,,main,,,,16,,,,"//_::_====-==---==----======_____________:_:::(;;;",,"WinEventLog:System","WinEventLog:System",SIEM,,,,,,,,
,,,,,,,"CLIENT-PC",,,,,14,4,,,,,,,,,,,,,,,,,,,None,,,System,,,,"Credential Guard configuration: 0x0, 0",,,,,,,,,,Info,,,,,,,,,,,,,,,,,,,2246,,,,,,,,,,,,,,"S-1-5-18",0,"Microsoft-Windows-Wininit",,,,None,,,Information,"NOT_TRANSLATED",,"09/22/2023 12:03:15 AM
LogName=System
EventCode=14
EventType=4
ComputerName=CLIENT-PC
User=NOT_TRANSLATED
Sid=S-1-5-18
SidType=0
SourceName=Microsoft-Windows-Wininit
Type=Information
RecordNumber=2246
Keywords=None
TaskCategory=None
OpCode=Info
Message=Credential Guard configuration: 0x0, 0","2023-09-22T00:03:15.000+03:00",,,,,,,,,,,,,,,,,,,,,,,,,,,,,,,,,,,,,,,,,,,,,,,,,,,,,,,,,,,,,,,,,,,,,,,,,,,,,,,,,,,,,,,,,,,,,,,,,,,,,,,,,,,,,,,,,,,,,,,,,,,,,,,,"CLIENT-PC",,,main,,,,15,,,,"//_::_====-==---==--======__:_,_",,"WinEventLog:System","WinEventLog:System",SIEM,,,,,,,,
,,,,,,,"CLIENT-PC",,,,,24,4,,,,,,,,,,,,,,,,,,,Time,,,System,,,,"The time zone information was refreshed with exit reason 0. Current time zone bias is -180.",,,,,,,,,,Info,,,,,,,,,,,,,,,,,,,2245,,,,,,,,,,,,,,"S-1-5-18",0,"Microsoft-Windows-Kernel-General",,,,11,,,Information,"NOT_TRANSLATED",,"09/22/2023 12:03:15 AM
LogName=System
EventCode=24
EventType=4
ComputerName=CLIENT-PC
User=NOT_TRANSLATED
Sid=S-1-5-18
SidType=0
SourceName=Microsoft-Windows-Kernel-General
Type=Information
RecordNumber=2245
Keywords=Time
TaskCategory=11
OpCode=Info
Message=The time zone information was refreshed with exit reason 0. Current time zone bias is -180.","2023-09-22T00:03:15.000+03:00",,,,,,,,,,,,,,,,,,,,,,,,,,,,,,,,,,,,,,,,,,,,,,,,,,,,,,,,,,,,,,,,,,,,,,,,,,,,,,,,,,,,,,,,,,,,,,,,,,,,,,,,,,,,,,,,,,,,,,,,,,,,,,,,"CLIENT-PC",,,main,,,,15,,,,"//_::_====-==---==---======_________.______-.",,"WinEventLog:System","WinEventLog:System",SIEM,,,,,,,,
"-
-","-
-",,,,,,"CLIENT-PC",,0x1fc,"C:\Windows\System32\wininit.exe",,4688,0,,,,,,,,,,,,,,,,,,,"Audit Success",,,Security,"0x3E7
0x0","S-1-16-16384",,"A new process has been created.

Creator Subject:
	Security ID:		S-1-5-18
	Account Name:		-
	Account Domain:		-
	Logon ID:		0x3E7

Target Subject:
	Security ID:		S-1-0-0
	Account Name:		-
	Account Domain:		-
	Logon ID:		0x0

Process Information:
	New Process ID:		0x298
	New Process Name:	C:\Windows\System32\lsass.exe
	Token Elevation Type:	%%1936
	Mandatory Label:		S-1-16-16384
	Creator Process ID:	0x1fc
	Creator Process Name:	C:\Windows\System32\wininit.exe
	Process Command Line:	

Token Elevation Type indicates the type of token that was assigned to the new process in accordance with User Account Control policy.

Type 1 is a full token with no privileges removed or groups disabled.  A full token is only used if User Account Control is disabled or if the user is the built-in Administrator account or a service account.

Type 2 is an elevated token with no privileges removed or groups disabled.  An elevated token is used when User Account Control is enabled and the user chooses to start the program using Run as administrator.  An elevated token is also used when an application is configured to always require administrative privilege or to always require maximum privilege, and the user is a member of the Administrators group.

Type 3 is a limited token with administrative privileges removed and administrative groups disabled.  The limited token is used when User Account Control is enabled, the application does not require administrative privilege, and the user does not choose to start the program using Run as administrator.",,,,,0x298,"C:\Windows\System32\lsass.exe",,,,Info,,,,,,,,,,,,,,,,,,,307345,,,,,,"S-1-5-18
S-1-0-0",,,,,,,,,,"Microsoft Windows security auditing.",,,,"Process Creation",,"%%1936",Information,,,"09/22/2023 12:03:15 AM
LogName=Security
EventCode=4688
EventType=0
ComputerName=CLIENT-PC
SourceName=Microsoft Windows security auditing.
Type=Information
RecordNumber=307345
Keywords=Audit Success
TaskCategory=Process Creation
OpCode=Info
Message=A new process has been created.

Creator Subject:
	Security ID:		S-1-5-18
	Account Name:		-
	Account Domain:		-
	Logon ID:		0x3E7

Target Subject:
	Security ID:		S-1-0-0
	Account Name:		-
	Account Domain:		-
	Logon ID:		0x0

Process Information:
	New Process ID:		0x298
	New Process Name:	C:\Windows\System32\lsass.exe
	Token Elevation Type:	%%1936
	Mandatory Label:		S-1-16-16384
	Creator Process ID:	0x1fc
	Creator Process Name:	C:\Windows\System32\wininit.exe
	Process Command Line:	

Token Elevation Type indicates the type of token that was assigned to the new process in accordance with User Account Control policy.

Type 1 is a full token with no privileges removed or groups disabled.  A full token is only used if User Account Control is disabled or if the user is the built-in Administrator account or a service account.

Type 2 is an elevated token with no privileges removed or groups disabled.  An elevated token is used when User Account Control is enabled and the user chooses to start the program using Run as administrator.  An elevated token is also used when an application is configured to always require administrative privilege or to always require maximum privilege, and the user is a member of the Administrators group.

Type 3 is a limited token with administrative privileges removed and administrative groups disabled.  The limited token is used when User Account Control is enabled, the application does not require administrative privilege, and the user does not choose to start the program using Run as administrator.","2023-09-22T00:03:15.000+03:00",,,,,,,,,,,,,,,,,,,,,,,,,,,,,,,,,,,,,,,,,,,,,,,,,,,,,,,,,,,,,,,,,,,,,,,,,,,,,,,,,,,,,,,,,,,,,,,,,,,,,,,,,,,,,,,,,,,,,,,,,,,,,,,,"CLIENT-PC",,,main,,,,41,,,,"//_::_====-=___.===_=_==_____.\r\r_:\rt_:tt---\rt_:tt-",,"WinEventLog:Security","WinEventLog:Security",SIEM,,,,,,,,
"-
-","-
-",,,,,,"CLIENT-PC",,0x1fc,"C:\Windows\System32\wininit.exe",,4688,0,,,,,,,,,,,,,,,,,,,"Audit Success",,,Security,"0x3E7
0x0","S-1-16-16384",,"A new process has been created.

Creator Subject:
	Security ID:		S-1-5-18
	Account Name:		-
	Account Domain:		-
	Logon ID:		0x3E7

Target Subject:
	Security ID:		S-1-0-0
	Account Name:		-
	Account Domain:		-
	Logon ID:		0x0

Process Information:
	New Process ID:		0x284
	New Process Name:	C:\Windows\System32\services.exe
	Token Elevation Type:	%%1936
	Mandatory Label:		S-1-16-16384
	Creator Process ID:	0x1fc
	Creator Process Name:	C:\Windows\System32\wininit.exe
	Process Command Line:	

Token Elevation Type indicates the type of token that was assigned to the new process in accordance with User Account Control policy.

Type 1 is a full token with no privileges removed or groups disabled.  A full token is only used if User Account Control is disabled or if the user is the built-in Administrator account or a service account.

Type 2 is an elevated token with no privileges removed or groups disabled.  An elevated token is used when User Account Control is enabled and the user chooses to start the program using Run as administrator.  An elevated token is also used when an application is configured to always require administrative privilege or to always require maximum privilege, and the user is a member of the Administrators group.

Type 3 is a limited token with administrative privileges removed and administrative groups disabled.  The limited token is used when User Account Control is enabled, the application does not require administrative privilege, and the user does not choose to start the program using Run as administrator.",,,,,0x284,"C:\Windows\System32\services.exe",,,,Info,,,,,,,,,,,,,,,,,,,307344,,,,,,"S-1-5-18
S-1-0-0",,,,,,,,,,"Microsoft Windows security auditing.",,,,"Process Creation",,"%%1936",Information,,,"09/22/2023 12:03:15 AM
LogName=Security
EventCode=4688
EventType=0
ComputerName=CLIENT-PC
SourceName=Microsoft Windows security auditing.
Type=Information
RecordNumber=307344
Keywords=Audit Success
TaskCategory=Process Creation
OpCode=Info
Message=A new process has been created.

Creator Subject:
	Security ID:		S-1-5-18
	Account Name:		-
	Account Domain:		-
	Logon ID:		0x3E7

Target Subject:
	Security ID:		S-1-0-0
	Account Name:		-
	Account Domain:		-
	Logon ID:		0x0

Process Information:
	New Process ID:		0x284
	New Process Name:	C:\Windows\System32\services.exe
	Token Elevation Type:	%%1936
	Mandatory Label:		S-1-16-16384
	Creator Process ID:	0x1fc
	Creator Process Name:	C:\Windows\System32\wininit.exe
	Process Command Line:	

Token Elevation Type indicates the type of token that was assigned to the new process in accordance with User Account Control policy.

Type 1 is a full token with no privileges removed or groups disabled.  A full token is only used if User Account Control is disabled or if the user is the built-in Administrator account or a service account.

Type 2 is an elevated token with no privileges removed or groups disabled.  An elevated token is used when User Account Control is enabled and the user chooses to start the program using Run as administrator.  An elevated token is also used when an application is configured to always require administrative privilege or to always require maximum privilege, and the user is a member of the Administrators group.

Type 3 is a limited token with administrative privileges removed and administrative groups disabled.  The limited token is used when User Account Control is enabled, the application does not require administrative privilege, and the user does not choose to start the program using Run as administrator.","2023-09-22T00:03:15.000+03:00",,,,,,,,,,,,,,,,,,,,,,,,,,,,,,,,,,,,,,,,,,,,,,,,,,,,,,,,,,,,,,,,,,,,,,,,,,,,,,,,,,,,,,,,,,,,,,,,,,,,,,,,,,,,,,,,,,,,,,,,,,,,,,,,"CLIENT-PC",,,main,,,,41,,,,"//_::_====-=___.===_=_==_____.\r\r_:\rt_:tt---\rt_:tt-",,"WinEventLog:Security","WinEventLog:Security",SIEM,,,,,,,,
"-
-","-
-",,,,,,"CLIENT-PC",,0x1f4,"C:\Windows\System32\smss.exe",,4688,0,,,,,,,,,,,,,,,,,,,"Audit Success",,,Security,"0x3E7
0x0","S-1-16-16384",,"A new process has been created.

Creator Subject:
	Security ID:		S-1-5-18
	Account Name:		-
	Account Domain:		-
	Logon ID:		0x3E7

Target Subject:
	Security ID:		S-1-0-0
	Account Name:		-
	Account Domain:		-
	Logon ID:		0x0

Process Information:
	New Process ID:		0x240
	New Process Name:	C:\Windows\System32\winlogon.exe
	Token Elevation Type:	%%1936
	Mandatory Label:		S-1-16-16384
	Creator Process ID:	0x1f4
	Creator Process Name:	C:\Windows\System32\smss.exe
	Process Command Line:	

Token Elevation Type indicates the type of token that was assigned to the new process in accordance with User Account Control policy.

Type 1 is a full token with no privileges removed or groups disabled.  A full token is only used if User Account Control is disabled or if the user is the built-in Administrator account or a service account.

Type 2 is an elevated token with no privileges removed or groups disabled.  An elevated token is used when User Account Control is enabled and the user chooses to start the program using Run as administrator.  An elevated token is also used when an application is configured to always require administrative privilege or to always require maximum privilege, and the user is a member of the Administrators group.

Type 3 is a limited token with administrative privileges removed and administrative groups disabled.  The limited token is used when User Account Control is enabled, the application does not require administrative privilege, and the user does not choose to start the program using Run as administrator.",,,,,0x240,"C:\Windows\System32\winlogon.exe",,,,Info,,,,,,,,,,,,,,,,,,,307343,,,,,,"S-1-5-18
S-1-0-0",,,,,,,,,,"Microsoft Windows security auditing.",,,,"Process Creation",,"%%1936",Information,,,"09/22/2023 12:03:15 AM
LogName=Security
EventCode=4688
EventType=0
ComputerName=CLIENT-PC
SourceName=Microsoft Windows security auditing.
Type=Information
RecordNumber=307343
Keywords=Audit Success
TaskCategory=Process Creation
OpCode=Info
Message=A new process has been created.

Creator Subject:
	Security ID:		S-1-5-18
	Account Name:		-
	Account Domain:		-
	Logon ID:		0x3E7

Target Subject:
	Security ID:		S-1-0-0
	Account Name:		-
	Account Domain:		-
	Logon ID:		0x0

Process Information:
	New Process ID:		0x240
	New Process Name:	C:\Windows\System32\winlogon.exe
	Token Elevation Type:	%%1936
	Mandatory Label:		S-1-16-16384
	Creator Process ID:	0x1f4
	Creator Process Name:	C:\Windows\System32\smss.exe
	Process Command Line:	

Token Elevation Type indicates the type of token that was assigned to the new process in accordance with User Account Control policy.

Type 1 is a full token with no privileges removed or groups disabled.  A full token is only used if User Account Control is disabled or if the user is the built-in Administrator account or a service account.

Type 2 is an elevated token with no privileges removed or groups disabled.  An elevated token is used when User Account Control is enabled and the user chooses to start the program using Run as administrator.  An elevated token is also used when an application is configured to always require administrative privilege or to always require maximum privilege, and the user is a member of the Administrators group.

Type 3 is a limited token with administrative privileges removed and administrative groups disabled.  The limited token is used when User Account Control is enabled, the application does not require administrative privilege, and the user does not choose to start the program using Run as administrator.","2023-09-22T00:03:15.000+03:00",,,,,,,,,,,,,,,,,,,,,,,,,,,,,,,,,,,,,,,,,,,,,,,,,,,,,,,,,,,,,,,,,,,,,,,,,,,,,,,,,,,,,,,,,,,,,,,,,,,,,,,,,,,,,,,,,,,,,,,,,,,,,,,,"CLIENT-PC",,,main,,,,41,,,,"//_::_====-=___.===_=_==_____.\r\r_:\rt_:tt---\rt_:tt-",,"WinEventLog:Security","WinEventLog:Security",SIEM,,,,,,,,
"-
-","-
-",,,,,,"CLIENT-PC",,0x1f4,"C:\Windows\System32\smss.exe",,4688,0,,,,,,,,,,,,,,,,,,,"Audit Success",,,Security,"0x3E7
0x0","S-1-16-16384",,"A new process has been created.

Creator Subject:
	Security ID:		S-1-5-18
	Account Name:		-
	Account Domain:		-
	Logon ID:		0x3E7

Target Subject:
	Security ID:		S-1-0-0
	Account Name:		-
	Account Domain:		-
	Logon ID:		0x0

Process Information:
	New Process ID:		0x204
	New Process Name:	C:\Windows\System32\csrss.exe
	Token Elevation Type:	%%1936
	Mandatory Label:		S-1-16-16384
	Creator Process ID:	0x1f4
	Creator Process Name:	C:\Windows\System32\smss.exe
	Process Command Line:	

Token Elevation Type indicates the type of token that was assigned to the new process in accordance with User Account Control policy.

Type 1 is a full token with no privileges removed or groups disabled.  A full token is only used if User Account Control is disabled or if the user is the built-in Administrator account or a service account.

Type 2 is an elevated token with no privileges removed or groups disabled.  An elevated token is used when User Account Control is enabled and the user chooses to start the program using Run as administrator.  An elevated token is also used when an application is configured to always require administrative privilege or to always require maximum privilege, and the user is a member of the Administrators group.

Type 3 is a limited token with administrative privileges removed and administrative groups disabled.  The limited token is used when User Account Control is enabled, the application does not require administrative privilege, and the user does not choose to start the program using Run as administrator.",,,,,0x204,"C:\Windows\System32\csrss.exe",,,,Info,,,,,,,,,,,,,,,,,,,307342,,,,,,"S-1-5-18
S-1-0-0",,,,,,,,,,"Microsoft Windows security auditing.",,,,"Process Creation",,"%%1936",Information,,,"09/22/2023 12:03:15 AM
LogName=Security
EventCode=4688
EventType=0
ComputerName=CLIENT-PC
SourceName=Microsoft Windows security auditing.
Type=Information
RecordNumber=307342
Keywords=Audit Success
TaskCategory=Process Creation
OpCode=Info
Message=A new process has been created.

Creator Subject:
	Security ID:		S-1-5-18
	Account Name:		-
	Account Domain:		-
	Logon ID:		0x3E7

Target Subject:
	Security ID:		S-1-0-0
	Account Name:		-
	Account Domain:		-
	Logon ID:		0x0

Process Information:
	New Process ID:		0x204
	New Process Name:	C:\Windows\System32\csrss.exe
	Token Elevation Type:	%%1936
	Mandatory Label:		S-1-16-16384
	Creator Process ID:	0x1f4
	Creator Process Name:	C:\Windows\System32\smss.exe
	Process Command Line:	

Token Elevation Type indicates the type of token that was assigned to the new process in accordance with User Account Control policy.

Type 1 is a full token with no privileges removed or groups disabled.  A full token is only used if User Account Control is disabled or if the user is the built-in Administrator account or a service account.

Type 2 is an elevated token with no privileges removed or groups disabled.  An elevated token is used when User Account Control is enabled and the user chooses to start the program using Run as administrator.  An elevated token is also used when an application is configured to always require administrative privilege or to always require maximum privilege, and the user is a member of the Administrators group.

Type 3 is a limited token with administrative privileges removed and administrative groups disabled.  The limited token is used when User Account Control is enabled, the application does not require administrative privilege, and the user does not choose to start the program using Run as administrator.","2023-09-22T00:03:15.000+03:00",,,,,,,,,,,,,,,,,,,,,,,,,,,,,,,,,,,,,,,,,,,,,,,,,,,,,,,,,,,,,,,,,,,,,,,,,,,,,,,,,,,,,,,,,,,,,,,,,,,,,,,,,,,,,,,,,,,,,,,,,,,,,,,,"CLIENT-PC",,,main,,,,41,,,,"//_::_====-=___.===_=_==_____.\r\r_:\rt_:tt---\rt_:tt-",,"WinEventLog:Security","WinEventLog:Security",SIEM,,,,,,,,
"-
-","-
-",,,,,,"CLIENT-PC",,0x1a4,"C:\Windows\System32\smss.exe",,4688,0,,,,,,,,,,,,,,,,,,,"Audit Success",,,Security,"0x3E7
0x0","S-1-16-16384",,"A new process has been created.

Creator Subject:
	Security ID:		S-1-5-18
	Account Name:		-
	Account Domain:		-
	Logon ID:		0x3E7

Target Subject:
	Security ID:		S-1-0-0
	Account Name:		-
	Account Domain:		-
	Logon ID:		0x0

Process Information:
	New Process ID:		0x1fc
	New Process Name:	C:\Windows\System32\wininit.exe
	Token Elevation Type:	%%1936
	Mandatory Label:		S-1-16-16384
	Creator Process ID:	0x1a4
	Creator Process Name:	C:\Windows\System32\smss.exe
	Process Command Line:	

Token Elevation Type indicates the type of token that was assigned to the new process in accordance with User Account Control policy.

Type 1 is a full token with no privileges removed or groups disabled.  A full token is only used if User Account Control is disabled or if the user is the built-in Administrator account or a service account.

Type 2 is an elevated token with no privileges removed or groups disabled.  An elevated token is used when User Account Control is enabled and the user chooses to start the program using Run as administrator.  An elevated token is also used when an application is configured to always require administrative privilege or to always require maximum privilege, and the user is a member of the Administrators group.

Type 3 is a limited token with administrative privileges removed and administrative groups disabled.  The limited token is used when User Account Control is enabled, the application does not require administrative privilege, and the user does not choose to start the program using Run as administrator.",,,,,0x1fc,"C:\Windows\System32\wininit.exe",,,,Info,,,,,,,,,,,,,,,,,,,307341,,,,,,"S-1-5-18
S-1-0-0",,,,,,,,,,"Microsoft Windows security auditing.",,,,"Process Creation",,"%%1936",Information,,,"09/22/2023 12:03:15 AM
LogName=Security
EventCode=4688
EventType=0
ComputerName=CLIENT-PC
SourceName=Microsoft Windows security auditing.
Type=Information
RecordNumber=307341
Keywords=Audit Success
TaskCategory=Process Creation
OpCode=Info
Message=A new process has been created.

Creator Subject:
	Security ID:		S-1-5-18
	Account Name:		-
	Account Domain:		-
	Logon ID:		0x3E7

Target Subject:
	Security ID:		S-1-0-0
	Account Name:		-
	Account Domain:		-
	Logon ID:		0x0

Process Information:
	New Process ID:		0x1fc
	New Process Name:	C:\Windows\System32\wininit.exe
	Token Elevation Type:	%%1936
	Mandatory Label:		S-1-16-16384
	Creator Process ID:	0x1a4
	Creator Process Name:	C:\Windows\System32\smss.exe
	Process Command Line:	

Token Elevation Type indicates the type of token that was assigned to the new process in accordance with User Account Control policy.

Type 1 is a full token with no privileges removed or groups disabled.  A full token is only used if User Account Control is disabled or if the user is the built-in Administrator account or a service account.

Type 2 is an elevated token with no privileges removed or groups disabled.  An elevated token is used when User Account Control is enabled and the user chooses to start the program using Run as administrator.  An elevated token is also used when an application is configured to always require administrative privilege or to always require maximum privilege, and the user is a member of the Administrators group.

Type 3 is a limited token with administrative privileges removed and administrative groups disabled.  The limited token is used when User Account Control is enabled, the application does not require administrative privilege, and the user does not choose to start the program using Run as administrator.","2023-09-22T00:03:15.000+03:00",,,,,,,,,,,,,,,,,,,,,,,,,,,,,,,,,,,,,,,,,,,,,,,,,,,,,,,,,,,,,,,,,,,,,,,,,,,,,,,,,,,,,,,,,,,,,,,,,,,,,,,,,,,,,,,,,,,,,,,,,,,,,,,,"CLIENT-PC",,,main,,,,41,,,,"//_::_====-=___.===_=_==_____.\r\r_:\rt_:tt---\rt_:tt-",,"WinEventLog:Security","WinEventLog:Security",SIEM,,,,,,,,
"-
-","-
-",,,,,,"CLIENT-PC",,0x158,"C:\Windows\System32\smss.exe",,4688,0,,,,,,,,,,,,,,,,,,,"Audit Success",,,Security,"0x3E7
0x0","S-1-16-16384",,"A new process has been created.

Creator Subject:
	Security ID:		S-1-5-18
	Account Name:		-
	Account Domain:		-
	Logon ID:		0x3E7

Target Subject:
	Security ID:		S-1-0-0
	Account Name:		-
	Account Domain:		-
	Logon ID:		0x0

Process Information:
	New Process ID:		0x1f4
	New Process Name:	C:\Windows\System32\smss.exe
	Token Elevation Type:	%%1936
	Mandatory Label:		S-1-16-16384
	Creator Process ID:	0x158
	Creator Process Name:	C:\Windows\System32\smss.exe
	Process Command Line:	

Token Elevation Type indicates the type of token that was assigned to the new process in accordance with User Account Control policy.

Type 1 is a full token with no privileges removed or groups disabled.  A full token is only used if User Account Control is disabled or if the user is the built-in Administrator account or a service account.

Type 2 is an elevated token with no privileges removed or groups disabled.  An elevated token is used when User Account Control is enabled and the user chooses to start the program using Run as administrator.  An elevated token is also used when an application is configured to always require administrative privilege or to always require maximum privilege, and the user is a member of the Administrators group.

Type 3 is a limited token with administrative privileges removed and administrative groups disabled.  The limited token is used when User Account Control is enabled, the application does not require administrative privilege, and the user does not choose to start the program using Run as administrator.",,,,,0x1f4,"C:\Windows\System32\smss.exe",,,,Info,,,,,,,,,,,,,,,,,,,307340,,,,,,"S-1-5-18
S-1-0-0",,,,,,,,,,"Microsoft Windows security auditing.",,,,"Process Creation",,"%%1936",Information,,,"09/22/2023 12:03:15 AM
LogName=Security
EventCode=4688
EventType=0
ComputerName=CLIENT-PC
SourceName=Microsoft Windows security auditing.
Type=Information
RecordNumber=307340
Keywords=Audit Success
TaskCategory=Process Creation
OpCode=Info
Message=A new process has been created.

Creator Subject:
	Security ID:		S-1-5-18
	Account Name:		-
	Account Domain:		-
	Logon ID:		0x3E7

Target Subject:
	Security ID:		S-1-0-0
	Account Name:		-
	Account Domain:		-
	Logon ID:		0x0

Process Information:
	New Process ID:		0x1f4
	New Process Name:	C:\Windows\System32\smss.exe
	Token Elevation Type:	%%1936
	Mandatory Label:		S-1-16-16384
	Creator Process ID:	0x158
	Creator Process Name:	C:\Windows\System32\smss.exe
	Process Command Line:	

Token Elevation Type indicates the type of token that was assigned to the new process in accordance with User Account Control policy.

Type 1 is a full token with no privileges removed or groups disabled.  A full token is only used if User Account Control is disabled or if the user is the built-in Administrator account or a service account.

Type 2 is an elevated token with no privileges removed or groups disabled.  An elevated token is used when User Account Control is enabled and the user chooses to start the program using Run as administrator.  An elevated token is also used when an application is configured to always require administrative privilege or to always require maximum privilege, and the user is a member of the Administrators group.

Type 3 is a limited token with administrative privileges removed and administrative groups disabled.  The limited token is used when User Account Control is enabled, the application does not require administrative privilege, and the user does not choose to start the program using Run as administrator.","2023-09-22T00:03:15.000+03:00",,,,,,,,,,,,,,,,,,,,,,,,,,,,,,,,,,,,,,,,,,,,,,,,,,,,,,,,,,,,,,,,,,,,,,,,,,,,,,,,,,,,,,,,,,,,,,,,,,,,,,,,,,,,,,,,,,,,,,,,,,,,,,,,"CLIENT-PC",,,main,,,,41,,,,"//_::_====-=___.===_=_==_____.\r\r_:\rt_:tt---\rt_:tt-",,"WinEventLog:Security","WinEventLog:Security",SIEM,,,,,,,,
"-
-","-
-",,,,,,"CLIENT-PC",,0x1a4,"C:\Windows\System32\smss.exe",,4688,0,,,,,,,,,,,,,,,,,,,"Audit Success",,,Security,"0x3E7
0x0","S-1-16-16384",,"A new process has been created.

Creator Subject:
	Security ID:		S-1-5-18
	Account Name:		-
	Account Domain:		-
	Logon ID:		0x3E7

Target Subject:
	Security ID:		S-1-0-0
	Account Name:		-
	Account Domain:		-
	Logon ID:		0x0

Process Information:
	New Process ID:		0x1b0
	New Process Name:	C:\Windows\System32\csrss.exe
	Token Elevation Type:	%%1936
	Mandatory Label:		S-1-16-16384
	Creator Process ID:	0x1a4
	Creator Process Name:	C:\Windows\System32\smss.exe
	Process Command Line:	

Token Elevation Type indicates the type of token that was assigned to the new process in accordance with User Account Control policy.

Type 1 is a full token with no privileges removed or groups disabled.  A full token is only used if User Account Control is disabled or if the user is the built-in Administrator account or a service account.

Type 2 is an elevated token with no privileges removed or groups disabled.  An elevated token is used when User Account Control is enabled and the user chooses to start the program using Run as administrator.  An elevated token is also used when an application is configured to always require administrative privilege or to always require maximum privilege, and the user is a member of the Administrators group.

Type 3 is a limited token with administrative privileges removed and administrative groups disabled.  The limited token is used when User Account Control is enabled, the application does not require administrative privilege, and the user does not choose to start the program using Run as administrator.",,,,,0x1b0,"C:\Windows\System32\csrss.exe",,,,Info,,,,,,,,,,,,,,,,,,,307339,,,,,,"S-1-5-18
S-1-0-0",,,,,,,,,,"Microsoft Windows security auditing.",,,,"Process Creation",,"%%1936",Information,,,"09/22/2023 12:03:15 AM
LogName=Security
EventCode=4688
EventType=0
ComputerName=CLIENT-PC
SourceName=Microsoft Windows security auditing.
Type=Information
RecordNumber=307339
Keywords=Audit Success
TaskCategory=Process Creation
OpCode=Info
Message=A new process has been created.

Creator Subject:
	Security ID:		S-1-5-18
	Account Name:		-
	Account Domain:		-
	Logon ID:		0x3E7

Target Subject:
	Security ID:		S-1-0-0
	Account Name:		-
	Account Domain:		-
	Logon ID:		0x0

Process Information:
	New Process ID:		0x1b0
	New Process Name:	C:\Windows\System32\csrss.exe
	Token Elevation Type:	%%1936
	Mandatory Label:		S-1-16-16384
	Creator Process ID:	0x1a4
	Creator Process Name:	C:\Windows\System32\smss.exe
	Process Command Line:	

Token Elevation Type indicates the type of token that was assigned to the new process in accordance with User Account Control policy.

Type 1 is a full token with no privileges removed or groups disabled.  A full token is only used if User Account Control is disabled or if the user is the built-in Administrator account or a service account.

Type 2 is an elevated token with no privileges removed or groups disabled.  An elevated token is used when User Account Control is enabled and the user chooses to start the program using Run as administrator.  An elevated token is also used when an application is configured to always require administrative privilege or to always require maximum privilege, and the user is a member of the Administrators group.

Type 3 is a limited token with administrative privileges removed and administrative groups disabled.  The limited token is used when User Account Control is enabled, the application does not require administrative privilege, and the user does not choose to start the program using Run as administrator.","2023-09-22T00:03:15.000+03:00",,,,,,,,,,,,,,,,,,,,,,,,,,,,,,,,,,,,,,,,,,,,,,,,,,,,,,,,,,,,,,,,,,,,,,,,,,,,,,,,,,,,,,,,,,,,,,,,,,,,,,,,,,,,,,,,,,,,,,,,,,,,,,,,"CLIENT-PC",,,main,,,,41,,,,"//_::_====-=___.===_=_==_____.\r\r_:\rt_:tt---\rt_:tt-",,"WinEventLog:Security","WinEventLog:Security",SIEM,,,,,,,,
"-
-","-
-",,,,,,"CLIENT-PC",,0x158,"C:\Windows\System32\smss.exe",,4688,0,,,,,,,,,,,,,,,,,,,"Audit Success",,,Security,"0x3E7
0x0","S-1-16-16384",,"A new process has been created.

Creator Subject:
	Security ID:		S-1-5-18
	Account Name:		-
	Account Domain:		-
	Logon ID:		0x3E7

Target Subject:
	Security ID:		S-1-0-0
	Account Name:		-
	Account Domain:		-
	Logon ID:		0x0

Process Information:
	New Process ID:		0x1a4
	New Process Name:	C:\Windows\System32\smss.exe
	Token Elevation Type:	%%1936
	Mandatory Label:		S-1-16-16384
	Creator Process ID:	0x158
	Creator Process Name:	C:\Windows\System32\smss.exe
	Process Command Line:	

Token Elevation Type indicates the type of token that was assigned to the new process in accordance with User Account Control policy.

Type 1 is a full token with no privileges removed or groups disabled.  A full token is only used if User Account Control is disabled or if the user is the built-in Administrator account or a service account.

Type 2 is an elevated token with no privileges removed or groups disabled.  An elevated token is used when User Account Control is enabled and the user chooses to start the program using Run as administrator.  An elevated token is also used when an application is configured to always require administrative privilege or to always require maximum privilege, and the user is a member of the Administrators group.

Type 3 is a limited token with administrative privileges removed and administrative groups disabled.  The limited token is used when User Account Control is enabled, the application does not require administrative privilege, and the user does not choose to start the program using Run as administrator.",,,,,0x1a4,"C:\Windows\System32\smss.exe",,,,Info,,,,,,,,,,,,,,,,,,,307338,,,,,,"S-1-5-18
S-1-0-0",,,,,,,,,,"Microsoft Windows security auditing.",,,,"Process Creation",,"%%1936",Information,,,"09/22/2023 12:03:15 AM
