LogName=Security
EventCode=4688
EventType=0
ComputerName=CLIENT-PC
SourceName=Microsoft Windows security auditing.
Type=Information
RecordNumber=307338
Keywords=Audit Success
TaskCategory=Process Creation
OpCode=Info
Message=A new process has been created.

Creator Subject:
	Security ID:		S-1-5-18
	Account Name:		-
	Account Domain:		-
	Logon ID:		0x3E7

Target Subject:
	Security ID:		S-1-0-0
	Account Name:		-
	Account Domain:		-
	Logon ID:		0x0

Process Information:
	New Process ID:		0x1a4
	New Process Name:	C:\Windows\System32\smss.exe
	Token Elevation Type:	%%1936
	Mandatory Label:		S-1-16-16384
	Creator Process ID:	0x158
	Creator Process Name:	C:\Windows\System32\smss.exe
	Process Command Line:	

Token Elevation Type indicates the type of token that was assigned to the new process in accordance with User Account Control policy.

Type 1 is a full token with no privileges removed or groups disabled.  A full token is only used if User Account Control is disabled or if the user is the built-in Administrator account or a service account.

Type 2 is an elevated token with no privileges removed or groups disabled.  An elevated token is used when User Account Control is enabled and the user chooses to start the program using Run as administrator.  An elevated token is also used when an application is configured to always require administrative privilege or to always require maximum privilege, and the user is a member of the Administrators group.

Type 3 is a limited token with administrative privileges removed and administrative groups disabled.  The limited token is used when User Account Control is enabled, the application does not require administrative privilege, and the user does not choose to start the program using Run as administrator.","2023-09-22T00:03:15.000+03:00",,,,,,,,,,,,,,,,,,,,,,,,,,,,,,,,,,,,,,,,,,,,,,,,,,,,,,,,,,,,,,,,,,,,,,,,,,,,,,,,,,,,,,,,,,,,,,,,,,,,,,,,,,,,,,,,,,,,,,,,,,,,,,,,"CLIENT-PC",,,main,,,,41,,,,"//_::_====-=___.===_=_==_____.\r\r_:\rt_:tt---\rt_:tt-",,"WinEventLog:Security","WinEventLog:Security",SIEM,,,,,,,,
"-
-","-
-",,,,,,"CLIENT-PC",,0x158,"C:\Windows\System32\smss.exe",,4688,0,,,,,,,,,,,,,,,,,,,"Audit Success",,,Security,"0x3E7
0x0","S-1-16-16384",,"A new process has been created.

Creator Subject:
	Security ID:		S-1-5-18
	Account Name:		-
	Account Domain:		-
	Logon ID:		0x3E7

Target Subject:
	Security ID:		S-1-0-0
	Account Name:		-
	Account Domain:		-
	Logon ID:		0x0

Process Information:
	New Process ID:		0x170
	New Process Name:	C:\Windows\System32\autochk.exe
	Token Elevation Type:	%%1936
	Mandatory Label:		S-1-16-16384
	Creator Process ID:	0x158
	Creator Process Name:	C:\Windows\System32\smss.exe
	Process Command Line:	

Token Elevation Type indicates the type of token that was assigned to the new process in accordance with User Account Control policy.

Type 1 is a full token with no privileges removed or groups disabled.  A full token is only used if User Account Control is disabled or if the user is the built-in Administrator account or a service account.

Type 2 is an elevated token with no privileges removed or groups disabled.  An elevated token is used when User Account Control is enabled and the user chooses to start the program using Run as administrator.  An elevated token is also used when an application is configured to always require administrative privilege or to always require maximum privilege, and the user is a member of the Administrators group.

Type 3 is a limited token with administrative privileges removed and administrative groups disabled.  The limited token is used when User Account Control is enabled, the application does not require administrative privilege, and the user does not choose to start the program using Run as administrator.",,,,,0x170,"C:\Windows\System32\autochk.exe",,,,Info,,,,,,,,,,,,,,,,,,,307337,,,,,,"S-1-5-18
S-1-0-0",,,,,,,,,,"Microsoft Windows security auditing.",,,,"Process Creation",,"%%1936",Information,,,"09/22/2023 12:03:14 AM
LogName=Security
EventCode=4688
EventType=0
ComputerName=CLIENT-PC
SourceName=Microsoft Windows security auditing.
Type=Information
RecordNumber=307337
Keywords=Audit Success
TaskCategory=Process Creation
OpCode=Info
Message=A new process has been created.

Creator Subject:
	Security ID:		S-1-5-18
	Account Name:		-
	Account Domain:		-
	Logon ID:		0x3E7

Target Subject:
	Security ID:		S-1-0-0
	Account Name:		-
	Account Domain:		-
	Logon ID:		0x0

Process Information:
	New Process ID:		0x170
	New Process Name:	C:\Windows\System32\autochk.exe
	Token Elevation Type:	%%1936
	Mandatory Label:		S-1-16-16384
	Creator Process ID:	0x158
	Creator Process Name:	C:\Windows\System32\smss.exe
	Process Command Line:	

Token Elevation Type indicates the type of token that was assigned to the new process in accordance with User Account Control policy.

Type 1 is a full token with no privileges removed or groups disabled.  A full token is only used if User Account Control is disabled or if the user is the built-in Administrator account or a service account.

Type 2 is an elevated token with no privileges removed or groups disabled.  An elevated token is used when User Account Control is enabled and the user chooses to start the program using Run as administrator.  An elevated token is also used when an application is configured to always require administrative privilege or to always require maximum privilege, and the user is a member of the Administrators group.

Type 3 is a limited token with administrative privileges removed and administrative groups disabled.  The limited token is used when User Account Control is enabled, the application does not require administrative privilege, and the user does not choose to start the program using Run as administrator.","2023-09-22T00:03:14.000+03:00",,,,,,,,,,,,,,,,,,,,,,,,,,,,,,,,,,,,,,,,,,,,,,,,,,,,,,,,,,,,,,,,,,,,,,,,,,,,,,,,,,,,,,,,,,,,,,,,,,,,,,,,,,,,,,,,,,,,,,,,,,,,,,,,"CLIENT-PC",,,main,,,,41,,,,"//_::_====-=___.===_=_==_____.\r\r_:\rt_:tt---\rt_:tt-",,"WinEventLog:Security","WinEventLog:Security",SIEM,,,,,,,,
,,,,,,,"CLIENT-PC",,,,,521,4,,,,,,,,,,,,,,,,,,,None,,,System,,,,"Active battery count change.",,,,,,,,,,Info,,,,,,,,,,,,,,,,,,,2244,,,,,,,,,,,,,,"S-1-5-18",0,"Microsoft-Windows-Kernel-Power",,,,220,,,Information,"NOT_TRANSLATED",,"09/22/2023 12:03:10 AM
LogName=System
EventCode=521
EventType=4
ComputerName=CLIENT-PC
User=NOT_TRANSLATED
Sid=S-1-5-18
SidType=0
SourceName=Microsoft-Windows-Kernel-Power
Type=Information
RecordNumber=2244
Keywords=None
TaskCategory=220
OpCode=Info
Message=Active battery count change.","2023-09-22T00:03:10.000+03:00",,,,,,,,,,,,,,,,,,,,,,,,,,,,,,,,,,,,,,,,,,,,,,,,,,,,,,,,,,,,,,,,,,,,,,,,,,,,,,,,,,,,,,,,,,,,,,,,,,,,,,,,,,,,,,,,,,,,,,,,,,,,,,,,"CLIENT-PC",,,main,,,,15,,,,"//_::_====-==---==---======___.",,"WinEventLog:System","WinEventLog:System",SIEM,,,,,,,,
,,,,,,,"CLIENT-PC",,,,,521,4,,,,,,,,,,,,,,,,,,,None,,,System,,,,"Active battery count change.",,,,,,,,,,Info,,,,,,,,,,,,,,,,,,,2243,,,,,,,,,,,,,,"S-1-5-18",0,"Microsoft-Windows-Kernel-Power",,,,220,,,Information,"NOT_TRANSLATED",,"09/22/2023 12:03:10 AM
LogName=System
EventCode=521
EventType=4
ComputerName=CLIENT-PC
User=NOT_TRANSLATED
Sid=S-1-5-18
SidType=0
SourceName=Microsoft-Windows-Kernel-Power
Type=Information
RecordNumber=2243
Keywords=None
TaskCategory=220
OpCode=Info
Message=Active battery count change.","2023-09-22T00:03:10.000+03:00",,,,,,,,,,,,,,,,,,,,,,,,,,,,,,,,,,,,,,,,,,,,,,,,,,,,,,,,,,,,,,,,,,,,,,,,,,,,,,,,,,,,,,,,,,,,,,,,,,,,,,,,,,,,,,,,,,,,,,,,,,,,,,,,"CLIENT-PC",,,main,,,,15,,,,"//_::_====-==---==---======___.",,"WinEventLog:System","WinEventLog:System",SIEM,,,,,,,,
,,,,,,,"CLIENT-PC",,,,,55,4,,,,,,,,,,,,,,,,"ACPI Idle (C) States (1 state(s))",,,None,,,System,,,100,"Processor 1 in group 0 exposes the following power management capabilities:

Idle state type: ACPI Idle (C) States (1 state(s))

Performance state type: None
Nominal Frequency (MHz): 2808
Maximum performance percentage: 100
Minimum performance percentage: 100
Minimum throttle percentage: 100",,,100,100,,,,2808,,Info,,,,,,,,,,,None,,,,,,,,2242,,,,,,,,,,,,,,"S-1-5-18",0,"Microsoft-Windows-Kernel-Processor-Power",,,,47,,,Information,"NOT_TRANSLATED",,"09/22/2023 12:03:10 AM
LogName=System
EventCode=55
EventType=4
ComputerName=CLIENT-PC
User=NOT_TRANSLATED
Sid=S-1-5-18
SidType=0
SourceName=Microsoft-Windows-Kernel-Processor-Power
Type=Information
RecordNumber=2242
Keywords=None
TaskCategory=47
OpCode=Info
Message=Processor 1 in group 0 exposes the following power management capabilities:

Idle state type: ACPI Idle (C) States (1 state(s))

Performance state type: None
Nominal Frequency (MHz): 2808
Maximum performance percentage: 100
Minimum performance percentage: 100
Minimum throttle percentage: 100","2023-09-22T00:03:10.000+03:00",,,,,,,,,,,,,,,,,,,,,,,,,,,,,,,,,,,,,,,,,,,,,,,,,,,,,,,,,,,,,,,,,,,,,,,,,,,,,,,,,,,,,,,,,,,,,,,,,,,,,,,,,,,,,,,,,,,,,,,,,,,,,,,,"CLIENT-PC",,,main,,,,23,,,,"//_::_====-==---==----======__________:\r\r__:___()_",,"WinEventLog:System","WinEventLog:System",SIEM,,,,,,,,
,,,,,,,"CLIENT-PC",,,,,55,4,,,,,,,,,,,,,,,,"ACPI Idle (C) States (1 state(s))",,,None,,,System,,,100,"Processor 0 in group 0 exposes the following power management capabilities:

Idle state type: ACPI Idle (C) States (1 state(s))

Performance state type: None
Nominal Frequency (MHz): 2808
Maximum performance percentage: 100
Minimum performance percentage: 100
Minimum throttle percentage: 100",,,100,100,,,,2808,,Info,,,,,,,,,,,None,,,,,,,,2241,,,,,,,,,,,,,,"S-1-5-18",0,"Microsoft-Windows-Kernel-Processor-Power",,,,47,,,Information,"NOT_TRANSLATED",,"09/22/2023 12:03:10 AM
LogName=System
EventCode=55
EventType=4
ComputerName=CLIENT-PC
User=NOT_TRANSLATED
Sid=S-1-5-18
SidType=0
SourceName=Microsoft-Windows-Kernel-Processor-Power
Type=Information
RecordNumber=2241
Keywords=None
TaskCategory=47
OpCode=Info
Message=Processor 0 in group 0 exposes the following power management capabilities:

Idle state type: ACPI Idle (C) States (1 state(s))

Performance state type: None
Nominal Frequency (MHz): 2808
Maximum performance percentage: 100
Minimum performance percentage: 100
Minimum throttle percentage: 100","2023-09-22T00:03:10.000+03:00",,,,,,,,,,,,,,,,,,,,,,,,,,,,,,,,,,,,,,,,,,,,,,,,,,,,,,,,,,,,,,,,,,,,,,,,,,,,,,,,,,,,,,,,,,,,,,,,,,,,,,,,,,,,,,,,,,,,,,,,,,,,,,,,"CLIENT-PC",,,main,,,,23,,,,"//_::_====-==---==----======__________:\r\r__:___()_",,"WinEventLog:System","WinEventLog:System",SIEM,,,,,,,,
,,,,,,,"CLIENT-PC",,,,,172,4,,,,,,,,,,,,,,,,,,,None,,,System,,,,"Connectivity state in standby: Disconnected, Reason: NIC compliance",,,,,,,,,,Info,,,,,,,,,,,,,,,,,,,2240,,,,,,,,,,,,,,"S-1-5-18",0,"Microsoft-Windows-Kernel-Power",,,,203,,,Information,"NOT_TRANSLATED",,"09/22/2023 12:03:10 AM
LogName=System
EventCode=172
EventType=4
ComputerName=CLIENT-PC
User=NOT_TRANSLATED
Sid=S-1-5-18
SidType=0
SourceName=Microsoft-Windows-Kernel-Power
Type=Information
RecordNumber=2240
Keywords=None
TaskCategory=203
OpCode=Info
Message=Connectivity state in standby: Disconnected, Reason: NIC compliance","2023-09-22T00:03:10.000+03:00",,,,,,,,,,,,,,,,,,,,,,,,,,,,,,,,,,,,,,,,,,,,,,,,,,,,,,,,,,,,,,,,,,,,,,,,,,,,,,,,,,,,,,,,,,,,,,,,,,,,,,,,,,,,,,,,,,,,,,,,,,,,,,,,"CLIENT-PC",,,main,,,,15,,,,"//_::_====-==---==---======___:_,_:__",,"WinEventLog:System","WinEventLog:System",SIEM,,,,,,,,
"-
-","-
-",,,,,,"CLIENT-PC",,0x4,,,4688,0,,,,,,,,,,,,,,,,,,,"Audit Success",,,Security,"0x3E7
0x0","S-1-16-16384",,"A new process has been created.

Creator Subject:
	Security ID:		S-1-5-18
	Account Name:		-
	Account Domain:		-
	Logon ID:		0x3E7

Target Subject:
	Security ID:		S-1-0-0
	Account Name:		-
	Account Domain:		-
	Logon ID:		0x0

Process Information:
	New Process ID:		0x158
	New Process Name:	C:\Windows\System32\smss.exe
	Token Elevation Type:	%%1936
	Mandatory Label:		S-1-16-16384
	Creator Process ID:	0x4
	Creator Process Name:	
	Process Command Line:	

Token Elevation Type indicates the type of token that was assigned to the new process in accordance with User Account Control policy.

Type 1 is a full token with no privileges removed or groups disabled.  A full token is only used if User Account Control is disabled or if the user is the built-in Administrator account or a service account.

Type 2 is an elevated token with no privileges removed or groups disabled.  An elevated token is used when User Account Control is enabled and the user chooses to start the program using Run as administrator.  An elevated token is also used when an application is configured to always require administrative privilege or to always require maximum privilege, and the user is a member of the Administrators group.

Type 3 is a limited token with administrative privileges removed and administrative groups disabled.  The limited token is used when User Account Control is enabled, the application does not require administrative privilege, and the user does not choose to start the program using Run as administrator.",,,,,0x158,"C:\Windows\System32\smss.exe",,,,Info,,,,,,,,,,,,,,,,,,,307336,,,,,,"S-1-5-18
S-1-0-0",,,,,,,,,,"Microsoft Windows security auditing.",,,,"Process Creation",,"%%1936",Information,,,"09/22/2023 12:03:10 AM
LogName=Security
EventCode=4688
EventType=0
ComputerName=CLIENT-PC
SourceName=Microsoft Windows security auditing.
Type=Information
RecordNumber=307336
Keywords=Audit Success
TaskCategory=Process Creation
OpCode=Info
Message=A new process has been created.

Creator Subject:
	Security ID:		S-1-5-18
	Account Name:		-
	Account Domain:		-
	Logon ID:		0x3E7

Target Subject:
	Security ID:		S-1-0-0
	Account Name:		-
	Account Domain:		-
	Logon ID:		0x0

Process Information:
	New Process ID:		0x158
	New Process Name:	C:\Windows\System32\smss.exe
	Token Elevation Type:	%%1936
	Mandatory Label:		S-1-16-16384
	Creator Process ID:	0x4
	Creator Process Name:	
	Process Command Line:	

Token Elevation Type indicates the type of token that was assigned to the new process in accordance with User Account Control policy.

Type 1 is a full token with no privileges removed or groups disabled.  A full token is only used if User Account Control is disabled or if the user is the built-in Administrator account or a service account.

Type 2 is an elevated token with no privileges removed or groups disabled.  An elevated token is used when User Account Control is enabled and the user chooses to start the program using Run as administrator.  An elevated token is also used when an application is configured to always require administrative privilege or to always require maximum privilege, and the user is a member of the Administrators group.

Type 3 is a limited token with administrative privileges removed and administrative groups disabled.  The limited token is used when User Account Control is enabled, the application does not require administrative privilege, and the user does not choose to start the program using Run as administrator.","2023-09-22T00:03:10.000+03:00",,,,,,,,,,,,,,,,,,,,,,,,,,,,,,,,,,,,,,,,,,,,,,,,,,,,,,,,,,,,,,,,,,,,,,,,,,,,,,,,,,,,,,,,,,,,,,,,,,,,,,,,,,,,,,,,,,,,,,,,,,,,,,,,"CLIENT-PC",,,main,,,,41,,,,"//_::_====-=___.===_=_==_____.\r\r_:\rt_:tt---\rt_:tt-",,"WinEventLog:Security","WinEventLog:Security",SIEM,,,,,,,,
"-","-",,No,,,,"CLIENT-PC",Default,,,No,4826,0,,,,,,,,,,,No,,No,Off,"-",,,No,"Audit Success",,"-",Security,0x3E7,,,"Boot Configuration Data loaded.

Subject:
	Security ID:		S-1-5-18
	Account Name:		-
	Account Domain:		-
	Logon ID:		0x3E7

General Settings:
	Load Options:		-
	Advanced Options:		No
	Configuration Access Policy:	Default
	System Event Logging:	No
	Kernel Debugging:	No
	VSM Launch Type:	Off

Signature Settings:
	Test Signing:		No
	Flight Signing:		No
	Disable Integrity Checks:	No

HyperVisor Settings:
	HyperVisor Load Options:	-
	HyperVisor Launch Type:	Off
	HyperVisor Debugging:	No",,,,,,,,,,Info,,,,,,,,,,,,,,,,,,,307335,,,,,,"S-1-5-18",,,,,,,,,,"Microsoft Windows security auditing.",No,,,"Other Policy Change Events",No,,Information,,Off,"09/22/2023 12:03:10 AM
LogName=Security
EventCode=4826
EventType=0
ComputerName=CLIENT-PC
SourceName=Microsoft Windows security auditing.
Type=Information
RecordNumber=307335
Keywords=Audit Success
TaskCategory=Other Policy Change Events
OpCode=Info
Message=Boot Configuration Data loaded.

Subject:
	Security ID:		S-1-5-18
	Account Name:		-
	Account Domain:		-
	Logon ID:		0x3E7

General Settings:
	Load Options:		-
	Advanced Options:		No
	Configuration Access Policy:	Default
	System Event Logging:	No
	Kernel Debugging:	No
	VSM Launch Type:	Off

Signature Settings:
	Test Signing:		No
	Flight Signing:		No
	Disable Integrity Checks:	No

HyperVisor Settings:
	HyperVisor Load Options:	-
	HyperVisor Launch Type:	Off
	HyperVisor Debugging:	No","2023-09-22T00:03:10.000+03:00",,,,,,,,,,,,,,,,,,,,,,,,,,,,,,,,,,,,,,,,,,,,,,,,,,,,,,,,,,,,,,,,,,,,,,,,,,,,,,,,,,,,,,,,,,,,,,,,,,,,,,,,,,,,,,,,,,,,,,,,,,,,,,,,"CLIENT-PC",,,main,,,,36,,,,"//_::_====-=___.===_=___==___.\r\r:\rt_:tt---\rt_:tt-\r",,"WinEventLog:Security","WinEventLog:Security",SIEM,,,,,,,,
"-
-","-
-",,,,,,"CLIENT-PC",,,,,4696,0,,,,,,,,,,,,,,,,,,,"Audit Success",,,Security,"0x3E7
0x3E7",,,"A primary token was assigned to process.

Subject:
	Security ID:		S-1-5-18
	Account Name:		-
	Account Domain:		-
	Logon ID:		0x3E7

Process Information:
	Process ID:	0x4
	Process Name:	

Target Process:
	Target Process ID:	0x5c
	Target Process Name:	Registry

New Token Information:
	Security ID:		S-1-0-0
	Account Name:		-
	Account Domain:		-
	Logon ID:		0x3E7",,,,,,,,,,Info,,,,,,,,,,,,,0x4,,,,,,307334,,,,,,"S-1-5-18
S-1-0-0",,,,,,,,,,"Microsoft Windows security auditing.",,0x5c,Registry,"Process Creation",,,Information,,,"09/22/2023 12:03:10 AM
LogName=Security
EventCode=4696
EventType=0
ComputerName=CLIENT-PC
SourceName=Microsoft Windows security auditing.
Type=Information
RecordNumber=307334
Keywords=Audit Success
TaskCategory=Process Creation
OpCode=Info
Message=A primary token was assigned to process.

Subject:
	Security ID:		S-1-5-18
	Account Name:		-
	Account Domain:		-
	Logon ID:		0x3E7

Process Information:
	Process ID:	0x4
	Process Name:	

Target Process:
	Target Process ID:	0x5c
	Target Process Name:	Registry

New Token Information:
	Security ID:		S-1-0-0
	Account Name:		-
	Account Domain:		-
	Logon ID:		0x3E7","2023-09-22T00:03:10.000+03:00",,,,,,,,,,,,,,,,,,,,,,,,,,,,,,,,,,,,,,,,,,,,,,,,,,,,,,,,,,,,,,,,,,,,,,,,,,,,,,,,,,,,,,,,,,,,,,,,,,,,,,,,,,,,,,,,,,,,,,,,,,,,,,,,"CLIENT-PC",,,main,,,,32,,,,"//_::_====-=___.===_=_==______.\r\r:\rt_:tt---\rt_:tt-",,"WinEventLog:Security","WinEventLog:Security",SIEM,,,,,,,,
"-
-","-
-",,,,,,"CLIENT-PC",,0x4,,,4688,0,,,,,,,,,,,,,,,,,,,"Audit Success",,,Security,"0x3E7
0x0","S-1-16-16384",,"A new process has been created.

Creator Subject:
	Security ID:		S-1-5-18
	Account Name:		-
	Account Domain:		-
	Logon ID:		0x3E7

Target Subject:
	Security ID:		S-1-0-0
	Account Name:		-
	Account Domain:		-
	Logon ID:		0x0

Process Information:
	New Process ID:		0x5c
	New Process Name:	Registry
	Token Elevation Type:	%%1936
	Mandatory Label:		S-1-16-16384
	Creator Process ID:	0x4
	Creator Process Name:	
	Process Command Line:	

Token Elevation Type indicates the type of token that was assigned to the new process in accordance with User Account Control policy.

Type 1 is a full token with no privileges removed or groups disabled.  A full token is only used if User Account Control is disabled or if the user is the built-in Administrator account or a service account.

Type 2 is an elevated token with no privileges removed or groups disabled.  An elevated token is used when User Account Control is enabled and the user chooses to start the program using Run as administrator.  An elevated token is also used when an application is configured to always require administrative privilege or to always require maximum privilege, and the user is a member of the Administrators group.

Type 3 is a limited token with administrative privileges removed and administrative groups disabled.  The limited token is used when User Account Control is enabled, the application does not require administrative privilege, and the user does not choose to start the program using Run as administrator.",,,,,0x5c,Registry,,,,Info,,,,,,,,,,,,,,,,,,,307333,,,,,,"S-1-5-18
S-1-0-0",,,,,,,,,,"Microsoft Windows security auditing.",,,,"Process Creation",,"%%1936",Information,,,"09/22/2023 12:03:10 AM
LogName=Security
EventCode=4688
EventType=0
ComputerName=CLIENT-PC
SourceName=Microsoft Windows security auditing.
Type=Information
RecordNumber=307333
Keywords=Audit Success
TaskCategory=Process Creation
OpCode=Info
Message=A new process has been created.

Creator Subject:
	Security ID:		S-1-5-18
	Account Name:		-
	Account Domain:		-
	Logon ID:		0x3E7

Target Subject:
	Security ID:		S-1-0-0
	Account Name:		-
	Account Domain:		-
	Logon ID:		0x0

Process Information:
	New Process ID:		0x5c
	New Process Name:	Registry
	Token Elevation Type:	%%1936
	Mandatory Label:		S-1-16-16384
	Creator Process ID:	0x4
	Creator Process Name:	
	Process Command Line:	

Token Elevation Type indicates the type of token that was assigned to the new process in accordance with User Account Control policy.

Type 1 is a full token with no privileges removed or groups disabled.  A full token is only used if User Account Control is disabled or if the user is the built-in Administrator account or a service account.

Type 2 is an elevated token with no privileges removed or groups disabled.  An elevated token is used when User Account Control is enabled and the user chooses to start the program using Run as administrator.  An elevated token is also used when an application is configured to always require administrative privilege or to always require maximum privilege, and the user is a member of the Administrators group.

Type 3 is a limited token with administrative privileges removed and administrative groups disabled.  The limited token is used when User Account Control is enabled, the application does not require administrative privilege, and the user does not choose to start the program using Run as administrator.","2023-09-22T00:03:10.000+03:00",,,,,,,,,,,,,,,,,,,,,,,,,,,,,,,,,,,,,,,,,,,,,,,,,,,,,,,,,,,,,,,,,,,,,,,,,,,,,,,,,,,,,,,,,,,,,,,,,,,,,,,,,,,,,,,,,,,,,,,,,,,,,,,,"CLIENT-PC",,,main,,,,41,,,,"//_::_====-=___.===_=_==_____.\r\r_:\rt_:tt---\rt_:tt-",,"WinEventLog:Security","WinEventLog:Security",SIEM,,,,,,,,
,,,,,,,"CLIENT-PC",,,,,6,4,,,,,,,,,,,,,,,,,,,None,,,System,,,,"File System Filter 'npsvctrig' (10.0, 2025-01-06T05:41:12.000000000Z) has successfully loaded and registered with Filter Manager.",,,,,,,,,,Info,,,,,,,,,,,,,,,,,,,2239,,,,,,,,,,,,,,"S-1-5-18",0,"Microsoft-Windows-FilterManager",,,,None,,,Information,"NOT_TRANSLATED",,"09/22/2023 12:03:09 AM
LogName=System
EventCode=6
EventType=4
ComputerName=CLIENT-PC
User=NOT_TRANSLATED
Sid=S-1-5-18
SidType=0
SourceName=Microsoft-Windows-FilterManager
Type=Information
RecordNumber=2239
Keywords=None
TaskCategory=None
OpCode=Info
Message=File System Filter 'npsvctrig' (10.0, 2025-01-06T05:41:12.000000000Z) has successfully loaded and registered with Filter Manager.","2023-09-22T00:03:09.000+03:00",,,,,,,,,,,,,,,,,,,,,,,,,,,,,,,,,,,,,,,,,,,,,,,,,,,,,,,,,,,,,,,,,,,,,,,,,,,,,,,,,,,,,,,,,,,,,,,,,,,,,,,,,,,,,,,,,,,,,,,,,,,,,,,,"CLIENT-PC",,,main,,,,15,,,,"//_::_====-==---==--======___''_(.,_--::.)________",,"WinEventLog:System","WinEventLog:System",SIEM,,,,,,,,
,,,,,,,"CLIENT-PC",,,,,6,4,,,,,,,,,,,,,,,,,,,None,,,System,,,,"File System Filter 'FileCrypt' (10.0, 2002-03-01T14:12:42.000000000Z) has successfully loaded and registered with Filter Manager.",,,,,,,,,,Info,,,,,,,,,,,,,,,,,,,2238,,,,,,,,,,,,,,"S-1-5-18",0,"Microsoft-Windows-FilterManager",,,,None,,,Information,"NOT_TRANSLATED",,"09/22/2023 12:03:09 AM
LogName=System
EventCode=6
EventType=4
ComputerName=CLIENT-PC
User=NOT_TRANSLATED
Sid=S-1-5-18
SidType=0
SourceName=Microsoft-Windows-FilterManager
Type=Information
RecordNumber=2238
Keywords=None
TaskCategory=None
OpCode=Info
Message=File System Filter 'FileCrypt' (10.0, 2002-03-01T14:12:42.000000000Z) has successfully loaded and registered with Filter Manager.","2023-09-22T00:03:09.000+03:00",,,,,,,,,,,,,,,,,,,,,,,,,,,,,,,,,,,,,,,,,,,,,,,,,,,,,,,,,,,,,,,,,,,,,,,,,,,,,,,,,,,,,,,,,,,,,,,,,,,,,,,,,,,,,,,,,,,,,,,,,,,,,,,,"CLIENT-PC",,,main,,,,15,,,,"//_::_====-==---==--======___''_(.,_--::.)________",,"WinEventLog:System","WinEventLog:System",SIEM,,,,,,,,
,,,,,,,"CLIENT-PC",,,,,98,4,,,,,,,,,,,,,,,,,,,None,,,System,,,,"Volume C: (\Device\HarddiskVolume1) is healthy.  No action is needed.",,,,,,,,,,Info,,,,,,,,,,,,,,,,,,,2237,,,,,,,,,,,,,,"S-1-5-18",0,"Microsoft-Windows-Ntfs",,,,None,,,Information,"NOT_TRANSLATED",,"09/22/2023 12:03:09 AM
LogName=System
EventCode=98
EventType=4
ComputerName=CLIENT-PC
User=NOT_TRANSLATED
Sid=S-1-5-18
SidType=0
SourceName=Microsoft-Windows-Ntfs
Type=Information
RecordNumber=2237
Keywords=None
TaskCategory=None
OpCode=Info
Message=Volume C: (\Device\HarddiskVolume1) is healthy.  No action is needed.","2023-09-22T00:03:09.000+03:00",,,,,,,,,,,,,,,,,,,,,,,,,,,,,,,,,,,,,,,,,,,,,,,,,,,,,,,,,,,,,,,,,,,,,,,,,,,,,,,,,,,,,,,,,,,,,,,,,,,,,,,,,,,,,,,,,,,,,,,,,,,,,,,,"CLIENT-PC",,,main,,,,15,,,,"//_::_====-==---==--======_:_(\\)__._____.",,"WinEventLog:System","WinEventLog:System",SIEM,,,,,,,,
,,,,,,,"CLIENT-PC",,,,,6,4,,,,,,,,,,,,,,,,,,,None,,,System,,,,"File System Filter 'WdFilter' (10.0, 2035-08-05T03:44:58.000000000Z) has successfully loaded and registered with Filter Manager.",,,,,,,,,,Info,,,,,,,,,,,,,,,,,,,2236,,,,,,,,,,,,,,"S-1-5-18",0,"Microsoft-Windows-FilterManager",,,,None,,,Information,"NOT_TRANSLATED",,"09/22/2023 12:03:08 AM
LogName=System
EventCode=6
EventType=4
ComputerName=CLIENT-PC
User=NOT_TRANSLATED
Sid=S-1-5-18
SidType=0
SourceName=Microsoft-Windows-FilterManager
Type=Information
RecordNumber=2236
Keywords=None
TaskCategory=None
OpCode=Info
Message=File System Filter 'WdFilter' (10.0, 2035-08-05T03:44:58.000000000Z) has successfully loaded and registered with Filter Manager.","2023-09-22T00:03:08.000+03:00",,,,,,,,,,,,,,,,,,,,,,,,,,,,,,,,,,,,,,,,,,,,,,,,,,,,,,,,,,,,,,,,,,,,,,,,,,,,,,,,,,,,,,,,,,,,,,,,,,,,,,,,,,,,,,,,,,,,,,,,,,,,,,,,"CLIENT-PC",,,main,,,,15,,,,"//_::_====-==---==--======___''_(.,_--::.)________",,"WinEventLog:System","WinEventLog:System",SIEM,,,,,,,,
,,,,,,,"CLIENT-PC",,,,,6,4,,,,,,,,,,,,,,,,,,,None,,,System,,,,"File System Filter 'Wof' (10.0, 2023-04-23T05:17:53.000000000Z) has successfully loaded and registered with Filter Manager.",,,,,,,,,,Info,,,,,,,,,,,,,,,,,,,2235,,,,,,,,,,,,,,"S-1-5-18",0,"Microsoft-Windows-FilterManager",,,,None,,,Information,"NOT_TRANSLATED",,"09/22/2023 12:03:08 AM
LogName=System
EventCode=6
EventType=4
ComputerName=CLIENT-PC
User=NOT_TRANSLATED
Sid=S-1-5-18
SidType=0
SourceName=Microsoft-Windows-FilterManager
Type=Information
RecordNumber=2235
Keywords=None
TaskCategory=None
OpCode=Info
Message=File System Filter 'Wof' (10.0, 2023-04-23T05:17:53.000000000Z) has successfully loaded and registered with Filter Manager.","2023-09-22T00:03:08.000+03:00",,,,,,,,,,,,,,,,,,,,,,,,,,,,,,,,,,,,,,,,,,,,,,,,,,,,,,,,,,,,,,,,,,,,,,,,,,,,,,,,,,,,,,,,,,,,,,,,,,,,,,,,,,,,,,,,,,,,,,,,,,,,,,,,"CLIENT-PC",,,main,,,,15,,,,"//_::_====-==---==--======___''_(.,_--::.)________",,"WinEventLog:System","WinEventLog:System",SIEM,,,,,,,,
,,,,,,,"CLIENT-PC",,,,,6,4,,,,,,,,,,,,,,,,,,,None,,,System,,,,"File System Filter 'FileInfo' (10.0, 2062-12-23T08:21:06.000000000Z) has successfully loaded and registered with Filter Manager.",,,,,,,,,,Info,,,,,,,,,,,,,,,,,,,2234,,,,,,,,,,,,,,"S-1-5-18",0,"Microsoft-Windows-FilterManager",,,,None,,,Information,"NOT_TRANSLATED",,"09/22/2023 12:03:08 AM
LogName=System
EventCode=6
EventType=4
ComputerName=CLIENT-PC
User=NOT_TRANSLATED
Sid=S-1-5-18
SidType=0
SourceName=Microsoft-Windows-FilterManager
Type=Information
RecordNumber=2234
Keywords=None
TaskCategory=None
OpCode=Info
Message=File System Filter 'FileInfo' (10.0, 2062-12-23T08:21:06.000000000Z) has successfully loaded and registered with Filter Manager.","2023-09-22T00:03:08.000+03:00",,,,,,,,,,,,,,,,,,,,,,,,,,,,,,,,,,,,,,,,,,,,,,,,,,,,,,,,,,,,,,,,,,,,,,,,,,,,,,,,,,,,,,,,,,,,,,,,,,,,,,,,,,,,,,,,,,,,,,,,,,,,,,,,"CLIENT-PC",,,main,,,,15,,,,"//_::_====-==---==--======___''_(.,_--::.)________",,"WinEventLog:System","WinEventLog:System",SIEM,,,,,,,,
,,,,,,,"CLIENT-PC",,,,,16,4,,,,,,,,,,,,,,,,,,,None,,,System,,,,"The iommu fault reporting has been initialized.",,,,,,,,,,Info,,,,,,,,,,,,,,,,,,,2233,,,,,,,,,,,,,,"S-1-5-18",0,"Microsoft-Windows-HAL",,,,None,,,Information,"NOT_TRANSLATED",,"09/22/2023 12:03:08 AM
LogName=System
EventCode=16
EventType=4
ComputerName=CLIENT-PC
User=NOT_TRANSLATED
Sid=S-1-5-18
SidType=0
SourceName=Microsoft-Windows-HAL
Type=Information
RecordNumber=2233
Keywords=None
TaskCategory=None
OpCode=Info
Message=The iommu fault reporting has been initialized.","2023-09-22T00:03:08.000+03:00",,,,,,,,,,,,,,,,,,,,,,,,,,,,,,,,,,,,,,,,,,,,,,,,,,,,,,,,,,,,,,,,,,,,,,,,,,,,,,,,,,,,,,,,,,,,,,,,,,,,,,,,,,,,,,,,,,,,,,,,,,,,,,,,"CLIENT-PC",,,main,,,,15,,,,"//_::_====-==---==--======______.",,"WinEventLog:System","WinEventLog:System",SIEM,,,,,,,,
,,,,,,,"CLIENT-PC",,,,,20,4,,,,,,,,,,,,,,,,,,,Time,true,,System,,,,"The leap second configuration has been updated.
Reason: Leap second data initialized from registry during boot
Leap seconds enabled: true
New leap second count: 0
Old leap second count: 0",,,,,,,0,,0,Info,,,,,,,,,,,,,,,,"Leap second data initialized from registry during boot",,,2232,,,,,,,,,,,,,,"S-1-5-18",0,"Microsoft-Windows-Kernel-General",,,,6,,,Information,"NOT_TRANSLATED",,"09/22/2023 12:03:07 AM
LogName=System
EventCode=20
EventType=4
ComputerName=CLIENT-PC
User=NOT_TRANSLATED
Sid=S-1-5-18
SidType=0
SourceName=Microsoft-Windows-Kernel-General
Type=Information
RecordNumber=2232
Keywords=Time
TaskCategory=6
OpCode=Info
Message=The leap second configuration has been updated.
Reason: Leap second data initialized from registry during boot
Leap seconds enabled: true
New leap second count: 0
Old leap second count: 0","2023-09-22T00:03:07.000+03:00",,,,,,,,,,,,,,,,,,,,,,,,,,,,,,,,,,,,,,,,,,,,,,,,,,,,,,,,,,,,,,,,,,,,,,,,,,,,,,,,,,,,,,,,,,,,,,,,,,,,,,,,,,,,,,,,,,,,,,,,,,,,,,,,"CLIENT-PC",,,main,,,,19,,,,"//_::_====-==---==---======______.\r:________\r__:_\r",,"WinEventLog:System","WinEventLog:System",SIEM,,,,,,,,
,,,,,,,"CLIENT-PC",,,,,32,4,,,,,,,,,,,,,,,,,,,None,,,System,,,,"The bootmgr spent 0 ms waiting for user input.",,,,,,,,,,Info,,,,,,,,,,,,,,,,,,,2231,,,,,,,,,,,,,,"S-1-5-18",0,"Microsoft-Windows-Kernel-Boot",,,,58,,,Information,"NOT_TRANSLATED",,"09/22/2023 12:03:07 AM
LogName=System
EventCode=32
EventType=4
ComputerName=CLIENT-PC
User=NOT_TRANSLATED
Sid=S-1-5-18
SidType=0
SourceName=Microsoft-Windows-Kernel-Boot
Type=Information
RecordNumber=2231
Keywords=None
TaskCategory=58
OpCode=Info
Message=The bootmgr spent 0 ms waiting for user input.","2023-09-22T00:03:07.000+03:00",,,,,,,,,,,,,,,,,,,,,,,,,,,,,,,,,,,,,,,,,,,,,,,,,,,,,,,,,,,,,,,,,,,,,,,,,,,,,,,,,,,,,,,,,,,,,,,,,,,,,,,,,,,,,,,,,,,,,,,,,,,,,,,,"CLIENT-PC",,,main,,,,15,,,,"//_::_====-==---==---======________.",,"WinEventLog:System","WinEventLog:System",SIEM,,,,,,,,
,,,,,,,"CLIENT-PC",,,,,18,4,,,,,,,,,,,,,,,,,,,None,,,System,,,,"There are 0x1 boot options on this system.",,,,,,,,,,Info,,,,,,,,,,,,,,,,,,,2230,,,,,,,,,,,,,,"S-1-5-18",0,"Microsoft-Windows-Kernel-Boot",,,,57,,,Information,"NOT_TRANSLATED",,"09/22/2023 12:03:07 AM
LogName=System
EventCode=18
EventType=4
ComputerName=CLIENT-PC
User=NOT_TRANSLATED
Sid=S-1-5-18
SidType=0
SourceName=Microsoft-Windows-Kernel-Boot
Type=Information
RecordNumber=2230
Keywords=None
TaskCategory=57
OpCode=Info
Message=There are 0x1 boot options on this system.","2023-09-22T00:03:07.000+03:00",,,,,,,,,,,,,,,,,,,,,,,,,,,,,,,,,,,,,,,,,,,,,,,,,,,,,,,,,,,,,,,,,,,,,,,,,,,,,,,,,,,,,,,,,,,,,,,,,,,,,,,,,,,,,,,,,,,,,,,,,,,,,,,,"CLIENT-PC",,,main,,,,15,,,,"//_::_====-==---==---======_______.",,"WinEventLog:System","WinEventLog:System",SIEM,,,,,,,,
,,,,,,,"CLIENT-PC",,,,,27,4,,,,,,,,,,,,,,,,,,,None,,,System,,,,"The boot type was 0x0.",,,,,,,,,,Info,,,,,,,,,,,,,,,,,,,2229,,,,,,,,,,,,,,"S-1-5-18",0,"Microsoft-Windows-Kernel-Boot",,,,33,,,Information,"NOT_TRANSLATED",,"09/22/2023 12:03:07 AM
LogName=System
EventCode=27
EventType=4
ComputerName=CLIENT-PC
User=NOT_TRANSLATED
Sid=S-1-5-18
SidType=0
SourceName=Microsoft-Windows-Kernel-Boot
Type=Information
RecordNumber=2229
Keywords=None
TaskCategory=33
OpCode=Info
Message=The boot type was 0x0.","2023-09-22T00:03:07.000+03:00",,,,,,,,,,,,,,,,,,,,,,,,,,,,,,,,,,,,,,,,,,,,,,,,,,,,,,,,,,,,,,,,,,,,,,,,,,,,,,,,,,,,,,,,,,,,,,,,,,,,,,,,,,,,,,,,,,,,,,,,,,,,,,,,"CLIENT-PC",,,main,,,,15,,,,"//_::_====-==---==---======____.",,"WinEventLog:System","WinEventLog:System",SIEM,,,,,,,,
,,,,,,,"CLIENT-PC",,,,,25,4,,,,,,,,,,,,,,,,,,,None,,,System,,,,"The boot menu policy was 0x1.",,,,,,,,,,Info,,,,,,,,,,,,,,,,,,,2228,,,,,,,,,,,,,,"S-1-5-18",0,"Microsoft-Windows-Kernel-Boot",,,,32,,,Information,"NOT_TRANSLATED",,"09/22/2023 12:03:07 AM
LogName=System
EventCode=25
EventType=4
ComputerName=CLIENT-PC
User=NOT_TRANSLATED
Sid=S-1-5-18
SidType=0
SourceName=Microsoft-Windows-Kernel-Boot
Type=Information
RecordNumber=2228
Keywords=None
TaskCategory=32
OpCode=Info
Message=The boot menu policy was 0x1.","2023-09-22T00:03:07.000+03:00",,,,,,,,,,,,,,,,,,,,,,,,,,,,,,,,,,,,,,,,,,,,,,,,,,,,,,,,,,,,,,,,,,,,,,,,,,,,,,,,,,,,,,,,,,,,,,,,,,,,,,,,,,,,,,,,,,,,,,,,,,,,,,,,"CLIENT-PC",,,main,,,,15,,,,"//_::_====-==---==---======_____.",,"WinEventLog:System","WinEventLog:System",SIEM,,,,,,,,
,,,,,,,"CLIENT-PC",,,,,20,4,,,,,,,,,,,,,,,,,,,None,,,System,,,,"The last shutdown's success status was true. The last boot's success status was true.",,,,,,,,,,Info,,,,,,,,,,,,,,,,,,,2227,,,,,,,,,,,,,,"S-1-5-18",0,"Microsoft-Windows-Kernel-Boot",,,,31,,,Information,"NOT_TRANSLATED",,"09/22/2023 12:03:07 AM
LogName=System
EventCode=20
EventType=4
ComputerName=CLIENT-PC
User=NOT_TRANSLATED
Sid=S-1-5-18
SidType=0
SourceName=Microsoft-Windows-Kernel-Boot
Type=Information
RecordNumber=2227
Keywords=None
TaskCategory=31
OpCode=Info
Message=The last shutdown's success status was true. The last boot's success status was true.","2023-09-22T00:03:07.000+03:00",,,,,,,,,,,,,,,,,,,,,,,,,,,,,,,,,,,,,,,,,,,,,,,,,,,,,,,,,,,,,,,,,,,,,,,,,,,,,,,,,,,,,,,,,,,,,,,,,,,,,,,,,,,,,,,,,,,,,,,,,,,,,,,,"CLIENT-PC",,,main,,,,15,,,,"//_::_====-==---==---======__'____.___'____.",,"WinEventLog:System","WinEventLog:System",SIEM,,,,,,,,
,,,,,,,"CLIENT-PC",,,,,153,4,,,,,,,,,,,,,,,,,,,None,,,System,,,,"Virtualization-based security (policies: 0) is disabled.",,,,,,,,,,Info,,,,,,,,,,,,,,,,,,,2226,,,,,,,,,,,,,,"S-1-5-18",0,"Microsoft-Windows-Kernel-Boot",,,,62,,,Information,"NOT_TRANSLATED",,"09/22/2023 12:03:07 AM
LogName=System
EventCode=153
EventType=4
ComputerName=CLIENT-PC
User=NOT_TRANSLATED
Sid=S-1-5-18
SidType=0
SourceName=Microsoft-Windows-Kernel-Boot
Type=Information
RecordNumber=2226
Keywords=None
TaskCategory=62
OpCode=Info
Message=Virtualization-based security (policies: 0) is disabled.","2023-09-22T00:03:07.000+03:00",,,,,,,,,,,,,,,,,,,,,,,,,,,,,,,,,,,,,,,,,,,,,,,,,,,,,,,,,,,,,,,,,,,,,,,,,,,,,,,,,,,,,,,,,,,,,,,,,,,,,,,,,,,,,,,,,,,,,,,,,,,,,,,,"CLIENT-PC",,,main,,,,15,,,,"//_::_====-==---==---======-__(:_)__.",,"WinEventLog:System","WinEventLog:System",SIEM,,,,,,,,
,,,,,,,"CLIENT-PC",,,,,12,4,,,,,,,,,,,,,,,,,,,None,,,System,,,,"The operating system started at system time 2023-09-21T21:03:07.500000000Z.",,,,,,,,,,Info,,,,,,,,,,,,,,,,,,,2225,,,,,,,,,,,,,,"S-1-5-18",0,"Microsoft-Windows-Kernel-General",,,,1,,,Information,"NOT_TRANSLATED",,"09/22/2023 12:03:07 AM
LogName=System
EventCode=12
EventType=4
ComputerName=CLIENT-PC
User=NOT_TRANSLATED
Sid=S-1-5-18
SidType=0
SourceName=Microsoft-Windows-Kernel-General
Type=Information
RecordNumber=2225
Keywords=None
TaskCategory=1
OpCode=Info
Message=The operating system started at system time 2023-09-21T21:03:07.500000000Z.","2023-09-22T00:03:07.000+03:00",,,,,,,,,,,,,,,,,,,,,,,,,,,,,,,,,,,,,,,,,,,,,,,,,,,,,,,,,,,,,,,,,,,,,,,,,,,,,,,,,,,,,,,,,,,,,,,,,,,,,,,,,,,,,,,,,,,,,,,,,,,,,,,,"CLIENT-PC",,,main,,,,15,,,,"//_::_====-==---==---======_______--::..",,"WinEventLog:System","WinEventLog:System",SIEM,,,,,,,,
,,,,,,,"CLIENT-PC",,,,,13,4,,,,,,,,,,,,,,,,,,,None,,,System,,,,"The operating system is shutting down at system time 2023-09-21T21:03:00.643317900Z.",,,,,,,,,,Info,,,,,,,,,,,,,,,,,,,2224,,,,,,,,,,,,,,,,"Microsoft-Windows-Kernel-General",,,,2,,,Information,,,"09/22/2023 12:03:00 AM
LogName=System
EventCode=13
EventType=4
ComputerName=CLIENT-PC
SourceName=Microsoft-Windows-Kernel-General
Type=Information
RecordNumber=2224
Keywords=None
TaskCategory=2
OpCode=Info
Message=The operating system is shutting down at system time 2023-09-21T21:03:00.643317900Z.","2023-09-22T00:03:00.000+03:00",,,,,,,,,,,,,,,,,,,,,,,,,,,,,,,,,,,,,,,,,,,,,,,,,,,,,,,,,,,,,,,,,,,,,,,,,,,,,,,,,,,,,,,,,,,,,,,,,,,,,,,,,,,,,,,,,,,,,,,,,,,,,,,,"CLIENT-PC",,,main,,,,12,,,,"//_::_====-=---======_________--::..",,"WinEventLog:System","WinEventLog:System",SIEM,,,,,,,,
,,,,,,,"CLIENT-PC",,,,,109,4,,,,,,,,,,,,,,,,,,,None,,,System,,,,"The kernel power manager has initiated a shutdown transition.

Shutdown Reason: Kernel API",,,,,,,,,,Info,,,,,,,,,,,,,,,,,,,2223,,,,,,,,,,,,"Kernel API",,,,"Microsoft-Windows-Kernel-Power",,,,103,,,Information,,,"09/22/2023 12:03:00 AM
LogName=System
EventCode=109
EventType=4
ComputerName=CLIENT-PC
SourceName=Microsoft-Windows-Kernel-Power
Type=Information
RecordNumber=2223
Keywords=None
TaskCategory=103
OpCode=Info
Message=The kernel power manager has initiated a shutdown transition.

Shutdown Reason: Kernel API","2023-09-22T00:03:00.000+03:00",,,,,,,,,,,,,,,,,,,,,,,,,,,,,,,,,,,,,,,,,,,,,,,,,,,,,,,,,,,,,,,,,,,,,,,,,,,,,,,,,,,,,,,,,,,,,,,,,,,,,,,,,,,,,,,,,,,,,,,,,,,,,,,,"CLIENT-PC",,,main,,,,14,,,,"//_::_====-=---======________.\r\r_:__",,"WinEventLog:System","WinEventLog:System",SIEM,,,,,,,,
,,,,,,,"CLIENT-PC",,,,,50037,4,,,,,,,,,,,,,,,,,,,None,,,System,,,,"DHCPv4 client service is stopped. ShutDown Flag value is 1",,,,,,,,,,ServiceStop,,,,,,,,,,,,,,,,,,,2219,,,,,,,,,,,,,,"S-1-5-19",0,"Microsoft-Windows-Dhcp-Client",,,,"Service State Event",,,Information,"NOT_TRANSLATED",,"09/22/2023 12:02:56 AM
LogName=System
EventCode=50037
EventType=4
ComputerName=CLIENT-PC
User=NOT_TRANSLATED
Sid=S-1-5-19
SidType=0
SourceName=Microsoft-Windows-Dhcp-Client
Type=Information
RecordNumber=2219
Keywords=None
TaskCategory=Service State Event
OpCode=ServiceStop
Message=DHCPv4 client service is stopped. ShutDown Flag value is 1","2023-09-22T00:02:56.000+03:00",,,,,,,,,,,,,,,,,,,,,,,,,,,,,,,,,,,,,,,,,,,,,,,,,,,,,,,,,,,,,,,,,,,,,,,,,,,,,,,,,,,,,,,,,,,,,,,,,,,,,,,,,,,,,,,,,,,,,,,,,,,,,,,,"CLIENT-PC",,,main,,,,15,,,,"//_::_====-==---==---====__==____._____",,"WinEventLog:System","WinEventLog:System",SIEM,,,,,,,,
,,,,,,,"CLIENT-PC",,,,,51057,4,,,,,,,,,,,,,,,,,,,None,,,System,,,,"DHCPv6 client service stop is almost done.DHCP Context Ref count is 1",,,,,,,,,,ServiceStopWithRefCount,,,,,,,,,,,,,,,,,,,2218,,,,,,,,,,,,,,"S-1-5-19",0,"Microsoft-Windows-DHCPv6-Client",,,,"Service State Event",,,Information,"NOT_TRANSLATED",,"09/22/2023 12:02:56 AM
LogName=System
EventCode=51057
EventType=4
ComputerName=CLIENT-PC
User=NOT_TRANSLATED
Sid=S-1-5-19
SidType=0
SourceName=Microsoft-Windows-DHCPv6-Client
Type=Information
RecordNumber=2218
Keywords=None
TaskCategory=Service State Event
OpCode=ServiceStopWithRefCount
Message=DHCPv6 client service stop is almost done.DHCP Context Ref count is 1","2023-09-22T00:02:56.000+03:00",,,,,,,,,,,,,,,,,,,,,,,,,,,,,,,,,,,,,,,,,,,,,,,,,,,,,,,,,,,,,,,,,,,,,,,,,,,,,,,,,,,,,,,,,,,,,,,,,,,,,,,,,,,,,,,,,,,,,,,,,,,,,,,,"CLIENT-PC",,,main,,,,15,,,,"//_::_====-==---==---====__==______._____",,"WinEventLog:System","WinEventLog:System",SIEM,,,,,,,,
,,,,,,,"CLIENT-PC",,,,,51047,4,,,,,,,,,,,,,,,,,,,None,,,System,,,,"DHCPv6 client service is stopped. ShutDown Flag value is 1",,,,,,,,,,ServiceStop,,,,,,,,,,,,,,,,,,,2217,,,,,,,,,,,,,,"S-1-5-19",0,"Microsoft-Windows-DHCPv6-Client",,,,"Service State Event",,,Information,"NOT_TRANSLATED",,"09/22/2023 12:02:56 AM
LogName=System
EventCode=51047
EventType=4
ComputerName=CLIENT-PC
User=NOT_TRANSLATED
Sid=S-1-5-19
SidType=0
SourceName=Microsoft-Windows-DHCPv6-Client
Type=Information
RecordNumber=2217
Keywords=None
TaskCategory=Service State Event
OpCode=ServiceStop
Message=DHCPv6 client service is stopped. ShutDown Flag value is 1","2023-09-22T00:02:56.000+03:00",,,,,,,,,,,,,,,,,,,,,,,,,,,,,,,,,,,,,,,,,,,,,,,,,,,,,,,,,,,,,,,,,,,,,,,,,,,,,,,,,,,,,,,,,,,,,,,,,,,,,,,,,,,,,,,,,,,,,,,,,,,,,,,,"CLIENT-PC",,,main,,,,15,,,,"//_::_====-==---==---====__==____._____",,"WinEventLog:System","WinEventLog:System",SIEM,,,,,,,,
,,,,,,,"CLIENT-PC",,,,,50106,4,,,,,,,,,,,,,,,,,,,None,,,System,,,,"DHCPv4 is waiting on DHCPv6 service to stop",,,,,,,,,,ServiceShutdown,,,,,,,,,,,,,,,,,,,2216,,,,,,,,,,,,,,"S-1-5-19",0,"Microsoft-Windows-Dhcp-Client",,,,"Service State Event",,,Information,"NOT_TRANSLATED",,"09/22/2023 12:02:56 AM
LogName=System
EventCode=50106
EventType=4
ComputerName=CLIENT-PC
User=NOT_TRANSLATED
Sid=S-1-5-19
SidType=0
SourceName=Microsoft-Windows-Dhcp-Client
Type=Information
RecordNumber=2216
Keywords=None
TaskCategory=Service State Event
OpCode=ServiceShutdown
Message=DHCPv4 is waiting on DHCPv6 service to stop","2023-09-22T00:02:56.000+03:00",,,,,,,,,,,,,,,,,,,,,,,,,,,,,,,,,,,,,,,,,,,,,,,,,,,,,,,,,,,,,,,,,,,,,,,,,,,,,,,,,,,,,,,,,,,,,,,,,,,,,,,,,,,,,,,,,,,,,,,,,,,,,,,,"CLIENT-PC",,,main,,,,15,,,,"//_::_====-==---==---====__==_______",,"WinEventLog:System","WinEventLog:System",SIEM,,,,,,,,
,,,,,,,"CLIENT-PC",,,,,50105,4,,,,,,,,,,,,,,,,,,,None,,,System,,,,"DHCPv4 client ProcessDHCPRequestForever received TERMINATE_EVENT",,,,,,,,,,ServiceShutdown,,,,,,,,,,,,,,,,,,,2215,,,,,,,,,,,,,,"S-1-5-19",0,"Microsoft-Windows-Dhcp-Client",,,,"Service State Event",,,Information,"NOT_TRANSLATED",,"09/22/2023 12:02:56 AM
LogName=System
EventCode=50105
EventType=4
ComputerName=CLIENT-PC
User=NOT_TRANSLATED
Sid=S-1-5-19
SidType=0
SourceName=Microsoft-Windows-Dhcp-Client
Type=Information
RecordNumber=2215
Keywords=None
TaskCategory=Service State Event
OpCode=ServiceShutdown
Message=DHCPv4 client ProcessDHCPRequestForever received TERMINATE_EVENT","2023-09-22T00:02:56.000+03:00",,,,,,,,,,,,,,,,,,,,,,,,,,,,,,,,,,,,,,,,,,,,,,,,,,,,,,,,,,,,,,,,,,,,,,,,,,,,,,,,,,,,,,,,,,,,,,,,,,,,,,,,,,,,,,,,,,,,,,,,,,,,,,,,"CLIENT-PC",,,main,,,,15,,,,"//_::_====-==---==---====__==____",,"WinEventLog:System","WinEventLog:System",SIEM,,,,,,,,
,,,,,,,"CLIENT-PC",,,,,50104,4,,,,,,,,,,,,,,,,,,,None,,,System,,,,"DHCPv4 client received shutdown notification",,,,,,,,,,ServiceShutdown,,,,,,,,,,,,,,,,,,,2214,,,,,,,,,,,,,,"S-1-5-19",0,"Microsoft-Windows-Dhcp-Client",,,,"Service State Event",,,Information,"NOT_TRANSLATED",,"09/22/2023 12:02:56 AM
LogName=System
EventCode=50104
EventType=4
ComputerName=CLIENT-PC
User=NOT_TRANSLATED
Sid=S-1-5-19
SidType=0
SourceName=Microsoft-Windows-Dhcp-Client
Type=Information
RecordNumber=2214
Keywords=None
TaskCategory=Service State Event
OpCode=ServiceShutdown
Message=DHCPv4 client received shutdown notification","2023-09-22T00:02:56.000+03:00",,,,,,,,,,,,,,,,,,,,,,,,,,,,,,,,,,,,,,,,,,,,,,,,,,,,,,,,,,,,,,,,,,,,,,,,,,,,,,,,,,,,,,,,,,,,,,,,,,,,,,,,,,,,,,,,,,,,,,,,,,,,,,,,"CLIENT-PC",,,main,,,,15,,,,"//_::_====-==---==---====__==____",,"WinEventLog:System","WinEventLog:System",SIEM,,,,,,,,
,,,,,,,"CLIENT-PC",,,,,6006,4,,,,,,,,,,,,,,,,,,,Classic,,,System,,,,"The Event log service was stopped.",,,,,,,,,,None,,,,,,,,,,,,,,,,,,,2213,,,,,,,,,,,,,,,,EventLog,,,,None,,,Information,,,"09/22/2023 12:02:56 AM
LogName=System
EventCode=6006
EventType=4
ComputerName=CLIENT-PC
SourceName=EventLog
Type=Information
RecordNumber=2213
Keywords=Classic
TaskCategory=None
OpCode=None
Message=The Event log service was stopped.","2023-09-22T00:02:56.000+03:00",,,,,,,,,,,,,,,,,,,,,,,,,,,,,,,,,,,,,,,,,,,,,,,,,,,,,,,,,,,,,,,,,,,,,,,,,,,,,,,,,,,,,,,,,,,,,,,,,,,,,,,,,,,,,,,,,,,,,,,,,,,,,,,,"CLIENT-PC",,,main,,,,12,,,,"//_::_====-=======_____.",,"WinEventLog:System","WinEventLog:System",SIEM,,,,,,,,
,,,,,,,"CLIENT-PC",,,,,1532,4,,,,,,,,,,,,,,,,,,,None,,,Application,,,,"The User Profile Service has stopped.",,,,,,,,,,Info,,,,,,,,,,,,,,,,,,,3185,,,,,,,,,,,,,,"S-1-5-18",0,"Microsoft-Windows-User Profile Service",,,,None,,,Information,"NOT_TRANSLATED",,"09/22/2023 12:02:56 AM
LogName=Application
EventCode=1532
EventType=4
ComputerName=CLIENT-PC
User=NOT_TRANSLATED
Sid=S-1-5-18
SidType=0
SourceName=Microsoft-Windows-User Profile Service
Type=Information
RecordNumber=3185
Keywords=None
TaskCategory=None
OpCode=Info
Message=The User Profile Service has stopped.","2023-09-22T00:02:56.000+03:00",,,,,,,,,,,,,,,,,,,,,,,,,,,,,,,,,,,,,,,,,,,,,,,,,,,,,,,,,,,,,,,,,,,,,,,,,,,,,,,,,,,,,,,,,,,,,,,,,,,,,,,,,,,,,,,,,,,,,,,,,,,,,,,,"CLIENT-PC",,,main,,,,15,,,,"//_::_====-==---==--__======_____.",,"WinEventLog:Application","WinEventLog:Application",SIEM,,,,,,,,
,,,,,,,"CLIENT-PC",,,,,1100,4,,,,,,,,,,,,,,,,,,,"Audit Success",,,Security,,,,"The event logging service has shut down.",,,,,,,,,,Info,,,,,,,,,,,,,,,,,,,307332,,,,,,,,,,,,,,,,"Microsoft-Windows-Eventlog",,,,"Service shutdown",,,Information,,,"09/22/2023 12:02:56 AM
LogName=Security
EventCode=1100
EventType=4
ComputerName=CLIENT-PC
SourceName=Microsoft-Windows-Eventlog
Type=Information
RecordNumber=307332
Keywords=Audit Success
TaskCategory=Service shutdown
OpCode=Info
Message=The event logging service has shut down.","2023-09-22T00:02:56.000+03:00",,,,,,,,,,,,,,,,,,,,,,,,,,,,,,,,,,,,,,,,,,,,,,,,,,,,,,,,,,,,,,,,,,,,,,,,,,,,,,,,,,,,,,,,,,,,,,,,,,,,,,,,,,,,,,,,,,,,,,,,,,,,,,,,"CLIENT-PC",,,main,,,,12,,,,"//_::_====-=--===_=_==______.",,"WinEventLog:Security","WinEventLog:Security",SIEM,,,,,,,,
,,,,,,,"CLIENT-PC",,,,,16384,4,,,,,,,,,,,,,,,,,,,Classic,,,Application,,,,"Successfully scheduled Software Protection service for re-start at 2023-09-22T20:16:15Z. Reason: RulesEngine.",,,,,,,,,,None,,,,,,,,,,,,,,,,,,,3184,,,,,,,,,,,,,,,,"Microsoft-Windows-Security-SPP",,,,None,,,Information,,,"09/22/2023 12:01:15 AM
LogName=Application
EventCode=16384
EventType=4
ComputerName=CLIENT-PC
SourceName=Microsoft-Windows-Security-SPP
Type=Information
RecordNumber=3184
Keywords=Classic
TaskCategory=None
OpCode=None
Message=Successfully scheduled Software Protection service for re-start at 2023-09-22T20:16:15Z. Reason: RulesEngine.","2023-09-22T00:01:15.000+03:00",,,,,,,,,,,,,,,,,,,,,,,,,,,,,,,,,,,,,,,,,,,,,,,,,,,,,,,,,,,,,,,,,,,,,,,,,,,,,,,,,,,,,,,,,,,,,,,,,,,,,,,,,,,,,,,,,,,,,,,,,,,,,,,,"CLIENT-PC",,,main,,,,12,,,,"//_::_====-=---======______-__--::._:_.",,"WinEventLog:Application","WinEventLog:Application",SIEM,,,,,,,,
,,,,,,,"CLIENT-PC",,,,,7002,4,,,,,,,,,,,,,,,,,,,None,,,System,,,,"User Logoff Notification for Customer Experience Improvement Program",,,,,,,,,,Info,,,,,,,,,,,,,,,,,,,2212,,,,,,,,,,,,,,"S-1-5-18",0,"Microsoft-Windows-Winlogon",,,,1102,,,Information,"NOT_TRANSLATED",,"09/22/2023 12:00:46 AM
LogName=System
EventCode=7002
EventType=4
ComputerName=CLIENT-PC
User=NOT_TRANSLATED
Sid=S-1-5-18
SidType=0
SourceName=Microsoft-Windows-Winlogon
Type=Information
RecordNumber=2212
Keywords=None
TaskCategory=1102
OpCode=Info
Message=User Logoff Notification for Customer Experience Improvement Program","2023-09-22T00:00:46.000+03:00",,,,,,,,,,,,,,,,,,,,,,,,,,,,,,,,,,,,,,,,,,,,,,,,,,,,,,,,,,,,,,,,,,,,,,,,,,,,,,,,,,,,,,,,,,,,,,,,,,,,,,,,,,,,,,,,,,,,,,,,,,,,,,,,"CLIENT-PC",,,main,,,,15,,,,"//_::_====-==---==--======_______",,"WinEventLog:System","WinEventLog:System",SIEM,,,,,,,,
,,,,,,,"CLIENT-PC",,,,,6000,4,,,,,,,,,,,,,,,,,,,Classic,,,Application,,,,"The winlogon notification subscriber <SessionEnv> was unavailable to handle a notification event.",,,,,,,,,,None,,,,,,,,,,,,,,,,,,,3183,,,,,,,,,,,,,,,,"Microsoft-Windows-Winlogon",,,,None,,,Information,,,"09/22/2023 12:00:46 AM
LogName=Application
EventCode=6000
EventType=4
ComputerName=CLIENT-PC
SourceName=Microsoft-Windows-Winlogon
Type=Information
RecordNumber=3183
Keywords=Classic
TaskCategory=None
OpCode=None
Message=The winlogon notification subscriber <SessionEnv> was unavailable to handle a notification event.","2023-09-22T00:00:46.000+03:00",,,,,,,,,,,,,,,,,,,,,,,,,,,,,,,,,,,,,,,,,,,,,,,,,,,,,,,,,,,,,,,,,,,,,,,,,,,,,,,,,,,,,,,,,,,,,,,,,,,,,,,,,,,,,,,,,,,,,,,,,,,,,,,,"CLIENT-PC",,,main,,,,12,,,,"//_::_====-=--======____<>_______.",,"WinEventLog:Application","WinEventLog:Application",SIEM,,,,,,,,
,,,,,,,"CLIENT-PC",,,,,6000,4,,,,,,,,,,,,,,,,,,,Classic,,,Application,,,,"The winlogon notification subscriber <WSearch> was unavailable to handle a notification event.",,,,,,,,,,None,,,,,,,,,,,,,,,,,,,3182,,,,,,,,,,,,,,,,"Microsoft-Windows-Winlogon",,,,None,,,Information,,,"09/22/2023 12:00:46 AM
LogName=Application
EventCode=6000
EventType=4
ComputerName=CLIENT-PC
SourceName=Microsoft-Windows-Winlogon
Type=Information
RecordNumber=3182
Keywords=Classic
TaskCategory=None
OpCode=None
Message=The winlogon notification subscriber <WSearch> was unavailable to handle a notification event.","2023-09-22T00:00:46.000+03:00",,,,,,,,,,,,,,,,,,,,,,,,,,,,,,,,,,,,,,,,,,,,,,,,,,,,,,,,,,,,,,,,,,,,,,,,,,,,,,,,,,,,,,,,,,,,,,,,,,,,,,,,,,,,,,,,,,,,,,,,,,,,,,,,"CLIENT-PC",,,main,,,,12,,,,"//_::_====-=--======____<>_______.",,"WinEventLog:Application","WinEventLog:Application",SIEM,,,,,,,,
