LogName=Security
EventCode=4688
EventType=0
ComputerName=CLIENT-PC
SourceName=Microsoft Windows security auditing.
Type=Information
RecordNumber=307330
Keywords=Audit Success
TaskCategory=Process Creation
OpCode=Info
Message=A new process has been created.

Creator Subject:
	Security ID:		S-1-5-18
	Account Name:		-
	Account Domain:		-
	Logon ID:		0x3E7

Target Subject:
	Security ID:		S-1-0-0
	Account Name:		-
	Account Domain:		-
	Logon ID:		0x0

Process Information:
	New Process ID:		0x28c
	New Process Name:	C:\Windows\System32\services.exe
	Token Elevation Type:	%%1936
	Mandatory Label:		S-1-16-16384
	Creator Process ID:	0x1fc
	Creator Process Name:	C:\Windows\System32\wininit.exe
	Process Command Line:	

Token Elevation Type indicates the type of token that was assigned to the new process in accordance with User Account Control policy.

Type 1 is a full token with no privileges removed or groups disabled.  A full token is only used if User Account Control is disabled or if the user is the built-in Administrator account or a service account.

Type 2 is an elevated token with no privileges removed or groups disabled.  An elevated token is used when User Account Control is enabled and the user chooses to start the program using Run as administrator.  An elevated token is also used when an application is configured to always require administrative privilege or to always require maximum privilege, and the user is a member of the Administrators group.

Type 3 is a limited token with administrative privileges removed and administrative groups disabled.  The limited token is used when User Account Control is enabled, the application does not require administrative privilege, and the user does not choose to start the program using Run as administrator.","2023-09-21T23:14:36.000+03:00",,,,,,,,,,,,,,,,,,,,,,,,,,,,,,,,,,,,,,,,,,,,,,,,,,,,,,,,,,,,,,,,,,,,,,,,,,,,,,,,,,,,,,,,,,,,,,,,,,,,,,,,,,,,,,,,,,,,,,,,,,,,,,,,"CLIENT-PC",,,main,,,,41,,,,"//_::_====-=___.===_=_==_____.\r\r_:\rt_:tt---\rt_:tt-",,"WinEventLog:Security","WinEventLog:Security",SIEM,,,,,,,,
"-
-","-
-",,,,,,"CLIENT-PC",,0x1f4,"C:\Windows\System32\smss.exe",,4688,0,,,,,,,,,,,,,,,,,,,"Audit Success",,,Security,"0x3E7
0x0","S-1-16-16384",,"A new process has been created.

Creator Subject:
	Security ID:		S-1-5-18
	Account Name:		-
	Account Domain:		-
	Logon ID:		0x3E7

Target Subject:
	Security ID:		S-1-0-0
	Account Name:		-
	Account Domain:		-
	Logon ID:		0x0

Process Information:
	New Process ID:		0x260
	New Process Name:	C:\Windows\System32\winlogon.exe
	Token Elevation Type:	%%1936
	Mandatory Label:		S-1-16-16384
	Creator Process ID:	0x1f4
	Creator Process Name:	C:\Windows\System32\smss.exe
	Process Command Line:	

Token Elevation Type indicates the type of token that was assigned to the new process in accordance with User Account Control policy.

Type 1 is a full token with no privileges removed or groups disabled.  A full token is only used if User Account Control is disabled or if the user is the built-in Administrator account or a service account.

Type 2 is an elevated token with no privileges removed or groups disabled.  An elevated token is used when User Account Control is enabled and the user chooses to start the program using Run as administrator.  An elevated token is also used when an application is configured to always require administrative privilege or to always require maximum privilege, and the user is a member of the Administrators group.

Type 3 is a limited token with administrative privileges removed and administrative groups disabled.  The limited token is used when User Account Control is enabled, the application does not require administrative privilege, and the user does not choose to start the program using Run as administrator.",,,,,0x260,"C:\Windows\System32\winlogon.exe",,,,Info,,,,,,,,,,,,,,,,,,,307329,,,,,,"S-1-5-18
S-1-0-0",,,,,,,,,,"Microsoft Windows security auditing.",,,,"Process Creation",,"%%1936",Information,,,"09/21/2023 11:14:36 PM
LogName=Security
EventCode=4688
EventType=0
ComputerName=CLIENT-PC
SourceName=Microsoft Windows security auditing.
Type=Information
RecordNumber=307329
Keywords=Audit Success
TaskCategory=Process Creation
OpCode=Info
Message=A new process has been created.

Creator Subject:
	Security ID:		S-1-5-18
	Account Name:		-
	Account Domain:		-
	Logon ID:		0x3E7

Target Subject:
	Security ID:		S-1-0-0
	Account Name:		-
	Account Domain:		-
	Logon ID:		0x0

Process Information:
	New Process ID:		0x260
	New Process Name:	C:\Windows\System32\winlogon.exe
	Token Elevation Type:	%%1936
	Mandatory Label:		S-1-16-16384
	Creator Process ID:	0x1f4
	Creator Process Name:	C:\Windows\System32\smss.exe
	Process Command Line:	

Token Elevation Type indicates the type of token that was assigned to the new process in accordance with User Account Control policy.

Type 1 is a full token with no privileges removed or groups disabled.  A full token is only used if User Account Control is disabled or if the user is the built-in Administrator account or a service account.

Type 2 is an elevated token with no privileges removed or groups disabled.  An elevated token is used when User Account Control is enabled and the user chooses to start the program using Run as administrator.  An elevated token is also used when an application is configured to always require administrative privilege or to always require maximum privilege, and the user is a member of the Administrators group.

Type 3 is a limited token with administrative privileges removed and administrative groups disabled.  The limited token is used when User Account Control is enabled, the application does not require administrative privilege, and the user does not choose to start the program using Run as administrator.","2023-09-21T23:14:36.000+03:00",,,,,,,,,,,,,,,,,,,,,,,,,,,,,,,,,,,,,,,,,,,,,,,,,,,,,,,,,,,,,,,,,,,,,,,,,,,,,,,,,,,,,,,,,,,,,,,,,,,,,,,,,,,,,,,,,,,,,,,,,,,,,,,,"CLIENT-PC",,,main,,,,41,,,,"//_::_====-=___.===_=_==_____.\r\r_:\rt_:tt---\rt_:tt-",,"WinEventLog:Security","WinEventLog:Security",SIEM,,,,,,,,
"-
-","-
-",,,,,,"CLIENT-PC",,0x1f4,"C:\Windows\System32\smss.exe",,4688,0,,,,,,,,,,,,,,,,,,,"Audit Success",,,Security,"0x3E7
0x0","S-1-16-16384",,"A new process has been created.

Creator Subject:
	Security ID:		S-1-5-18
	Account Name:		-
	Account Domain:		-
	Logon ID:		0x3E7

Target Subject:
	Security ID:		S-1-0-0
	Account Name:		-
	Account Domain:		-
	Logon ID:		0x0

Process Information:
	New Process ID:		0x208
	New Process Name:	C:\Windows\System32\csrss.exe
	Token Elevation Type:	%%1936
	Mandatory Label:		S-1-16-16384
	Creator Process ID:	0x1f4
	Creator Process Name:	C:\Windows\System32\smss.exe
	Process Command Line:	

Token Elevation Type indicates the type of token that was assigned to the new process in accordance with User Account Control policy.

Type 1 is a full token with no privileges removed or groups disabled.  A full token is only used if User Account Control is disabled or if the user is the built-in Administrator account or a service account.

Type 2 is an elevated token with no privileges removed or groups disabled.  An elevated token is used when User Account Control is enabled and the user chooses to start the program using Run as administrator.  An elevated token is also used when an application is configured to always require administrative privilege or to always require maximum privilege, and the user is a member of the Administrators group.

Type 3 is a limited token with administrative privileges removed and administrative groups disabled.  The limited token is used when User Account Control is enabled, the application does not require administrative privilege, and the user does not choose to start the program using Run as administrator.",,,,,0x208,"C:\Windows\System32\csrss.exe",,,,Info,,,,,,,,,,,,,,,,,,,307328,,,,,,"S-1-5-18
S-1-0-0",,,,,,,,,,"Microsoft Windows security auditing.",,,,"Process Creation",,"%%1936",Information,,,"09/21/2023 11:14:36 PM
LogName=Security
EventCode=4688
EventType=0
ComputerName=CLIENT-PC
SourceName=Microsoft Windows security auditing.
Type=Information
RecordNumber=307328
Keywords=Audit Success
TaskCategory=Process Creation
OpCode=Info
Message=A new process has been created.

Creator Subject:
	Security ID:		S-1-5-18
	Account Name:		-
	Account Domain:		-
	Logon ID:		0x3E7

Target Subject:
	Security ID:		S-1-0-0
	Account Name:		-
	Account Domain:		-
	Logon ID:		0x0

Process Information:
	New Process ID:		0x208
	New Process Name:	C:\Windows\System32\csrss.exe
	Token Elevation Type:	%%1936
	Mandatory Label:		S-1-16-16384
	Creator Process ID:	0x1f4
	Creator Process Name:	C:\Windows\System32\smss.exe
	Process Command Line:	

Token Elevation Type indicates the type of token that was assigned to the new process in accordance with User Account Control policy.

Type 1 is a full token with no privileges removed or groups disabled.  A full token is only used if User Account Control is disabled or if the user is the built-in Administrator account or a service account.

Type 2 is an elevated token with no privileges removed or groups disabled.  An elevated token is used when User Account Control is enabled and the user chooses to start the program using Run as administrator.  An elevated token is also used when an application is configured to always require administrative privilege or to always require maximum privilege, and the user is a member of the Administrators group.

Type 3 is a limited token with administrative privileges removed and administrative groups disabled.  The limited token is used when User Account Control is enabled, the application does not require administrative privilege, and the user does not choose to start the program using Run as administrator.","2023-09-21T23:14:36.000+03:00",,,,,,,,,,,,,,,,,,,,,,,,,,,,,,,,,,,,,,,,,,,,,,,,,,,,,,,,,,,,,,,,,,,,,,,,,,,,,,,,,,,,,,,,,,,,,,,,,,,,,,,,,,,,,,,,,,,,,,,,,,,,,,,,"CLIENT-PC",,,main,,,,41,,,,"//_::_====-=___.===_=_==_____.\r\r_:\rt_:tt---\rt_:tt-",,"WinEventLog:Security","WinEventLog:Security",SIEM,,,,,,,,
,,,,,,,"CLIENT-PC",,,,,24,4,,,,,,,,,,,,,,,,,,,Time,,,System,,,,"The time zone information was refreshed with exit reason 0. Current time zone bias is -180.",,,,,,,,,,Info,,,,,,,,,,,,,,,,,,,2147,,,,,,,,,,,,,,"S-1-5-18",0,"Microsoft-Windows-Kernel-General",,,,11,,,Information,"NOT_TRANSLATED",,"09/21/2023 11:14:35 PM
LogName=System
EventCode=24
EventType=4
ComputerName=CLIENT-PC
User=NOT_TRANSLATED
Sid=S-1-5-18
SidType=0
SourceName=Microsoft-Windows-Kernel-General
Type=Information
RecordNumber=2147
Keywords=Time
TaskCategory=11
OpCode=Info
Message=The time zone information was refreshed with exit reason 0. Current time zone bias is -180.","2023-09-21T23:14:35.000+03:00",,,,,,,,,,,,,,,,,,,,,,,,,,,,,,,,,,,,,,,,,,,,,,,,,,,,,,,,,,,,,,,,,,,,,,,,,,,,,,,,,,,,,,,,,,,,,,,,,,,,,,,,,,,,,,,,,,,,,,,,,,,,,,,,"CLIENT-PC",,,main,,,,15,,,,"//_::_====-==---==---======_________.______-.",,"WinEventLog:System","WinEventLog:System",SIEM,,,,,,,,
"-
-","-
-",,,,,,"CLIENT-PC",,0x1a4,"C:\Windows\System32\smss.exe",,4688,0,,,,,,,,,,,,,,,,,,,"Audit Success",,,Security,"0x3E7
0x0","S-1-16-16384",,"A new process has been created.

Creator Subject:
	Security ID:		S-1-5-18
	Account Name:		-
	Account Domain:		-
	Logon ID:		0x3E7

Target Subject:
	Security ID:		S-1-0-0
	Account Name:		-
	Account Domain:		-
	Logon ID:		0x0

Process Information:
	New Process ID:		0x1fc
	New Process Name:	C:\Windows\System32\wininit.exe
	Token Elevation Type:	%%1936
	Mandatory Label:		S-1-16-16384
	Creator Process ID:	0x1a4
	Creator Process Name:	C:\Windows\System32\smss.exe
	Process Command Line:	

Token Elevation Type indicates the type of token that was assigned to the new process in accordance with User Account Control policy.

Type 1 is a full token with no privileges removed or groups disabled.  A full token is only used if User Account Control is disabled or if the user is the built-in Administrator account or a service account.

Type 2 is an elevated token with no privileges removed or groups disabled.  An elevated token is used when User Account Control is enabled and the user chooses to start the program using Run as administrator.  An elevated token is also used when an application is configured to always require administrative privilege or to always require maximum privilege, and the user is a member of the Administrators group.

Type 3 is a limited token with administrative privileges removed and administrative groups disabled.  The limited token is used when User Account Control is enabled, the application does not require administrative privilege, and the user does not choose to start the program using Run as administrator.",,,,,0x1fc,"C:\Windows\System32\wininit.exe",,,,Info,,,,,,,,,,,,,,,,,,,307327,,,,,,"S-1-5-18
S-1-0-0",,,,,,,,,,"Microsoft Windows security auditing.",,,,"Process Creation",,"%%1936",Information,,,"09/21/2023 11:14:35 PM
LogName=Security
EventCode=4688
EventType=0
ComputerName=CLIENT-PC
SourceName=Microsoft Windows security auditing.
Type=Information
RecordNumber=307327
Keywords=Audit Success
TaskCategory=Process Creation
OpCode=Info
Message=A new process has been created.

Creator Subject:
	Security ID:		S-1-5-18
	Account Name:		-
	Account Domain:		-
	Logon ID:		0x3E7

Target Subject:
	Security ID:		S-1-0-0
	Account Name:		-
	Account Domain:		-
	Logon ID:		0x0

Process Information:
	New Process ID:		0x1fc
	New Process Name:	C:\Windows\System32\wininit.exe
	Token Elevation Type:	%%1936
	Mandatory Label:		S-1-16-16384
	Creator Process ID:	0x1a4
	Creator Process Name:	C:\Windows\System32\smss.exe
	Process Command Line:	

Token Elevation Type indicates the type of token that was assigned to the new process in accordance with User Account Control policy.

Type 1 is a full token with no privileges removed or groups disabled.  A full token is only used if User Account Control is disabled or if the user is the built-in Administrator account or a service account.

Type 2 is an elevated token with no privileges removed or groups disabled.  An elevated token is used when User Account Control is enabled and the user chooses to start the program using Run as administrator.  An elevated token is also used when an application is configured to always require administrative privilege or to always require maximum privilege, and the user is a member of the Administrators group.

Type 3 is a limited token with administrative privileges removed and administrative groups disabled.  The limited token is used when User Account Control is enabled, the application does not require administrative privilege, and the user does not choose to start the program using Run as administrator.","2023-09-21T23:14:35.000+03:00",,,,,,,,,,,,,,,,,,,,,,,,,,,,,,,,,,,,,,,,,,,,,,,,,,,,,,,,,,,,,,,,,,,,,,,,,,,,,,,,,,,,,,,,,,,,,,,,,,,,,,,,,,,,,,,,,,,,,,,,,,,,,,,,"CLIENT-PC",,,main,,,,41,,,,"//_::_====-=___.===_=_==_____.\r\r_:\rt_:tt---\rt_:tt-",,"WinEventLog:Security","WinEventLog:Security",SIEM,,,,,,,,
"-
-","-
-",,,,,,"CLIENT-PC",,0x158,"C:\Windows\System32\smss.exe",,4688,0,,,,,,,,,,,,,,,,,,,"Audit Success",,,Security,"0x3E7
0x0","S-1-16-16384",,"A new process has been created.

Creator Subject:
	Security ID:		S-1-5-18
	Account Name:		-
	Account Domain:		-
	Logon ID:		0x3E7

Target Subject:
	Security ID:		S-1-0-0
	Account Name:		-
	Account Domain:		-
	Logon ID:		0x0

Process Information:
	New Process ID:		0x1f4
	New Process Name:	C:\Windows\System32\smss.exe
	Token Elevation Type:	%%1936
	Mandatory Label:		S-1-16-16384
	Creator Process ID:	0x158
	Creator Process Name:	C:\Windows\System32\smss.exe
	Process Command Line:	

Token Elevation Type indicates the type of token that was assigned to the new process in accordance with User Account Control policy.

Type 1 is a full token with no privileges removed or groups disabled.  A full token is only used if User Account Control is disabled or if the user is the built-in Administrator account or a service account.

Type 2 is an elevated token with no privileges removed or groups disabled.  An elevated token is used when User Account Control is enabled and the user chooses to start the program using Run as administrator.  An elevated token is also used when an application is configured to always require administrative privilege or to always require maximum privilege, and the user is a member of the Administrators group.

Type 3 is a limited token with administrative privileges removed and administrative groups disabled.  The limited token is used when User Account Control is enabled, the application does not require administrative privilege, and the user does not choose to start the program using Run as administrator.",,,,,0x1f4,"C:\Windows\System32\smss.exe",,,,Info,,,,,,,,,,,,,,,,,,,307326,,,,,,"S-1-5-18
S-1-0-0",,,,,,,,,,"Microsoft Windows security auditing.",,,,"Process Creation",,"%%1936",Information,,,"09/21/2023 11:14:35 PM
LogName=Security
EventCode=4688
EventType=0
ComputerName=CLIENT-PC
SourceName=Microsoft Windows security auditing.
Type=Information
RecordNumber=307326
Keywords=Audit Success
TaskCategory=Process Creation
OpCode=Info
Message=A new process has been created.

Creator Subject:
	Security ID:		S-1-5-18
	Account Name:		-
	Account Domain:		-
	Logon ID:		0x3E7

Target Subject:
	Security ID:		S-1-0-0
	Account Name:		-
	Account Domain:		-
	Logon ID:		0x0

Process Information:
	New Process ID:		0x1f4
	New Process Name:	C:\Windows\System32\smss.exe
	Token Elevation Type:	%%1936
	Mandatory Label:		S-1-16-16384
	Creator Process ID:	0x158
	Creator Process Name:	C:\Windows\System32\smss.exe
	Process Command Line:	

Token Elevation Type indicates the type of token that was assigned to the new process in accordance with User Account Control policy.

Type 1 is a full token with no privileges removed or groups disabled.  A full token is only used if User Account Control is disabled or if the user is the built-in Administrator account or a service account.

Type 2 is an elevated token with no privileges removed or groups disabled.  An elevated token is used when User Account Control is enabled and the user chooses to start the program using Run as administrator.  An elevated token is also used when an application is configured to always require administrative privilege or to always require maximum privilege, and the user is a member of the Administrators group.

Type 3 is a limited token with administrative privileges removed and administrative groups disabled.  The limited token is used when User Account Control is enabled, the application does not require administrative privilege, and the user does not choose to start the program using Run as administrator.","2023-09-21T23:14:35.000+03:00",,,,,,,,,,,,,,,,,,,,,,,,,,,,,,,,,,,,,,,,,,,,,,,,,,,,,,,,,,,,,,,,,,,,,,,,,,,,,,,,,,,,,,,,,,,,,,,,,,,,,,,,,,,,,,,,,,,,,,,,,,,,,,,,"CLIENT-PC",,,main,,,,41,,,,"//_::_====-=___.===_=_==_____.\r\r_:\rt_:tt---\rt_:tt-",,"WinEventLog:Security","WinEventLog:Security",SIEM,,,,,,,,
"-
-","-
-",,,,,,"CLIENT-PC",,0x1a4,"C:\Windows\System32\smss.exe",,4688,0,,,,,,,,,,,,,,,,,,,"Audit Success",,,Security,"0x3E7
0x0","S-1-16-16384",,"A new process has been created.

Creator Subject:
	Security ID:		S-1-5-18
	Account Name:		-
	Account Domain:		-
	Logon ID:		0x3E7

Target Subject:
	Security ID:		S-1-0-0
	Account Name:		-
	Account Domain:		-
	Logon ID:		0x0

Process Information:
	New Process ID:		0x1b0
	New Process Name:	C:\Windows\System32\csrss.exe
	Token Elevation Type:	%%1936
	Mandatory Label:		S-1-16-16384
	Creator Process ID:	0x1a4
	Creator Process Name:	C:\Windows\System32\smss.exe
	Process Command Line:	

Token Elevation Type indicates the type of token that was assigned to the new process in accordance with User Account Control policy.

Type 1 is a full token with no privileges removed or groups disabled.  A full token is only used if User Account Control is disabled or if the user is the built-in Administrator account or a service account.

Type 2 is an elevated token with no privileges removed or groups disabled.  An elevated token is used when User Account Control is enabled and the user chooses to start the program using Run as administrator.  An elevated token is also used when an application is configured to always require administrative privilege or to always require maximum privilege, and the user is a member of the Administrators group.

Type 3 is a limited token with administrative privileges removed and administrative groups disabled.  The limited token is used when User Account Control is enabled, the application does not require administrative privilege, and the user does not choose to start the program using Run as administrator.",,,,,0x1b0,"C:\Windows\System32\csrss.exe",,,,Info,,,,,,,,,,,,,,,,,,,307325,,,,,,"S-1-5-18
S-1-0-0",,,,,,,,,,"Microsoft Windows security auditing.",,,,"Process Creation",,"%%1936",Information,,,"09/21/2023 11:14:35 PM
LogName=Security
EventCode=4688
EventType=0
ComputerName=CLIENT-PC
SourceName=Microsoft Windows security auditing.
Type=Information
RecordNumber=307325
Keywords=Audit Success
TaskCategory=Process Creation
OpCode=Info
Message=A new process has been created.

Creator Subject:
	Security ID:		S-1-5-18
	Account Name:		-
	Account Domain:		-
	Logon ID:		0x3E7

Target Subject:
	Security ID:		S-1-0-0
	Account Name:		-
	Account Domain:		-
	Logon ID:		0x0

Process Information:
	New Process ID:		0x1b0
	New Process Name:	C:\Windows\System32\csrss.exe
	Token Elevation Type:	%%1936
	Mandatory Label:		S-1-16-16384
	Creator Process ID:	0x1a4
	Creator Process Name:	C:\Windows\System32\smss.exe
	Process Command Line:	

Token Elevation Type indicates the type of token that was assigned to the new process in accordance with User Account Control policy.

Type 1 is a full token with no privileges removed or groups disabled.  A full token is only used if User Account Control is disabled or if the user is the built-in Administrator account or a service account.

Type 2 is an elevated token with no privileges removed or groups disabled.  An elevated token is used when User Account Control is enabled and the user chooses to start the program using Run as administrator.  An elevated token is also used when an application is configured to always require administrative privilege or to always require maximum privilege, and the user is a member of the Administrators group.

Type 3 is a limited token with administrative privileges removed and administrative groups disabled.  The limited token is used when User Account Control is enabled, the application does not require administrative privilege, and the user does not choose to start the program using Run as administrator.","2023-09-21T23:14:35.000+03:00",,,,,,,,,,,,,,,,,,,,,,,,,,,,,,,,,,,,,,,,,,,,,,,,,,,,,,,,,,,,,,,,,,,,,,,,,,,,,,,,,,,,,,,,,,,,,,,,,,,,,,,,,,,,,,,,,,,,,,,,,,,,,,,,"CLIENT-PC",,,main,,,,41,,,,"//_::_====-=___.===_=_==_____.\r\r_:\rt_:tt---\rt_:tt-",,"WinEventLog:Security","WinEventLog:Security",SIEM,,,,,,,,
"-
-","-
-",,,,,,"CLIENT-PC",,0x158,"C:\Windows\System32\smss.exe",,4688,0,,,,,,,,,,,,,,,,,,,"Audit Success",,,Security,"0x3E7
0x0","S-1-16-16384",,"A new process has been created.

Creator Subject:
	Security ID:		S-1-5-18
	Account Name:		-
	Account Domain:		-
	Logon ID:		0x3E7

Target Subject:
	Security ID:		S-1-0-0
	Account Name:		-
	Account Domain:		-
	Logon ID:		0x0

Process Information:
	New Process ID:		0x1a4
	New Process Name:	C:\Windows\System32\smss.exe
	Token Elevation Type:	%%1936
	Mandatory Label:		S-1-16-16384
	Creator Process ID:	0x158
	Creator Process Name:	C:\Windows\System32\smss.exe
	Process Command Line:	

Token Elevation Type indicates the type of token that was assigned to the new process in accordance with User Account Control policy.

Type 1 is a full token with no privileges removed or groups disabled.  A full token is only used if User Account Control is disabled or if the user is the built-in Administrator account or a service account.

Type 2 is an elevated token with no privileges removed or groups disabled.  An elevated token is used when User Account Control is enabled and the user chooses to start the program using Run as administrator.  An elevated token is also used when an application is configured to always require administrative privilege or to always require maximum privilege, and the user is a member of the Administrators group.

Type 3 is a limited token with administrative privileges removed and administrative groups disabled.  The limited token is used when User Account Control is enabled, the application does not require administrative privilege, and the user does not choose to start the program using Run as administrator.",,,,,0x1a4,"C:\Windows\System32\smss.exe",,,,Info,,,,,,,,,,,,,,,,,,,307324,,,,,,"S-1-5-18
S-1-0-0",,,,,,,,,,"Microsoft Windows security auditing.",,,,"Process Creation",,"%%1936",Information,,,"09/21/2023 11:14:35 PM
LogName=Security
EventCode=4688
EventType=0
ComputerName=CLIENT-PC
SourceName=Microsoft Windows security auditing.
Type=Information
RecordNumber=307324
Keywords=Audit Success
TaskCategory=Process Creation
OpCode=Info
Message=A new process has been created.

Creator Subject:
	Security ID:		S-1-5-18
	Account Name:		-
	Account Domain:		-
	Logon ID:		0x3E7

Target Subject:
	Security ID:		S-1-0-0
	Account Name:		-
	Account Domain:		-
	Logon ID:		0x0

Process Information:
	New Process ID:		0x1a4
	New Process Name:	C:\Windows\System32\smss.exe
	Token Elevation Type:	%%1936
	Mandatory Label:		S-1-16-16384
	Creator Process ID:	0x158
	Creator Process Name:	C:\Windows\System32\smss.exe
	Process Command Line:	

Token Elevation Type indicates the type of token that was assigned to the new process in accordance with User Account Control policy.

Type 1 is a full token with no privileges removed or groups disabled.  A full token is only used if User Account Control is disabled or if the user is the built-in Administrator account or a service account.

Type 2 is an elevated token with no privileges removed or groups disabled.  An elevated token is used when User Account Control is enabled and the user chooses to start the program using Run as administrator.  An elevated token is also used when an application is configured to always require administrative privilege or to always require maximum privilege, and the user is a member of the Administrators group.

Type 3 is a limited token with administrative privileges removed and administrative groups disabled.  The limited token is used when User Account Control is enabled, the application does not require administrative privilege, and the user does not choose to start the program using Run as administrator.","2023-09-21T23:14:35.000+03:00",,,,,,,,,,,,,,,,,,,,,,,,,,,,,,,,,,,,,,,,,,,,,,,,,,,,,,,,,,,,,,,,,,,,,,,,,,,,,,,,,,,,,,,,,,,,,,,,,,,,,,,,,,,,,,,,,,,,,,,,,,,,,,,,"CLIENT-PC",,,main,,,,41,,,,"//_::_====-=___.===_=_==_____.\r\r_:\rt_:tt---\rt_:tt-",,"WinEventLog:Security","WinEventLog:Security",SIEM,,,,,,,,
"-
-","-
-",,,,,,"CLIENT-PC",,0x158,"C:\Windows\System32\smss.exe",,4688,0,,,,,,,,,,,,,,,,,,,"Audit Success",,,Security,"0x3E7
0x0","S-1-16-16384",,"A new process has been created.

Creator Subject:
	Security ID:		S-1-5-18
	Account Name:		-
	Account Domain:		-
	Logon ID:		0x3E7

Target Subject:
	Security ID:		S-1-0-0
	Account Name:		-
	Account Domain:		-
	Logon ID:		0x0

Process Information:
	New Process ID:		0x170
	New Process Name:	C:\Windows\System32\autochk.exe
	Token Elevation Type:	%%1936
	Mandatory Label:		S-1-16-16384
	Creator Process ID:	0x158
	Creator Process Name:	C:\Windows\System32\smss.exe
	Process Command Line:	

Token Elevation Type indicates the type of token that was assigned to the new process in accordance with User Account Control policy.

Type 1 is a full token with no privileges removed or groups disabled.  A full token is only used if User Account Control is disabled or if the user is the built-in Administrator account or a service account.

Type 2 is an elevated token with no privileges removed or groups disabled.  An elevated token is used when User Account Control is enabled and the user chooses to start the program using Run as administrator.  An elevated token is also used when an application is configured to always require administrative privilege or to always require maximum privilege, and the user is a member of the Administrators group.

Type 3 is a limited token with administrative privileges removed and administrative groups disabled.  The limited token is used when User Account Control is enabled, the application does not require administrative privilege, and the user does not choose to start the program using Run as administrator.",,,,,0x170,"C:\Windows\System32\autochk.exe",,,,Info,,,,,,,,,,,,,,,,,,,307323,,,,,,"S-1-5-18
S-1-0-0",,,,,,,,,,"Microsoft Windows security auditing.",,,,"Process Creation",,"%%1936",Information,,,"09/21/2023 11:14:35 PM
LogName=Security
EventCode=4688
EventType=0
ComputerName=CLIENT-PC
SourceName=Microsoft Windows security auditing.
Type=Information
RecordNumber=307323
Keywords=Audit Success
TaskCategory=Process Creation
OpCode=Info
Message=A new process has been created.

Creator Subject:
	Security ID:		S-1-5-18
	Account Name:		-
	Account Domain:		-
	Logon ID:		0x3E7

Target Subject:
	Security ID:		S-1-0-0
	Account Name:		-
	Account Domain:		-
	Logon ID:		0x0

Process Information:
	New Process ID:		0x170
	New Process Name:	C:\Windows\System32\autochk.exe
	Token Elevation Type:	%%1936
	Mandatory Label:		S-1-16-16384
	Creator Process ID:	0x158
	Creator Process Name:	C:\Windows\System32\smss.exe
	Process Command Line:	

Token Elevation Type indicates the type of token that was assigned to the new process in accordance with User Account Control policy.

Type 1 is a full token with no privileges removed or groups disabled.  A full token is only used if User Account Control is disabled or if the user is the built-in Administrator account or a service account.

Type 2 is an elevated token with no privileges removed or groups disabled.  An elevated token is used when User Account Control is enabled and the user chooses to start the program using Run as administrator.  An elevated token is also used when an application is configured to always require administrative privilege or to always require maximum privilege, and the user is a member of the Administrators group.

Type 3 is a limited token with administrative privileges removed and administrative groups disabled.  The limited token is used when User Account Control is enabled, the application does not require administrative privilege, and the user does not choose to start the program using Run as administrator.","2023-09-21T23:14:35.000+03:00",,,,,,,,,,,,,,,,,,,,,,,,,,,,,,,,,,,,,,,,,,,,,,,,,,,,,,,,,,,,,,,,,,,,,,,,,,,,,,,,,,,,,,,,,,,,,,,,,,,,,,,,,,,,,,,,,,,,,,,,,,,,,,,,"CLIENT-PC",,,main,,,,41,,,,"//_::_====-=___.===_=_==_____.\r\r_:\rt_:tt---\rt_:tt-",,"WinEventLog:Security","WinEventLog:Security",SIEM,,,,,,,,
,,,,,,,"CLIENT-PC",,,,,521,4,,,,,,,,,,,,,,,,,,,None,,,System,,,,"Active battery count change.",,,,,,,,,,Info,,,,,,,,,,,,,,,,,,,2146,,,,,,,,,,,,,,"S-1-5-18",0,"Microsoft-Windows-Kernel-Power",,,,220,,,Information,"NOT_TRANSLATED",,"09/21/2023 11:14:31 PM
LogName=System
EventCode=521
EventType=4
ComputerName=CLIENT-PC
User=NOT_TRANSLATED
Sid=S-1-5-18
SidType=0
SourceName=Microsoft-Windows-Kernel-Power
Type=Information
RecordNumber=2146
Keywords=None
TaskCategory=220
OpCode=Info
Message=Active battery count change.","2023-09-21T23:14:31.000+03:00",,,,,,,,,,,,,,,,,,,,,,,,,,,,,,,,,,,,,,,,,,,,,,,,,,,,,,,,,,,,,,,,,,,,,,,,,,,,,,,,,,,,,,,,,,,,,,,,,,,,,,,,,,,,,,,,,,,,,,,,,,,,,,,,"CLIENT-PC",,,main,,,,15,,,,"//_::_====-==---==---======___.",,"WinEventLog:System","WinEventLog:System",SIEM,,,,,,,,
,,,,,,,"CLIENT-PC",,,,,55,4,,,,,,,,,,,,,,,,"ACPI Idle (C) States (1 state(s))",,,None,,,System,,,100,"Processor 1 in group 0 exposes the following power management capabilities:

Idle state type: ACPI Idle (C) States (1 state(s))

Performance state type: None
Nominal Frequency (MHz): 2808
Maximum performance percentage: 100
Minimum performance percentage: 100
Minimum throttle percentage: 100",,,100,100,,,,2808,,Info,,,,,,,,,,,None,,,,,,,,2145,,,,,,,,,,,,,,"S-1-5-18",0,"Microsoft-Windows-Kernel-Processor-Power",,,,47,,,Information,"NOT_TRANSLATED",,"09/21/2023 11:14:31 PM
LogName=System
EventCode=55
EventType=4
ComputerName=CLIENT-PC
User=NOT_TRANSLATED
Sid=S-1-5-18
SidType=0
SourceName=Microsoft-Windows-Kernel-Processor-Power
Type=Information
RecordNumber=2145
Keywords=None
TaskCategory=47
OpCode=Info
Message=Processor 1 in group 0 exposes the following power management capabilities:

Idle state type: ACPI Idle (C) States (1 state(s))

Performance state type: None
Nominal Frequency (MHz): 2808
Maximum performance percentage: 100
Minimum performance percentage: 100
Minimum throttle percentage: 100","2023-09-21T23:14:31.000+03:00",,,,,,,,,,,,,,,,,,,,,,,,,,,,,,,,,,,,,,,,,,,,,,,,,,,,,,,,,,,,,,,,,,,,,,,,,,,,,,,,,,,,,,,,,,,,,,,,,,,,,,,,,,,,,,,,,,,,,,,,,,,,,,,,"CLIENT-PC",,,main,,,,23,,,,"//_::_====-==---==----======__________:\r\r__:___()_",,"WinEventLog:System","WinEventLog:System",SIEM,,,,,,,,
,,,,,,,"CLIENT-PC",,,,,55,4,,,,,,,,,,,,,,,,"ACPI Idle (C) States (1 state(s))",,,None,,,System,,,100,"Processor 0 in group 0 exposes the following power management capabilities:

Idle state type: ACPI Idle (C) States (1 state(s))

Performance state type: None
Nominal Frequency (MHz): 2808
Maximum performance percentage: 100
Minimum performance percentage: 100
Minimum throttle percentage: 100",,,100,100,,,,2808,,Info,,,,,,,,,,,None,,,,,,,,2144,,,,,,,,,,,,,,"S-1-5-18",0,"Microsoft-Windows-Kernel-Processor-Power",,,,47,,,Information,"NOT_TRANSLATED",,"09/21/2023 11:14:31 PM
LogName=System
EventCode=55
EventType=4
ComputerName=CLIENT-PC
User=NOT_TRANSLATED
Sid=S-1-5-18
SidType=0
SourceName=Microsoft-Windows-Kernel-Processor-Power
Type=Information
RecordNumber=2144
Keywords=None
TaskCategory=47
OpCode=Info
Message=Processor 0 in group 0 exposes the following power management capabilities:

Idle state type: ACPI Idle (C) States (1 state(s))

Performance state type: None
Nominal Frequency (MHz): 2808
Maximum performance percentage: 100
Minimum performance percentage: 100
Minimum throttle percentage: 100","2023-09-21T23:14:31.000+03:00",,,,,,,,,,,,,,,,,,,,,,,,,,,,,,,,,,,,,,,,,,,,,,,,,,,,,,,,,,,,,,,,,,,,,,,,,,,,,,,,,,,,,,,,,,,,,,,,,,,,,,,,,,,,,,,,,,,,,,,,,,,,,,,,"CLIENT-PC",,,main,,,,23,,,,"//_::_====-==---==----======__________:\r\r__:___()_",,"WinEventLog:System","WinEventLog:System",SIEM,,,,,,,,
,,,,,,,"CLIENT-PC",,,,,172,4,,,,,,,,,,,,,,,,,,,None,,,System,,,,"Connectivity state in standby: Disconnected, Reason: NIC compliance",,,,,,,,,,Info,,,,,,,,,,,,,,,,,,,2143,,,,,,,,,,,,,,"S-1-5-18",0,"Microsoft-Windows-Kernel-Power",,,,203,,,Information,"NOT_TRANSLATED",,"09/21/2023 11:14:31 PM
LogName=System
EventCode=172
EventType=4
ComputerName=CLIENT-PC
User=NOT_TRANSLATED
Sid=S-1-5-18
SidType=0
SourceName=Microsoft-Windows-Kernel-Power
Type=Information
RecordNumber=2143
Keywords=None
TaskCategory=203
OpCode=Info
Message=Connectivity state in standby: Disconnected, Reason: NIC compliance","2023-09-21T23:14:31.000+03:00",,,,,,,,,,,,,,,,,,,,,,,,,,,,,,,,,,,,,,,,,,,,,,,,,,,,,,,,,,,,,,,,,,,,,,,,,,,,,,,,,,,,,,,,,,,,,,,,,,,,,,,,,,,,,,,,,,,,,,,,,,,,,,,,"CLIENT-PC",,,main,,,,15,,,,"//_::_====-==---==---======___:_,_:__",,"WinEventLog:System","WinEventLog:System",SIEM,,,,,,,,
,,,,,,,"CLIENT-PC",,,,,41,1,,,,,,,,,,,,,,,,,,,None,,,System,,,,"The system has rebooted without cleanly shutting down first. This error could be caused if the system stopped responding, crashed, or lost power unexpectedly.",,,,,,,,,,Info,,,,,,,,,,,,,,,,,,,2142,,,,,,,,,,,,,,"S-1-5-18",0,"Microsoft-Windows-Kernel-Power",,,,63,,,Critical,"NOT_TRANSLATED",,"09/21/2023 11:14:31 PM
LogName=System
EventCode=41
EventType=1
ComputerName=CLIENT-PC
User=NOT_TRANSLATED
Sid=S-1-5-18
SidType=0
SourceName=Microsoft-Windows-Kernel-Power
Type=Critical
RecordNumber=2142
Keywords=None
TaskCategory=63
OpCode=Info
Message=The system has rebooted without cleanly shutting down first. This error could be caused if the system stopped responding, crashed, or lost power unexpectedly.","2023-09-21T23:14:31.000+03:00",,,,,,,,,,,,,,,,,,,,,,,,,,,,,,,,,,,,,,,,,,,,,,,,,,,,,,,,,,,,,,,,,,,,,,,,,,,,,,,,,,,,,,,,,,,,,,,,,,,,,,,,,,,,,,,,,,,,,,,,,,,,,,,,"CLIENT-PC",,,main,,,,15,,,,"//_::_====-==---==---======________.__________,_,_",,"WinEventLog:System","WinEventLog:System",SIEM,,,,,,,,
,,,,,,,"CLIENT-PC",,,,,6,4,,,,,,,,,,,,,,,,,,,None,,,System,,,,"File System Filter 'npsvctrig' (10.0, 2025-01-06T05:41:12.000000000Z) has successfully loaded and registered with Filter Manager.",,,,,,,,,,Info,,,,,,,,,,,,,,,,,,,2141,,,,,,,,,,,,,,"S-1-5-18",0,"Microsoft-Windows-FilterManager",,,,None,,,Information,"NOT_TRANSLATED",,"09/21/2023 11:14:31 PM
LogName=System
EventCode=6
EventType=4
ComputerName=CLIENT-PC
User=NOT_TRANSLATED
Sid=S-1-5-18
SidType=0
SourceName=Microsoft-Windows-FilterManager
Type=Information
RecordNumber=2141
Keywords=None
TaskCategory=None
OpCode=Info
Message=File System Filter 'npsvctrig' (10.0, 2025-01-06T05:41:12.000000000Z) has successfully loaded and registered with Filter Manager.","2023-09-21T23:14:31.000+03:00",,,,,,,,,,,,,,,,,,,,,,,,,,,,,,,,,,,,,,,,,,,,,,,,,,,,,,,,,,,,,,,,,,,,,,,,,,,,,,,,,,,,,,,,,,,,,,,,,,,,,,,,,,,,,,,,,,,,,,,,,,,,,,,,"CLIENT-PC",,,main,,,,15,,,,"//_::_====-==---==--======___''_(.,_--::.)________",,"WinEventLog:System","WinEventLog:System",SIEM,,,,,,,,
,,,,,,,"CLIENT-PC",,,,,6,4,,,,,,,,,,,,,,,,,,,None,,,System,,,,"File System Filter 'FileCrypt' (10.0, 2002-03-01T14:12:42.000000000Z) has successfully loaded and registered with Filter Manager.",,,,,,,,,,Info,,,,,,,,,,,,,,,,,,,2140,,,,,,,,,,,,,,"S-1-5-18",0,"Microsoft-Windows-FilterManager",,,,None,,,Information,"NOT_TRANSLATED",,"09/21/2023 11:14:31 PM
LogName=System
EventCode=6
EventType=4
ComputerName=CLIENT-PC
User=NOT_TRANSLATED
Sid=S-1-5-18
SidType=0
SourceName=Microsoft-Windows-FilterManager
Type=Information
RecordNumber=2140
Keywords=None
TaskCategory=None
OpCode=Info
Message=File System Filter 'FileCrypt' (10.0, 2002-03-01T14:12:42.000000000Z) has successfully loaded and registered with Filter Manager.","2023-09-21T23:14:31.000+03:00",,,,,,,,,,,,,,,,,,,,,,,,,,,,,,,,,,,,,,,,,,,,,,,,,,,,,,,,,,,,,,,,,,,,,,,,,,,,,,,,,,,,,,,,,,,,,,,,,,,,,,,,,,,,,,,,,,,,,,,,,,,,,,,,"CLIENT-PC",,,main,,,,15,,,,"//_::_====-==---==--======___''_(.,_--::.)________",,"WinEventLog:System","WinEventLog:System",SIEM,,,,,,,,
"-
-","-
-",,,,,,"CLIENT-PC",,0x4,,,4688,0,,,,,,,,,,,,,,,,,,,"Audit Success",,,Security,"0x3E7
0x0","S-1-16-16384",,"A new process has been created.

Creator Subject:
	Security ID:		S-1-5-18
	Account Name:		-
	Account Domain:		-
	Logon ID:		0x3E7

Target Subject:
	Security ID:		S-1-0-0
	Account Name:		-
	Account Domain:		-
	Logon ID:		0x0

Process Information:
	New Process ID:		0x158
	New Process Name:	C:\Windows\System32\smss.exe
	Token Elevation Type:	%%1936
	Mandatory Label:		S-1-16-16384
	Creator Process ID:	0x4
	Creator Process Name:	
	Process Command Line:	

Token Elevation Type indicates the type of token that was assigned to the new process in accordance with User Account Control policy.

Type 1 is a full token with no privileges removed or groups disabled.  A full token is only used if User Account Control is disabled or if the user is the built-in Administrator account or a service account.

Type 2 is an elevated token with no privileges removed or groups disabled.  An elevated token is used when User Account Control is enabled and the user chooses to start the program using Run as administrator.  An elevated token is also used when an application is configured to always require administrative privilege or to always require maximum privilege, and the user is a member of the Administrators group.

Type 3 is a limited token with administrative privileges removed and administrative groups disabled.  The limited token is used when User Account Control is enabled, the application does not require administrative privilege, and the user does not choose to start the program using Run as administrator.",,,,,0x158,"C:\Windows\System32\smss.exe",,,,Info,,,,,,,,,,,,,,,,,,,307322,,,,,,"S-1-5-18
S-1-0-0",,,,,,,,,,"Microsoft Windows security auditing.",,,,"Process Creation",,"%%1936",Information,,,"09/21/2023 11:14:31 PM
LogName=Security
EventCode=4688
EventType=0
ComputerName=CLIENT-PC
SourceName=Microsoft Windows security auditing.
Type=Information
RecordNumber=307322
Keywords=Audit Success
TaskCategory=Process Creation
OpCode=Info
Message=A new process has been created.

Creator Subject:
	Security ID:		S-1-5-18
	Account Name:		-
	Account Domain:		-
	Logon ID:		0x3E7

Target Subject:
	Security ID:		S-1-0-0
	Account Name:		-
	Account Domain:		-
	Logon ID:		0x0

Process Information:
	New Process ID:		0x158
	New Process Name:	C:\Windows\System32\smss.exe
	Token Elevation Type:	%%1936
	Mandatory Label:		S-1-16-16384
	Creator Process ID:	0x4
	Creator Process Name:	
	Process Command Line:	

Token Elevation Type indicates the type of token that was assigned to the new process in accordance with User Account Control policy.

Type 1 is a full token with no privileges removed or groups disabled.  A full token is only used if User Account Control is disabled or if the user is the built-in Administrator account or a service account.

Type 2 is an elevated token with no privileges removed or groups disabled.  An elevated token is used when User Account Control is enabled and the user chooses to start the program using Run as administrator.  An elevated token is also used when an application is configured to always require administrative privilege or to always require maximum privilege, and the user is a member of the Administrators group.

Type 3 is a limited token with administrative privileges removed and administrative groups disabled.  The limited token is used when User Account Control is enabled, the application does not require administrative privilege, and the user does not choose to start the program using Run as administrator.","2023-09-21T23:14:31.000+03:00",,,,,,,,,,,,,,,,,,,,,,,,,,,,,,,,,,,,,,,,,,,,,,,,,,,,,,,,,,,,,,,,,,,,,,,,,,,,,,,,,,,,,,,,,,,,,,,,,,,,,,,,,,,,,,,,,,,,,,,,,,,,,,,,"CLIENT-PC",,,main,,,,41,,,,"//_::_====-=___.===_=_==_____.\r\r_:\rt_:tt---\rt_:tt-",,"WinEventLog:Security","WinEventLog:Security",SIEM,,,,,,,,
"-","-",,No,,,,"CLIENT-PC",Default,,,No,4826,0,,,,,,,,,,,No,,No,Off,"-",,,No,"Audit Success",,"-",Security,0x3E7,,,"Boot Configuration Data loaded.

Subject:
	Security ID:		S-1-5-18
	Account Name:		-
	Account Domain:		-
	Logon ID:		0x3E7

General Settings:
	Load Options:		-
	Advanced Options:		No
	Configuration Access Policy:	Default
	System Event Logging:	No
	Kernel Debugging:	No
	VSM Launch Type:	Off

Signature Settings:
	Test Signing:		No
	Flight Signing:		No
	Disable Integrity Checks:	No

HyperVisor Settings:
	HyperVisor Load Options:	-
	HyperVisor Launch Type:	Off
	HyperVisor Debugging:	No",,,,,,,,,,Info,,,,,,,,,,,,,,,,,,,307321,,,,,,"S-1-5-18",,,,,,,,,,"Microsoft Windows security auditing.",No,,,"Other Policy Change Events",No,,Information,,Off,"09/21/2023 11:14:31 PM
LogName=Security
EventCode=4826
EventType=0
ComputerName=CLIENT-PC
SourceName=Microsoft Windows security auditing.
Type=Information
RecordNumber=307321
Keywords=Audit Success
TaskCategory=Other Policy Change Events
OpCode=Info
Message=Boot Configuration Data loaded.

Subject:
	Security ID:		S-1-5-18
	Account Name:		-
	Account Domain:		-
	Logon ID:		0x3E7

General Settings:
	Load Options:		-
	Advanced Options:		No
	Configuration Access Policy:	Default
	System Event Logging:	No
	Kernel Debugging:	No
	VSM Launch Type:	Off

Signature Settings:
	Test Signing:		No
	Flight Signing:		No
	Disable Integrity Checks:	No

HyperVisor Settings:
	HyperVisor Load Options:	-
	HyperVisor Launch Type:	Off
	HyperVisor Debugging:	No","2023-09-21T23:14:31.000+03:00",,,,,,,,,,,,,,,,,,,,,,,,,,,,,,,,,,,,,,,,,,,,,,,,,,,,,,,,,,,,,,,,,,,,,,,,,,,,,,,,,,,,,,,,,,,,,,,,,,,,,,,,,,,,,,,,,,,,,,,,,,,,,,,,"CLIENT-PC",,,main,,,,36,,,,"//_::_====-=___.===_=___==___.\r\r:\rt_:tt---\rt_:tt-\r",,"WinEventLog:Security","WinEventLog:Security",SIEM,,,,,,,,
"-
-","-
-",,,,,,"CLIENT-PC",,,,,4696,0,,,,,,,,,,,,,,,,,,,"Audit Success",,,Security,"0x3E7
0x3E7",,,"A primary token was assigned to process.

Subject:
	Security ID:		S-1-5-18
	Account Name:		-
	Account Domain:		-
	Logon ID:		0x3E7

Process Information:
	Process ID:	0x4
	Process Name:	

Target Process:
	Target Process ID:	0x5c
	Target Process Name:	Registry

New Token Information:
	Security ID:		S-1-0-0
	Account Name:		-
	Account Domain:		-
	Logon ID:		0x3E7",,,,,,,,,,Info,,,,,,,,,,,,,0x4,,,,,,307320,,,,,,"S-1-5-18
S-1-0-0",,,,,,,,,,"Microsoft Windows security auditing.",,0x5c,Registry,"Process Creation",,,Information,,,"09/21/2023 11:14:31 PM
LogName=Security
EventCode=4696
EventType=0
ComputerName=CLIENT-PC
SourceName=Microsoft Windows security auditing.
Type=Information
RecordNumber=307320
Keywords=Audit Success
TaskCategory=Process Creation
OpCode=Info
Message=A primary token was assigned to process.

Subject:
	Security ID:		S-1-5-18
	Account Name:		-
	Account Domain:		-
	Logon ID:		0x3E7

Process Information:
	Process ID:	0x4
	Process Name:	

Target Process:
	Target Process ID:	0x5c
	Target Process Name:	Registry

New Token Information:
	Security ID:		S-1-0-0
	Account Name:		-
	Account Domain:		-
	Logon ID:		0x3E7","2023-09-21T23:14:31.000+03:00",,,,,,,,,,,,,,,,,,,,,,,,,,,,,,,,,,,,,,,,,,,,,,,,,,,,,,,,,,,,,,,,,,,,,,,,,,,,,,,,,,,,,,,,,,,,,,,,,,,,,,,,,,,,,,,,,,,,,,,,,,,,,,,,"CLIENT-PC",,,main,,,,32,,,,"//_::_====-=___.===_=_==______.\r\r:\rt_:tt---\rt_:tt-",,"WinEventLog:Security","WinEventLog:Security",SIEM,,,,,,,,
"-
-","-
-",,,,,,"CLIENT-PC",,0x4,,,4688,0,,,,,,,,,,,,,,,,,,,"Audit Success",,,Security,"0x3E7
0x0","S-1-16-16384",,"A new process has been created.

Creator Subject:
	Security ID:		S-1-5-18
	Account Name:		-
	Account Domain:		-
	Logon ID:		0x3E7

Target Subject:
	Security ID:		S-1-0-0
	Account Name:		-
	Account Domain:		-
	Logon ID:		0x0

Process Information:
	New Process ID:		0x5c
	New Process Name:	Registry
	Token Elevation Type:	%%1936
	Mandatory Label:		S-1-16-16384
	Creator Process ID:	0x4
	Creator Process Name:	
	Process Command Line:	

Token Elevation Type indicates the type of token that was assigned to the new process in accordance with User Account Control policy.

Type 1 is a full token with no privileges removed or groups disabled.  A full token is only used if User Account Control is disabled or if the user is the built-in Administrator account or a service account.

Type 2 is an elevated token with no privileges removed or groups disabled.  An elevated token is used when User Account Control is enabled and the user chooses to start the program using Run as administrator.  An elevated token is also used when an application is configured to always require administrative privilege or to always require maximum privilege, and the user is a member of the Administrators group.

Type 3 is a limited token with administrative privileges removed and administrative groups disabled.  The limited token is used when User Account Control is enabled, the application does not require administrative privilege, and the user does not choose to start the program using Run as administrator.",,,,,0x5c,Registry,,,,Info,,,,,,,,,,,,,,,,,,,307319,,,,,,"S-1-5-18
S-1-0-0",,,,,,,,,,"Microsoft Windows security auditing.",,,,"Process Creation",,"%%1936",Information,,,"09/21/2023 11:14:31 PM
