,,,,,,,"CLIENT-PC",,,,,330,4,,,,,,,,,,,,,,,,,,,Classic,,,Application,,,,"Video.UI (10628,D,2) {12D3E340-232D-489E-87F3-8988660A1B68}: The database [C:\Users\Communication_LTD\AppData\Local\Packages\Microsoft.ZuneVideo_8wekyb3d8bbwe\LocalState\Database\anonymous\tmp.edb] format version is being held back to 8920 (0x22d8) due to application parameter setting of 0x410022D8 (8920 | JET_efvAllowHigherPersistedFormat). Current default engine version: 9180 (0x23dc).",,,,,,,,,,Info,,,,,,,,,,,,,,,,,,,3162,,,,,,,,,,,,,,,,ESENT,,,,General,,,Information,,,"09/21/2023 11:33:08 PM
LogName=Application
EventCode=330
EventType=4
ComputerName=CLIENT-PC
SourceName=ESENT
Type=Information
RecordNumber=3162
Keywords=Classic
TaskCategory=General
OpCode=Info
Message=Video.UI (10628,D,2) {12D3E340-232D-489E-87F3-8988660A1B68}: The database [C:\Users\Communication_LTD\AppData\Local\Packages\Microsoft.ZuneVideo_8wekyb3d8bbwe\LocalState\Database\anonymous\tmp.edb] format version is being held back to 8920 (0x22d8) due to application parameter setting of 0x410022D8 (8920 | JET_efvAllowHigherPersistedFormat). Current default engine version: 9180 (0x23dc).","2023-09-21T23:33:08.000+03:00",,,,,,,,,,,,,,,,,,,,,,,,,,,,,,,,,,,,,,,,,,,,,,,,,,,,,,,,,,,,,,,,,,,,,,,,,,,,,,,,,,,,,,,,,,,,,,,,,,,,,,,,,,,,,,,,,,,,,,,,,,,,,,,,"CLIENT-PC",,,main,,,,12,,,,"//_::_====-=======._(,,)_{----}:___[:\\\\\\.\\\\.]",,"WinEventLog:Application","WinEventLog:Application",SIEM,,,,,,,,
,,"lgposCreate = 00000001:0001:0268,",,,,,"CLIENT-PC",,,,,325,4,,,,,,,,,,,,,,,,,,,Classic,,,Application,,,,"Video.UI (10628,D,35) {12D3E340-232D-489E-87F3-8988660A1B68}: The database engine created a new database (1, C:\Users\Communication_LTD\AppData\Local\Packages\Microsoft.ZuneVideo_8wekyb3d8bbwe\LocalState\Database\anonymous\EntClientDb.edb). (Time=0 seconds) 
 
Additional Data: lgposCreate = 00000001:0001:0268,
dbv = 1568.20.0 
 
Internal Timing Sequence: 
[1] 0.000108 +J(0) +M(C:0K, Fs:8, WS:32K # 0K, PF:8K # 0K, P:8K)
[2] 0.000725 -0.000277 (1) WT +J(CM:0, PgRf:0, Rd:0/0, Dy:0/0, Lg:3480/2) +M(C:0K, Fs:8, WS:32K # 0K, PF:16K # 0K, P:16K)
[3] 0.008155 -0.001161 (3) WT +J(0) +M(C:0K, Fs:252, WS:984K # 0K, PF:216K # 0K, P:216K)
[4] 0.001552 +J(0) +M(C:0K, Fs:6, WS:24K # 0K, PF:12K # 0K, P:12K)
[5] 0.001959 -0.000390 (2) WT +J(CM:0, PgRf:3, Rd:0/0, Dy:3/6, Lg:122/4) +M(C:0K, Fs:37, WS:140K # 0K, PF:184K # 0K, P:184K)
[6] 0.002040 -0.000285 (1) WT +J(CM:0, PgRf:209, Rd:0/0, Dy:12/408, Lg:24454/447) +M(C:0K, Fs:81, WS:324K # 288K, PF:328K # 0K, P:328K)
[7] 0.002707 -0.000115 (1) WT +J(CM:0, PgRf:0, Rd:0/0, Dy:0/0, Lg:4096/2) +M(C:0K, Fs:16, WS:64K # 64K, PF:12K # 0K, P:12K)
[8] 0.000003 +J(0)
[9] 0.023470 -0.000001 (15) CM -0.022990 (4) WT +J(CM:15, PgRf:0, Rd:0/15, Dy:0/0, Lg:0/0) +M(C:0K, Fs:281, WS:984K # 984K, PF:236K # 0K, P:236K)
[10] 0.002545 -0.000005 (1) CM -0.001175 (5) WT +J(CM:1, PgRf:346, Rd:0/1, Dy:7/91, Lg:12509/128) +M(C:0K, Fs:28, WS:76K # 84K, PF:84K # 0K, P:84K)
[11] 0.000002 +J(0).",,,,,,,,,,Info,,,,,,,,,,,,,,,,,,,3161,,,,,,,,,,,,,,,,ESENT,,,,General,,,Information,,,"09/21/2023 11:33:08 PM
LogName=Application
EventCode=325
EventType=4
ComputerName=CLIENT-PC
SourceName=ESENT
Type=Information
RecordNumber=3161
Keywords=Classic
TaskCategory=General
OpCode=Info
Message=Video.UI (10628,D,35) {12D3E340-232D-489E-87F3-8988660A1B68}: The database engine created a new database (1, C:\Users\Communication_LTD\AppData\Local\Packages\Microsoft.ZuneVideo_8wekyb3d8bbwe\LocalState\Database\anonymous\EntClientDb.edb). (Time=0 seconds) 
 
Additional Data: lgposCreate = 00000001:0001:0268,
dbv = 1568.20.0 
 
Internal Timing Sequence: 
[1] 0.000108 +J(0) +M(C:0K, Fs:8, WS:32K # 0K, PF:8K # 0K, P:8K)
[2] 0.000725 -0.000277 (1) WT +J(CM:0, PgRf:0, Rd:0/0, Dy:0/0, Lg:3480/2) +M(C:0K, Fs:8, WS:32K # 0K, PF:16K # 0K, P:16K)
[3] 0.008155 -0.001161 (3) WT +J(0) +M(C:0K, Fs:252, WS:984K # 0K, PF:216K # 0K, P:216K)
[4] 0.001552 +J(0) +M(C:0K, Fs:6, WS:24K # 0K, PF:12K # 0K, P:12K)
[5] 0.001959 -0.000390 (2) WT +J(CM:0, PgRf:3, Rd:0/0, Dy:3/6, Lg:122/4) +M(C:0K, Fs:37, WS:140K # 0K, PF:184K # 0K, P:184K)
[6] 0.002040 -0.000285 (1) WT +J(CM:0, PgRf:209, Rd:0/0, Dy:12/408, Lg:24454/447) +M(C:0K, Fs:81, WS:324K # 288K, PF:328K # 0K, P:328K)
[7] 0.002707 -0.000115 (1) WT +J(CM:0, PgRf:0, Rd:0/0, Dy:0/0, Lg:4096/2) +M(C:0K, Fs:16, WS:64K # 64K, PF:12K # 0K, P:12K)
[8] 0.000003 +J(0)
[9] 0.023470 -0.000001 (15) CM -0.022990 (4) WT +J(CM:15, PgRf:0, Rd:0/15, Dy:0/0, Lg:0/0) +M(C:0K, Fs:281, WS:984K # 984K, PF:236K # 0K, P:236K)
[10] 0.002545 -0.000005 (1) CM -0.001175 (5) WT +J(CM:1, PgRf:346, Rd:0/1, Dy:7/91, Lg:12509/128) +M(C:0K, Fs:28, WS:76K # 84K, PF:84K # 0K, P:84K)
[11] 0.000002 +J(0).","2023-09-21T23:33:08.000+03:00",,,,,,,,,,,,,,,,,,,,,,,,,,,,,,,,,,,,,,,,,,,,,,,,,,,,,,,,,,,,,,,,,,,,,,,,,,,,,,,,,,,,,,,,,,,,,,,,,,,,,,,,,,,,,,,,,,,,,,,,,,,,,,,,"CLIENT-PC",,,main,,,,28,,,,"//_::_====-=======._(,,)_{----}:________(,_:\\\\\\",,"WinEventLog:Application","WinEventLog:Application",SIEM,,,,,,,,
,,,,,,,"CLIENT-PC",,,,,641,4,,,,,,,,,,,,,,,,,,,Classic,,,Application,,,,"Video.UI (10628,D,35) {12D3E340-232D-489E-87F3-8988660A1B68}: The log format feature version 8940 (0x22ec - 8.6.20) could not be used due to the current log format 8.5.16, controlled by the parameter 0x410022D8 (8920 | JET_efvAllowHigherPersistedFormat).",,,,,,,,,,Info,,,,,,,,,,,,,,,,,,,3160,,,,,,,,,,,,,,,,ESENT,,,,General,,,Information,,,"09/21/2023 11:33:08 PM
LogName=Application
EventCode=641
EventType=4
ComputerName=CLIENT-PC
SourceName=ESENT
Type=Information
RecordNumber=3160
Keywords=Classic
TaskCategory=General
OpCode=Info
Message=Video.UI (10628,D,35) {12D3E340-232D-489E-87F3-8988660A1B68}: The log format feature version 8940 (0x22ec - 8.6.20) could not be used due to the current log format 8.5.16, controlled by the parameter 0x410022D8 (8920 | JET_efvAllowHigherPersistedFormat).","2023-09-21T23:33:08.000+03:00",,,,,,,,,,,,,,,,,,,,,,,,,,,,,,,,,,,,,,,,,,,,,,,,,,,,,,,,,,,,,,,,,,,,,,,,,,,,,,,,,,,,,,,,,,,,,,,,,,,,,,,,,,,,,,,,,,,,,,,,,,,,,,,,"CLIENT-PC",,,main,,,,12,,,,"//_::_====-=======._(,,)_{----}:_______(_-_..)____",,"WinEventLog:Application","WinEventLog:Application",SIEM,,,,,,,,
,,,,,,,"CLIENT-PC",,,,,330,4,,,,,,,,,,,,,,,,,,,Classic,,,Application,,,,"Video.UI (10628,D,35) {12D3E340-232D-489E-87F3-8988660A1B68}: The database [C:\Users\Communication_LTD\AppData\Local\Packages\Microsoft.ZuneVideo_8wekyb3d8bbwe\LocalState\Database\anonymous\EntClientDb.edb] format version is being held back to 8920 (0x22d8) due to application parameter setting of 0x410022D8 (8920 | JET_efvAllowHigherPersistedFormat). Current default engine version: 9180 (0x23dc).",,,,,,,,,,Info,,,,,,,,,,,,,,,,,,,3159,,,,,,,,,,,,,,,,ESENT,,,,General,,,Information,,,"09/21/2023 11:33:08 PM
LogName=Application
EventCode=330
EventType=4
ComputerName=CLIENT-PC
SourceName=ESENT
Type=Information
RecordNumber=3159
Keywords=Classic
TaskCategory=General
OpCode=Info
Message=Video.UI (10628,D,35) {12D3E340-232D-489E-87F3-8988660A1B68}: The database [C:\Users\Communication_LTD\AppData\Local\Packages\Microsoft.ZuneVideo_8wekyb3d8bbwe\LocalState\Database\anonymous\EntClientDb.edb] format version is being held back to 8920 (0x22d8) due to application parameter setting of 0x410022D8 (8920 | JET_efvAllowHigherPersistedFormat). Current default engine version: 9180 (0x23dc).","2023-09-21T23:33:08.000+03:00",,,,,,,,,,,,,,,,,,,,,,,,,,,,,,,,,,,,,,,,,,,,,,,,,,,,,,,,,,,,,,,,,,,,,,,,,,,,,,,,,,,,,,,,,,,,,,,,,,,,,,,,,,,,,,,,,,,,,,,,,,,,,,,,"CLIENT-PC",,,main,,,,12,,,,"//_::_====-=======._(,,)_{----}:___[:\\\\\\.\\\\.]",,"WinEventLog:Application","WinEventLog:Application",SIEM,,,,,,,,
,,,,,,,"CLIENT-PC",,,,,105,4,,,,,,,,,,,,,,,,,,,Classic,,,Application,,,,"Video.UI (10628,D,0) {12D3E340-232D-489E-87F3-8988660A1B68}: The database engine started a new instance (0). (Time=0 seconds) 
 
Additional Data:
  
 
Internal Timing Sequence: 
[1] 0.001260 +J(0) +M(C:0K, Fs:161, WS:616K # 616K, PF:2364K # 2444K, P:2364K)
[2] 0.000359 +J(0) +M(C:0K, Fs:97, WS:388K # 388K, PF:304K # 224K, P:304K)
[3] 0.000017 +J(0) +M(C:0K, Fs:4, WS:12K # 12K, PF:68K # 68K, P:68K)
[4] 0.000871 +J(0) +M(C:0K, Fs:43, WS:156K # 156K, PF:204K # 204K, P:204K)
[5] 0.006838 +J(0) +M(C:0K, Fs:195, WS:776K # 776K, PF:116K # 116K, P:116K)
[6] 0.001468 +J(0) +M(C:0K, Fs:24, WS:96K # 96K, PF:12K # 12K, P:12K)
[7] -
[8] -
[9] -
[10] -
[11] -
[12] -
[13] 0.016951 -0.004465 (14) WT +J(CM:0, PgRf:0, Rd:0/0, Dy:0/0, Lg:616/1) +M(C:0K, Fs:790, WS:1100K # 3116K, PF:344K # 2384K, P:344K)
[14] 0.000019 +J(0) +M(C:0K, Fs:1, WS:4K # 0K, PF:4K # 0K, P:4K)
[15] 0.000041 +J(0) +M(C:0K, Fs:18, WS:68K # 0K, PF:72K # 0K, P:72K)
[16] 0.005842 -0.000446 (2) WT +J(0) +M(C:0K, Fs:121, WS:476K # 0K, PF:76K # 0K, P:76K).",,,,,,,,,,Info,,,,,,,,,,,,,,,,,,,3158,,,,,,,,,,,,,,,,ESENT,,,,General,,,Information,,,"09/21/2023 11:33:08 PM
LogName=Application
EventCode=105
EventType=4
ComputerName=CLIENT-PC
SourceName=ESENT
Type=Information
RecordNumber=3158
Keywords=Classic
TaskCategory=General
OpCode=Info
Message=Video.UI (10628,D,0) {12D3E340-232D-489E-87F3-8988660A1B68}: The database engine started a new instance (0). (Time=0 seconds) 
 
Additional Data:
  
 
Internal Timing Sequence: 
[1] 0.001260 +J(0) +M(C:0K, Fs:161, WS:616K # 616K, PF:2364K # 2444K, P:2364K)
[2] 0.000359 +J(0) +M(C:0K, Fs:97, WS:388K # 388K, PF:304K # 224K, P:304K)
[3] 0.000017 +J(0) +M(C:0K, Fs:4, WS:12K # 12K, PF:68K # 68K, P:68K)
[4] 0.000871 +J(0) +M(C:0K, Fs:43, WS:156K # 156K, PF:204K # 204K, P:204K)
[5] 0.006838 +J(0) +M(C:0K, Fs:195, WS:776K # 776K, PF:116K # 116K, P:116K)
[6] 0.001468 +J(0) +M(C:0K, Fs:24, WS:96K # 96K, PF:12K # 12K, P:12K)
[7] -
[8] -
[9] -
[10] -
[11] -
[12] -
[13] 0.016951 -0.004465 (14) WT +J(CM:0, PgRf:0, Rd:0/0, Dy:0/0, Lg:616/1) +M(C:0K, Fs:790, WS:1100K # 3116K, PF:344K # 2384K, P:344K)
[14] 0.000019 +J(0) +M(C:0K, Fs:1, WS:4K # 0K, PF:4K # 0K, P:4K)
[15] 0.000041 +J(0) +M(C:0K, Fs:18, WS:68K # 0K, PF:72K # 0K, P:72K)
[16] 0.005842 -0.000446 (2) WT +J(0) +M(C:0K, Fs:121, WS:476K # 0K, PF:76K # 0K, P:76K).","2023-09-21T23:33:08.000+03:00",,,,,,,,,,,,,,,,,,,,,,,,,,,,,,,,,,,,,,,,,,,,,,,,,,,,,,,,,,,,,,,,,,,,,,,,,,,,,,,,,,,,,,,,,,,,,,,,,,,,,,,,,,,,,,,,,,,,,,,,,,,,,,,,"CLIENT-PC",,,main,,,,33,,,,"//_::_====-=======._(,,)_{----}:________()._(=_)_\r",,"WinEventLog:Application","WinEventLog:Application",SIEM,,,,,,,,
,,,,,,,"CLIENT-PC",,,,,102,4,,,,,,,,,,,,,,,,,,,Classic,,,Application,,,,"Video.UI (10628,P,98) {12D3E340-232D-489E-87F3-8988660A1B68}: The database engine (10.00.19045.0000) is starting a new instance (0).",,,,,,,,,,Info,,,,,,,,,,,,,,,,,,,3157,,,,,,,,,,,,,,,,ESENT,,,,General,,,Information,,,"09/21/2023 11:33:08 PM
LogName=Application
EventCode=102
EventType=4
ComputerName=CLIENT-PC
SourceName=ESENT
Type=Information
RecordNumber=3157
Keywords=Classic
TaskCategory=General
OpCode=Info
Message=Video.UI (10628,P,98) {12D3E340-232D-489E-87F3-8988660A1B68}: The database engine (10.00.19045.0000) is starting a new instance (0).","2023-09-21T23:33:08.000+03:00",,,,,,,,,,,,,,,,,,,,,,,,,,,,,,,,,,,,,,,,,,,,,,,,,,,,,,,,,,,,,,,,,,,,,,,,,,,,,,,,,,,,,,,,,,,,,,,,,,,,,,,,,,,,,,,,,,,,,,,,,,,,,,,,"CLIENT-PC",,,main,,,,12,,,,"//_::_====-=======._(,,)_{----}:____(...)______().",,"WinEventLog:Application","WinEventLog:Application",SIEM,,,,,,,,
,,,,,,,"CLIENT-PC",,,,,16394,4,,,,,,,,,,,,,,,,,,,Classic,,,Application,,,,"Offline downlevel migration succeeded.",,,,,,,,,,None,,,,,,,,,,,,,,,,,,,3156,,,,,,,,,,,,,,,,"Microsoft-Windows-Security-SPP",,,,None,,,Information,,,"09/21/2023 11:33:02 PM
LogName=Application
EventCode=16394
EventType=4
ComputerName=CLIENT-PC
SourceName=Microsoft-Windows-Security-SPP
Type=Information
RecordNumber=3156
Keywords=Classic
TaskCategory=None
OpCode=None
Message=Offline downlevel migration succeeded.","2023-09-21T23:33:02.000+03:00",,,,,,,,,,,,,,,,,,,,,,,,,,,,,,,,,,,,,,,,,,,,,,,,,,,,,,,,,,,,,,,,,,,,,,,,,,,,,,,,,,,,,,,,,,,,,,,,,,,,,,,,,,,,,,,,,,,,,,,,,,,,,,,,"CLIENT-PC",,,main,,,,12,,,,"//_::_====-=---======___.",,"WinEventLog:Application","WinEventLog:Application",SIEM,,,,,,,,
,,,,,,,"CLIENT-PC",,,,,16384,4,,,,,,,,,,,,,,,,,,,Classic,,,Application,,,,"Successfully scheduled Software Protection service for re-start at 2023-09-22T20:16:55Z. Reason: RulesEngine.",,,,,,,,,,None,,,,,,,,,,,,,,,,,,,3155,,,,,,,,,,,,,,,,"Microsoft-Windows-Security-SPP",,,,None,,,Information,,,"09/21/2023 11:32:56 PM
LogName=Application
EventCode=16384
EventType=4
ComputerName=CLIENT-PC
SourceName=Microsoft-Windows-Security-SPP
Type=Information
RecordNumber=3155
Keywords=Classic
TaskCategory=None
OpCode=None
Message=Successfully scheduled Software Protection service for re-start at 2023-09-22T20:16:55Z. Reason: RulesEngine.","2023-09-21T23:32:56.000+03:00",,,,,,,,,,,,,,,,,,,,,,,,,,,,,,,,,,,,,,,,,,,,,,,,,,,,,,,,,,,,,,,,,,,,,,,,,,,,,,,,,,,,,,,,,,,,,,,,,,,,,,,,,,,,,,,,,,,,,,,,,,,,,,,,"CLIENT-PC",,,main,,,,12,,,,"//_::_====-=---======______-__--::._:_.",,"WinEventLog:Application","WinEventLog:Application",SIEM,,,,,,,,
,,,,,,,"CLIENT-PC",,,,,16,4,,,,,,,,,,,,,,,,,,,None,,,System,,,,"The access history in hive \??\C:\Users\Communication_LTD\AppData\Local\Packages\Microsoft.Windows.Photos_8wekyb3d8bbwe\Settings\settings.dat was cleared updating 4 keys and creating 2 modified pages.",,,,,,,,,,Info,,,,,,,,,,,,,,,,,,,2195,,,,,,,,,,,,,,"S-1-5-18",0,"Microsoft-Windows-Kernel-General",,,,None,,,Information,"NOT_TRANSLATED",,"09/21/2023 11:32:38 PM
LogName=System
EventCode=16
EventType=4
ComputerName=CLIENT-PC
User=NOT_TRANSLATED
Sid=S-1-5-18
SidType=0
SourceName=Microsoft-Windows-Kernel-General
Type=Information
RecordNumber=2195
Keywords=None
TaskCategory=None
OpCode=Info
Message=The access history in hive \??\C:\Users\Communication_LTD\AppData\Local\Packages\Microsoft.Windows.Photos_8wekyb3d8bbwe\Settings\settings.dat was cleared updating 4 keys and creating 2 modified pages.","2023-09-21T23:32:38.000+03:00",,,,,,,,,,,,,,,,,,,,,,,,,,,,,,,,,,,,,,,,,,,,,,,,,,,,,,,,,,,,,,,,,,,,,,,,,,,,,,,,,,,,,,,,,,,,,,,,,,,,,,,,,,,,,,,,,,,,,,,,,,,,,,,,"CLIENT-PC",,,main,,,,15,,,,"//_::_====-==---==---======_____\??\:\\\\\\..\\.__",,"WinEventLog:System","WinEventLog:System",SIEM,,,,,,,,
,,,,,,,"CLIENT-PC",,,,,43,4,,,,,,,,,,,,,,,,,,,"Installation, Started",,,System,,,,"Installation Started: Windows has started installing the following update: Security Intelligence Update for Microsoft Defender Antivirus - KB2267602 (Version 1.397.1353.0)",,,,,,,,,,Installation,,,,,,,,,,,,,,,,,,,2194,,,,,,,,,,,,,,"S-1-5-18",0,"Microsoft-Windows-WindowsUpdateClient",,,,"Windows Update Agent",,,Information,"NOT_TRANSLATED",,"09/21/2023 11:32:26 PM
LogName=System
EventCode=43
EventType=4
ComputerName=CLIENT-PC
User=NOT_TRANSLATED
Sid=S-1-5-18
SidType=0
SourceName=Microsoft-Windows-WindowsUpdateClient
Type=Information
RecordNumber=2194
Keywords=Installation, Started
TaskCategory=Windows Update Agent
OpCode=Installation
Message=Installation Started: Windows has started installing the following update: Security Intelligence Update for Microsoft Defender Antivirus - KB2267602 (Version 1.397.1353.0)","2023-09-21T23:32:26.000+03:00",,,,,,,,,,,,,,,,,,,,,,,,,,,,,,,,,,,,,,,,,,,,,,,,,,,,,,,,,,,,,,,,,,,,,,,,,,,,,,,,,,,,,,,,,,,,,,,,,,,,,,,,,,,,,,,,,,,,,,,,,,,,,,,,"CLIENT-PC",,,main,,,,15,,,,"//_::_====-==---==--===,_=__==_:_______:________-_",,"WinEventLog:System","WinEventLog:System",SIEM,,,,,,,,
,,,,,,,"CLIENT-PC",,,,,16394,4,,,,,,,,,,,,,,,,,,,Classic,,,Application,,,,"Offline downlevel migration succeeded.",,,,,,,,,,None,,,,,,,,,,,,,,,,,,,3154,,,,,,,,,,,,,,,,"Microsoft-Windows-Security-SPP",,,,None,,,Information,,,"09/21/2023 11:31:03 PM
LogName=Application
EventCode=16394
EventType=4
ComputerName=CLIENT-PC
SourceName=Microsoft-Windows-Security-SPP
Type=Information
RecordNumber=3154
Keywords=Classic
TaskCategory=None
OpCode=None
Message=Offline downlevel migration succeeded.","2023-09-21T23:31:03.000+03:00",,,,,,,,,,,,,,,,,,,,,,,,,,,,,,,,,,,,,,,,,,,,,,,,,,,,,,,,,,,,,,,,,,,,,,,,,,,,,,,,,,,,,,,,,,,,,,,,,,,,,,,,,,,,,,,,,,,,,,,,,,,,,,,,"CLIENT-PC",,,main,,,,12,,,,"//_::_====-=---======___.",,"WinEventLog:Application","WinEventLog:Application",SIEM,,,,,,,,
,,,,,,,"CLIENT-PC",,,,,16384,4,,,,,,,,,,,,,,,,,,,Classic,,,Application,,,,"Successfully scheduled Software Protection service for re-start at 2023-09-22T20:16:30Z. Reason: RulesEngine.",,,,,,,,,,None,,,,,,,,,,,,,,,,,,,3153,,,,,,,,,,,,,,,,"Microsoft-Windows-Security-SPP",,,,None,,,Information,,,"09/21/2023 11:29:30 PM
LogName=Application
EventCode=16384
EventType=4
ComputerName=CLIENT-PC
SourceName=Microsoft-Windows-Security-SPP
Type=Information
RecordNumber=3153
Keywords=Classic
TaskCategory=None
OpCode=None
Message=Successfully scheduled Software Protection service for re-start at 2023-09-22T20:16:30Z. Reason: RulesEngine.","2023-09-21T23:29:30.000+03:00",,,,,,,,,,,,,,,,,,,,,,,,,,,,,,,,,,,,,,,,,,,,,,,,,,,,,,,,,,,,,,,,,,,,,,,,,,,,,,,,,,,,,,,,,,,,,,,,,,,,,,,,,,,,,,,,,,,,,,,,,,,,,,,,"CLIENT-PC",,,main,,,,12,,,,"//_::_====-=---======______-__--::._:_.",,"WinEventLog:Application","WinEventLog:Application",SIEM,,,,,,,,
,,,,,,,"CLIENT-PC",,,,,16394,4,,,,,,,,,,,,,,,,,,,Classic,,,Application,,,,"Offline downlevel migration succeeded.",,,,,,,,,,None,,,,,,,,,,,,,,,,,,,3152,,,,,,,,,,,,,,,,"Microsoft-Windows-Security-SPP",,,,None,,,Information,,,"09/21/2023 11:28:59 PM
LogName=Application
EventCode=16394
EventType=4
ComputerName=CLIENT-PC
SourceName=Microsoft-Windows-Security-SPP
Type=Information
RecordNumber=3152
Keywords=Classic
TaskCategory=None
OpCode=None
Message=Offline downlevel migration succeeded.","2023-09-21T23:28:59.000+03:00",,,,,,,,,,,,,,,,,,,,,,,,,,,,,,,,,,,,,,,,,,,,,,,,,,,,,,,,,,,,,,,,,,,,,,,,,,,,,,,,,,,,,,,,,,,,,,,,,,,,,,,,,,,,,,,,,,,,,,,,,,,,,,,,"CLIENT-PC",,,main,,,,12,,,,"//_::_====-=---======___.",,"WinEventLog:Application","WinEventLog:Application",SIEM,,,,,,,,
,,,,,,,"CLIENT-PC",,,,,16384,4,,,,,,,,,,,,,,,,,,,Classic,,,Application,,,,"Successfully scheduled Software Protection service for re-start at 2023-09-22T20:16:33Z. Reason: RulesEngine.",,,,,,,,,,None,,,,,,,,,,,,,,,,,,,3151,,,,,,,,,,,,,,,,"Microsoft-Windows-Security-SPP",,,,None,,,Information,,,"09/21/2023 11:28:33 PM
LogName=Application
EventCode=16384
EventType=4
ComputerName=CLIENT-PC
SourceName=Microsoft-Windows-Security-SPP
Type=Information
RecordNumber=3151
Keywords=Classic
TaskCategory=None
OpCode=None
Message=Successfully scheduled Software Protection service for re-start at 2023-09-22T20:16:33Z. Reason: RulesEngine.","2023-09-21T23:28:33.000+03:00",,,,,,,,,,,,,,,,,,,,,,,,,,,,,,,,,,,,,,,,,,,,,,,,,,,,,,,,,,,,,,,,,,,,,,,,,,,,,,,,,,,,,,,,,,,,,,,,,,,,,,,,,,,,,,,,,,,,,,,,,,,,,,,,"CLIENT-PC",,,main,,,,12,,,,"//_::_====-=---======______-__--::._:_.",,"WinEventLog:Application","WinEventLog:Application",SIEM,,,,,,,,
,,,,,,,"CLIENT-PC",,,,,15,4,,,,,,,,,,,,,,,,,,,Classic,,,Application,,,,"Updated Windows Defender status successfully to SECURITY_PRODUCT_STATE_ON.",,,,,,,,,,Info,,,,,,,,,,,,,,,,,,,3150,,,,,,,,,,,,,,,,SecurityCenter,,,,None,,,Information,,,"09/21/2023 11:28:12 PM
LogName=Application
EventCode=15
EventType=4
ComputerName=CLIENT-PC
SourceName=SecurityCenter
Type=Information
RecordNumber=3150
Keywords=Classic
TaskCategory=None
OpCode=Info
Message=Updated Windows Defender status successfully to SECURITY_PRODUCT_STATE_ON.","2023-09-21T23:28:12.000+03:00",,,,,,,,,,,,,,,,,,,,,,,,,,,,,,,,,,,,,,,,,,,,,,,,,,,,,,,,,,,,,,,,,,,,,,,,,,,,,,,,,,,,,,,,,,,,,,,,,,,,,,,,,,,,,,,,,,,,,,,,,,,,,,,,"CLIENT-PC",,,main,,,,12,,,,"//_::_====-=======______.",,"WinEventLog:Application","WinEventLog:Application",SIEM,,,,,,,,
,,,,,,,"CLIENT-PC",,,,,16,4,,,,,,,,,,,,,,,,,,,None,,,System,,,,"The access history in hive \??\C:\Users\Communication_LTD\AppData\Local\Packages\MicrosoftWindows.Client.CBS_cw5n1h2txyewy\Settings\settings.dat was cleared updating 3 keys and creating 1 modified pages.",,,,,,,,,,Info,,,,,,,,,,,,,,,,,,,2193,,,,,,,,,,,,,,"S-1-5-18",0,"Microsoft-Windows-Kernel-General",,,,None,,,Information,"NOT_TRANSLATED",,"09/21/2023 11:27:35 PM
LogName=System
EventCode=16
EventType=4
ComputerName=CLIENT-PC
User=NOT_TRANSLATED
Sid=S-1-5-18
SidType=0
SourceName=Microsoft-Windows-Kernel-General
Type=Information
RecordNumber=2193
Keywords=None
TaskCategory=None
OpCode=Info
Message=The access history in hive \??\C:\Users\Communication_LTD\AppData\Local\Packages\MicrosoftWindows.Client.CBS_cw5n1h2txyewy\Settings\settings.dat was cleared updating 3 keys and creating 1 modified pages.","2023-09-21T23:27:35.000+03:00",,,,,,,,,,,,,,,,,,,,,,,,,,,,,,,,,,,,,,,,,,,,,,,,,,,,,,,,,,,,,,,,,,,,,,,,,,,,,,,,,,,,,,,,,,,,,,,,,,,,,,,,,,,,,,,,,,,,,,,,,,,,,,,,"CLIENT-PC",,,main,,,,15,,,,"//_::_====-==---==---======_____\??\:\\\\\\..\\.__",,"WinEventLog:System","WinEventLog:System",SIEM,,,,,,,,
,,,,,,,"CLIENT-PC",,,,,15,4,,,,,,,,,,,,,,,,,,,Classic,,,Application,,,,"Updated Windows Defender status successfully to SECURITY_PRODUCT_STATE_ON.",,,,,,,,,,Info,,,,,,,,,,,,,,,,,,,3149,,,,,,,,,,,,,,,,SecurityCenter,,,,None,,,Information,,,"09/21/2023 11:27:28 PM
LogName=Application
EventCode=15
EventType=4
ComputerName=CLIENT-PC
SourceName=SecurityCenter
Type=Information
RecordNumber=3149
Keywords=Classic
TaskCategory=None
OpCode=Info
Message=Updated Windows Defender status successfully to SECURITY_PRODUCT_STATE_ON.","2023-09-21T23:27:28.000+03:00",,,,,,,,,,,,,,,,,,,,,,,,,,,,,,,,,,,,,,,,,,,,,,,,,,,,,,,,,,,,,,,,,,,,,,,,,,,,,,,,,,,,,,,,,,,,,,,,,,,,,,,,,,,,,,,,,,,,,,,,,,,,,,,,"CLIENT-PC",,,main,,,,12,,,,"//_::_====-=======______.",,"WinEventLog:Application","WinEventLog:Application",SIEM,,,,,,,,
,,,,,,,"CLIENT-PC",,,,,7040,4,,,,,,,,,,,,,,,,,,,Classic,,,System,,,,"The start type of the Background Intelligent Transfer Service service was changed from demand start to auto start.",,,,,,,,,,"The operation completed successfully.",,,,,,,,,,,,,,,,,,,2192,,,,,,,,,,,,,,"S-1-5-18",0,"Microsoft-Windows-Service Control Manager",,,,None,,,Information,"NOT_TRANSLATED",,"09/21/2023 11:27:09 PM
LogName=System
EventCode=7040
EventType=4
ComputerName=CLIENT-PC
User=NOT_TRANSLATED
Sid=S-1-5-18
SidType=0
SourceName=Microsoft-Windows-Service Control Manager
Type=Information
RecordNumber=2192
Keywords=Classic
TaskCategory=None
OpCode=The operation completed successfully.
Message=The start type of the Background Intelligent Transfer Service service was changed from demand start to auto start.","2023-09-21T23:27:09.000+03:00",,,,,,,,,,,,,,,,,,,,,,,,,,,,,,,,,,,,,,,,,,,,,,,,,,,,,,,,,,,,,,,,,,,,,,,,,,,,,,,,,,,,,,,,,,,,,,,,,,,,,,,,,,,,,,,,,,,,,,,,,,,,,,,,"CLIENT-PC",,,main,,,,15,,,,"//_::_====-==---==--__=====___.=_________________.",,"WinEventLog:System","WinEventLog:System",SIEM,,,,,,,,
,,,,,,,"CLIENT-PC",,,,,44,4,,,,,,,,,,,,,,,,,,,"Download, Started",,,System,,,,"Windows Update started downloading an update.",,,,,,,,,,Download,,,,,,,,,,,,,,,,,,,2191,,,,,,,,,,,,,,"S-1-5-18",0,"Microsoft-Windows-WindowsUpdateClient",,,,"Windows Update Agent",,,Information,"NOT_TRANSLATED",,"09/21/2023 11:26:06 PM
LogName=System
EventCode=44
EventType=4
ComputerName=CLIENT-PC
User=NOT_TRANSLATED
Sid=S-1-5-18
SidType=0
SourceName=Microsoft-Windows-WindowsUpdateClient
Type=Information
RecordNumber=2191
Keywords=Download, Started
TaskCategory=Windows Update Agent
OpCode=Download
Message=Windows Update started downloading an update.","2023-09-21T23:26:06.000+03:00",,,,,,,,,,,,,,,,,,,,,,,,,,,,,,,,,,,,,,,,,,,,,,,,,,,,,,,,,,,,,,,,,,,,,,,,,,,,,,,,,,,,,,,,,,,,,,,,,,,,,,,,,,,,,,,,,,,,,,,,,,,,,,,,"CLIENT-PC",,,main,,,,15,,,,"//_::_====-==---==--===,_=__==_____.",,"WinEventLog:System","WinEventLog:System",SIEM,,,,,,,,
,,,,,,,"CLIENT-PC",,,,,16394,4,,,,,,,,,,,,,,,,,,,Classic,,,Application,,,,"Offline downlevel migration succeeded.",,,,,,,,,,None,,,,,,,,,,,,,,,,,,,3148,,,,,,,,,,,,,,,,"Microsoft-Windows-Security-SPP",,,,None,,,Information,,,"09/21/2023 11:24:41 PM
LogName=Application
EventCode=16394
EventType=4
ComputerName=CLIENT-PC
SourceName=Microsoft-Windows-Security-SPP
Type=Information
RecordNumber=3148
Keywords=Classic
TaskCategory=None
OpCode=None
Message=Offline downlevel migration succeeded.","2023-09-21T23:24:41.000+03:00",,,,,,,,,,,,,,,,,,,,,,,,,,,,,,,,,,,,,,,,,,,,,,,,,,,,,,,,,,,,,,,,,,,,,,,,,,,,,,,,,,,,,,,,,,,,,,,,,,,,,,,,,,,,,,,,,,,,,,,,,,,,,,,,"CLIENT-PC",,,main,,,,12,,,,"//_::_====-=---======___.",,"WinEventLog:Application","WinEventLog:Application",SIEM,,,,,,,,
,,,,,,,"CLIENT-PC",,,,,16384,4,,,,,,,,,,,,,,,,,,,Classic,,,Application,,,,"Successfully scheduled Software Protection service for re-start at 2023-09-22T20:16:35Z. Reason: RulesEngine.",,,,,,,,,,None,,,,,,,,,,,,,,,,,,,3147,,,,,,,,,,,,,,,,"Microsoft-Windows-Security-SPP",,,,None,,,Information,,,"09/21/2023 11:24:35 PM
LogName=Application
EventCode=16384
EventType=4
ComputerName=CLIENT-PC
SourceName=Microsoft-Windows-Security-SPP
Type=Information
RecordNumber=3147
Keywords=Classic
TaskCategory=None
OpCode=None
Message=Successfully scheduled Software Protection service for re-start at 2023-09-22T20:16:35Z. Reason: RulesEngine.","2023-09-21T23:24:35.000+03:00",,,,,,,,,,,,,,,,,,,,,,,,,,,,,,,,,,,,,,,,,,,,,,,,,,,,,,,,,,,,,,,,,,,,,,,,,,,,,,,,,,,,,,,,,,,,,,,,,,,,,,,,,,,,,,,,,,,,,,,,,,,,,,,,"CLIENT-PC",,,main,,,,12,,,,"//_::_====-=---======______-__--::._:_.",,"WinEventLog:Application","WinEventLog:Application",SIEM,,,,,,,,
,,,,,,,"CLIENT-PC",,,,,16,4,,,,,,,,,,,,,,,,,,,None,,,System,,,,"The access history in hive \??\C:\Users\Communication_LTD\AppData\Local\Packages\Microsoft.YourPhone_8wekyb3d8bbwe\SystemAppData\Helium\UserClasses.dat was cleared updating 1 keys and creating 1 modified pages.",,,,,,,,,,Info,,,,,,,,,,,,,,,,,,,2190,,,,,,,,,,,,,,"S-1-5-18",0,"Microsoft-Windows-Kernel-General",,,,None,,,Information,"NOT_TRANSLATED",,"09/21/2023 11:24:09 PM
LogName=System
EventCode=16
EventType=4
ComputerName=CLIENT-PC
User=NOT_TRANSLATED
Sid=S-1-5-18
SidType=0
SourceName=Microsoft-Windows-Kernel-General
Type=Information
RecordNumber=2190
Keywords=None
TaskCategory=None
OpCode=Info
Message=The access history in hive \??\C:\Users\Communication_LTD\AppData\Local\Packages\Microsoft.YourPhone_8wekyb3d8bbwe\SystemAppData\Helium\UserClasses.dat was cleared updating 1 keys and creating 1 modified pages.","2023-09-21T23:24:09.000+03:00",,,,,,,,,,,,,,,,,,,,,,,,,,,,,,,,,,,,,,,,,,,,,,,,,,,,,,,,,,,,,,,,,,,,,,,,,,,,,,,,,,,,,,,,,,,,,,,,,,,,,,,,,,,,,,,,,,,,,,,,,,,,,,,,"CLIENT-PC",,,main,,,,15,,,,"//_::_====-==---==---======_____\??\:\\\\\\.\\\.__",,"WinEventLog:System","WinEventLog:System",SIEM,,,,,,,,
,,,,,,,"CLIENT-PC",,,,,16,4,,,,,,,,,,,,,,,,,,,None,,,System,,,,"The access history in hive \??\C:\Users\Communication_LTD\AppData\Local\Packages\Microsoft.YourPhone_8wekyb3d8bbwe\SystemAppData\Helium\User.dat was cleared updating 8 keys and creating 1 modified pages.",,,,,,,,,,Info,,,,,,,,,,,,,,,,,,,2189,,,,,,,,,,,,,,"S-1-5-18",0,"Microsoft-Windows-Kernel-General",,,,None,,,Information,"NOT_TRANSLATED",,"09/21/2023 11:24:09 PM
LogName=System
EventCode=16
EventType=4
ComputerName=CLIENT-PC
User=NOT_TRANSLATED
Sid=S-1-5-18
SidType=0
SourceName=Microsoft-Windows-Kernel-General
Type=Information
RecordNumber=2189
Keywords=None
TaskCategory=None
OpCode=Info
Message=The access history in hive \??\C:\Users\Communication_LTD\AppData\Local\Packages\Microsoft.YourPhone_8wekyb3d8bbwe\SystemAppData\Helium\User.dat was cleared updating 8 keys and creating 1 modified pages.","2023-09-21T23:24:09.000+03:00",,,,,,,,,,,,,,,,,,,,,,,,,,,,,,,,,,,,,,,,,,,,,,,,,,,,,,,,,,,,,,,,,,,,,,,,,,,,,,,,,,,,,,,,,,,,,,,,,,,,,,,,,,,,,,,,,,,,,,,,,,,,,,,,"CLIENT-PC",,,main,,,,15,,,,"//_::_====-==---==---======_____\??\:\\\\\\.\\\.__",,"WinEventLog:System","WinEventLog:System",SIEM,,,,,,,,
,,,,,,,"CLIENT-PC",,,,,16394,4,,,,,,,,,,,,,,,,,,,Classic,,,Application,,,,"Offline downlevel migration succeeded.",,,,,,,,,,None,,,,,,,,,,,,,,,,,,,3146,,,,,,,,,,,,,,,,"Microsoft-Windows-Security-SPP",,,,None,,,Information,,,"09/21/2023 11:23:59 PM
LogName=Application
EventCode=16394
EventType=4
ComputerName=CLIENT-PC
SourceName=Microsoft-Windows-Security-SPP
Type=Information
RecordNumber=3146
Keywords=Classic
TaskCategory=None
OpCode=None
Message=Offline downlevel migration succeeded.","2023-09-21T23:23:59.000+03:00",,,,,,,,,,,,,,,,,,,,,,,,,,,,,,,,,,,,,,,,,,,,,,,,,,,,,,,,,,,,,,,,,,,,,,,,,,,,,,,,,,,,,,,,,,,,,,,,,,,,,,,,,,,,,,,,,,,,,,,,,,,,,,,,"CLIENT-PC",,,main,,,,12,,,,"//_::_====-=---======___.",,"WinEventLog:Application","WinEventLog:Application",SIEM,,,,,,,,
,,,,,,,"CLIENT-PC",,,,,7040,4,,,,,,,,,,,,,,,,,,,Classic,,,System,,,,"The start type of the Background Intelligent Transfer Service service was changed from auto start to demand start.",,,,,,,,,,"The operation completed successfully.",,,,,,,,,,,,,,,,,,,2188,,,,,,,,,,,,,,"S-1-5-18",0,"Microsoft-Windows-Service Control Manager",,,,None,,,Information,"NOT_TRANSLATED",,"09/21/2023 11:23:28 PM
LogName=System
EventCode=7040
EventType=4
ComputerName=CLIENT-PC
User=NOT_TRANSLATED
Sid=S-1-5-18
SidType=0
SourceName=Microsoft-Windows-Service Control Manager
Type=Information
RecordNumber=2188
Keywords=Classic
TaskCategory=None
OpCode=The operation completed successfully.
Message=The start type of the Background Intelligent Transfer Service service was changed from auto start to demand start.","2023-09-21T23:23:28.000+03:00",,,,,,,,,,,,,,,,,,,,,,,,,,,,,,,,,,,,,,,,,,,,,,,,,,,,,,,,,,,,,,,,,,,,,,,,,,,,,,,,,,,,,,,,,,,,,,,,,,,,,,,,,,,,,,,,,,,,,,,,,,,,,,,,"CLIENT-PC",,,main,,,,15,,,,"//_::_====-==---==--__=====___.=_________________.",,"WinEventLog:System","WinEventLog:System",SIEM,,,,,,,,
,,,,,,,"CLIENT-PC",,,,,16384,4,,,,,,,,,,,,,,,,,,,Classic,,,Application,,,,"Successfully scheduled Software Protection service for re-start at 2023-09-22T20:16:17Z. Reason: RulesEngine.",,,,,,,,,,None,,,,,,,,,,,,,,,,,,,3145,,,,,,,,,,,,,,,,"Microsoft-Windows-Security-SPP",,,,None,,,Information,,,"09/21/2023 11:23:17 PM
LogName=Application
EventCode=16384
EventType=4
ComputerName=CLIENT-PC
SourceName=Microsoft-Windows-Security-SPP
Type=Information
RecordNumber=3145
Keywords=Classic
TaskCategory=None
OpCode=None
Message=Successfully scheduled Software Protection service for re-start at 2023-09-22T20:16:17Z. Reason: RulesEngine.","2023-09-21T23:23:17.000+03:00",,,,,,,,,,,,,,,,,,,,,,,,,,,,,,,,,,,,,,,,,,,,,,,,,,,,,,,,,,,,,,,,,,,,,,,,,,,,,,,,,,,,,,,,,,,,,,,,,,,,,,,,,,,,,,,,,,,,,,,,,,,,,,,,"CLIENT-PC",,,main,,,,12,,,,"//_::_====-=---======______-__--::._:_.",,"WinEventLog:Application","WinEventLog:Application",SIEM,,,,,,,,
,,,,,,,"CLIENT-PC",,,,,16394,4,,,,,,,,,,,,,,,,,,,Classic,,,Application,,,,"Offline downlevel migration succeeded.",,,,,,,,,,None,,,,,,,,,,,,,,,,,,,3144,,,,,,,,,,,,,,,,"Microsoft-Windows-Security-SPP",,,,None,,,Information,,,"09/21/2023 11:22:34 PM
LogName=Application
EventCode=16394
EventType=4
ComputerName=CLIENT-PC
SourceName=Microsoft-Windows-Security-SPP
Type=Information
RecordNumber=3144
Keywords=Classic
TaskCategory=None
OpCode=None
Message=Offline downlevel migration succeeded.","2023-09-21T23:22:34.000+03:00",,,,,,,,,,,,,,,,,,,,,,,,,,,,,,,,,,,,,,,,,,,,,,,,,,,,,,,,,,,,,,,,,,,,,,,,,,,,,,,,,,,,,,,,,,,,,,,,,,,,,,,,,,,,,,,,,,,,,,,,,,,,,,,,"CLIENT-PC",,,main,,,,12,,,,"//_::_====-=---======___.",,"WinEventLog:Application","WinEventLog:Application",SIEM,,,,,,,,
,,,,,,,"CLIENT-PC",,,,,16384,4,,,,,,,,,,,,,,,,,,,Classic,,,Application,,,,"Successfully scheduled Software Protection service for re-start at 2023-09-22T20:16:53Z. Reason: RulesEngine.",,,,,,,,,,None,,,,,,,,,,,,,,,,,,,3143,,,,,,,,,,,,,,,,"Microsoft-Windows-Security-SPP",,,,None,,,Information,,,"09/21/2023 11:21:54 PM
LogName=Application
EventCode=16384
EventType=4
ComputerName=CLIENT-PC
SourceName=Microsoft-Windows-Security-SPP
Type=Information
RecordNumber=3143
Keywords=Classic
TaskCategory=None
OpCode=None
Message=Successfully scheduled Software Protection service for re-start at 2023-09-22T20:16:53Z. Reason: RulesEngine.","2023-09-21T23:21:54.000+03:00",,,,,,,,,,,,,,,,,,,,,,,,,,,,,,,,,,,,,,,,,,,,,,,,,,,,,,,,,,,,,,,,,,,,,,,,,,,,,,,,,,,,,,,,,,,,,,,,,,,,,,,,,,,,,,,,,,,,,,,,,,,,,,,,"CLIENT-PC",,,main,,,,12,,,,"//_::_====-=---======______-__--::._:_.",,"WinEventLog:Application","WinEventLog:Application",SIEM,,,,,,,,
,,,,,,,"CLIENT-PC",,,,,16,4,,,,,,,,,,,,,,,,,,,None,,,System,,,,"The access history in hive \??\C:\Users\Communication_LTD\AppData\Local\Packages\Microsoft.MicrosoftEdge.Stable_8wekyb3d8bbwe\Settings\settings.dat was cleared updating 1 keys and creating 1 modified pages.",,,,,,,,,,Info,,,,,,,,,,,,,,,,,,,2187,,,,,,,,,,,,,,"S-1-5-21-1948427861-2696874323-1688284928-1000",0,"Microsoft-Windows-Kernel-General",,,,None,,,Information,"NOT_TRANSLATED",,"09/21/2023 11:21:29 PM
LogName=System
EventCode=16
EventType=4
ComputerName=CLIENT-PC
User=NOT_TRANSLATED
Sid=S-1-5-21-1948427861-2696874323-1688284928-1000
SidType=0
SourceName=Microsoft-Windows-Kernel-General
Type=Information
RecordNumber=2187
Keywords=None
TaskCategory=None
OpCode=Info
Message=The access history in hive \??\C:\Users\Communication_LTD\AppData\Local\Packages\Microsoft.MicrosoftEdge.Stable_8wekyb3d8bbwe\Settings\settings.dat was cleared updating 1 keys and creating 1 modified pages.","2023-09-21T23:21:29.000+03:00",,,,,,,,,,,,,,,,,,,,,,,,,,,,,,,,,,,,,,,,,,,,,,,,,,,,,,,,,,,,,,,,,,,,,,,,,,,,,,,,,,,,,,,,,,,,,,,,,,,,,,,,,,,,,,,,,,,,,,,,,,,,,,,,"CLIENT-PC",,,main,,,,15,,,,"//_::_====-==-------==---======_____\??\:\\\\\\..\",,"WinEventLog:System","WinEventLog:System",SIEM,,,,,,,,
,,,,,,,"CLIENT-PC",,,,,16394,4,,,,,,,,,,,,,,,,,,,Classic,,,Application,,,,"Offline downlevel migration succeeded.",,,,,,,,,,None,,,,,,,,,,,,,,,,,,,3142,,,,,,,,,,,,,,,,"Microsoft-Windows-Security-SPP",,,,None,,,Information,,,"09/21/2023 11:21:09 PM
LogName=Application
EventCode=16394
EventType=4
ComputerName=CLIENT-PC
SourceName=Microsoft-Windows-Security-SPP
Type=Information
RecordNumber=3142
Keywords=Classic
TaskCategory=None
OpCode=None
Message=Offline downlevel migration succeeded.","2023-09-21T23:21:09.000+03:00",,,,,,,,,,,,,,,,,,,,,,,,,,,,,,,,,,,,,,,,,,,,,,,,,,,,,,,,,,,,,,,,,,,,,,,,,,,,,,,,,,,,,,,,,,,,,,,,,,,,,,,,,,,,,,,,,,,,,,,,,,,,,,,,"CLIENT-PC",,,main,,,,12,,,,"//_::_====-=---======___.",,"WinEventLog:Application","WinEventLog:Application",SIEM,,,,,,,,
,,,,,,,"CLIENT-PC",,,,,16,4,,,,,,,,,,,,,,,,,,,None,,,System,,,,"The access history in hive \??\C:\Users\Communication_LTD\AppData\Local\Packages\Microsoft.XboxApp_8wekyb3d8bbwe\Settings\settings.dat was cleared updating 2 keys and creating 1 modified pages.",,,,,,,,,,Info,,,,,,,,,,,,,,,,,,,2185,,,,,,,,,,,,,,"S-1-5-21-1948427861-2696874323-1688284928-1000",0,"Microsoft-Windows-Kernel-General",,,,None,,,Information,"NOT_TRANSLATED",,"09/21/2023 11:20:16 PM
LogName=System
EventCode=16
EventType=4
ComputerName=CLIENT-PC
User=NOT_TRANSLATED
Sid=S-1-5-21-1948427861-2696874323-1688284928-1000
SidType=0
SourceName=Microsoft-Windows-Kernel-General
Type=Information
RecordNumber=2185
Keywords=None
TaskCategory=None
OpCode=Info
Message=The access history in hive \??\C:\Users\Communication_LTD\AppData\Local\Packages\Microsoft.XboxApp_8wekyb3d8bbwe\Settings\settings.dat was cleared updating 2 keys and creating 1 modified pages.","2023-09-21T23:20:16.000+03:00",,,,,,,,,,,,,,,,,,,,,,,,,,,,,,,,,,,,,,,,,,,,,,,,,,,,,,,,,,,,,,,,,,,,,,,,,,,,,,,,,,,,,,,,,,,,,,,,,,,,,,,,,,,,,,,,,,,,,,,,,,,,,,,,"CLIENT-PC",,,main,,,,15,,,,"//_::_====-==-------==---======_____\??\:\\\\\\.\\",,"WinEventLog:System","WinEventLog:System",SIEM,,,,,,,,
,,,,,,,"CLIENT-PC",,,,,16,4,,,,,,,,,,,,,,,,,,,None,,,System,,,,"The access history in hive \??\C:\Users\Communication_LTD\AppData\Local\Packages\Microsoft.BingWeather_8wekyb3d8bbwe\Settings\settings.dat was cleared updating 2 keys and creating 1 modified pages.",,,,,,,,,,Info,,,,,,,,,,,,,,,,,,,2184,,,,,,,,,,,,,,"S-1-5-21-1948427861-2696874323-1688284928-1000",0,"Microsoft-Windows-Kernel-General",,,,None,,,Information,"NOT_TRANSLATED",,"09/21/2023 11:20:06 PM
LogName=System
EventCode=16
EventType=4
ComputerName=CLIENT-PC
User=NOT_TRANSLATED
Sid=S-1-5-21-1948427861-2696874323-1688284928-1000
SidType=0
SourceName=Microsoft-Windows-Kernel-General
Type=Information
RecordNumber=2184
Keywords=None
TaskCategory=None
OpCode=Info
Message=The access history in hive \??\C:\Users\Communication_LTD\AppData\Local\Packages\Microsoft.BingWeather_8wekyb3d8bbwe\Settings\settings.dat was cleared updating 2 keys and creating 1 modified pages.","2023-09-21T23:20:06.000+03:00",,,,,,,,,,,,,,,,,,,,,,,,,,,,,,,,,,,,,,,,,,,,,,,,,,,,,,,,,,,,,,,,,,,,,,,,,,,,,,,,,,,,,,,,,,,,,,,,,,,,,,,,,,,,,,,,,,,,,,,,,,,,,,,,"CLIENT-PC",,,main,,,,15,,,,"//_::_====-==-------==---======_____\??\:\\\\\\.\\",,"WinEventLog:System","WinEventLog:System",SIEM,,,,,,,,
,,,,,,,"CLIENT-PC",,,,,15,4,,,,,,,,,,,,,,,,,,,Classic,,,Application,,,,"Updated Windows Defender status successfully to SECURITY_PRODUCT_STATE_ON.",,,,,,,,,,Info,,,,,,,,,,,,,,,,,,,3141,,,,,,,,,,,,,,,,SecurityCenter,,,,None,,,Information,,,"09/21/2023 11:19:24 PM
LogName=Application
EventCode=15
EventType=4
ComputerName=CLIENT-PC
SourceName=SecurityCenter
Type=Information
RecordNumber=3141
Keywords=Classic
TaskCategory=None
OpCode=Info
Message=Updated Windows Defender status successfully to SECURITY_PRODUCT_STATE_ON.","2023-09-21T23:19:24.000+03:00",,,,,,,,,,,,,,,,,,,,,,,,,,,,,,,,,,,,,,,,,,,,,,,,,,,,,,,,,,,,,,,,,,,,,,,,,,,,,,,,,,,,,,,,,,,,,,,,,,,,,,,,,,,,,,,,,,,,,,,,,,,,,,,,"CLIENT-PC",,,main,,,,12,,,,"//_::_====-=======______.",,"WinEventLog:Application","WinEventLog:Application",SIEM,,,,,,,,
,,,,,,,"CLIENT-PC",,,,,16,4,,,,,,,,,,,,,,,,,,,None,,,System,,,,"The access history in hive \??\C:\Users\Communication_LTD\AppData\Local\Packages\Microsoft.Microsoft3DViewer_8wekyb3d8bbwe\Settings\settings.dat was cleared updating 1 keys and creating 1 modified pages.",,,,,,,,,,Info,,,,,,,,,,,,,,,,,,,2183,,,,,,,,,,,,,,"S-1-5-21-1948427861-2696874323-1688284928-1000",0,"Microsoft-Windows-Kernel-General",,,,None,,,Information,"NOT_TRANSLATED",,"09/21/2023 11:19:23 PM
LogName=System
EventCode=16
EventType=4
ComputerName=CLIENT-PC
User=NOT_TRANSLATED
Sid=S-1-5-21-1948427861-2696874323-1688284928-1000
SidType=0
SourceName=Microsoft-Windows-Kernel-General
Type=Information
RecordNumber=2183
Keywords=None
TaskCategory=None
OpCode=Info
Message=The access history in hive \??\C:\Users\Communication_LTD\AppData\Local\Packages\Microsoft.Microsoft3DViewer_8wekyb3d8bbwe\Settings\settings.dat was cleared updating 1 keys and creating 1 modified pages.","2023-09-21T23:19:23.000+03:00",,,,,,,,,,,,,,,,,,,,,,,,,,,,,,,,,,,,,,,,,,,,,,,,,,,,,,,,,,,,,,,,,,,,,,,,,,,,,,,,,,,,,,,,,,,,,,,,,,,,,,,,,,,,,,,,,,,,,,,,,,,,,,,,"CLIENT-PC",,,main,,,,15,,,,"//_::_====-==-------==---======_____\??\:\\\\\\.\\",,"WinEventLog:System","WinEventLog:System",SIEM,,,,,,,,
,,,,,,,"CLIENT-PC",,,,,1,4,,,,,,,,,,,,,,,,,,,Classic,,,Application,,,,"The Windows Security Center Service has started.",,,,,,,,,,Info,,,,,,,,,,,,,,,,,,,3140,,,,,,,,,,,,,,,,SecurityCenter,,,,None,,,Information,,,"09/21/2023 11:19:22 PM
LogName=Application
EventCode=1
EventType=4
ComputerName=CLIENT-PC
SourceName=SecurityCenter
Type=Information
RecordNumber=3140
Keywords=Classic
TaskCategory=None
OpCode=Info
Message=The Windows Security Center Service has started.","2023-09-21T23:19:22.000+03:00",,,,,,,,,,,,,,,,,,,,,,,,,,,,,,,,,,,,,,,,,,,,,,,,,,,,,,,,,,,,,,,,,,,,,,,,,,,,,,,,,,,,,,,,,,,,,,,,,,,,,,,,,,,,,,,,,,,,,,,,,,,,,,,,"CLIENT-PC",,,main,,,,12,,,,"//_::_====-=======______.",,"WinEventLog:Application","WinEventLog:Application",SIEM,,,,,,,,
,,,,,,,"CLIENT-PC",,,,,10016,3,,,,,,,,,,,,,,,,,,,Classic,,,System,,,,"The application-specific permission settings do not grant Local Launch permission for the COM Server application with CLSID 
Windows.SecurityCenter.SecurityAppBroker
 and APPID 
Unavailable
 to the user NT AUTHORITY\SYSTEM SID (S-1-5-18) from address LocalHost (Using LRPC) running in the application container Unavailable SID (Unavailable). This security permission can be modified using the Component Services administrative tool.",,,,,,,,,,Info,,,,,,,,,,,,,,,,,,,2182,,,,,,,,,,,,,,"S-1-5-18",0,"Microsoft-Windows-DistributedCOM",,,,None,,,Warning,"NOT_TRANSLATED",,"09/21/2023 11:19:21 PM
LogName=System
EventCode=10016
EventType=3
ComputerName=CLIENT-PC
User=NOT_TRANSLATED
Sid=S-1-5-18
SidType=0
SourceName=Microsoft-Windows-DistributedCOM
Type=Warning
RecordNumber=2182
Keywords=Classic
TaskCategory=None
OpCode=Info
Message=The application-specific permission settings do not grant Local Launch permission for the COM Server application with CLSID 
Windows.SecurityCenter.SecurityAppBroker
 and APPID 
Unavailable
 to the user NT AUTHORITY\SYSTEM SID (S-1-5-18) from address LocalHost (Using LRPC) running in the application container Unavailable SID (Unavailable). This security permission can be modified using the Component Services administrative tool.","2023-09-21T23:19:21.000+03:00",,,,,,,,,,,,,,,,,,,,,,,,,,,,,,,,,,,,,,,,,,,,,,,,,,,,,,,,,,,,,,,,,,,,,,,,,,,,,,,,,,,,,,,,,,,,,,,,,,,,,,,,,,,,,,,,,,,,,,,,,,,,,,,,"CLIENT-PC",,,main,,,,19,,,,"//_::_====-==---==--======_-________________\r..\r__",,"WinEventLog:System","WinEventLog:System",SIEM,,,,,,,,
,,,,,,,"CLIENT-PC",,,,,10016,3,,,,,,,,,,,,,,,,,,,Classic,,,System,,,,"The application-specific permission settings do not grant Local Launch permission for the COM Server application with CLSID 
Windows.SecurityCenter.WscBrokerManager
 and APPID 
Unavailable
 to the user NT AUTHORITY\SYSTEM SID (S-1-5-18) from address LocalHost (Using LRPC) running in the application container Unavailable SID (Unavailable). This security permission can be modified using the Component Services administrative tool.",,,,,,,,,,Info,,,,,,,,,,,,,,,,,,,2181,,,,,,,,,,,,,,"S-1-5-18",0,"Microsoft-Windows-DistributedCOM",,,,None,,,Warning,"NOT_TRANSLATED",,"09/21/2023 11:19:21 PM
LogName=System
EventCode=10016
EventType=3
ComputerName=CLIENT-PC
User=NOT_TRANSLATED
Sid=S-1-5-18
SidType=0
SourceName=Microsoft-Windows-DistributedCOM
Type=Warning
RecordNumber=2181
Keywords=Classic
TaskCategory=None
OpCode=Info
Message=The application-specific permission settings do not grant Local Launch permission for the COM Server application with CLSID 
Windows.SecurityCenter.WscBrokerManager
 and APPID 
Unavailable
 to the user NT AUTHORITY\SYSTEM SID (S-1-5-18) from address LocalHost (Using LRPC) running in the application container Unavailable SID (Unavailable). This security permission can be modified using the Component Services administrative tool.","2023-09-21T23:19:21.000+03:00",,,,,,,,,,,,,,,,,,,,,,,,,,,,,,,,,,,,,,,,,,,,,,,,,,,,,,,,,,,,,,,,,,,,,,,,,,,,,,,,,,,,,,,,,,,,,,,,,,,,,,,,,,,,,,,,,,,,,,,,,,,,,,,,"CLIENT-PC",,,main,,,,19,,,,"//_::_====-==---==--======_-________________\r..\r__",,"WinEventLog:System","WinEventLog:System",SIEM,,,,,,,,
,,,,,,,"CLIENT-PC",,,,,10016,3,,,,,,,,,,,,,,,,,,,Classic,,,System,,,,"The application-specific permission settings do not grant Local Launch permission for the COM Server application with CLSID 
Windows.SecurityCenter.WscDataProtection
 and APPID 
Unavailable
 to the user NT AUTHORITY\SYSTEM SID (S-1-5-18) from address LocalHost (Using LRPC) running in the application container Unavailable SID (Unavailable). This security permission can be modified using the Component Services administrative tool.",,,,,,,,,,Info,,,,,,,,,,,,,,,,,,,2180,,,,,,,,,,,,,,"S-1-5-18",0,"Microsoft-Windows-DistributedCOM",,,,None,,,Warning,"NOT_TRANSLATED",,"09/21/2023 11:19:21 PM
LogName=System
EventCode=10016
EventType=3
ComputerName=CLIENT-PC
User=NOT_TRANSLATED
Sid=S-1-5-18
SidType=0
SourceName=Microsoft-Windows-DistributedCOM
Type=Warning
RecordNumber=2180
Keywords=Classic
TaskCategory=None
OpCode=Info
Message=The application-specific permission settings do not grant Local Launch permission for the COM Server application with CLSID 
Windows.SecurityCenter.WscDataProtection
 and APPID 
Unavailable
 to the user NT AUTHORITY\SYSTEM SID (S-1-5-18) from address LocalHost (Using LRPC) running in the application container Unavailable SID (Unavailable). This security permission can be modified using the Component Services administrative tool.","2023-09-21T23:19:21.000+03:00",,,,,,,,,,,,,,,,,,,,,,,,,,,,,,,,,,,,,,,,,,,,,,,,,,,,,,,,,,,,,,,,,,,,,,,,,,,,,,,,,,,,,,,,,,,,,,,,,,,,,,,,,,,,,,,,,,,,,,,,,,,,,,,,"CLIENT-PC",,,main,,,,19,,,,"//_::_====-==---==--======_-________________\r..\r__",,"WinEventLog:System","WinEventLog:System",SIEM,,,,,,,,
,,,,,,,"CLIENT-PC",,,,,16,4,,,,,,,,,,,,,,,,,,,None,,,System,,,,"The access history in hive \??\C:\Users\Communication_LTD\AppData\Local\Packages\Microsoft.HEIFImageExtension_8wekyb3d8bbwe\Settings\settings.dat was cleared updating 1 keys and creating 1 modified pages.",,,,,,,,,,Info,,,,,,,,,,,,,,,,,,,2179,,,,,,,,,,,,,,"S-1-5-21-1948427861-2696874323-1688284928-1000",0,"Microsoft-Windows-Kernel-General",,,,None,,,Information,"NOT_TRANSLATED",,"09/21/2023 11:19:05 PM
LogName=System
EventCode=16
EventType=4
ComputerName=CLIENT-PC
User=NOT_TRANSLATED
Sid=S-1-5-21-1948427861-2696874323-1688284928-1000
SidType=0
SourceName=Microsoft-Windows-Kernel-General
Type=Information
RecordNumber=2179
Keywords=None
TaskCategory=None
OpCode=Info
Message=The access history in hive \??\C:\Users\Communication_LTD\AppData\Local\Packages\Microsoft.HEIFImageExtension_8wekyb3d8bbwe\Settings\settings.dat was cleared updating 1 keys and creating 1 modified pages.","2023-09-21T23:19:05.000+03:00",,,,,,,,,,,,,,,,,,,,,,,,,,,,,,,,,,,,,,,,,,,,,,,,,,,,,,,,,,,,,,,,,,,,,,,,,,,,,,,,,,,,,,,,,,,,,,,,,,,,,,,,,,,,,,,,,,,,,,,,,,,,,,,,"CLIENT-PC",,,main,,,,15,,,,"//_::_====-==-------==---======_____\??\:\\\\\\.\\",,"WinEventLog:System","WinEventLog:System",SIEM,,,,,,,,
,,,,,,,"CLIENT-PC",,,,,16384,4,,,,,,,,,,,,,,,,,,,Classic,,,Application,,,,"Successfully scheduled Software Protection service for re-start at 2023-09-22T20:16:59Z. Reason: RulesEngine.",,,,,,,,,,None,,,,,,,,,,,,,,,,,,,3139,,,,,,,,,,,,,,,,"Microsoft-Windows-Security-SPP",,,,None,,,Information,,,"09/21/2023 11:18:59 PM
LogName=Application
EventCode=16384
EventType=4
ComputerName=CLIENT-PC
SourceName=Microsoft-Windows-Security-SPP
Type=Information
RecordNumber=3139
Keywords=Classic
TaskCategory=None
OpCode=None
Message=Successfully scheduled Software Protection service for re-start at 2023-09-22T20:16:59Z. Reason: RulesEngine.","2023-09-21T23:18:59.000+03:00",,,,,,,,,,,,,,,,,,,,,,,,,,,,,,,,,,,,,,,,,,,,,,,,,,,,,,,,,,,,,,,,,,,,,,,,,,,,,,,,,,,,,,,,,,,,,,,,,,,,,,,,,,,,,,,,,,,,,,,,,,,,,,,,"CLIENT-PC",,,main,,,,12,,,,"//_::_====-=---======______-__--::._:_.",,"WinEventLog:Application","WinEventLog:Application",SIEM,,,,,,,,
,,,,,,,"CLIENT-PC",,,,,16,4,,,,,,,,,,,,,,,,,,,None,,,System,,,,"The access history in hive \??\C:\Users\Communication_LTD\AppData\Local\Packages\Microsoft.StorePurchaseApp_8wekyb3d8bbwe\Settings\settings.dat was cleared updating 1 keys and creating 1 modified pages.",,,,,,,,,,Info,,,,,,,,,,,,,,,,,,,2178,,,,,,,,,,,,,,"S-1-5-21-1948427861-2696874323-1688284928-1000",0,"Microsoft-Windows-Kernel-General",,,,None,,,Information,"NOT_TRANSLATED",,"09/21/2023 11:18:48 PM
LogName=System
EventCode=16
EventType=4
ComputerName=CLIENT-PC
User=NOT_TRANSLATED
Sid=S-1-5-21-1948427861-2696874323-1688284928-1000
SidType=0
SourceName=Microsoft-Windows-Kernel-General
Type=Information
RecordNumber=2178
Keywords=None
TaskCategory=None
OpCode=Info
Message=The access history in hive \??\C:\Users\Communication_LTD\AppData\Local\Packages\Microsoft.StorePurchaseApp_8wekyb3d8bbwe\Settings\settings.dat was cleared updating 1 keys and creating 1 modified pages.","2023-09-21T23:18:48.000+03:00",,,,,,,,,,,,,,,,,,,,,,,,,,,,,,,,,,,,,,,,,,,,,,,,,,,,,,,,,,,,,,,,,,,,,,,,,,,,,,,,,,,,,,,,,,,,,,,,,,,,,,,,,,,,,,,,,,,,,,,,,,,,,,,,"CLIENT-PC",,,main,,,,15,,,,"//_::_====-==-------==---======_____\??\:\\\\\\.\\",,"WinEventLog:System","WinEventLog:System",SIEM,,,,,,,,
,,,,,,,"CLIENT-PC",,,,,7040,4,,,,,,,,,,,,,,,,,,,Classic,,,System,,,,"The start type of the Background Intelligent Transfer Service service was changed from demand start to auto start.",,,,,,,,,,"The operation completed successfully.",,,,,,,,,,,,,,,,,,,2177,,,,,,,,,,,,,,"S-1-5-18",0,"Microsoft-Windows-Service Control Manager",,,,None,,,Information,"NOT_TRANSLATED",,"09/21/2023 11:18:39 PM
LogName=System
EventCode=7040
EventType=4
ComputerName=CLIENT-PC
User=NOT_TRANSLATED
Sid=S-1-5-18
SidType=0
SourceName=Microsoft-Windows-Service Control Manager
Type=Information
RecordNumber=2177
Keywords=Classic
TaskCategory=None
OpCode=The operation completed successfully.
Message=The start type of the Background Intelligent Transfer Service service was changed from demand start to auto start.","2023-09-21T23:18:39.000+03:00",,,,,,,,,,,,,,,,,,,,,,,,,,,,,,,,,,,,,,,,,,,,,,,,,,,,,,,,,,,,,,,,,,,,,,,,,,,,,,,,,,,,,,,,,,,,,,,,,,,,,,,,,,,,,,,,,,,,,,,,,,,,,,,,"CLIENT-PC",,,main,,,,15,,,,"//_::_====-==---==--__=====___.=_________________.",,"WinEventLog:System","WinEventLog:System",SIEM,,,,,,,,
