LogName=Security
EventCode=4688
EventType=0
ComputerName=CLIENT-PC
SourceName=Microsoft Windows security auditing.
Type=Information
RecordNumber=307319
Keywords=Audit Success
TaskCategory=Process Creation
OpCode=Info
Message=A new process has been created.

Creator Subject:
	Security ID:		S-1-5-18
	Account Name:		-
	Account Domain:		-
	Logon ID:		0x3E7

Target Subject:
	Security ID:		S-1-0-0
	Account Name:		-
	Account Domain:		-
	Logon ID:		0x0

Process Information:
	New Process ID:		0x5c
	New Process Name:	Registry
	Token Elevation Type:	%%1936
	Mandatory Label:		S-1-16-16384
	Creator Process ID:	0x4
	Creator Process Name:	
	Process Command Line:	

Token Elevation Type indicates the type of token that was assigned to the new process in accordance with User Account Control policy.

Type 1 is a full token with no privileges removed or groups disabled.  A full token is only used if User Account Control is disabled or if the user is the built-in Administrator account or a service account.

Type 2 is an elevated token with no privileges removed or groups disabled.  An elevated token is used when User Account Control is enabled and the user chooses to start the program using Run as administrator.  An elevated token is also used when an application is configured to always require administrative privilege or to always require maximum privilege, and the user is a member of the Administrators group.

Type 3 is a limited token with administrative privileges removed and administrative groups disabled.  The limited token is used when User Account Control is enabled, the application does not require administrative privilege, and the user does not choose to start the program using Run as administrator.","2023-09-21T23:14:31.000+03:00",,,,,,,,,,,,,,,,,,,,,,,,,,,,,,,,,,,,,,,,,,,,,,,,,,,,,,,,,,,,,,,,,,,,,,,,,,,,,,,,,,,,,,,,,,,,,,,,,,,,,,,,,,,,,,,,,,,,,,,,,,,,,,,,"CLIENT-PC",,,main,,,,41,,,,"//_::_====-=___.===_=_==_____.\r\r_:\rt_:tt---\rt_:tt-",,"WinEventLog:Security","WinEventLog:Security",SIEM,,,,,,,,
,,,,,,,"CLIENT-PC",,,,,98,4,,,,,,,,,,,,,,,,,,,None,,,System,,,,"Volume C: (\Device\HarddiskVolume1) is healthy.  No action is needed.",,,,,,,,,,Info,,,,,,,,,,,,,,,,,,,2139,,,,,,,,,,,,,,"S-1-5-18",0,"Microsoft-Windows-Ntfs",,,,None,,,Information,"NOT_TRANSLATED",,"09/21/2023 11:14:30 PM
LogName=System
EventCode=98
EventType=4
ComputerName=CLIENT-PC
User=NOT_TRANSLATED
Sid=S-1-5-18
SidType=0
SourceName=Microsoft-Windows-Ntfs
Type=Information
RecordNumber=2139
Keywords=None
TaskCategory=None
OpCode=Info
Message=Volume C: (\Device\HarddiskVolume1) is healthy.  No action is needed.","2023-09-21T23:14:30.000+03:00",,,,,,,,,,,,,,,,,,,,,,,,,,,,,,,,,,,,,,,,,,,,,,,,,,,,,,,,,,,,,,,,,,,,,,,,,,,,,,,,,,,,,,,,,,,,,,,,,,,,,,,,,,,,,,,,,,,,,,,,,,,,,,,,"CLIENT-PC",,,main,,,,15,,,,"//_::_====-==---==--======_:_(\\)__._____.",,"WinEventLog:System","WinEventLog:System",SIEM,,,,,,,,
,,,,,,,"CLIENT-PC",,,,,6,4,,,,,,,,,,,,,,,,,,,None,,,System,,,,"File System Filter 'WdFilter' (10.0, 2035-08-05T03:44:58.000000000Z) has successfully loaded and registered with Filter Manager.",,,,,,,,,,Info,,,,,,,,,,,,,,,,,,,2138,,,,,,,,,,,,,,"S-1-5-18",0,"Microsoft-Windows-FilterManager",,,,None,,,Information,"NOT_TRANSLATED",,"09/21/2023 11:14:25 PM
LogName=System
EventCode=6
EventType=4
ComputerName=CLIENT-PC
User=NOT_TRANSLATED
Sid=S-1-5-18
SidType=0
SourceName=Microsoft-Windows-FilterManager
Type=Information
RecordNumber=2138
Keywords=None
TaskCategory=None
OpCode=Info
Message=File System Filter 'WdFilter' (10.0, 2035-08-05T03:44:58.000000000Z) has successfully loaded and registered with Filter Manager.","2023-09-21T23:14:25.000+03:00",,,,,,,,,,,,,,,,,,,,,,,,,,,,,,,,,,,,,,,,,,,,,,,,,,,,,,,,,,,,,,,,,,,,,,,,,,,,,,,,,,,,,,,,,,,,,,,,,,,,,,,,,,,,,,,,,,,,,,,,,,,,,,,,"CLIENT-PC",,,main,,,,15,,,,"//_::_====-==---==--======___''_(.,_--::.)________",,"WinEventLog:System","WinEventLog:System",SIEM,,,,,,,,
,,,,,,,"CLIENT-PC",,,,,6,4,,,,,,,,,,,,,,,,,,,None,,,System,,,,"File System Filter 'Wof' (10.0, 2023-04-23T05:17:53.000000000Z) has successfully loaded and registered with Filter Manager.",,,,,,,,,,Info,,,,,,,,,,,,,,,,,,,2137,,,,,,,,,,,,,,"S-1-5-18",0,"Microsoft-Windows-FilterManager",,,,None,,,Information,"NOT_TRANSLATED",,"09/21/2023 11:14:25 PM
LogName=System
EventCode=6
EventType=4
ComputerName=CLIENT-PC
User=NOT_TRANSLATED
Sid=S-1-5-18
SidType=0
SourceName=Microsoft-Windows-FilterManager
Type=Information
RecordNumber=2137
Keywords=None
TaskCategory=None
OpCode=Info
Message=File System Filter 'Wof' (10.0, 2023-04-23T05:17:53.000000000Z) has successfully loaded and registered with Filter Manager.","2023-09-21T23:14:25.000+03:00",,,,,,,,,,,,,,,,,,,,,,,,,,,,,,,,,,,,,,,,,,,,,,,,,,,,,,,,,,,,,,,,,,,,,,,,,,,,,,,,,,,,,,,,,,,,,,,,,,,,,,,,,,,,,,,,,,,,,,,,,,,,,,,,"CLIENT-PC",,,main,,,,15,,,,"//_::_====-==---==--======___''_(.,_--::.)________",,"WinEventLog:System","WinEventLog:System",SIEM,,,,,,,,
,,,,,,,"CLIENT-PC",,,,,6,4,,,,,,,,,,,,,,,,,,,None,,,System,,,,"File System Filter 'FileInfo' (10.0, 2062-12-23T08:21:06.000000000Z) has successfully loaded and registered with Filter Manager.",,,,,,,,,,Info,,,,,,,,,,,,,,,,,,,2136,,,,,,,,,,,,,,"S-1-5-18",0,"Microsoft-Windows-FilterManager",,,,None,,,Information,"NOT_TRANSLATED",,"09/21/2023 11:14:25 PM
LogName=System
EventCode=6
EventType=4
ComputerName=CLIENT-PC
User=NOT_TRANSLATED
Sid=S-1-5-18
SidType=0
SourceName=Microsoft-Windows-FilterManager
Type=Information
RecordNumber=2136
Keywords=None
TaskCategory=None
OpCode=Info
Message=File System Filter 'FileInfo' (10.0, 2062-12-23T08:21:06.000000000Z) has successfully loaded and registered with Filter Manager.","2023-09-21T23:14:25.000+03:00",,,,,,,,,,,,,,,,,,,,,,,,,,,,,,,,,,,,,,,,,,,,,,,,,,,,,,,,,,,,,,,,,,,,,,,,,,,,,,,,,,,,,,,,,,,,,,,,,,,,,,,,,,,,,,,,,,,,,,,,,,,,,,,,"CLIENT-PC",,,main,,,,15,,,,"//_::_====-==---==--======___''_(.,_--::.)________",,"WinEventLog:System","WinEventLog:System",SIEM,,,,,,,,
,,,,,,,"CLIENT-PC",,,,,16,4,,,,,,,,,,,,,,,,,,,None,,,System,,,,"The iommu fault reporting has been initialized.",,,,,,,,,,Info,,,,,,,,,,,,,,,,,,,2135,,,,,,,,,,,,,,"S-1-5-18",0,"Microsoft-Windows-HAL",,,,None,,,Information,"NOT_TRANSLATED",,"09/21/2023 11:14:20 PM
LogName=System
EventCode=16
EventType=4
ComputerName=CLIENT-PC
User=NOT_TRANSLATED
Sid=S-1-5-18
SidType=0
SourceName=Microsoft-Windows-HAL
Type=Information
RecordNumber=2135
Keywords=None
TaskCategory=None
OpCode=Info
Message=The iommu fault reporting has been initialized.","2023-09-21T23:14:20.000+03:00",,,,,,,,,,,,,,,,,,,,,,,,,,,,,,,,,,,,,,,,,,,,,,,,,,,,,,,,,,,,,,,,,,,,,,,,,,,,,,,,,,,,,,,,,,,,,,,,,,,,,,,,,,,,,,,,,,,,,,,,,,,,,,,,"CLIENT-PC",,,main,,,,15,,,,"//_::_====-==---==--======______.",,"WinEventLog:System","WinEventLog:System",SIEM,,,,,,,,
,,,,,,,"CLIENT-PC",,,,,20,4,,,,,,,,,,,,,,,,,,,Time,true,,System,,,,"The leap second configuration has been updated.
Reason: Leap second data initialized from registry during boot
Leap seconds enabled: true
New leap second count: 0
Old leap second count: 0",,,,,,,0,,0,Info,,,,,,,,,,,,,,,,"Leap second data initialized from registry during boot",,,2134,,,,,,,,,,,,,,"S-1-5-18",0,"Microsoft-Windows-Kernel-General",,,,6,,,Information,"NOT_TRANSLATED",,"09/21/2023 11:14:20 PM
LogName=System
EventCode=20
EventType=4
ComputerName=CLIENT-PC
User=NOT_TRANSLATED
Sid=S-1-5-18
SidType=0
SourceName=Microsoft-Windows-Kernel-General
Type=Information
RecordNumber=2134
Keywords=Time
TaskCategory=6
OpCode=Info
Message=The leap second configuration has been updated.
Reason: Leap second data initialized from registry during boot
Leap seconds enabled: true
New leap second count: 0
Old leap second count: 0","2023-09-21T23:14:20.000+03:00",,,,,,,,,,,,,,,,,,,,,,,,,,,,,,,,,,,,,,,,,,,,,,,,,,,,,,,,,,,,,,,,,,,,,,,,,,,,,,,,,,,,,,,,,,,,,,,,,,,,,,,,,,,,,,,,,,,,,,,,,,,,,,,,"CLIENT-PC",,,main,,,,19,,,,"//_::_====-==---==---======______.\r:________\r__:_\r",,"WinEventLog:System","WinEventLog:System",SIEM,,,,,,,,
,,,,,,,"CLIENT-PC",,,,,32,4,,,,,,,,,,,,,,,,,,,None,,,System,,,,"The bootmgr spent 0 ms waiting for user input.",,,,,,,,,,Info,,,,,,,,,,,,,,,,,,,2133,,,,,,,,,,,,,,"S-1-5-18",0,"Microsoft-Windows-Kernel-Boot",,,,58,,,Information,"NOT_TRANSLATED",,"09/21/2023 11:14:20 PM
LogName=System
EventCode=32
EventType=4
ComputerName=CLIENT-PC
User=NOT_TRANSLATED
Sid=S-1-5-18
SidType=0
SourceName=Microsoft-Windows-Kernel-Boot
Type=Information
RecordNumber=2133
Keywords=None
TaskCategory=58
OpCode=Info
Message=The bootmgr spent 0 ms waiting for user input.","2023-09-21T23:14:20.000+03:00",,,,,,,,,,,,,,,,,,,,,,,,,,,,,,,,,,,,,,,,,,,,,,,,,,,,,,,,,,,,,,,,,,,,,,,,,,,,,,,,,,,,,,,,,,,,,,,,,,,,,,,,,,,,,,,,,,,,,,,,,,,,,,,,"CLIENT-PC",,,main,,,,15,,,,"//_::_====-==---==---======________.",,"WinEventLog:System","WinEventLog:System",SIEM,,,,,,,,
,,,,,,,"CLIENT-PC",,,,,18,4,,,,,,,,,,,,,,,,,,,None,,,System,,,,"There are 0x1 boot options on this system.",,,,,,,,,,Info,,,,,,,,,,,,,,,,,,,2132,,,,,,,,,,,,,,"S-1-5-18",0,"Microsoft-Windows-Kernel-Boot",,,,57,,,Information,"NOT_TRANSLATED",,"09/21/2023 11:14:20 PM
LogName=System
EventCode=18
EventType=4
ComputerName=CLIENT-PC
User=NOT_TRANSLATED
Sid=S-1-5-18
SidType=0
SourceName=Microsoft-Windows-Kernel-Boot
Type=Information
RecordNumber=2132
Keywords=None
TaskCategory=57
OpCode=Info
Message=There are 0x1 boot options on this system.","2023-09-21T23:14:20.000+03:00",,,,,,,,,,,,,,,,,,,,,,,,,,,,,,,,,,,,,,,,,,,,,,,,,,,,,,,,,,,,,,,,,,,,,,,,,,,,,,,,,,,,,,,,,,,,,,,,,,,,,,,,,,,,,,,,,,,,,,,,,,,,,,,,"CLIENT-PC",,,main,,,,15,,,,"//_::_====-==---==---======_______.",,"WinEventLog:System","WinEventLog:System",SIEM,,,,,,,,
,,,,,,,"CLIENT-PC",,,,,27,4,,,,,,,,,,,,,,,,,,,None,,,System,,,,"The boot type was 0x0.",,,,,,,,,,Info,,,,,,,,,,,,,,,,,,,2131,,,,,,,,,,,,,,"S-1-5-18",0,"Microsoft-Windows-Kernel-Boot",,,,33,,,Information,"NOT_TRANSLATED",,"09/21/2023 11:14:20 PM
LogName=System
EventCode=27
EventType=4
ComputerName=CLIENT-PC
User=NOT_TRANSLATED
Sid=S-1-5-18
SidType=0
SourceName=Microsoft-Windows-Kernel-Boot
Type=Information
RecordNumber=2131
Keywords=None
TaskCategory=33
OpCode=Info
Message=The boot type was 0x0.","2023-09-21T23:14:20.000+03:00",,,,,,,,,,,,,,,,,,,,,,,,,,,,,,,,,,,,,,,,,,,,,,,,,,,,,,,,,,,,,,,,,,,,,,,,,,,,,,,,,,,,,,,,,,,,,,,,,,,,,,,,,,,,,,,,,,,,,,,,,,,,,,,,"CLIENT-PC",,,main,,,,15,,,,"//_::_====-==---==---======____.",,"WinEventLog:System","WinEventLog:System",SIEM,,,,,,,,
,,,,,,,"CLIENT-PC",,,,,25,4,,,,,,,,,,,,,,,,,,,None,,,System,,,,"The boot menu policy was 0x1.",,,,,,,,,,Info,,,,,,,,,,,,,,,,,,,2130,,,,,,,,,,,,,,"S-1-5-18",0,"Microsoft-Windows-Kernel-Boot",,,,32,,,Information,"NOT_TRANSLATED",,"09/21/2023 11:14:20 PM
LogName=System
EventCode=25
EventType=4
ComputerName=CLIENT-PC
User=NOT_TRANSLATED
Sid=S-1-5-18
SidType=0
SourceName=Microsoft-Windows-Kernel-Boot
Type=Information
RecordNumber=2130
Keywords=None
TaskCategory=32
OpCode=Info
Message=The boot menu policy was 0x1.","2023-09-21T23:14:20.000+03:00",,,,,,,,,,,,,,,,,,,,,,,,,,,,,,,,,,,,,,,,,,,,,,,,,,,,,,,,,,,,,,,,,,,,,,,,,,,,,,,,,,,,,,,,,,,,,,,,,,,,,,,,,,,,,,,,,,,,,,,,,,,,,,,,"CLIENT-PC",,,main,,,,15,,,,"//_::_====-==---==---======_____.",,"WinEventLog:System","WinEventLog:System",SIEM,,,,,,,,
,,,,,,,"CLIENT-PC",,,,,20,4,,,,,,,,,,,,,,,,,,,None,,,System,,,,"The last shutdown's success status was false. The last boot's success status was true.",,,,,,,,,,Info,,,,,,,,,,,,,,,,,,,2129,,,,,,,,,,,,,,"S-1-5-18",0,"Microsoft-Windows-Kernel-Boot",,,,31,,,Information,"NOT_TRANSLATED",,"09/21/2023 11:14:20 PM
LogName=System
EventCode=20
EventType=4
ComputerName=CLIENT-PC
User=NOT_TRANSLATED
Sid=S-1-5-18
SidType=0
SourceName=Microsoft-Windows-Kernel-Boot
Type=Information
RecordNumber=2129
Keywords=None
TaskCategory=31
OpCode=Info
Message=The last shutdown's success status was false. The last boot's success status was true.","2023-09-21T23:14:20.000+03:00",,,,,,,,,,,,,,,,,,,,,,,,,,,,,,,,,,,,,,,,,,,,,,,,,,,,,,,,,,,,,,,,,,,,,,,,,,,,,,,,,,,,,,,,,,,,,,,,,,,,,,,,,,,,,,,,,,,,,,,,,,,,,,,,"CLIENT-PC",,,main,,,,15,,,,"//_::_====-==---==---======__'____.___'____.",,"WinEventLog:System","WinEventLog:System",SIEM,,,,,,,,
,,,,,,,"CLIENT-PC",,,,,153,4,,,,,,,,,,,,,,,,,,,None,,,System,,,,"Virtualization-based security (policies: 0) is disabled.",,,,,,,,,,Info,,,,,,,,,,,,,,,,,,,2128,,,,,,,,,,,,,,"S-1-5-18",0,"Microsoft-Windows-Kernel-Boot",,,,62,,,Information,"NOT_TRANSLATED",,"09/21/2023 11:14:20 PM
LogName=System
EventCode=153
EventType=4
ComputerName=CLIENT-PC
User=NOT_TRANSLATED
Sid=S-1-5-18
SidType=0
SourceName=Microsoft-Windows-Kernel-Boot
Type=Information
RecordNumber=2128
Keywords=None
TaskCategory=62
OpCode=Info
Message=Virtualization-based security (policies: 0) is disabled.","2023-09-21T23:14:20.000+03:00",,,,,,,,,,,,,,,,,,,,,,,,,,,,,,,,,,,,,,,,,,,,,,,,,,,,,,,,,,,,,,,,,,,,,,,,,,,,,,,,,,,,,,,,,,,,,,,,,,,,,,,,,,,,,,,,,,,,,,,,,,,,,,,,"CLIENT-PC",,,main,,,,15,,,,"//_::_====-==---==---======-__(:_)__.",,"WinEventLog:System","WinEventLog:System",SIEM,,,,,,,,
,,,,,,,"CLIENT-PC",,,,,12,4,,,,,,,,,,,,,,,,,,,None,,,System,,,,"The operating system started at system time 2023-09-21T20:14:19.500000000Z.",,,,,,,,,,Info,,,,,,,,,,,,,,,,,,,2127,,,,,,,,,,,,,,"S-1-5-18",0,"Microsoft-Windows-Kernel-General",,,,1,,,Information,"NOT_TRANSLATED",,"09/21/2023 11:14:20 PM
LogName=System
EventCode=12
EventType=4
ComputerName=CLIENT-PC
User=NOT_TRANSLATED
Sid=S-1-5-18
SidType=0
SourceName=Microsoft-Windows-Kernel-General
Type=Information
RecordNumber=2127
Keywords=None
TaskCategory=1
OpCode=Info
Message=The operating system started at system time 2023-09-21T20:14:19.500000000Z.","2023-09-21T23:14:20.000+03:00",,,,,,,,,,,,,,,,,,,,,,,,,,,,,,,,,,,,,,,,,,,,,,,,,,,,,,,,,,,,,,,,,,,,,,,,,,,,,,,,,,,,,,,,,,,,,,,,,,,,,,,,,,,,,,,,,,,,,,,,,,,,,,,,"CLIENT-PC",,,main,,,,15,,,,"//_::_====-==---==---======_______--::..",,"WinEventLog:System","WinEventLog:System",SIEM,,,,,,,,
